#! /usr/bin/vvp
:ivl_version "0.9.7 " "(v0_9_7)";
:vpi_time_precision + 0;
:vpi_module "system";
:vpi_module "v2005_math";
:vpi_module "va_math";
S_0xeebab0 .scope module, "Test_Lshift16_gen" "Test_Lshift16_gen" 2 3;
 .timescale 0 0;
v0xf15b00_0 .var "A", 15 0;
v0xf15b80_0 .net "OUT", 15 0, L_0xf2e910; 1 drivers
v0xf15c00_0 .var "shl", 3 0;
S_0xeea110 .scope module, "s1" "Lshift16_gen" 2 10, 3 3, S_0xeebab0;
 .timescale 0 0;
L_0xf16580 .functor NOT 1, L_0xf16490, C4<0>, C4<0>, C4<0>;
L_0xf16d20 .functor NOT 1, L_0xf16c80, C4<0>, C4<0>, C4<0>;
L_0xf17540 .functor NOT 1, L_0xf173b0, C4<0>, C4<0>, C4<0>;
L_0xf174e0 .functor NOT 1, L_0xf17c20, C4<0>, C4<0>, C4<0>;
L_0xf16bf0 .functor NOT 1, L_0xf18340, C4<0>, C4<0>, C4<0>;
L_0xf18970 .functor NOT 1, L_0xf18a70, C4<0>, C4<0>, C4<0>;
L_0xf17450 .functor NOT 1, L_0xf19190, C4<0>, C4<0>, C4<0>;
L_0xf17bb0 .functor NOT 1, L_0xf17b10, C4<0>, C4<0>, C4<0>;
L_0xf1a1c0 .functor NOT 1, L_0xf1a2d0, C4<0>, C4<0>, C4<0>;
L_0xf1a8e0 .functor NOT 1, L_0xf1aa10, C4<0>, C4<0>, C4<0>;
L_0xf1b040 .functor NOT 1, L_0xf1b190, C4<0>, C4<0>, C4<0>;
L_0xf1b320 .functor NOT 1, L_0xf1b8b0, C4<0>, C4<0>, C4<0>;
L_0xf1ba40 .functor NOT 1, L_0xf1c040, C4<0>, C4<0>, C4<0>;
L_0xf1c7a0 .functor NOT 1, L_0xf1c1d0, C4<0>, C4<0>, C4<0>;
L_0xf19230 .functor NOT 1, L_0xf1c6d0, C4<0>, C4<0>, C4<0>;
L_0xf13520 .functor NOT 1, L_0xf1d1f0, C4<0>, C4<0>, C4<0>;
L_0xf1a990 .functor NOT 1, L_0xf1dfd0, C4<0>, C4<0>, C4<0>;
L_0xf1e1b0 .functor NOT 1, L_0xf1e570, C4<0>, C4<0>, C4<0>;
L_0xf1e7a0 .functor NOT 1, L_0xf1e700, C4<0>, C4<0>, C4<0>;
L_0xf1edd0 .functor NOT 1, L_0xf1ed30, C4<0>, C4<0>, C4<0>;
L_0xf1f510 .functor NOT 1, L_0xf1f470, C4<0>, C4<0>, C4<0>;
L_0xf1fd00 .functor NOT 1, L_0xf1fc60, C4<0>, C4<0>, C4<0>;
L_0xf20430 .functor NOT 1, L_0xf20390, C4<0>, C4<0>, C4<0>;
L_0xf20b80 .functor NOT 1, L_0xf20ae0, C4<0>, C4<0>, C4<0>;
L_0xf212d0 .functor NOT 1, L_0xf21230, C4<0>, C4<0>, C4<0>;
L_0xf22070 .functor NOT 1, L_0xf223e0, C4<0>, C4<0>, C4<0>;
L_0xf22610 .functor NOT 1, L_0xf22570, C4<0>, C4<0>, C4<0>;
L_0xf22be0 .functor NOT 1, L_0xf22b40, C4<0>, C4<0>, C4<0>;
L_0xf232e0 .functor NOT 1, L_0xf23240, C4<0>, C4<0>, C4<0>;
L_0xf23a50 .functor NOT 1, L_0xf239b0, C4<0>, C4<0>, C4<0>;
L_0xf1cef0 .functor NOT 1, L_0xf240f0, C4<0>, C4<0>, C4<0>;
L_0xf24a20 .functor NOT 1, L_0xf24980, C4<0>, C4<0>, C4<0>;
L_0xf24f70 .functor NOT 1, L_0xf24ed0, C4<0>, C4<0>, C4<0>;
L_0xf258b0 .functor NOT 1, L_0xf25f00, C4<0>, C4<0>, C4<0>;
L_0xf26040 .functor NOT 1, L_0xf25fa0, C4<0>, C4<0>, C4<0>;
L_0xf265b0 .functor NOT 1, L_0xf26be0, C4<0>, C4<0>, C4<0>;
L_0xf26e10 .functor NOT 1, L_0xf26d70, C4<0>, C4<0>, C4<0>;
L_0xf27450 .functor NOT 1, L_0xf273b0, C4<0>, C4<0>, C4<0>;
L_0xf27b60 .functor NOT 1, L_0xf27ac0, C4<0>, C4<0>, C4<0>;
L_0xf28240 .functor NOT 1, L_0xf281a0, C4<0>, C4<0>, C4<0>;
L_0xf28990 .functor NOT 1, L_0xf288f0, C4<0>, C4<0>, C4<0>;
L_0xf25450 .functor NOT 1, L_0xf253b0, C4<0>, C4<0>, C4<0>;
L_0xf29980 .functor NOT 1, L_0xf298e0, C4<0>, C4<0>, C4<0>;
L_0xf2a1a0 .functor NOT 1, L_0xf2a100, C4<0>, C4<0>, C4<0>;
L_0xf2a9c0 .functor NOT 1, L_0xf2a920, C4<0>, C4<0>, C4<0>;
L_0xf2b150 .functor NOT 1, L_0xf2b0b0, C4<0>, C4<0>, C4<0>;
L_0xf2b8b0 .functor NOT 1, L_0xf2b810, C4<0>, C4<0>, C4<0>;
L_0xf2bfe0 .functor NOT 1, L_0xf2bf40, C4<0>, C4<0>, C4<0>;
L_0xf2c630 .functor NOT 1, L_0xf2c590, C4<0>, C4<0>, C4<0>;
L_0xf2ce10 .functor NOT 1, L_0xf2d4a0, C4<0>, C4<0>, C4<0>;
L_0xf2dbf0 .functor NOT 1, L_0xf2db50, C4<0>, C4<0>, C4<0>;
L_0xf2d9c0 .functor NOT 1, L_0xf2d920, C4<0>, C4<0>, C4<0>;
L_0xf2de30 .functor NOT 1, L_0xf2dd90, C4<0>, C4<0>, C4<0>;
L_0xf2e810 .functor NOT 1, L_0xf2eeb0, C4<0>, C4<0>, C4<0>;
L_0xf2f5c0 .functor NOT 1, L_0xf2ed70, C4<0>, C4<0>, C4<0>;
L_0xf2f3d0 .functor NOT 1, L_0xf2f330, C4<0>, C4<0>, C4<0>;
L_0xf2f8a0 .functor NOT 1, L_0xf2f800, C4<0>, C4<0>, C4<0>;
L_0xf303a0 .functor NOT 1, L_0xf30300, C4<0>, C4<0>, C4<0>;
L_0xf30b40 .functor NOT 1, L_0xf30aa0, C4<0>, C4<0>, C4<0>;
L_0xf316c0 .functor NOT 1, L_0xf31620, C4<0>, C4<0>, C4<0>;
L_0xf319f0 .functor NOT 1, L_0xf31950, C4<0>, C4<0>, C4<0>;
L_0xf32340 .functor NOT 1, L_0xf322a0, C4<0>, C4<0>, C4<0>;
L_0xf24a80 .functor NOT 1, L_0xf33130, C4<0>, C4<0>, C4<0>;
L_0xf32c00 .functor NOT 1, L_0xf32b60, C4<0>, C4<0>, C4<0>;
RS_0x7ffbb7fdde68/0/0 .resolv tri, L_0xf2c6e0, L_0xf2c090, L_0xf2dca0, L_0xf2da70;
RS_0x7ffbb7fdde68/0/4 .resolv tri, L_0xf2dee0, L_0xf2e390, L_0xf2f620, L_0xf2f480;
RS_0x7ffbb7fdde68/0/8 .resolv tri, L_0xf2f950, L_0xf2fda0, L_0xf30bf0, L_0xf31770;
RS_0x7ffbb7fdde68/0/12 .resolv tri, L_0xf31aa0, L_0xf323f0, L_0xf24b30, L_0xf32ec0;
RS_0x7ffbb7fdde68 .resolv tri, RS_0x7ffbb7fdde68/0/0, RS_0x7ffbb7fdde68/0/4, RS_0x7ffbb7fdde68/0/8, RS_0x7ffbb7fdde68/0/12;
L_0xf2e910 .functor BUFZ 16, RS_0x7ffbb7fdde68, C4<0000000000000000>, C4<0000000000000000>, C4<0000000000000000>;
v0xf12d20_0 .net "A", 15 0, v0xf15b00_0; 1 drivers
v0xf12de0_0 .alias "OUT", 15 0, v0xf15b80_0;
v0xf12e80_0 .net *"_s103", 0 0, L_0xf1b190; 1 drivers
v0xf12f20_0 .net *"_s113", 0 0, L_0xf1b8b0; 1 drivers
v0xf12fa0_0 .net *"_s123", 0 0, L_0xf1c040; 1 drivers
v0xf13040_0 .net *"_s13", 0 0, L_0xf16c80; 1 drivers
v0xf13120_0 .net *"_s133", 0 0, L_0xf1c1d0; 1 drivers
v0xf131c0_0 .net *"_s143", 0 0, L_0xf1c6d0; 1 drivers
v0xf13260_0 .net *"_s153", 0 0, L_0xf1d1f0; 1 drivers
v0xf13300_0 .net *"_s161", 0 0, L_0xf1dfd0; 1 drivers
v0xf13400_0 .net *"_s169", 0 0, L_0xf1e570; 1 drivers
v0xf134a0_0 .net *"_s179", 0 0, L_0xf1e700; 1 drivers
v0xf135b0_0 .net *"_s189", 0 0, L_0xf1ed30; 1 drivers
v0xf13650_0 .net *"_s199", 0 0, L_0xf1f470; 1 drivers
v0xf13770_0 .net *"_s209", 0 0, L_0xf1fc60; 1 drivers
v0xf13810_0 .net *"_s219", 0 0, L_0xf20390; 1 drivers
v0xf136d0_0 .net *"_s229", 0 0, L_0xf20ae0; 1 drivers
v0xf13960_0 .net *"_s23", 0 0, L_0xf173b0; 1 drivers
v0xf13a80_0 .net *"_s239", 0 0, L_0xf21230; 1 drivers
v0xf13b00_0 .net *"_s249", 0 0, L_0xf223e0; 1 drivers
v0xf139e0_0 .net *"_s259", 0 0, L_0xf22570; 1 drivers
v0xf13c30_0 .net *"_s269", 0 0, L_0xf22b40; 1 drivers
v0xf13b80_0 .net *"_s279", 0 0, L_0xf23240; 1 drivers
v0xf13d70_0 .net *"_s289", 0 0, L_0xf239b0; 1 drivers
v0xf13cd0_0 .net *"_s299", 0 0, L_0xf240f0; 1 drivers
v0xf13ec0_0 .net *"_s3", 0 0, L_0xf16490; 1 drivers
v0xf13e10_0 .net *"_s309", 0 0, L_0xf24980; 1 drivers
v0xf14020_0 .net *"_s317", 0 0, L_0xf24ed0; 1 drivers
v0xf13f60_0 .net *"_s325", 0 0, L_0xf25f00; 1 drivers
v0xf14190_0 .net *"_s33", 0 0, L_0xf17c20; 1 drivers
v0xf140a0_0 .net *"_s333", 0 0, L_0xf25fa0; 1 drivers
v0xf14310_0 .net *"_s341", 0 0, L_0xf26be0; 1 drivers
v0xf14210_0 .net *"_s351", 0 0, L_0xf26d70; 1 drivers
v0xf144a0_0 .net *"_s361", 0 0, L_0xf273b0; 1 drivers
v0xf14390_0 .net *"_s371", 0 0, L_0xf27ac0; 1 drivers
v0xf14640_0 .net *"_s381", 0 0, L_0xf281a0; 1 drivers
v0xf14520_0 .net *"_s391", 0 0, L_0xf288f0; 1 drivers
v0xf145c0_0 .net *"_s401", 0 0, L_0xf253b0; 1 drivers
v0xf14800_0 .net *"_s411", 0 0, L_0xf298e0; 1 drivers
v0xf14880_0 .net *"_s421", 0 0, L_0xf2a100; 1 drivers
v0xf146c0_0 .net *"_s43", 0 0, L_0xf18340; 1 drivers
v0xf14760_0 .net *"_s431", 0 0, L_0xf2a920; 1 drivers
v0xf14a60_0 .net *"_s441", 0 0, L_0xf2b0b0; 1 drivers
v0xf14ae0_0 .net *"_s451", 0 0, L_0xf2b810; 1 drivers
v0xf14900_0 .net *"_s461", 0 0, L_0xf2bf40; 1 drivers
v0xf149a0_0 .net *"_s469", 0 0, L_0xf2c590; 1 drivers
v0xf14ce0_0 .net *"_s477", 0 0, L_0xf2d4a0; 1 drivers
v0xf14d60_0 .net *"_s485", 0 0, L_0xf2db50; 1 drivers
v0xf14b80_0 .net *"_s493", 0 0, L_0xf2d920; 1 drivers
v0xf14c20_0 .net *"_s501", 0 0, L_0xf2dd90; 1 drivers
v0xf14f80_0 .net *"_s509", 0 0, L_0xf2eeb0; 1 drivers
v0xf15000_0 .net *"_s517", 0 0, L_0xf2ed70; 1 drivers
v0xf14e00_0 .net *"_s525", 0 0, L_0xf2f330; 1 drivers
v0xf14ea0_0 .net *"_s53", 0 0, L_0xf18a70; 1 drivers
v0xf15240_0 .net *"_s535", 0 0, L_0xf2f800; 1 drivers
v0xf152c0_0 .net *"_s545", 0 0, L_0xf30300; 1 drivers
v0xf15080_0 .net *"_s555", 0 0, L_0xf30aa0; 1 drivers
v0xf15120_0 .net *"_s565", 0 0, L_0xf31620; 1 drivers
v0xf151c0_0 .net *"_s575", 0 0, L_0xf31950; 1 drivers
v0xf15540_0 .net *"_s585", 0 0, L_0xf322a0; 1 drivers
v0xf15360_0 .net *"_s595", 0 0, L_0xf33130; 1 drivers
v0xf15400_0 .net *"_s605", 0 0, L_0xf32b60; 1 drivers
v0xf154a0_0 .net *"_s63", 0 0, L_0xf19190; 1 drivers
v0xf157e0_0 .net *"_s73", 0 0, L_0xf17b10; 1 drivers
v0xf155e0_0 .net *"_s83", 0 0, L_0xf1a2d0; 1 drivers
v0xf15680_0 .net *"_s93", 0 0, L_0xf1aa10; 1 drivers
RS_0x7ffbb7fdddd8/0/0 .resolv tri, L_0xf16630, L_0xf16d80, L_0xf175a0, L_0xf17d10;
RS_0x7ffbb7fdddd8/0/4 .resolv tri, L_0xf184d0, L_0xf18bd0, L_0xf19420, L_0xf19cc0;
RS_0x7ffbb7fdddd8/0/8 .resolv tri, L_0xf1a490, L_0xf1abf0, L_0xf1b0a0, L_0xf1b790;
RS_0x7ffbb7fdddd8/0/12 .resolv tri, L_0xf1bf00, L_0xf1c850, L_0xf1cd20, L_0xf1d610;
RS_0x7ffbb7fdddd8 .resolv tri, RS_0x7ffbb7fdddd8/0/0, RS_0x7ffbb7fdddd8/0/4, RS_0x7ffbb7fdddd8/0/8, RS_0x7ffbb7fdddd8/0/12;
v0xf15720_0 .net8 "m0", 15 0, RS_0x7ffbb7fdddd8; 16 drivers
RS_0x7ffbb7fdde08/0/0 .resolv tri, L_0xf1e0c0, L_0xf1e300, L_0xf1eee0, L_0xf1e260;
RS_0x7ffbb7fdde08/0/4 .resolv tri, L_0xf1fe00, L_0xf1f5f0, L_0xf20cc0, L_0xf20530;
RS_0x7ffbb7fdde08/0/8 .resolv tri, L_0xf21380, L_0xf21430, L_0xf226c0, L_0xf22120;
RS_0x7ffbb7fdde08/0/12 .resolv tri, L_0xf23390, L_0xf23b00, L_0xf1cfa0, L_0xf25310;
RS_0x7ffbb7fdde08 .resolv tri, RS_0x7ffbb7fdde08/0/0, RS_0x7ffbb7fdde08/0/4, RS_0x7ffbb7fdde08/0/8, RS_0x7ffbb7fdde08/0/12;
v0xf15a80_0 .net8 "m1", 15 0, RS_0x7ffbb7fdde08; 16 drivers
RS_0x7ffbb7fdde38/0/0 .resolv tri, L_0xf25020, L_0xf22c90, L_0xf260f0, L_0xf25960;
RS_0x7ffbb7fdde38/0/4 .resolv tri, L_0xf26ec0, L_0xf27640, L_0xf27c10, L_0xf27500;
RS_0x7ffbb7fdde38/0/8 .resolv tri, L_0xf28a40, L_0xf25500, L_0xf29a30, L_0xf29060;
RS_0x7ffbb7fdde38/0/12 .resolv tri, L_0xf2aa70, L_0xf2a250, L_0xf2b960, L_0xf2b200;
RS_0x7ffbb7fdde38 .resolv tri, RS_0x7ffbb7fdde38/0/0, RS_0x7ffbb7fdde38/0/4, RS_0x7ffbb7fdde38/0/8, RS_0x7ffbb7fdde38/0/12;
v0xf15880_0 .net8 "m2", 15 0, RS_0x7ffbb7fdde38; 16 drivers
v0xf15920_0 .net8 "m3", 15 0, RS_0x7ffbb7fdde68; 16 drivers
v0xf159c0_0 .net "shl", 3 0, v0xf15c00_0; 1 drivers
v0xf15d40_0 .var "z", 0 0;
L_0xf16350 .part v0xf15b00_0, 0, 1;
L_0xf16490 .part v0xf15c00_0, 0, 1;
L_0xf16630 .part/pv L_0xf06950, 0, 1, 16;
L_0xf16a10 .part v0xf15b00_0, 0, 1;
L_0xf16b00 .part v0xf15b00_0, 1, 1;
L_0xf16c80 .part v0xf15c00_0, 0, 1;
L_0xf16d80 .part/pv L_0xf168e0, 1, 1, 16;
L_0xf17180 .part v0xf15b00_0, 1, 1;
L_0xf172c0 .part v0xf15b00_0, 2, 1;
L_0xf173b0 .part v0xf15c00_0, 0, 1;
L_0xf175a0 .part/pv L_0xf17080, 2, 1, 16;
L_0xf17930 .part v0xf15b00_0, 2, 1;
L_0xf17a20 .part v0xf15b00_0, 3, 1;
L_0xf17c20 .part v0xf15c00_0, 0, 1;
L_0xf17d10 .part/pv L_0xf17800, 3, 1, 16;
L_0xf18160 .part v0xf15b00_0, 3, 1;
L_0xf18250 .part v0xf15b00_0, 4, 1;
L_0xf18340 .part v0xf15c00_0, 0, 1;
L_0xf184d0 .part/pv L_0xf18030, 4, 1, 16;
L_0xf18880 .part v0xf15b00_0, 4, 1;
L_0xf183e0 .part v0xf15b00_0, 5, 1;
L_0xf18a70 .part v0xf15c00_0, 0, 1;
L_0xf18bd0 .part/pv L_0xf18780, 5, 1, 16;
L_0xf18f80 .part v0xf15b00_0, 5, 1;
L_0xf18b10 .part v0xf15b00_0, 6, 1;
L_0xf19190 .part v0xf15c00_0, 0, 1;
L_0xf19420 .part/pv L_0xf18e80, 6, 1, 16;
L_0xf19780 .part v0xf15b00_0, 6, 1;
L_0xf19340 .part v0xf15b00_0, 7, 1;
L_0xf17b10 .part v0xf15c00_0, 0, 1;
L_0xf19cc0 .part/pv L_0xf19680, 7, 1, 16;
L_0xf1a0d0 .part v0xf15b00_0, 7, 1;
L_0xf19bc0 .part v0xf15b00_0, 8, 1;
L_0xf1a2d0 .part v0xf15c00_0, 0, 1;
L_0xf1a490 .part/pv L_0xf19fd0, 8, 1, 16;
L_0xf1a7f0 .part v0xf15b00_0, 8, 1;
L_0xf1a370 .part v0xf15b00_0, 9, 1;
L_0xf1aa10 .part v0xf15c00_0, 0, 1;
L_0xf1abf0 .part/pv L_0xf1a6f0, 9, 1, 16;
L_0xf1af50 .part v0xf15b00_0, 9, 1;
L_0xf1aab0 .part v0xf15b00_0, 10, 1;
L_0xf1b190 .part v0xf15c00_0, 0, 1;
L_0xf1b0a0 .part/pv L_0xf1ae50, 10, 1, 16;
L_0xf1b650 .part v0xf15b00_0, 10, 1;
L_0xf1b230 .part v0xf15b00_0, 11, 1;
L_0xf1b8b0 .part v0xf15c00_0, 0, 1;
L_0xf1b790 .part/pv L_0xf1b550, 11, 1, 16;
L_0xf1bdc0 .part v0xf15b00_0, 11, 1;
L_0xf1b950 .part v0xf15b00_0, 12, 1;
L_0xf1c040 .part v0xf15c00_0, 0, 1;
L_0xf1bf00 .part/pv L_0xf1bc90, 12, 1, 16;
L_0xf1c4f0 .part v0xf15b00_0, 12, 1;
L_0xf1c0e0 .part v0xf15b00_0, 13, 1;
L_0xf1c1d0 .part v0xf15c00_0, 0, 1;
L_0xf1c850 .part/pv L_0xf1c3f0, 13, 1, 16;
L_0xf1cc30 .part v0xf15b00_0, 13, 1;
L_0xf1c5e0 .part v0xf15b00_0, 14, 1;
L_0xf1c6d0 .part v0xf15c00_0, 0, 1;
L_0xf1cd20 .part/pv L_0xf1cb00, 14, 1, 16;
L_0xf1d490 .part v0xf15b00_0, 14, 1;
L_0xf1d100 .part v0xf15b00_0, 15, 1;
L_0xf1d1f0 .part v0xf15c00_0, 0, 1;
L_0xf1d610 .part/pv L_0xf1d390, 15, 1, 16;
L_0xf1dee0 .part RS_0x7ffbb7fdddd8, 0, 1;
L_0xf1dfd0 .part v0xf15c00_0, 1, 1;
L_0xf1e0c0 .part/pv L_0xf1dde0, 0, 1, 16;
L_0xf1e480 .part RS_0x7ffbb7fdddd8, 1, 1;
L_0xf1e570 .part v0xf15c00_0, 1, 1;
L_0xf1e300 .part/pv L_0xf1e3d0, 1, 1, 16;
L_0xf1eb50 .part RS_0x7ffbb7fdddd8, 0, 1;
L_0xf1e610 .part RS_0x7ffbb7fdddd8, 2, 1;
L_0xf1e700 .part v0xf15c00_0, 1, 1;
L_0xf1eee0 .part/pv L_0xf1ea50, 2, 1, 16;
L_0xf1f290 .part RS_0x7ffbb7fdddd8, 1, 1;
L_0xf1ec40 .part RS_0x7ffbb7fdddd8, 3, 1;
L_0xf1ed30 .part v0xf15c00_0, 1, 1;
L_0xf1e260 .part/pv L_0xf1f190, 3, 1, 16;
L_0xf1fa80 .part RS_0x7ffbb7fdddd8, 2, 1;
L_0xf1f380 .part RS_0x7ffbb7fdddd8, 4, 1;
L_0xf1f470 .part v0xf15c00_0, 1, 1;
L_0xf1fe00 .part/pv L_0xf1f950, 4, 1, 16;
L_0xf201b0 .part RS_0x7ffbb7fdddd8, 3, 1;
L_0xf1fb70 .part RS_0x7ffbb7fdddd8, 5, 1;
L_0xf1fc60 .part v0xf15c00_0, 1, 1;
L_0xf1f5f0 .part/pv L_0xf200b0, 5, 1, 16;
L_0xf20900 .part RS_0x7ffbb7fdddd8, 4, 1;
L_0xf202a0 .part RS_0x7ffbb7fdddd8, 6, 1;
L_0xf20390 .part v0xf15c00_0, 1, 1;
L_0xf20cc0 .part/pv L_0xf207d0, 6, 1, 16;
L_0xf21050 .part RS_0x7ffbb7fdddd8, 5, 1;
L_0xf209f0 .part RS_0x7ffbb7fdddd8, 7, 1;
L_0xf20ae0 .part v0xf15c00_0, 1, 1;
L_0xf20530 .part/pv L_0xf20f20, 7, 1, 16;
L_0xf21870 .part RS_0x7ffbb7fdddd8, 6, 1;
L_0xf21140 .part RS_0x7ffbb7fdddd8, 8, 1;
L_0xf21230 .part v0xf15c00_0, 1, 1;
L_0xf21380 .part/pv L_0xf21770, 8, 1, 16;
L_0xf21a90 .part RS_0x7ffbb7fdddd8, 7, 1;
L_0xf21b80 .part RS_0x7ffbb7fdddd8, 9, 1;
L_0xf223e0 .part v0xf15c00_0, 1, 1;
L_0xf21430 .part/pv L_0xf21960, 9, 1, 16;
L_0xf22960 .part RS_0x7ffbb7fdddd8, 8, 1;
L_0xf22480 .part RS_0x7ffbb7fdddd8, 10, 1;
L_0xf22570 .part v0xf15c00_0, 1, 1;
L_0xf226c0 .part/pv L_0xf22860, 10, 1, 16;
L_0xf23060 .part RS_0x7ffbb7fdddd8, 9, 1;
L_0xf22a50 .part RS_0x7ffbb7fdddd8, 11, 1;
L_0xf22b40 .part v0xf15c00_0, 1, 1;
L_0xf22120 .part/pv L_0xf22f60, 11, 1, 16;
L_0xf237d0 .part RS_0x7ffbb7fdddd8, 10, 1;
L_0xf23150 .part RS_0x7ffbb7fdddd8, 12, 1;
L_0xf23240 .part v0xf15c00_0, 1, 1;
L_0xf23390 .part/pv L_0xf236d0, 12, 1, 16;
L_0xf23f10 .part RS_0x7ffbb7fdddd8, 11, 1;
L_0xf238c0 .part RS_0x7ffbb7fdddd8, 13, 1;
L_0xf239b0 .part v0xf15c00_0, 1, 1;
L_0xf23b00 .part/pv L_0xf23e10, 13, 1, 16;
L_0xf24610 .part RS_0x7ffbb7fdddd8, 12, 1;
L_0xf24000 .part RS_0x7ffbb7fdddd8, 14, 1;
L_0xf240f0 .part v0xf15c00_0, 1, 1;
L_0xf1cfa0 .part/pv L_0xf24510, 14, 1, 16;
L_0xf247a0 .part RS_0x7ffbb7fdddd8, 13, 1;
L_0xf24890 .part RS_0x7ffbb7fdddd8, 15, 1;
L_0xf24980 .part v0xf15c00_0, 1, 1;
L_0xf25310 .part/pv L_0xf24320, 15, 1, 16;
L_0xf257c0 .part RS_0x7ffbb7fdde08, 0, 1;
L_0xf24ed0 .part v0xf15c00_0, 2, 1;
L_0xf25020 .part/pv L_0xf256c0, 0, 1, 16;
L_0xf25e10 .part RS_0x7ffbb7fdde08, 1, 1;
L_0xf25f00 .part v0xf15c00_0, 2, 1;
L_0xf22c90 .part/pv L_0xf25d10, 1, 1, 16;
L_0xf264c0 .part RS_0x7ffbb7fdde08, 2, 1;
L_0xf25fa0 .part v0xf15c00_0, 2, 1;
L_0xf260f0 .part/pv L_0xf263c0, 2, 1, 16;
L_0xf26af0 .part RS_0x7ffbb7fdde08, 3, 1;
L_0xf26be0 .part v0xf15c00_0, 2, 1;
L_0xf25960 .part/pv L_0xf269f0, 3, 1, 16;
L_0xf271d0 .part RS_0x7ffbb7fdde08, 0, 1;
L_0xf26c80 .part RS_0x7ffbb7fdde08, 4, 1;
L_0xf26d70 .part v0xf15c00_0, 2, 1;
L_0xf26ec0 .part/pv L_0xf270d0, 4, 1, 16;
L_0xf278e0 .part RS_0x7ffbb7fdde08, 1, 1;
L_0xf272c0 .part RS_0x7ffbb7fdde08, 5, 1;
L_0xf273b0 .part v0xf15c00_0, 2, 1;
L_0xf27640 .part/pv L_0xf277e0, 5, 1, 16;
L_0xf28010 .part RS_0x7ffbb7fdde08, 2, 1;
L_0xf279d0 .part RS_0x7ffbb7fdde08, 6, 1;
L_0xf27ac0 .part v0xf15c00_0, 2, 1;
L_0xf27c10 .part/pv L_0xf27f10, 6, 1, 16;
L_0xf28710 .part RS_0x7ffbb7fdde08, 3, 1;
L_0xf28100 .part RS_0x7ffbb7fdde08, 7, 1;
L_0xf281a0 .part v0xf15c00_0, 2, 1;
L_0xf27500 .part/pv L_0xf28610, 7, 1, 16;
L_0xf28e80 .part RS_0x7ffbb7fdde08, 4, 1;
L_0xf28800 .part RS_0x7ffbb7fdde08, 8, 1;
L_0xf288f0 .part v0xf15c00_0, 2, 1;
L_0xf28a40 .part/pv L_0xf28d80, 8, 1, 16;
L_0xf29610 .part RS_0x7ffbb7fdde08, 5, 1;
L_0xf28f70 .part RS_0x7ffbb7fdde08, 9, 1;
L_0xf253b0 .part v0xf15c00_0, 2, 1;
L_0xf25500 .part/pv L_0xf29510, 9, 1, 16;
L_0xf29700 .part RS_0x7ffbb7fdde08, 6, 1;
L_0xf297f0 .part RS_0x7ffbb7fdde08, 10, 1;
L_0xf298e0 .part v0xf15c00_0, 2, 1;
L_0xf29a30 .part/pv L_0xf292f0, 10, 1, 16;
L_0xf2a740 .part RS_0x7ffbb7fdde08, 7, 1;
L_0xf2a010 .part RS_0x7ffbb7fdde08, 11, 1;
L_0xf2a100 .part v0xf15c00_0, 2, 1;
L_0xf29060 .part/pv L_0xf2a640, 11, 1, 16;
L_0xf2aed0 .part RS_0x7ffbb7fdde08, 8, 1;
L_0xf2a830 .part RS_0x7ffbb7fdde08, 12, 1;
L_0xf2a920 .part v0xf15c00_0, 2, 1;
L_0xf2aa70 .part/pv L_0xf2add0, 12, 1, 16;
L_0xf2b630 .part RS_0x7ffbb7fdde08, 9, 1;
L_0xf2afc0 .part RS_0x7ffbb7fdde08, 13, 1;
L_0xf2b0b0 .part v0xf15c00_0, 2, 1;
L_0xf2a250 .part/pv L_0xf2b530, 13, 1, 16;
L_0xf2bd60 .part RS_0x7ffbb7fdde08, 10, 1;
L_0xf2b720 .part RS_0x7ffbb7fdde08, 14, 1;
L_0xf2b810 .part v0xf15c00_0, 2, 1;
L_0xf2b960 .part/pv L_0xf2bcb0, 14, 1, 16;
L_0xf2c4a0 .part RS_0x7ffbb7fdde08, 11, 1;
L_0xf2be50 .part RS_0x7ffbb7fdde08, 15, 1;
L_0xf2bf40 .part v0xf15c00_0, 2, 1;
L_0xf2b200 .part/pv L_0xf2bc10, 15, 1, 16;
L_0xf2cd70 .part RS_0x7ffbb7fdde38, 0, 1;
L_0xf2c590 .part v0xf15c00_0, 3, 1;
L_0xf2c6e0 .part/pv L_0xf2c270, 0, 1, 16;
L_0xf2d400 .part RS_0x7ffbb7fdde38, 1, 1;
L_0xf2d4a0 .part v0xf15c00_0, 3, 1;
L_0xf2c090 .part/pv L_0xf2c9c0, 1, 1, 16;
L_0xf2d2d0 .part RS_0x7ffbb7fdde38, 2, 1;
L_0xf2db50 .part v0xf15c00_0, 3, 1;
L_0xf2dca0 .part/pv L_0xf2d1d0, 2, 1, 16;
L_0xf2d830 .part RS_0x7ffbb7fdde38, 3, 1;
L_0xf2d920 .part v0xf15c00_0, 3, 1;
L_0xf2da70 .part/pv L_0xf2d700, 3, 1, 16;
L_0xf2e720 .part RS_0x7ffbb7fdde38, 4, 1;
L_0xf2dd90 .part v0xf15c00_0, 3, 1;
L_0xf2dee0 .part/pv L_0xf2e620, 4, 1, 16;
L_0xf2e2f0 .part RS_0x7ffbb7fdde38, 5, 1;
L_0xf2eeb0 .part v0xf15c00_0, 3, 1;
L_0xf2e390 .part/pv L_0xf2e1c0, 5, 1, 16;
L_0xf2ec80 .part RS_0x7ffbb7fdde38, 6, 1;
L_0xf2ed70 .part v0xf15c00_0, 3, 1;
L_0xf2f620 .part/pv L_0xf2eb80, 6, 1, 16;
L_0xf2f240 .part RS_0x7ffbb7fdde38, 7, 1;
L_0xf2f330 .part v0xf15c00_0, 3, 1;
L_0xf2f480 .part/pv L_0xf2f110, 7, 1, 16;
L_0xf30120 .part RS_0x7ffbb7fdde38, 0, 1;
L_0xf2f710 .part RS_0x7ffbb7fdde38, 8, 1;
L_0xf2f800 .part v0xf15c00_0, 3, 1;
L_0xf2f950 .part/pv L_0xf30020, 8, 1, 16;
L_0xf308c0 .part RS_0x7ffbb7fdde38, 1, 1;
L_0xf30210 .part RS_0x7ffbb7fdde38, 9, 1;
L_0xf30300 .part v0xf15c00_0, 3, 1;
L_0xf2fda0 .part/pv L_0xf2fc60, 9, 1, 16;
L_0xf31080 .part RS_0x7ffbb7fdde38, 2, 1;
L_0xf309b0 .part RS_0x7ffbb7fdde38, 10, 1;
L_0xf30aa0 .part v0xf15c00_0, 3, 1;
L_0xf30bf0 .part/pv L_0xf30730, 10, 1, 16;
L_0xf30fd0 .part RS_0x7ffbb7fdde38, 3, 1;
L_0xf31120 .part RS_0x7ffbb7fdde38, 11, 1;
L_0xf31620 .part v0xf15c00_0, 3, 1;
L_0xf31770 .part/pv L_0xf30ea0, 11, 1, 16;
L_0xf320c0 .part RS_0x7ffbb7fdde38, 4, 1;
L_0xf31860 .part RS_0x7ffbb7fdde38, 12, 1;
L_0xf31950 .part v0xf15c00_0, 3, 1;
L_0xf31aa0 .part/pv L_0xf31fc0, 12, 1, 16;
L_0xf31eb0 .part RS_0x7ffbb7fdde38, 5, 1;
L_0xf321b0 .part RS_0x7ffbb7fdde38, 13, 1;
L_0xf322a0 .part v0xf15c00_0, 3, 1;
L_0xf323f0 .part/pv L_0xf31d80, 13, 1, 16;
L_0xf327a0 .part RS_0x7ffbb7fdde38, 6, 1;
L_0xf33090 .part RS_0x7ffbb7fdde38, 14, 1;
L_0xf33130 .part v0xf15c00_0, 3, 1;
L_0xf24b30 .part/pv L_0xf326a0, 14, 1, 16;
L_0xf32980 .part RS_0x7ffbb7fdde38, 7, 1;
L_0xf32a70 .part RS_0x7ffbb7fdde38, 15, 1;
L_0xf32b60 .part v0xf15c00_0, 3, 1;
L_0xf32ec0 .part/pv L_0xf24de0, 15, 1, 16;
S_0xf127b0 .scope module, "M00" "mux2to1" 3 14, 4 1, S_0xeea110;
 .timescale 0 0;
L_0xf13380 .functor NOT 1, L_0xf16580, C4<0>, C4<0>, C4<0>;
L_0xf16010 .functor AND 1, L_0xf13380, v0xf15d40_0, C4<1>, C4<1>;
L_0xf068a0 .functor AND 1, L_0xf16580, L_0xf16350, C4<1>, C4<1>;
L_0xf06950 .functor OR 1, L_0xf16010, L_0xf068a0, C4<0>, C4<0>;
v0xf128a0_0 .net *"_s0", 0 0, L_0xf13380; 1 drivers
v0xf12960_0 .net *"_s2", 0 0, L_0xf16010; 1 drivers
v0xf12a00_0 .net *"_s4", 0 0, L_0xf068a0; 1 drivers
v0xf12aa0_0 .net "in0", 0 0, v0xf15d40_0; 1 drivers
v0xf12b20_0 .net "in1", 0 0, L_0xf16350; 1 drivers
v0xf12ba0_0 .net "out", 0 0, L_0xf06950; 1 drivers
v0xf12c80_0 .net "sel", 0 0, L_0xf16580; 1 drivers
S_0xf12220 .scope module, "M01" "mux2to1" 3 14, 4 1, S_0xeea110;
 .timescale 0 0;
L_0xf16720 .functor NOT 1, L_0xf16d20, C4<0>, C4<0>, C4<0>;
L_0xf16780 .functor AND 1, L_0xf16720, L_0xf16a10, C4<1>, C4<1>;
L_0xf16830 .functor AND 1, L_0xf16d20, L_0xf16b00, C4<1>, C4<1>;
L_0xf168e0 .functor OR 1, L_0xf16780, L_0xf16830, C4<0>, C4<0>;
v0xf12310_0 .net *"_s0", 0 0, L_0xf16720; 1 drivers
v0xf123d0_0 .net *"_s2", 0 0, L_0xf16780; 1 drivers
v0xf12470_0 .net *"_s4", 0 0, L_0xf16830; 1 drivers
v0xf12510_0 .net "in0", 0 0, L_0xf16a10; 1 drivers
v0xf12590_0 .net "in1", 0 0, L_0xf16b00; 1 drivers
v0xf12630_0 .net "out", 0 0, L_0xf168e0; 1 drivers
v0xf12710_0 .net "sel", 0 0, L_0xf16d20; 1 drivers
S_0xf11c90 .scope module, "M02" "mux2to1" 3 14, 4 1, S_0xeea110;
 .timescale 0 0;
L_0xf16ec0 .functor NOT 1, L_0xf17540, C4<0>, C4<0>, C4<0>;
L_0xf16f20 .functor AND 1, L_0xf16ec0, L_0xf17180, C4<1>, C4<1>;
L_0xf16fd0 .functor AND 1, L_0xf17540, L_0xf172c0, C4<1>, C4<1>;
L_0xf17080 .functor OR 1, L_0xf16f20, L_0xf16fd0, C4<0>, C4<0>;
v0xf11d80_0 .net *"_s0", 0 0, L_0xf16ec0; 1 drivers
v0xf11e40_0 .net *"_s2", 0 0, L_0xf16f20; 1 drivers
v0xf11ee0_0 .net *"_s4", 0 0, L_0xf16fd0; 1 drivers
v0xf11f80_0 .net "in0", 0 0, L_0xf17180; 1 drivers
v0xf12000_0 .net "in1", 0 0, L_0xf172c0; 1 drivers
v0xf120a0_0 .net "out", 0 0, L_0xf17080; 1 drivers
v0xf12180_0 .net "sel", 0 0, L_0xf17540; 1 drivers
S_0xf11700 .scope module, "M03" "mux2to1" 3 14, 4 1, S_0xeea110;
 .timescale 0 0;
L_0xf17640 .functor NOT 1, L_0xf174e0, C4<0>, C4<0>, C4<0>;
L_0xf176a0 .functor AND 1, L_0xf17640, L_0xf17930, C4<1>, C4<1>;
L_0xf17750 .functor AND 1, L_0xf174e0, L_0xf17a20, C4<1>, C4<1>;
L_0xf17800 .functor OR 1, L_0xf176a0, L_0xf17750, C4<0>, C4<0>;
v0xf117f0_0 .net *"_s0", 0 0, L_0xf17640; 1 drivers
v0xf118b0_0 .net *"_s2", 0 0, L_0xf176a0; 1 drivers
v0xf11950_0 .net *"_s4", 0 0, L_0xf17750; 1 drivers
v0xf119f0_0 .net "in0", 0 0, L_0xf17930; 1 drivers
v0xf11a70_0 .net "in1", 0 0, L_0xf17a20; 1 drivers
v0xf11b10_0 .net "out", 0 0, L_0xf17800; 1 drivers
v0xf11bf0_0 .net "sel", 0 0, L_0xf174e0; 1 drivers
S_0xf11170 .scope module, "M04" "mux2to1" 3 14, 4 1, S_0xeea110;
 .timescale 0 0;
L_0xf17e40 .functor NOT 1, L_0xf16bf0, C4<0>, C4<0>, C4<0>;
L_0xf17ea0 .functor AND 1, L_0xf17e40, L_0xf18160, C4<1>, C4<1>;
L_0xf17f50 .functor AND 1, L_0xf16bf0, L_0xf18250, C4<1>, C4<1>;
L_0xf18030 .functor OR 1, L_0xf17ea0, L_0xf17f50, C4<0>, C4<0>;
v0xf11260_0 .net *"_s0", 0 0, L_0xf17e40; 1 drivers
v0xf11320_0 .net *"_s2", 0 0, L_0xf17ea0; 1 drivers
v0xf113c0_0 .net *"_s4", 0 0, L_0xf17f50; 1 drivers
v0xf11460_0 .net "in0", 0 0, L_0xf18160; 1 drivers
v0xf114e0_0 .net "in1", 0 0, L_0xf18250; 1 drivers
v0xf11580_0 .net "out", 0 0, L_0xf18030; 1 drivers
v0xf11660_0 .net "sel", 0 0, L_0xf16bf0; 1 drivers
S_0xf10be0 .scope module, "M05" "mux2to1" 3 14, 4 1, S_0xeea110;
 .timescale 0 0;
L_0xf185c0 .functor NOT 1, L_0xf18970, C4<0>, C4<0>, C4<0>;
L_0xf18620 .functor AND 1, L_0xf185c0, L_0xf18880, C4<1>, C4<1>;
L_0xf186d0 .functor AND 1, L_0xf18970, L_0xf183e0, C4<1>, C4<1>;
L_0xf18780 .functor OR 1, L_0xf18620, L_0xf186d0, C4<0>, C4<0>;
v0xf10cd0_0 .net *"_s0", 0 0, L_0xf185c0; 1 drivers
v0xf10d90_0 .net *"_s2", 0 0, L_0xf18620; 1 drivers
v0xf10e30_0 .net *"_s4", 0 0, L_0xf186d0; 1 drivers
v0xf10ed0_0 .net "in0", 0 0, L_0xf18880; 1 drivers
v0xf10f50_0 .net "in1", 0 0, L_0xf183e0; 1 drivers
v0xf10ff0_0 .net "out", 0 0, L_0xf18780; 1 drivers
v0xf110d0_0 .net "sel", 0 0, L_0xf18970; 1 drivers
S_0xf10650 .scope module, "M06" "mux2to1" 3 14, 4 1, S_0xeea110;
 .timescale 0 0;
L_0xf18cc0 .functor NOT 1, L_0xf17450, C4<0>, C4<0>, C4<0>;
L_0xf18d20 .functor AND 1, L_0xf18cc0, L_0xf18f80, C4<1>, C4<1>;
L_0xf18dd0 .functor AND 1, L_0xf17450, L_0xf18b10, C4<1>, C4<1>;
L_0xf18e80 .functor OR 1, L_0xf18d20, L_0xf18dd0, C4<0>, C4<0>;
v0xf10740_0 .net *"_s0", 0 0, L_0xf18cc0; 1 drivers
v0xf10800_0 .net *"_s2", 0 0, L_0xf18d20; 1 drivers
v0xf108a0_0 .net *"_s4", 0 0, L_0xf18dd0; 1 drivers
v0xf10940_0 .net "in0", 0 0, L_0xf18f80; 1 drivers
v0xf109c0_0 .net "in1", 0 0, L_0xf18b10; 1 drivers
v0xf10a60_0 .net "out", 0 0, L_0xf18e80; 1 drivers
v0xf10b40_0 .net "sel", 0 0, L_0xf17450; 1 drivers
S_0xf100c0 .scope module, "M07" "mux2to1" 3 14, 4 1, S_0xeea110;
 .timescale 0 0;
L_0xf194c0 .functor NOT 1, L_0xf17bb0, C4<0>, C4<0>, C4<0>;
L_0xf19520 .functor AND 1, L_0xf194c0, L_0xf19780, C4<1>, C4<1>;
L_0xf195d0 .functor AND 1, L_0xf17bb0, L_0xf19340, C4<1>, C4<1>;
L_0xf19680 .functor OR 1, L_0xf19520, L_0xf195d0, C4<0>, C4<0>;
v0xf101b0_0 .net *"_s0", 0 0, L_0xf194c0; 1 drivers
v0xf10270_0 .net *"_s2", 0 0, L_0xf19520; 1 drivers
v0xf10310_0 .net *"_s4", 0 0, L_0xf195d0; 1 drivers
v0xf103b0_0 .net "in0", 0 0, L_0xf19780; 1 drivers
v0xf10430_0 .net "in1", 0 0, L_0xf19340; 1 drivers
v0xf104d0_0 .net "out", 0 0, L_0xf19680; 1 drivers
v0xf105b0_0 .net "sel", 0 0, L_0xf17bb0; 1 drivers
S_0xf0fb30 .scope module, "M08" "mux2to1" 3 14, 4 1, S_0xeea110;
 .timescale 0 0;
L_0xf17db0 .functor NOT 1, L_0xf1a1c0, C4<0>, C4<0>, C4<0>;
L_0xf19e70 .functor AND 1, L_0xf17db0, L_0xf1a0d0, C4<1>, C4<1>;
L_0xf19f20 .functor AND 1, L_0xf1a1c0, L_0xf19bc0, C4<1>, C4<1>;
L_0xf19fd0 .functor OR 1, L_0xf19e70, L_0xf19f20, C4<0>, C4<0>;
v0xf0fc20_0 .net *"_s0", 0 0, L_0xf17db0; 1 drivers
v0xf0fce0_0 .net *"_s2", 0 0, L_0xf19e70; 1 drivers
v0xf0fd80_0 .net *"_s4", 0 0, L_0xf19f20; 1 drivers
v0xf0fe20_0 .net "in0", 0 0, L_0xf1a0d0; 1 drivers
v0xf0fea0_0 .net "in1", 0 0, L_0xf19bc0; 1 drivers
v0xf0ff40_0 .net "out", 0 0, L_0xf19fd0; 1 drivers
v0xf10020_0 .net "sel", 0 0, L_0xf1a1c0; 1 drivers
S_0xf0f5a0 .scope module, "M09" "mux2to1" 3 14, 4 1, S_0xeea110;
 .timescale 0 0;
L_0xf1a530 .functor NOT 1, L_0xf1a8e0, C4<0>, C4<0>, C4<0>;
L_0xf1a590 .functor AND 1, L_0xf1a530, L_0xf1a7f0, C4<1>, C4<1>;
L_0xf1a640 .functor AND 1, L_0xf1a8e0, L_0xf1a370, C4<1>, C4<1>;
L_0xf1a6f0 .functor OR 1, L_0xf1a590, L_0xf1a640, C4<0>, C4<0>;
v0xf0f690_0 .net *"_s0", 0 0, L_0xf1a530; 1 drivers
v0xf0f750_0 .net *"_s2", 0 0, L_0xf1a590; 1 drivers
v0xf0f7f0_0 .net *"_s4", 0 0, L_0xf1a640; 1 drivers
v0xf0f890_0 .net "in0", 0 0, L_0xf1a7f0; 1 drivers
v0xf0f910_0 .net "in1", 0 0, L_0xf1a370; 1 drivers
v0xf0f9b0_0 .net "out", 0 0, L_0xf1a6f0; 1 drivers
v0xf0fa90_0 .net "sel", 0 0, L_0xf1a8e0; 1 drivers
S_0xf0f010 .scope module, "M010" "mux2to1" 3 14, 4 1, S_0xeea110;
 .timescale 0 0;
L_0xf1ac90 .functor NOT 1, L_0xf1b040, C4<0>, C4<0>, C4<0>;
L_0xf1acf0 .functor AND 1, L_0xf1ac90, L_0xf1af50, C4<1>, C4<1>;
L_0xf1ada0 .functor AND 1, L_0xf1b040, L_0xf1aab0, C4<1>, C4<1>;
L_0xf1ae50 .functor OR 1, L_0xf1acf0, L_0xf1ada0, C4<0>, C4<0>;
v0xf0f100_0 .net *"_s0", 0 0, L_0xf1ac90; 1 drivers
v0xf0f1c0_0 .net *"_s2", 0 0, L_0xf1acf0; 1 drivers
v0xf0f260_0 .net *"_s4", 0 0, L_0xf1ada0; 1 drivers
v0xf0f300_0 .net "in0", 0 0, L_0xf1af50; 1 drivers
v0xf0f380_0 .net "in1", 0 0, L_0xf1aab0; 1 drivers
v0xf0f420_0 .net "out", 0 0, L_0xf1ae50; 1 drivers
v0xf0f500_0 .net "sel", 0 0, L_0xf1b040; 1 drivers
S_0xf0ea80 .scope module, "M011" "mux2to1" 3 14, 4 1, S_0xeea110;
 .timescale 0 0;
L_0xf1b390 .functor NOT 1, L_0xf1b320, C4<0>, C4<0>, C4<0>;
L_0xf1b3f0 .functor AND 1, L_0xf1b390, L_0xf1b650, C4<1>, C4<1>;
L_0xf1b4a0 .functor AND 1, L_0xf1b320, L_0xf1b230, C4<1>, C4<1>;
L_0xf1b550 .functor OR 1, L_0xf1b3f0, L_0xf1b4a0, C4<0>, C4<0>;
v0xf0eb70_0 .net *"_s0", 0 0, L_0xf1b390; 1 drivers
v0xf0ec30_0 .net *"_s2", 0 0, L_0xf1b3f0; 1 drivers
v0xf0ecd0_0 .net *"_s4", 0 0, L_0xf1b4a0; 1 drivers
v0xf0ed70_0 .net "in0", 0 0, L_0xf1b650; 1 drivers
v0xf0edf0_0 .net "in1", 0 0, L_0xf1b230; 1 drivers
v0xf0ee90_0 .net "out", 0 0, L_0xf1b550; 1 drivers
v0xf0ef70_0 .net "sel", 0 0, L_0xf1b320; 1 drivers
S_0xf0e4f0 .scope module, "M012" "mux2to1" 3 14, 4 1, S_0xeea110;
 .timescale 0 0;
L_0xf1bad0 .functor NOT 1, L_0xf1ba40, C4<0>, C4<0>, C4<0>;
L_0xf1bb30 .functor AND 1, L_0xf1bad0, L_0xf1bdc0, C4<1>, C4<1>;
L_0xf1bbe0 .functor AND 1, L_0xf1ba40, L_0xf1b950, C4<1>, C4<1>;
L_0xf1bc90 .functor OR 1, L_0xf1bb30, L_0xf1bbe0, C4<0>, C4<0>;
v0xf0e5e0_0 .net *"_s0", 0 0, L_0xf1bad0; 1 drivers
v0xf0e6a0_0 .net *"_s2", 0 0, L_0xf1bb30; 1 drivers
v0xf0e740_0 .net *"_s4", 0 0, L_0xf1bbe0; 1 drivers
v0xf0e7e0_0 .net "in0", 0 0, L_0xf1bdc0; 1 drivers
v0xf0e860_0 .net "in1", 0 0, L_0xf1b950; 1 drivers
v0xf0e900_0 .net "out", 0 0, L_0xf1bc90; 1 drivers
v0xf0e9e0_0 .net "sel", 0 0, L_0xf1ba40; 1 drivers
S_0xf0df60 .scope module, "M013" "mux2to1" 3 14, 4 1, S_0xeea110;
 .timescale 0 0;
L_0xf1c280 .functor NOT 1, L_0xf1c7a0, C4<0>, C4<0>, C4<0>;
L_0xf1c2e0 .functor AND 1, L_0xf1c280, L_0xf1c4f0, C4<1>, C4<1>;
L_0xf1c340 .functor AND 1, L_0xf1c7a0, L_0xf1c0e0, C4<1>, C4<1>;
L_0xf1c3f0 .functor OR 1, L_0xf1c2e0, L_0xf1c340, C4<0>, C4<0>;
v0xf0e050_0 .net *"_s0", 0 0, L_0xf1c280; 1 drivers
v0xf0e110_0 .net *"_s2", 0 0, L_0xf1c2e0; 1 drivers
v0xf0e1b0_0 .net *"_s4", 0 0, L_0xf1c340; 1 drivers
v0xf0e250_0 .net "in0", 0 0, L_0xf1c4f0; 1 drivers
v0xf0e2d0_0 .net "in1", 0 0, L_0xf1c0e0; 1 drivers
v0xf0e370_0 .net "out", 0 0, L_0xf1c3f0; 1 drivers
v0xf0e450_0 .net "sel", 0 0, L_0xf1c7a0; 1 drivers
S_0xf0d9d0 .scope module, "M014" "mux2to1" 3 14, 4 1, S_0xeea110;
 .timescale 0 0;
L_0xf1c940 .functor NOT 1, L_0xf19230, C4<0>, C4<0>, C4<0>;
L_0xf1c9a0 .functor AND 1, L_0xf1c940, L_0xf1cc30, C4<1>, C4<1>;
L_0xf1ca50 .functor AND 1, L_0xf19230, L_0xf1c5e0, C4<1>, C4<1>;
L_0xf1cb00 .functor OR 1, L_0xf1c9a0, L_0xf1ca50, C4<0>, C4<0>;
v0xf0dac0_0 .net *"_s0", 0 0, L_0xf1c940; 1 drivers
v0xf0db80_0 .net *"_s2", 0 0, L_0xf1c9a0; 1 drivers
v0xf0dc20_0 .net *"_s4", 0 0, L_0xf1ca50; 1 drivers
v0xf0dcc0_0 .net "in0", 0 0, L_0xf1cc30; 1 drivers
v0xf0dd40_0 .net "in1", 0 0, L_0xf1c5e0; 1 drivers
v0xf0dde0_0 .net "out", 0 0, L_0xf1cb00; 1 drivers
v0xf0dec0_0 .net "sel", 0 0, L_0xf19230; 1 drivers
S_0xf0d440 .scope module, "M015" "mux2to1" 3 14, 4 1, S_0xeea110;
 .timescale 0 0;
L_0xf192e0 .functor NOT 1, L_0xf13520, C4<0>, C4<0>, C4<0>;
L_0xf1ce10 .functor AND 1, L_0xf192e0, L_0xf1d490, C4<1>, C4<1>;
L_0xf1d2e0 .functor AND 1, L_0xf13520, L_0xf1d100, C4<1>, C4<1>;
L_0xf1d390 .functor OR 1, L_0xf1ce10, L_0xf1d2e0, C4<0>, C4<0>;
v0xf0d530_0 .net *"_s0", 0 0, L_0xf192e0; 1 drivers
v0xf0d5f0_0 .net *"_s2", 0 0, L_0xf1ce10; 1 drivers
v0xf0d690_0 .net *"_s4", 0 0, L_0xf1d2e0; 1 drivers
v0xf0d730_0 .net "in0", 0 0, L_0xf1d490; 1 drivers
v0xf0d7b0_0 .net "in1", 0 0, L_0xf1d100; 1 drivers
v0xf0d850_0 .net "out", 0 0, L_0xf1d390; 1 drivers
v0xf0d930_0 .net "sel", 0 0, L_0xf13520; 1 drivers
S_0xf0ced0 .scope module, "M10" "mux2to1" 3 16, 4 1, S_0xeea110;
 .timescale 0 0;
L_0xf1d700 .functor NOT 1, L_0xf1a990, C4<0>, C4<0>, C4<0>;
L_0xf19d60 .functor AND 1, L_0xf1d700, v0xf15d40_0, C4<1>, C4<1>;
L_0xf19e10 .functor AND 1, L_0xf1a990, L_0xf1dee0, C4<1>, C4<1>;
L_0xf1dde0 .functor OR 1, L_0xf19d60, L_0xf19e10, C4<0>, C4<0>;
v0xf0cfc0_0 .net *"_s0", 0 0, L_0xf1d700; 1 drivers
v0xf0d080_0 .net *"_s2", 0 0, L_0xf19d60; 1 drivers
v0xf0d120_0 .net *"_s4", 0 0, L_0xf19e10; 1 drivers
v0xf0d1c0_0 .alias "in0", 0 0, v0xf12aa0_0;
v0xf0d240_0 .net "in1", 0 0, L_0xf1dee0; 1 drivers
v0xf0d2c0_0 .net "out", 0 0, L_0xf1dde0; 1 drivers
v0xf0d3a0_0 .net "sel", 0 0, L_0xf1a990; 1 drivers
S_0xf0c960 .scope module, "M11" "mux2to1" 3 16, 4 1, S_0xeea110;
 .timescale 0 0;
L_0xf199b0 .functor NOT 1, L_0xf1e1b0, C4<0>, C4<0>, C4<0>;
L_0xf19a10 .functor AND 1, L_0xf199b0, v0xf15d40_0, C4<1>, C4<1>;
L_0xf19ac0 .functor AND 1, L_0xf1e1b0, L_0xf1e480, C4<1>, C4<1>;
L_0xf1e3d0 .functor OR 1, L_0xf19a10, L_0xf19ac0, C4<0>, C4<0>;
v0xf0ca50_0 .net *"_s0", 0 0, L_0xf199b0; 1 drivers
v0xf0cb10_0 .net *"_s2", 0 0, L_0xf19a10; 1 drivers
v0xf0cbb0_0 .net *"_s4", 0 0, L_0xf19ac0; 1 drivers
v0xf0cc50_0 .alias "in0", 0 0, v0xf12aa0_0;
v0xf0ccd0_0 .net "in1", 0 0, L_0xf1e480; 1 drivers
v0xf0cd50_0 .net "out", 0 0, L_0xf1e3d0; 1 drivers
v0xf0ce30_0 .net "sel", 0 0, L_0xf1e1b0; 1 drivers
S_0xf0c3d0 .scope module, "M12" "mux2to1" 3 16, 4 1, S_0xeea110;
 .timescale 0 0;
L_0xf1e890 .functor NOT 1, L_0xf1e7a0, C4<0>, C4<0>, C4<0>;
L_0xf1e8f0 .functor AND 1, L_0xf1e890, L_0xf1eb50, C4<1>, C4<1>;
L_0xf1e9a0 .functor AND 1, L_0xf1e7a0, L_0xf1e610, C4<1>, C4<1>;
L_0xf1ea50 .functor OR 1, L_0xf1e8f0, L_0xf1e9a0, C4<0>, C4<0>;
v0xf0c4c0_0 .net *"_s0", 0 0, L_0xf1e890; 1 drivers
v0xf0c580_0 .net *"_s2", 0 0, L_0xf1e8f0; 1 drivers
v0xf0c620_0 .net *"_s4", 0 0, L_0xf1e9a0; 1 drivers
v0xf0c6c0_0 .net "in0", 0 0, L_0xf1eb50; 1 drivers
v0xf0c740_0 .net "in1", 0 0, L_0xf1e610; 1 drivers
v0xf0c7e0_0 .net "out", 0 0, L_0xf1ea50; 1 drivers
v0xf0c8c0_0 .net "sel", 0 0, L_0xf1e7a0; 1 drivers
S_0xf0be40 .scope module, "M13" "mux2to1" 3 16, 4 1, S_0xeea110;
 .timescale 0 0;
L_0xf1efd0 .functor NOT 1, L_0xf1edd0, C4<0>, C4<0>, C4<0>;
L_0xf1f030 .functor AND 1, L_0xf1efd0, L_0xf1f290, C4<1>, C4<1>;
L_0xf1f0e0 .functor AND 1, L_0xf1edd0, L_0xf1ec40, C4<1>, C4<1>;
L_0xf1f190 .functor OR 1, L_0xf1f030, L_0xf1f0e0, C4<0>, C4<0>;
v0xf0bf30_0 .net *"_s0", 0 0, L_0xf1efd0; 1 drivers
v0xf0bff0_0 .net *"_s2", 0 0, L_0xf1f030; 1 drivers
v0xf0c090_0 .net *"_s4", 0 0, L_0xf1f0e0; 1 drivers
v0xf0c130_0 .net "in0", 0 0, L_0xf1f290; 1 drivers
v0xf0c1b0_0 .net "in1", 0 0, L_0xf1ec40; 1 drivers
v0xf0c250_0 .net "out", 0 0, L_0xf1f190; 1 drivers
v0xf0c330_0 .net "sel", 0 0, L_0xf1edd0; 1 drivers
S_0xf0b8b0 .scope module, "M14" "mux2to1" 3 16, 4 1, S_0xeea110;
 .timescale 0 0;
L_0xf1f730 .functor NOT 1, L_0xf1f510, C4<0>, C4<0>, C4<0>;
L_0xf1f790 .functor AND 1, L_0xf1f730, L_0xf1fa80, C4<1>, C4<1>;
L_0xf1f870 .functor AND 1, L_0xf1f510, L_0xf1f380, C4<1>, C4<1>;
L_0xf1f950 .functor OR 1, L_0xf1f790, L_0xf1f870, C4<0>, C4<0>;
v0xf0b9a0_0 .net *"_s0", 0 0, L_0xf1f730; 1 drivers
v0xf0ba60_0 .net *"_s2", 0 0, L_0xf1f790; 1 drivers
v0xf0bb00_0 .net *"_s4", 0 0, L_0xf1f870; 1 drivers
v0xf0bba0_0 .net "in0", 0 0, L_0xf1fa80; 1 drivers
v0xf0bc20_0 .net "in1", 0 0, L_0xf1f380; 1 drivers
v0xf0bcc0_0 .net "out", 0 0, L_0xf1f950; 1 drivers
v0xf0bda0_0 .net "sel", 0 0, L_0xf1f510; 1 drivers
S_0xf0b320 .scope module, "M15" "mux2to1" 3 16, 4 1, S_0xeea110;
 .timescale 0 0;
L_0xf1fef0 .functor NOT 1, L_0xf1fd00, C4<0>, C4<0>, C4<0>;
L_0xf1ff50 .functor AND 1, L_0xf1fef0, L_0xf201b0, C4<1>, C4<1>;
L_0xf20000 .functor AND 1, L_0xf1fd00, L_0xf1fb70, C4<1>, C4<1>;
L_0xf200b0 .functor OR 1, L_0xf1ff50, L_0xf20000, C4<0>, C4<0>;
v0xf0b410_0 .net *"_s0", 0 0, L_0xf1fef0; 1 drivers
v0xf0b4d0_0 .net *"_s2", 0 0, L_0xf1ff50; 1 drivers
v0xf0b570_0 .net *"_s4", 0 0, L_0xf20000; 1 drivers
v0xf0b610_0 .net "in0", 0 0, L_0xf201b0; 1 drivers
v0xf0b690_0 .net "in1", 0 0, L_0xf1fb70; 1 drivers
v0xf0b730_0 .net "out", 0 0, L_0xf200b0; 1 drivers
v0xf0b810_0 .net "sel", 0 0, L_0xf1fd00; 1 drivers
S_0xf0ad90 .scope module, "M16" "mux2to1" 3 16, 4 1, S_0xeea110;
 .timescale 0 0;
L_0xf20610 .functor NOT 1, L_0xf20430, C4<0>, C4<0>, C4<0>;
L_0xf20670 .functor AND 1, L_0xf20610, L_0xf20900, C4<1>, C4<1>;
L_0xf20720 .functor AND 1, L_0xf20430, L_0xf202a0, C4<1>, C4<1>;
L_0xf207d0 .functor OR 1, L_0xf20670, L_0xf20720, C4<0>, C4<0>;
v0xf0ae80_0 .net *"_s0", 0 0, L_0xf20610; 1 drivers
v0xf0af40_0 .net *"_s2", 0 0, L_0xf20670; 1 drivers
v0xf0afe0_0 .net *"_s4", 0 0, L_0xf20720; 1 drivers
v0xf0b080_0 .net "in0", 0 0, L_0xf20900; 1 drivers
v0xf0b100_0 .net "in1", 0 0, L_0xf202a0; 1 drivers
v0xf0b1a0_0 .net "out", 0 0, L_0xf207d0; 1 drivers
v0xf0b280_0 .net "sel", 0 0, L_0xf20430; 1 drivers
S_0xf0a800 .scope module, "M17" "mux2to1" 3 16, 4 1, S_0xeea110;
 .timescale 0 0;
L_0xf20d60 .functor NOT 1, L_0xf20b80, C4<0>, C4<0>, C4<0>;
L_0xf20dc0 .functor AND 1, L_0xf20d60, L_0xf21050, C4<1>, C4<1>;
L_0xf20e70 .functor AND 1, L_0xf20b80, L_0xf209f0, C4<1>, C4<1>;
L_0xf20f20 .functor OR 1, L_0xf20dc0, L_0xf20e70, C4<0>, C4<0>;
v0xf0a8f0_0 .net *"_s0", 0 0, L_0xf20d60; 1 drivers
v0xf0a9b0_0 .net *"_s2", 0 0, L_0xf20dc0; 1 drivers
v0xf0aa50_0 .net *"_s4", 0 0, L_0xf20e70; 1 drivers
v0xf0aaf0_0 .net "in0", 0 0, L_0xf21050; 1 drivers
v0xf0ab70_0 .net "in1", 0 0, L_0xf209f0; 1 drivers
v0xf0ac10_0 .net "out", 0 0, L_0xf20f20; 1 drivers
v0xf0acf0_0 .net "sel", 0 0, L_0xf20b80; 1 drivers
S_0xf0a270 .scope module, "M18" "mux2to1" 3 16, 4 1, S_0xeea110;
 .timescale 0 0;
L_0xf1f6a0 .functor NOT 1, L_0xf212d0, C4<0>, C4<0>, C4<0>;
L_0xf21610 .functor AND 1, L_0xf1f6a0, L_0xf21870, C4<1>, C4<1>;
L_0xf216c0 .functor AND 1, L_0xf212d0, L_0xf21140, C4<1>, C4<1>;
L_0xf21770 .functor OR 1, L_0xf21610, L_0xf216c0, C4<0>, C4<0>;
v0xf0a360_0 .net *"_s0", 0 0, L_0xf1f6a0; 1 drivers
v0xf0a420_0 .net *"_s2", 0 0, L_0xf21610; 1 drivers
v0xf0a4c0_0 .net *"_s4", 0 0, L_0xf216c0; 1 drivers
v0xf0a560_0 .net "in0", 0 0, L_0xf21870; 1 drivers
v0xf0a5e0_0 .net "in1", 0 0, L_0xf21140; 1 drivers
v0xf0a680_0 .net "out", 0 0, L_0xf21770; 1 drivers
v0xf0a760_0 .net "sel", 0 0, L_0xf212d0; 1 drivers
S_0xf09ce0 .scope module, "M19" "mux2to1" 3 16, 4 1, S_0xeea110;
 .timescale 0 0;
L_0xf1dbd0 .functor NOT 1, L_0xf22070, C4<0>, C4<0>, C4<0>;
L_0xf1dc30 .functor AND 1, L_0xf1dbd0, L_0xf21a90, C4<1>, C4<1>;
L_0xf1dce0 .functor AND 1, L_0xf22070, L_0xf21b80, C4<1>, C4<1>;
L_0xf21960 .functor OR 1, L_0xf1dc30, L_0xf1dce0, C4<0>, C4<0>;
v0xf09dd0_0 .net *"_s0", 0 0, L_0xf1dbd0; 1 drivers
v0xf09e90_0 .net *"_s2", 0 0, L_0xf1dc30; 1 drivers
v0xf09f30_0 .net *"_s4", 0 0, L_0xf1dce0; 1 drivers
v0xf09fd0_0 .net "in0", 0 0, L_0xf21a90; 1 drivers
v0xf0a050_0 .net "in1", 0 0, L_0xf21b80; 1 drivers
v0xf0a0f0_0 .net "out", 0 0, L_0xf21960; 1 drivers
v0xf0a1d0_0 .net "sel", 0 0, L_0xf22070; 1 drivers
S_0xf09750 .scope module, "M110" "mux2to1" 3 16, 4 1, S_0xeea110;
 .timescale 0 0;
L_0xf22250 .functor NOT 1, L_0xf22610, C4<0>, C4<0>, C4<0>;
L_0xf222b0 .functor AND 1, L_0xf22250, L_0xf22960, C4<1>, C4<1>;
L_0xf227b0 .functor AND 1, L_0xf22610, L_0xf22480, C4<1>, C4<1>;
L_0xf22860 .functor OR 1, L_0xf222b0, L_0xf227b0, C4<0>, C4<0>;
v0xf09840_0 .net *"_s0", 0 0, L_0xf22250; 1 drivers
v0xf09900_0 .net *"_s2", 0 0, L_0xf222b0; 1 drivers
v0xf099a0_0 .net *"_s4", 0 0, L_0xf227b0; 1 drivers
v0xf09a40_0 .net "in0", 0 0, L_0xf22960; 1 drivers
v0xf09ac0_0 .net "in1", 0 0, L_0xf22480; 1 drivers
v0xf09b60_0 .net "out", 0 0, L_0xf22860; 1 drivers
v0xf09c40_0 .net "sel", 0 0, L_0xf22610; 1 drivers
S_0xf091c0 .scope module, "M111" "mux2to1" 3 16, 4 1, S_0xeea110;
 .timescale 0 0;
L_0xf22da0 .functor NOT 1, L_0xf22be0, C4<0>, C4<0>, C4<0>;
L_0xf22e00 .functor AND 1, L_0xf22da0, L_0xf23060, C4<1>, C4<1>;
L_0xf22eb0 .functor AND 1, L_0xf22be0, L_0xf22a50, C4<1>, C4<1>;
L_0xf22f60 .functor OR 1, L_0xf22e00, L_0xf22eb0, C4<0>, C4<0>;
v0xf092b0_0 .net *"_s0", 0 0, L_0xf22da0; 1 drivers
v0xf09370_0 .net *"_s2", 0 0, L_0xf22e00; 1 drivers
v0xf09410_0 .net *"_s4", 0 0, L_0xf22eb0; 1 drivers
v0xf094b0_0 .net "in0", 0 0, L_0xf23060; 1 drivers
v0xf09530_0 .net "in1", 0 0, L_0xf22a50; 1 drivers
v0xf095d0_0 .net "out", 0 0, L_0xf22f60; 1 drivers
v0xf096b0_0 .net "sel", 0 0, L_0xf22be0; 1 drivers
S_0xf08c30 .scope module, "M112" "mux2to1" 3 16, 4 1, S_0xeea110;
 .timescale 0 0;
L_0xf23510 .functor NOT 1, L_0xf232e0, C4<0>, C4<0>, C4<0>;
L_0xf23570 .functor AND 1, L_0xf23510, L_0xf237d0, C4<1>, C4<1>;
L_0xf23620 .functor AND 1, L_0xf232e0, L_0xf23150, C4<1>, C4<1>;
L_0xf236d0 .functor OR 1, L_0xf23570, L_0xf23620, C4<0>, C4<0>;
v0xf08d20_0 .net *"_s0", 0 0, L_0xf23510; 1 drivers
v0xf08de0_0 .net *"_s2", 0 0, L_0xf23570; 1 drivers
v0xf08e80_0 .net *"_s4", 0 0, L_0xf23620; 1 drivers
v0xf08f20_0 .net "in0", 0 0, L_0xf237d0; 1 drivers
v0xf08fa0_0 .net "in1", 0 0, L_0xf23150; 1 drivers
v0xf09040_0 .net "out", 0 0, L_0xf236d0; 1 drivers
v0xf09120_0 .net "sel", 0 0, L_0xf232e0; 1 drivers
S_0xf086a0 .scope module, "M113" "mux2to1" 3 16, 4 1, S_0xeea110;
 .timescale 0 0;
L_0xf23c50 .functor NOT 1, L_0xf23a50, C4<0>, C4<0>, C4<0>;
L_0xf23cb0 .functor AND 1, L_0xf23c50, L_0xf23f10, C4<1>, C4<1>;
L_0xf23d60 .functor AND 1, L_0xf23a50, L_0xf238c0, C4<1>, C4<1>;
L_0xf23e10 .functor OR 1, L_0xf23cb0, L_0xf23d60, C4<0>, C4<0>;
v0xf08790_0 .net *"_s0", 0 0, L_0xf23c50; 1 drivers
v0xf08850_0 .net *"_s2", 0 0, L_0xf23cb0; 1 drivers
v0xf088f0_0 .net *"_s4", 0 0, L_0xf23d60; 1 drivers
v0xf08990_0 .net "in0", 0 0, L_0xf23f10; 1 drivers
v0xf08a10_0 .net "in1", 0 0, L_0xf238c0; 1 drivers
v0xf08ab0_0 .net "out", 0 0, L_0xf23e10; 1 drivers
v0xf08b90_0 .net "sel", 0 0, L_0xf23a50; 1 drivers
S_0xf08110 .scope module, "M114" "mux2to1" 3 16, 4 1, S_0xeea110;
 .timescale 0 0;
L_0xf23bf0 .functor NOT 1, L_0xf1cef0, C4<0>, C4<0>, C4<0>;
L_0xf243b0 .functor AND 1, L_0xf23bf0, L_0xf24610, C4<1>, C4<1>;
L_0xf24460 .functor AND 1, L_0xf1cef0, L_0xf24000, C4<1>, C4<1>;
L_0xf24510 .functor OR 1, L_0xf243b0, L_0xf24460, C4<0>, C4<0>;
v0xf08200_0 .net *"_s0", 0 0, L_0xf23bf0; 1 drivers
v0xf082c0_0 .net *"_s2", 0 0, L_0xf243b0; 1 drivers
v0xf08360_0 .net *"_s4", 0 0, L_0xf24460; 1 drivers
v0xf08400_0 .net "in0", 0 0, L_0xf24610; 1 drivers
v0xf08480_0 .net "in1", 0 0, L_0xf24000; 1 drivers
v0xf08520_0 .net "out", 0 0, L_0xf24510; 1 drivers
v0xf08600_0 .net "sel", 0 0, L_0xf1cef0; 1 drivers
S_0xf07b80 .scope module, "M115" "mux2to1" 3 16, 4 1, S_0xeea110;
 .timescale 0 0;
L_0xf1d090 .functor NOT 1, L_0xf24a20, C4<0>, C4<0>, C4<0>;
L_0xf24190 .functor AND 1, L_0xf1d090, L_0xf247a0, C4<1>, C4<1>;
L_0xf24240 .functor AND 1, L_0xf24a20, L_0xf24890, C4<1>, C4<1>;
L_0xf24320 .functor OR 1, L_0xf24190, L_0xf24240, C4<0>, C4<0>;
v0xf07c70_0 .net *"_s0", 0 0, L_0xf1d090; 1 drivers
v0xf07d30_0 .net *"_s2", 0 0, L_0xf24190; 1 drivers
v0xf07dd0_0 .net *"_s4", 0 0, L_0xf24240; 1 drivers
v0xf07e70_0 .net "in0", 0 0, L_0xf247a0; 1 drivers
v0xf07ef0_0 .net "in1", 0 0, L_0xf24890; 1 drivers
v0xf07f90_0 .net "out", 0 0, L_0xf24320; 1 drivers
v0xf08070_0 .net "sel", 0 0, L_0xf24a20; 1 drivers
S_0xf07610 .scope module, "M20" "mux2to1" 3 18, 4 1, S_0xeea110;
 .timescale 0 0;
L_0xf21550 .functor NOT 1, L_0xf24f70, C4<0>, C4<0>, C4<0>;
L_0xf215b0 .functor AND 1, L_0xf21550, v0xf15d40_0, C4<1>, C4<1>;
L_0xf25610 .functor AND 1, L_0xf24f70, L_0xf257c0, C4<1>, C4<1>;
L_0xf256c0 .functor OR 1, L_0xf215b0, L_0xf25610, C4<0>, C4<0>;
v0xf07700_0 .net *"_s0", 0 0, L_0xf21550; 1 drivers
v0xf077c0_0 .net *"_s2", 0 0, L_0xf215b0; 1 drivers
v0xf07860_0 .net *"_s4", 0 0, L_0xf25610; 1 drivers
v0xf07900_0 .alias "in0", 0 0, v0xf12aa0_0;
v0xf07980_0 .net "in1", 0 0, L_0xf257c0; 1 drivers
v0xf07a00_0 .net "out", 0 0, L_0xf256c0; 1 drivers
v0xf07ae0_0 .net "sel", 0 0, L_0xf24f70; 1 drivers
S_0xf070a0 .scope module, "M21" "mux2to1" 3 18, 4 1, S_0xeea110;
 .timescale 0 0;
L_0xf25110 .functor NOT 1, L_0xf258b0, C4<0>, C4<0>, C4<0>;
L_0xf25170 .functor AND 1, L_0xf25110, v0xf15d40_0, C4<1>, C4<1>;
L_0xf25220 .functor AND 1, L_0xf258b0, L_0xf25e10, C4<1>, C4<1>;
L_0xf25d10 .functor OR 1, L_0xf25170, L_0xf25220, C4<0>, C4<0>;
v0xf07190_0 .net *"_s0", 0 0, L_0xf25110; 1 drivers
v0xf07250_0 .net *"_s2", 0 0, L_0xf25170; 1 drivers
v0xf072f0_0 .net *"_s4", 0 0, L_0xf25220; 1 drivers
v0xf07390_0 .alias "in0", 0 0, v0xf12aa0_0;
v0xf07410_0 .net "in1", 0 0, L_0xf25e10; 1 drivers
v0xf07490_0 .net "out", 0 0, L_0xf25d10; 1 drivers
v0xf07570_0 .net "sel", 0 0, L_0xf258b0; 1 drivers
S_0xf06b30 .scope module, "M22" "mux2to1" 3 18, 4 1, S_0xeea110;
 .timescale 0 0;
L_0xf25ad0 .functor NOT 1, L_0xf26040, C4<0>, C4<0>, C4<0>;
L_0xf25b30 .functor AND 1, L_0xf25ad0, v0xf15d40_0, C4<1>, C4<1>;
L_0xf25be0 .functor AND 1, L_0xf26040, L_0xf264c0, C4<1>, C4<1>;
L_0xf263c0 .functor OR 1, L_0xf25b30, L_0xf25be0, C4<0>, C4<0>;
v0xf06c20_0 .net *"_s0", 0 0, L_0xf25ad0; 1 drivers
v0xf06ce0_0 .net *"_s2", 0 0, L_0xf25b30; 1 drivers
v0xf06d80_0 .net *"_s4", 0 0, L_0xf25be0; 1 drivers
v0xf06e20_0 .alias "in0", 0 0, v0xf12aa0_0;
v0xf06ea0_0 .net "in1", 0 0, L_0xf264c0; 1 drivers
v0xf06f20_0 .net "out", 0 0, L_0xf263c0; 1 drivers
v0xf07000_0 .net "sel", 0 0, L_0xf26040; 1 drivers
S_0xf06530 .scope module, "M23" "mux2to1" 3 18, 4 1, S_0xeea110;
 .timescale 0 0;
L_0xf261e0 .functor NOT 1, L_0xf265b0, C4<0>, C4<0>, C4<0>;
L_0xf26240 .functor AND 1, L_0xf261e0, v0xf15d40_0, C4<1>, C4<1>;
L_0xf262f0 .functor AND 1, L_0xf265b0, L_0xf26af0, C4<1>, C4<1>;
L_0xf269f0 .functor OR 1, L_0xf26240, L_0xf262f0, C4<0>, C4<0>;
v0xf06620_0 .net *"_s0", 0 0, L_0xf261e0; 1 drivers
v0xf066e0_0 .net *"_s2", 0 0, L_0xf26240; 1 drivers
v0xf06780_0 .net *"_s4", 0 0, L_0xf262f0; 1 drivers
v0xf06820_0 .alias "in0", 0 0, v0xf12aa0_0;
v0xf00f90_0 .net "in1", 0 0, L_0xf26af0; 1 drivers
v0xf069b0_0 .net "out", 0 0, L_0xf269f0; 1 drivers
v0xf06a90_0 .net "sel", 0 0, L_0xf265b0; 1 drivers
S_0xf05fa0 .scope module, "M24" "mux2to1" 3 18, 4 1, S_0xeea110;
 .timescale 0 0;
L_0xf26820 .functor NOT 1, L_0xf26e10, C4<0>, C4<0>, C4<0>;
L_0xf26880 .functor AND 1, L_0xf26820, L_0xf271d0, C4<1>, C4<1>;
L_0xf26960 .functor AND 1, L_0xf26e10, L_0xf26c80, C4<1>, C4<1>;
L_0xf270d0 .functor OR 1, L_0xf26880, L_0xf26960, C4<0>, C4<0>;
v0xf06090_0 .net *"_s0", 0 0, L_0xf26820; 1 drivers
v0xf06150_0 .net *"_s2", 0 0, L_0xf26880; 1 drivers
v0xf061f0_0 .net *"_s4", 0 0, L_0xf26960; 1 drivers
v0xf06290_0 .net "in0", 0 0, L_0xf271d0; 1 drivers
v0xf06310_0 .net "in1", 0 0, L_0xf26c80; 1 drivers
v0xf063b0_0 .net "out", 0 0, L_0xf270d0; 1 drivers
v0xf06490_0 .net "sel", 0 0, L_0xf26e10; 1 drivers
S_0xf05a10 .scope module, "M25" "mux2to1" 3 18, 4 1, S_0xeea110;
 .timescale 0 0;
L_0xf26fb0 .functor NOT 1, L_0xf27450, C4<0>, C4<0>, C4<0>;
L_0xf27010 .functor AND 1, L_0xf26fb0, L_0xf278e0, C4<1>, C4<1>;
L_0xf27730 .functor AND 1, L_0xf27450, L_0xf272c0, C4<1>, C4<1>;
L_0xf277e0 .functor OR 1, L_0xf27010, L_0xf27730, C4<0>, C4<0>;
v0xf05b00_0 .net *"_s0", 0 0, L_0xf26fb0; 1 drivers
v0xf05bc0_0 .net *"_s2", 0 0, L_0xf27010; 1 drivers
v0xf05c60_0 .net *"_s4", 0 0, L_0xf27730; 1 drivers
v0xf05d00_0 .net "in0", 0 0, L_0xf278e0; 1 drivers
v0xf05d80_0 .net "in1", 0 0, L_0xf272c0; 1 drivers
v0xf05e20_0 .net "out", 0 0, L_0xf277e0; 1 drivers
v0xf05f00_0 .net "sel", 0 0, L_0xf27450; 1 drivers
S_0xf05480 .scope module, "M26" "mux2to1" 3 18, 4 1, S_0xeea110;
 .timescale 0 0;
L_0xf26660 .functor NOT 1, L_0xf27b60, C4<0>, C4<0>, C4<0>;
L_0xf266c0 .functor AND 1, L_0xf26660, L_0xf28010, C4<1>, C4<1>;
L_0xf27e60 .functor AND 1, L_0xf27b60, L_0xf279d0, C4<1>, C4<1>;
L_0xf27f10 .functor OR 1, L_0xf266c0, L_0xf27e60, C4<0>, C4<0>;
v0xf05570_0 .net *"_s0", 0 0, L_0xf26660; 1 drivers
v0xf05630_0 .net *"_s2", 0 0, L_0xf266c0; 1 drivers
v0xf056d0_0 .net *"_s4", 0 0, L_0xf27e60; 1 drivers
v0xf05770_0 .net "in0", 0 0, L_0xf28010; 1 drivers
v0xf057f0_0 .net "in1", 0 0, L_0xf279d0; 1 drivers
v0xf05890_0 .net "out", 0 0, L_0xf27f10; 1 drivers
v0xf05970_0 .net "sel", 0 0, L_0xf27b60; 1 drivers
S_0xf04ef0 .scope module, "M27" "mux2to1" 3 18, 4 1, S_0xeea110;
 .timescale 0 0;
L_0xf27d00 .functor NOT 1, L_0xf28240, C4<0>, C4<0>, C4<0>;
L_0xf27d60 .functor AND 1, L_0xf27d00, L_0xf28710, C4<1>, C4<1>;
L_0xf285b0 .functor AND 1, L_0xf28240, L_0xf28100, C4<1>, C4<1>;
L_0xf28610 .functor OR 1, L_0xf27d60, L_0xf285b0, C4<0>, C4<0>;
v0xf04fe0_0 .net *"_s0", 0 0, L_0xf27d00; 1 drivers
v0xf050a0_0 .net *"_s2", 0 0, L_0xf27d60; 1 drivers
v0xf05140_0 .net *"_s4", 0 0, L_0xf285b0; 1 drivers
v0xf051e0_0 .net "in0", 0 0, L_0xf28710; 1 drivers
v0xf05260_0 .net "in1", 0 0, L_0xf28100; 1 drivers
v0xf05300_0 .net "out", 0 0, L_0xf28610; 1 drivers
v0xf053e0_0 .net "sel", 0 0, L_0xf28240; 1 drivers
S_0xf04960 .scope module, "M28" "mux2to1" 3 18, 4 1, S_0xeea110;
 .timescale 0 0;
L_0xf275a0 .functor NOT 1, L_0xf28990, C4<0>, C4<0>, C4<0>;
L_0xf26770 .functor AND 1, L_0xf275a0, L_0xf28e80, C4<1>, C4<1>;
L_0xf28cd0 .functor AND 1, L_0xf28990, L_0xf28800, C4<1>, C4<1>;
L_0xf28d80 .functor OR 1, L_0xf26770, L_0xf28cd0, C4<0>, C4<0>;
v0xf04a50_0 .net *"_s0", 0 0, L_0xf275a0; 1 drivers
v0xf04b10_0 .net *"_s2", 0 0, L_0xf26770; 1 drivers
v0xf04bb0_0 .net *"_s4", 0 0, L_0xf28cd0; 1 drivers
v0xf04c50_0 .net "in0", 0 0, L_0xf28e80; 1 drivers
v0xf04cd0_0 .net "in1", 0 0, L_0xf28800; 1 drivers
v0xf04d70_0 .net "out", 0 0, L_0xf28d80; 1 drivers
v0xf04e50_0 .net "sel", 0 0, L_0xf28990; 1 drivers
S_0xf043d0 .scope module, "M29" "mux2to1" 3 18, 4 1, S_0xeea110;
 .timescale 0 0;
L_0xf28b30 .functor NOT 1, L_0xf25450, C4<0>, C4<0>, C4<0>;
L_0xf28bc0 .functor AND 1, L_0xf28b30, L_0xf29610, C4<1>, C4<1>;
L_0xf29460 .functor AND 1, L_0xf25450, L_0xf28f70, C4<1>, C4<1>;
L_0xf29510 .functor OR 1, L_0xf28bc0, L_0xf29460, C4<0>, C4<0>;
v0xf044c0_0 .net *"_s0", 0 0, L_0xf28b30; 1 drivers
v0xf04580_0 .net *"_s2", 0 0, L_0xf28bc0; 1 drivers
v0xf04620_0 .net *"_s4", 0 0, L_0xf29460; 1 drivers
v0xf046c0_0 .net "in0", 0 0, L_0xf29610; 1 drivers
v0xf04740_0 .net "in1", 0 0, L_0xf28f70; 1 drivers
v0xf047e0_0 .net "out", 0 0, L_0xf29510; 1 drivers
v0xf048c0_0 .net "sel", 0 0, L_0xf25450; 1 drivers
S_0xf03e40 .scope module, "M210" "mux2to1" 3 18, 4 1, S_0xeea110;
 .timescale 0 0;
L_0xf28340 .functor NOT 1, L_0xf29980, C4<0>, C4<0>, C4<0>;
L_0xf283a0 .functor AND 1, L_0xf28340, L_0xf29700, C4<1>, C4<1>;
L_0xf29210 .functor AND 1, L_0xf29980, L_0xf297f0, C4<1>, C4<1>;
L_0xf292f0 .functor OR 1, L_0xf283a0, L_0xf29210, C4<0>, C4<0>;
v0xf03f30_0 .net *"_s0", 0 0, L_0xf28340; 1 drivers
v0xf03ff0_0 .net *"_s2", 0 0, L_0xf283a0; 1 drivers
v0xf04090_0 .net *"_s4", 0 0, L_0xf29210; 1 drivers
v0xf04130_0 .net "in0", 0 0, L_0xf29700; 1 drivers
v0xf041b0_0 .net "in1", 0 0, L_0xf297f0; 1 drivers
v0xf04250_0 .net "out", 0 0, L_0xf292f0; 1 drivers
v0xf04330_0 .net "sel", 0 0, L_0xf29980; 1 drivers
S_0xf038b0 .scope module, "M211" "mux2to1" 3 18, 4 1, S_0xeea110;
 .timescale 0 0;
L_0xf29b20 .functor NOT 1, L_0xf2a1a0, C4<0>, C4<0>, C4<0>;
L_0xf29b80 .functor AND 1, L_0xf29b20, L_0xf2a740, C4<1>, C4<1>;
L_0xf2a590 .functor AND 1, L_0xf2a1a0, L_0xf2a010, C4<1>, C4<1>;
L_0xf2a640 .functor OR 1, L_0xf29b80, L_0xf2a590, C4<0>, C4<0>;
v0xf039a0_0 .net *"_s0", 0 0, L_0xf29b20; 1 drivers
v0xf03a60_0 .net *"_s2", 0 0, L_0xf29b80; 1 drivers
v0xf03b00_0 .net *"_s4", 0 0, L_0xf2a590; 1 drivers
v0xf03ba0_0 .net "in0", 0 0, L_0xf2a740; 1 drivers
v0xf03c20_0 .net "in1", 0 0, L_0xf2a010; 1 drivers
v0xf03cc0_0 .net "out", 0 0, L_0xf2a640; 1 drivers
v0xf03da0_0 .net "sel", 0 0, L_0xf2a1a0; 1 drivers
S_0xf03320 .scope module, "M212" "mux2to1" 3 18, 4 1, S_0xeea110;
 .timescale 0 0;
L_0xf29150 .functor NOT 1, L_0xf2a9c0, C4<0>, C4<0>, C4<0>;
L_0xf2a3c0 .functor AND 1, L_0xf29150, L_0xf2aed0, C4<1>, C4<1>;
L_0xf2a470 .functor AND 1, L_0xf2a9c0, L_0xf2a830, C4<1>, C4<1>;
L_0xf2add0 .functor OR 1, L_0xf2a3c0, L_0xf2a470, C4<0>, C4<0>;
v0xf03410_0 .net *"_s0", 0 0, L_0xf29150; 1 drivers
v0xf034d0_0 .net *"_s2", 0 0, L_0xf2a3c0; 1 drivers
v0xf03570_0 .net *"_s4", 0 0, L_0xf2a470; 1 drivers
v0xf03610_0 .net "in0", 0 0, L_0xf2aed0; 1 drivers
v0xf03690_0 .net "in1", 0 0, L_0xf2a830; 1 drivers
v0xf03730_0 .net "out", 0 0, L_0xf2add0; 1 drivers
v0xf03810_0 .net "sel", 0 0, L_0xf2a9c0; 1 drivers
S_0xf02d90 .scope module, "M213" "mux2to1" 3 18, 4 1, S_0xeea110;
 .timescale 0 0;
L_0xf2ab60 .functor NOT 1, L_0xf2b150, C4<0>, C4<0>, C4<0>;
L_0xf2abc0 .functor AND 1, L_0xf2ab60, L_0xf2b630, C4<1>, C4<1>;
L_0xf2ac70 .functor AND 1, L_0xf2b150, L_0xf2afc0, C4<1>, C4<1>;
L_0xf2b530 .functor OR 1, L_0xf2abc0, L_0xf2ac70, C4<0>, C4<0>;
v0xf02e80_0 .net *"_s0", 0 0, L_0xf2ab60; 1 drivers
v0xf02f40_0 .net *"_s2", 0 0, L_0xf2abc0; 1 drivers
v0xf02fe0_0 .net *"_s4", 0 0, L_0xf2ac70; 1 drivers
v0xf03080_0 .net "in0", 0 0, L_0xf2b630; 1 drivers
v0xf03100_0 .net "in1", 0 0, L_0xf2afc0; 1 drivers
v0xf031a0_0 .net "out", 0 0, L_0xf2b530; 1 drivers
v0xf03280_0 .net "sel", 0 0, L_0xf2b150; 1 drivers
S_0xf02800 .scope module, "M214" "mux2to1" 3 18, 4 1, S_0xeea110;
 .timescale 0 0;
L_0xf2a340 .functor NOT 1, L_0xf2b8b0, C4<0>, C4<0>, C4<0>;
L_0xf2b380 .functor AND 1, L_0xf2a340, L_0xf2bd60, C4<1>, C4<1>;
L_0xf2b430 .functor AND 1, L_0xf2b8b0, L_0xf2b720, C4<1>, C4<1>;
L_0xf2bcb0 .functor OR 1, L_0xf2b380, L_0xf2b430, C4<0>, C4<0>;
v0xf028f0_0 .net *"_s0", 0 0, L_0xf2a340; 1 drivers
v0xf029b0_0 .net *"_s2", 0 0, L_0xf2b380; 1 drivers
v0xf02a50_0 .net *"_s4", 0 0, L_0xf2b430; 1 drivers
v0xf02af0_0 .net "in0", 0 0, L_0xf2bd60; 1 drivers
v0xf02b70_0 .net "in1", 0 0, L_0xf2b720; 1 drivers
v0xf02c10_0 .net "out", 0 0, L_0xf2bcb0; 1 drivers
v0xf02cf0_0 .net "sel", 0 0, L_0xf2b8b0; 1 drivers
S_0xf02270 .scope module, "M215" "mux2to1" 3 18, 4 1, S_0xeea110;
 .timescale 0 0;
L_0xf2ba50 .functor NOT 1, L_0xf2bfe0, C4<0>, C4<0>, C4<0>;
L_0xf2bab0 .functor AND 1, L_0xf2ba50, L_0xf2c4a0, C4<1>, C4<1>;
L_0xf2bb60 .functor AND 1, L_0xf2bfe0, L_0xf2be50, C4<1>, C4<1>;
L_0xf2bc10 .functor OR 1, L_0xf2bab0, L_0xf2bb60, C4<0>, C4<0>;
v0xf02360_0 .net *"_s0", 0 0, L_0xf2ba50; 1 drivers
v0xf02420_0 .net *"_s2", 0 0, L_0xf2bab0; 1 drivers
v0xf024c0_0 .net *"_s4", 0 0, L_0xf2bb60; 1 drivers
v0xf02560_0 .net "in0", 0 0, L_0xf2c4a0; 1 drivers
v0xf025e0_0 .net "in1", 0 0, L_0xf2be50; 1 drivers
v0xf02680_0 .net "out", 0 0, L_0xf2bc10; 1 drivers
v0xf02760_0 .net "sel", 0 0, L_0xf2bfe0; 1 drivers
S_0xf01d00 .scope module, "M30" "mux2to1" 3 20, 4 1, S_0xeea110;
 .timescale 0 0;
L_0xf2b2f0 .functor NOT 1, L_0xf2c630, C4<0>, C4<0>, C4<0>;
L_0xf28400 .functor AND 1, L_0xf2b2f0, v0xf15d40_0, C4<1>, C4<1>;
L_0xf284b0 .functor AND 1, L_0xf2c630, L_0xf2cd70, C4<1>, C4<1>;
L_0xf2c270 .functor OR 1, L_0xf28400, L_0xf284b0, C4<0>, C4<0>;
v0xf01df0_0 .net *"_s0", 0 0, L_0xf2b2f0; 1 drivers
v0xf01eb0_0 .net *"_s2", 0 0, L_0xf28400; 1 drivers
v0xf01f50_0 .net *"_s4", 0 0, L_0xf284b0; 1 drivers
v0xf01ff0_0 .alias "in0", 0 0, v0xf12aa0_0;
v0xf02070_0 .net "in1", 0 0, L_0xf2cd70; 1 drivers
v0xf020f0_0 .net "out", 0 0, L_0xf2c270; 1 drivers
v0xf021d0_0 .net "sel", 0 0, L_0xf2c630; 1 drivers
S_0xf01790 .scope module, "M31" "mux2to1" 3 20, 4 1, S_0xeea110;
 .timescale 0 0;
L_0xf2c7d0 .functor NOT 1, L_0xf2ce10, C4<0>, C4<0>, C4<0>;
L_0xf2c830 .functor AND 1, L_0xf2c7d0, v0xf15d40_0, C4<1>, C4<1>;
L_0xf2c910 .functor AND 1, L_0xf2ce10, L_0xf2d400, C4<1>, C4<1>;
L_0xf2c9c0 .functor OR 1, L_0xf2c830, L_0xf2c910, C4<0>, C4<0>;
v0xf01880_0 .net *"_s0", 0 0, L_0xf2c7d0; 1 drivers
v0xf01940_0 .net *"_s2", 0 0, L_0xf2c830; 1 drivers
v0xf019e0_0 .net *"_s4", 0 0, L_0xf2c910; 1 drivers
v0xf01a80_0 .alias "in0", 0 0, v0xf12aa0_0;
v0xf01b00_0 .net "in1", 0 0, L_0xf2d400; 1 drivers
v0xf01b80_0 .net "out", 0 0, L_0xf2c9c0; 1 drivers
v0xf01c60_0 .net "sel", 0 0, L_0xf2ce10; 1 drivers
S_0xf01220 .scope module, "M32" "mux2to1" 3 20, 4 1, S_0xeea110;
 .timescale 0 0;
L_0xf2d060 .functor NOT 1, L_0xf2dbf0, C4<0>, C4<0>, C4<0>;
L_0xf2d0c0 .functor AND 1, L_0xf2d060, v0xf15d40_0, C4<1>, C4<1>;
L_0xf2d120 .functor AND 1, L_0xf2dbf0, L_0xf2d2d0, C4<1>, C4<1>;
L_0xf2d1d0 .functor OR 1, L_0xf2d0c0, L_0xf2d120, C4<0>, C4<0>;
v0xf01310_0 .net *"_s0", 0 0, L_0xf2d060; 1 drivers
v0xf013d0_0 .net *"_s2", 0 0, L_0xf2d0c0; 1 drivers
v0xf01470_0 .net *"_s4", 0 0, L_0xf2d120; 1 drivers
v0xf01510_0 .alias "in0", 0 0, v0xf12aa0_0;
v0xf01590_0 .net "in1", 0 0, L_0xf2d2d0; 1 drivers
v0xf01610_0 .net "out", 0 0, L_0xf2d1d0; 1 drivers
v0xf016f0_0 .net "sel", 0 0, L_0xf2dbf0; 1 drivers
S_0xf00c20 .scope module, "M33" "mux2to1" 3 20, 4 1, S_0xeea110;
 .timescale 0 0;
L_0xf2d540 .functor NOT 1, L_0xf2d9c0, C4<0>, C4<0>, C4<0>;
L_0xf2d5a0 .functor AND 1, L_0xf2d540, v0xf15d40_0, C4<1>, C4<1>;
L_0xf2d650 .functor AND 1, L_0xf2d9c0, L_0xf2d830, C4<1>, C4<1>;
L_0xf2d700 .functor OR 1, L_0xf2d5a0, L_0xf2d650, C4<0>, C4<0>;
v0xf00d10_0 .net *"_s0", 0 0, L_0xf2d540; 1 drivers
v0xf00dd0_0 .net *"_s2", 0 0, L_0xf2d5a0; 1 drivers
v0xf00e70_0 .net *"_s4", 0 0, L_0xf2d650; 1 drivers
v0xf00f10_0 .alias "in0", 0 0, v0xf12aa0_0;
v0xf01020_0 .net "in1", 0 0, L_0xf2d830; 1 drivers
v0xf010a0_0 .net "out", 0 0, L_0xf2d700; 1 drivers
v0xf01180_0 .net "sel", 0 0, L_0xf2d9c0; 1 drivers
S_0xf006b0 .scope module, "M34" "mux2to1" 3 20, 4 1, S_0xeea110;
 .timescale 0 0;
L_0xf2cf50 .functor NOT 1, L_0xf2de30, C4<0>, C4<0>, C4<0>;
L_0xf2cfb0 .functor AND 1, L_0xf2cf50, v0xf15d40_0, C4<1>, C4<1>;
L_0xf2e570 .functor AND 1, L_0xf2de30, L_0xf2e720, C4<1>, C4<1>;
L_0xf2e620 .functor OR 1, L_0xf2cfb0, L_0xf2e570, C4<0>, C4<0>;
v0xf007a0_0 .net *"_s0", 0 0, L_0xf2cf50; 1 drivers
v0xf00860_0 .net *"_s2", 0 0, L_0xf2cfb0; 1 drivers
v0xf00900_0 .net *"_s4", 0 0, L_0xf2e570; 1 drivers
v0xf009a0_0 .alias "in0", 0 0, v0xf12aa0_0;
v0xf00a20_0 .net "in1", 0 0, L_0xf2e720; 1 drivers
v0xf00aa0_0 .net "out", 0 0, L_0xf2e620; 1 drivers
v0xf00b80_0 .net "sel", 0 0, L_0xf2de30; 1 drivers
S_0xf000f0 .scope module, "M35" "mux2to1" 3 20, 4 1, S_0xeea110;
 .timescale 0 0;
L_0xf2dfd0 .functor NOT 1, L_0xf2e810, C4<0>, C4<0>, C4<0>;
L_0xf2e030 .functor AND 1, L_0xf2dfd0, v0xf15d40_0, C4<1>, C4<1>;
L_0xf2e110 .functor AND 1, L_0xf2e810, L_0xf2e2f0, C4<1>, C4<1>;
L_0xf2e1c0 .functor OR 1, L_0xf2e030, L_0xf2e110, C4<0>, C4<0>;
v0xf001e0_0 .net *"_s0", 0 0, L_0xf2dfd0; 1 drivers
v0xf002a0_0 .net *"_s2", 0 0, L_0xf2e030; 1 drivers
v0xf00340_0 .net *"_s4", 0 0, L_0xf2e110; 1 drivers
v0xf003e0_0 .alias "in0", 0 0, v0xf12aa0_0;
v0xf004b0_0 .net "in1", 0 0, L_0xf2e2f0; 1 drivers
v0xf00530_0 .net "out", 0 0, L_0xf2e1c0; 1 drivers
v0xf00610_0 .net "sel", 0 0, L_0xf2e810; 1 drivers
S_0xeffb70 .scope module, "M36" "mux2to1" 3 20, 4 1, S_0xeea110;
 .timescale 0 0;
L_0xf2e480 .functor NOT 1, L_0xf2f5c0, C4<0>, C4<0>, C4<0>;
L_0xf2e4e0 .functor AND 1, L_0xf2e480, v0xf15d40_0, C4<1>, C4<1>;
L_0xf2ead0 .functor AND 1, L_0xf2f5c0, L_0xf2ec80, C4<1>, C4<1>;
L_0xf2eb80 .functor OR 1, L_0xf2e4e0, L_0xf2ead0, C4<0>, C4<0>;
v0xeffc60_0 .net *"_s0", 0 0, L_0xf2e480; 1 drivers
v0xeffd20_0 .net *"_s2", 0 0, L_0xf2e4e0; 1 drivers
v0xeffdc0_0 .net *"_s4", 0 0, L_0xf2ead0; 1 drivers
v0xeffe60_0 .alias "in0", 0 0, v0xf12aa0_0;
v0xefff10_0 .net "in1", 0 0, L_0xf2ec80; 1 drivers
v0xefff90_0 .net "out", 0 0, L_0xf2eb80; 1 drivers
v0xf00050_0 .net "sel", 0 0, L_0xf2f5c0; 1 drivers
S_0xeff5e0 .scope module, "M37" "mux2to1" 3 20, 4 1, S_0xeea110;
 .timescale 0 0;
L_0xf2ef50 .functor NOT 1, L_0xf2f3d0, C4<0>, C4<0>, C4<0>;
L_0xf2efb0 .functor AND 1, L_0xf2ef50, v0xf15d40_0, C4<1>, C4<1>;
L_0xf2f060 .functor AND 1, L_0xf2f3d0, L_0xf2f240, C4<1>, C4<1>;
L_0xf2f110 .functor OR 1, L_0xf2efb0, L_0xf2f060, C4<0>, C4<0>;
v0xeff6d0_0 .net *"_s0", 0 0, L_0xf2ef50; 1 drivers
v0xeff790_0 .net *"_s2", 0 0, L_0xf2efb0; 1 drivers
v0xeff830_0 .net *"_s4", 0 0, L_0xf2f060; 1 drivers
v0xeff8d0_0 .alias "in0", 0 0, v0xf12aa0_0;
v0xeff950_0 .net "in1", 0 0, L_0xf2f240; 1 drivers
v0xeff9f0_0 .net "out", 0 0, L_0xf2f110; 1 drivers
v0xeffad0_0 .net "sel", 0 0, L_0xf2f3d0; 1 drivers
S_0xeff050 .scope module, "M38" "mux2to1" 3 20, 4 1, S_0xeea110;
 .timescale 0 0;
L_0xf2f520 .functor NOT 1, L_0xf2f8a0, C4<0>, C4<0>, C4<0>;
L_0xf2e9d0 .functor AND 1, L_0xf2f520, L_0xf30120, C4<1>, C4<1>;
L_0xf2ff70 .functor AND 1, L_0xf2f8a0, L_0xf2f710, C4<1>, C4<1>;
L_0xf30020 .functor OR 1, L_0xf2e9d0, L_0xf2ff70, C4<0>, C4<0>;
v0xeff140_0 .net *"_s0", 0 0, L_0xf2f520; 1 drivers
v0xeff200_0 .net *"_s2", 0 0, L_0xf2e9d0; 1 drivers
v0xeff2a0_0 .net *"_s4", 0 0, L_0xf2ff70; 1 drivers
v0xeff340_0 .net "in0", 0 0, L_0xf30120; 1 drivers
v0xeff3c0_0 .net "in1", 0 0, L_0xf2f710; 1 drivers
v0xeff460_0 .net "out", 0 0, L_0xf30020; 1 drivers
v0xeff540_0 .net "sel", 0 0, L_0xf2f8a0; 1 drivers
S_0xefeac0 .scope module, "M39" "mux2to1" 3 20, 4 1, S_0xeea110;
 .timescale 0 0;
L_0xf2fa40 .functor NOT 1, L_0xf303a0, C4<0>, C4<0>, C4<0>;
L_0xf2faa0 .functor AND 1, L_0xf2fa40, L_0xf308c0, C4<1>, C4<1>;
L_0xf2fb80 .functor AND 1, L_0xf303a0, L_0xf30210, C4<1>, C4<1>;
L_0xf2fc60 .functor OR 1, L_0xf2faa0, L_0xf2fb80, C4<0>, C4<0>;
v0xefebb0_0 .net *"_s0", 0 0, L_0xf2fa40; 1 drivers
v0xefec70_0 .net *"_s2", 0 0, L_0xf2faa0; 1 drivers
v0xefed10_0 .net *"_s4", 0 0, L_0xf2fb80; 1 drivers
v0xefedb0_0 .net "in0", 0 0, L_0xf308c0; 1 drivers
v0xefee30_0 .net "in1", 0 0, L_0xf30210; 1 drivers
v0xefeed0_0 .net "out", 0 0, L_0xf2fc60; 1 drivers
v0xefefb0_0 .net "sel", 0 0, L_0xf303a0; 1 drivers
S_0xefe530 .scope module, "M310" "mux2to1" 3 20, 4 1, S_0xeea110;
 .timescale 0 0;
L_0xf2fe90 .functor NOT 1, L_0xf30b40, C4<0>, C4<0>, C4<0>;
L_0xf2fef0 .functor AND 1, L_0xf2fe90, L_0xf31080, C4<1>, C4<1>;
L_0xf30680 .functor AND 1, L_0xf30b40, L_0xf309b0, C4<1>, C4<1>;
L_0xf30730 .functor OR 1, L_0xf2fef0, L_0xf30680, C4<0>, C4<0>;
v0xefe620_0 .net *"_s0", 0 0, L_0xf2fe90; 1 drivers
v0xefe6e0_0 .net *"_s2", 0 0, L_0xf2fef0; 1 drivers
v0xefe780_0 .net *"_s4", 0 0, L_0xf30680; 1 drivers
v0xefe820_0 .net "in0", 0 0, L_0xf31080; 1 drivers
v0xefe8a0_0 .net "in1", 0 0, L_0xf309b0; 1 drivers
v0xefe940_0 .net "out", 0 0, L_0xf30730; 1 drivers
v0xefea20_0 .net "sel", 0 0, L_0xf30b40; 1 drivers
S_0xefdfa0 .scope module, "M311" "mux2to1" 3 20, 4 1, S_0xeea110;
 .timescale 0 0;
L_0xf30ce0 .functor NOT 1, L_0xf316c0, C4<0>, C4<0>, C4<0>;
L_0xf30d40 .functor AND 1, L_0xf30ce0, L_0xf30fd0, C4<1>, C4<1>;
L_0xf30df0 .functor AND 1, L_0xf316c0, L_0xf31120, C4<1>, C4<1>;
L_0xf30ea0 .functor OR 1, L_0xf30d40, L_0xf30df0, C4<0>, C4<0>;
v0xefe090_0 .net *"_s0", 0 0, L_0xf30ce0; 1 drivers
v0xefe150_0 .net *"_s2", 0 0, L_0xf30d40; 1 drivers
v0xefe1f0_0 .net *"_s4", 0 0, L_0xf30df0; 1 drivers
v0xefe290_0 .net "in0", 0 0, L_0xf30fd0; 1 drivers
v0xefe310_0 .net "in1", 0 0, L_0xf31120; 1 drivers
v0xefe3b0_0 .net "out", 0 0, L_0xf30ea0; 1 drivers
v0xefe490_0 .net "sel", 0 0, L_0xf316c0; 1 drivers
S_0xefda10 .scope module, "M312" "mux2to1" 3 20, 4 1, S_0xeea110;
 .timescale 0 0;
L_0xf304a0 .functor NOT 1, L_0xf319f0, C4<0>, C4<0>, C4<0>;
L_0xf30500 .functor AND 1, L_0xf304a0, L_0xf320c0, C4<1>, C4<1>;
L_0xf305b0 .functor AND 1, L_0xf319f0, L_0xf31860, C4<1>, C4<1>;
L_0xf31fc0 .functor OR 1, L_0xf30500, L_0xf305b0, C4<0>, C4<0>;
v0xefdb00_0 .net *"_s0", 0 0, L_0xf304a0; 1 drivers
v0xefdbc0_0 .net *"_s2", 0 0, L_0xf30500; 1 drivers
v0xefdc60_0 .net *"_s4", 0 0, L_0xf305b0; 1 drivers
v0xefdd00_0 .net "in0", 0 0, L_0xf320c0; 1 drivers
v0xefdd80_0 .net "in1", 0 0, L_0xf31860; 1 drivers
v0xefde20_0 .net "out", 0 0, L_0xf31fc0; 1 drivers
v0xefdf00_0 .net "sel", 0 0, L_0xf319f0; 1 drivers
S_0xefd480 .scope module, "M313" "mux2to1" 3 20, 4 1, S_0xeea110;
 .timescale 0 0;
L_0xf31b90 .functor NOT 1, L_0xf32340, C4<0>, C4<0>, C4<0>;
L_0xf31bf0 .functor AND 1, L_0xf31b90, L_0xf31eb0, C4<1>, C4<1>;
L_0xf31ca0 .functor AND 1, L_0xf32340, L_0xf321b0, C4<1>, C4<1>;
L_0xf31d80 .functor OR 1, L_0xf31bf0, L_0xf31ca0, C4<0>, C4<0>;
v0xefd570_0 .net *"_s0", 0 0, L_0xf31b90; 1 drivers
v0xefd630_0 .net *"_s2", 0 0, L_0xf31bf0; 1 drivers
v0xefd6d0_0 .net *"_s4", 0 0, L_0xf31ca0; 1 drivers
v0xefd770_0 .net "in0", 0 0, L_0xf31eb0; 1 drivers
v0xefd7f0_0 .net "in1", 0 0, L_0xf321b0; 1 drivers
v0xefd890_0 .net "out", 0 0, L_0xf31d80; 1 drivers
v0xefd970_0 .net "sel", 0 0, L_0xf32340; 1 drivers
S_0xefcef0 .scope module, "M314" "mux2to1" 3 20, 4 1, S_0xeea110;
 .timescale 0 0;
L_0xf324e0 .functor NOT 1, L_0xf24a80, C4<0>, C4<0>, C4<0>;
L_0xf32540 .functor AND 1, L_0xf324e0, L_0xf327a0, C4<1>, C4<1>;
L_0xf325f0 .functor AND 1, L_0xf24a80, L_0xf33090, C4<1>, C4<1>;
L_0xf326a0 .functor OR 1, L_0xf32540, L_0xf325f0, C4<0>, C4<0>;
v0xefcfe0_0 .net *"_s0", 0 0, L_0xf324e0; 1 drivers
v0xefd080_0 .net *"_s2", 0 0, L_0xf32540; 1 drivers
v0xefd120_0 .net *"_s4", 0 0, L_0xf325f0; 1 drivers
v0xefd1c0_0 .net "in0", 0 0, L_0xf327a0; 1 drivers
v0xefd260_0 .net "in1", 0 0, L_0xf33090; 1 drivers
v0xefd300_0 .net "out", 0 0, L_0xf326a0; 1 drivers
v0xefd3e0_0 .net "sel", 0 0, L_0xf24a80; 1 drivers
S_0xee8770 .scope module, "M315" "mux2to1" 3 20, 4 1, S_0xeea110;
 .timescale 0 0;
L_0xf24c20 .functor NOT 1, L_0xf32c00, C4<0>, C4<0>, C4<0>;
L_0xf24c80 .functor AND 1, L_0xf24c20, L_0xf32980, C4<1>, C4<1>;
L_0xf24d30 .functor AND 1, L_0xf32c00, L_0xf32a70, C4<1>, C4<1>;
L_0xf24de0 .functor OR 1, L_0xf24c80, L_0xf24d30, C4<0>, C4<0>;
v0xe9ee90_0 .net *"_s0", 0 0, L_0xf24c20; 1 drivers
v0xefcae0_0 .net *"_s2", 0 0, L_0xf24c80; 1 drivers
v0xefcb80_0 .net *"_s4", 0 0, L_0xf24d30; 1 drivers
v0xefcc20_0 .net "in0", 0 0, L_0xf32980; 1 drivers
v0xefccd0_0 .net "in1", 0 0, L_0xf32a70; 1 drivers
v0xefcd70_0 .net "out", 0 0, L_0xf24de0; 1 drivers
v0xefce50_0 .net "sel", 0 0, L_0xf32c00; 1 drivers
    .scope S_0xeea110;
T_0 ;
    %set/v v0xf15d40_0, 0, 1;
    %end;
    .thread T_0;
    .scope S_0xeebab0;
T_1 ;
    %movi 8, 3, 16;
    %set/v v0xf15b00_0, 8, 16;
    %movi 8, 4, 4;
    %set/v v0xf15c00_0, 8, 4;
    %delay 4, 0;
    %vpi_call 2 30 "$monitor", "\012\012Input:\012\012  A = %H\012  shl = %H\012\012Output:\012\012  OUT = %H\012\012", v0xf15b00_0, v0xf15c00_0, v0xf15b80_0;
    %end;
    .thread T_1;
# The file index is used to find the file name in the following table.
:file_names 5;
    "N/A";
    "<interactive>";
    "Test_Lshift16_gen.v";
    "./Lshift16_gen.v";
    "./mux2to1.v";
