#! /usr/bin/vvp
:ivl_version "0.9.7 " "(v0_9_7)";
:vpi_time_precision + 0;
:vpi_module "system";
:vpi_module "v2005_math";
:vpi_module "va_math";
S_0xb9dfc0 .scope module, "InstMem_tb" "InstMem_tb" 2 3;
 .timescale 0 0;
v0xbdbeb0_0 .net "imReDat", 31 0, v0xbdbb40_0; 1 drivers
v0xbdbf50_0 .var "imReDat_addr", 9 0;
v0xbdc000_0 .var "imWrDat", 31 0;
v0xbdc0b0_0 .var "imWrDat_addr", 9 0;
v0xbdc190_0 .var "imWrite", 0 0;
S_0xb9e0b0 .scope module, "IM" "InstMem" 2 12, 3 1, S_0xb9dfc0;
 .timescale 0 0;
v0xba05a0 .array "IM", 1023 0, 31 0;
v0xbdbb40_0 .var "imReDat", 31 0;
v0xbdbbe0_0 .net "imReDat_addr", 9 0, v0xbdbf50_0; 1 drivers
v0xbdbc80_0 .net "imWrDat", 31 0, v0xbdc000_0; 1 drivers
v0xbdbd30_0 .net "imWrDat_addr", 9 0, v0xbdc0b0_0; 1 drivers
v0xbdbdd0_0 .net "imWrite", 0 0, v0xbdc190_0; 1 drivers
E_0xb7b2f0/0 .event edge, v0xbdbdd0_0, v0xbdbd30_0, v0xbdbc80_0, v0xbdbbe0_0;
v0xba05a0_0 .array/port v0xba05a0, 0;
v0xba05a0_1 .array/port v0xba05a0, 1;
v0xba05a0_2 .array/port v0xba05a0, 2;
v0xba05a0_3 .array/port v0xba05a0, 3;
E_0xb7b2f0/1 .event edge, v0xba05a0_0, v0xba05a0_1, v0xba05a0_2, v0xba05a0_3;
v0xba05a0_4 .array/port v0xba05a0, 4;
v0xba05a0_5 .array/port v0xba05a0, 5;
v0xba05a0_6 .array/port v0xba05a0, 6;
v0xba05a0_7 .array/port v0xba05a0, 7;
E_0xb7b2f0/2 .event edge, v0xba05a0_4, v0xba05a0_5, v0xba05a0_6, v0xba05a0_7;
v0xba05a0_8 .array/port v0xba05a0, 8;
v0xba05a0_9 .array/port v0xba05a0, 9;
v0xba05a0_10 .array/port v0xba05a0, 10;
v0xba05a0_11 .array/port v0xba05a0, 11;
E_0xb7b2f0/3 .event edge, v0xba05a0_8, v0xba05a0_9, v0xba05a0_10, v0xba05a0_11;
v0xba05a0_12 .array/port v0xba05a0, 12;
v0xba05a0_13 .array/port v0xba05a0, 13;
v0xba05a0_14 .array/port v0xba05a0, 14;
v0xba05a0_15 .array/port v0xba05a0, 15;
E_0xb7b2f0/4 .event edge, v0xba05a0_12, v0xba05a0_13, v0xba05a0_14, v0xba05a0_15;
v0xba05a0_16 .array/port v0xba05a0, 16;
v0xba05a0_17 .array/port v0xba05a0, 17;
v0xba05a0_18 .array/port v0xba05a0, 18;
v0xba05a0_19 .array/port v0xba05a0, 19;
E_0xb7b2f0/5 .event edge, v0xba05a0_16, v0xba05a0_17, v0xba05a0_18, v0xba05a0_19;
v0xba05a0_20 .array/port v0xba05a0, 20;
v0xba05a0_21 .array/port v0xba05a0, 21;
v0xba05a0_22 .array/port v0xba05a0, 22;
v0xba05a0_23 .array/port v0xba05a0, 23;
E_0xb7b2f0/6 .event edge, v0xba05a0_20, v0xba05a0_21, v0xba05a0_22, v0xba05a0_23;
v0xba05a0_24 .array/port v0xba05a0, 24;
v0xba05a0_25 .array/port v0xba05a0, 25;
v0xba05a0_26 .array/port v0xba05a0, 26;
v0xba05a0_27 .array/port v0xba05a0, 27;
E_0xb7b2f0/7 .event edge, v0xba05a0_24, v0xba05a0_25, v0xba05a0_26, v0xba05a0_27;
v0xba05a0_28 .array/port v0xba05a0, 28;
v0xba05a0_29 .array/port v0xba05a0, 29;
v0xba05a0_30 .array/port v0xba05a0, 30;
v0xba05a0_31 .array/port v0xba05a0, 31;
E_0xb7b2f0/8 .event edge, v0xba05a0_28, v0xba05a0_29, v0xba05a0_30, v0xba05a0_31;
v0xba05a0_32 .array/port v0xba05a0, 32;
v0xba05a0_33 .array/port v0xba05a0, 33;
v0xba05a0_34 .array/port v0xba05a0, 34;
v0xba05a0_35 .array/port v0xba05a0, 35;
E_0xb7b2f0/9 .event edge, v0xba05a0_32, v0xba05a0_33, v0xba05a0_34, v0xba05a0_35;
v0xba05a0_36 .array/port v0xba05a0, 36;
v0xba05a0_37 .array/port v0xba05a0, 37;
v0xba05a0_38 .array/port v0xba05a0, 38;
v0xba05a0_39 .array/port v0xba05a0, 39;
E_0xb7b2f0/10 .event edge, v0xba05a0_36, v0xba05a0_37, v0xba05a0_38, v0xba05a0_39;
v0xba05a0_40 .array/port v0xba05a0, 40;
v0xba05a0_41 .array/port v0xba05a0, 41;
v0xba05a0_42 .array/port v0xba05a0, 42;
v0xba05a0_43 .array/port v0xba05a0, 43;
E_0xb7b2f0/11 .event edge, v0xba05a0_40, v0xba05a0_41, v0xba05a0_42, v0xba05a0_43;
v0xba05a0_44 .array/port v0xba05a0, 44;
v0xba05a0_45 .array/port v0xba05a0, 45;
v0xba05a0_46 .array/port v0xba05a0, 46;
v0xba05a0_47 .array/port v0xba05a0, 47;
E_0xb7b2f0/12 .event edge, v0xba05a0_44, v0xba05a0_45, v0xba05a0_46, v0xba05a0_47;
v0xba05a0_48 .array/port v0xba05a0, 48;
v0xba05a0_49 .array/port v0xba05a0, 49;
v0xba05a0_50 .array/port v0xba05a0, 50;
v0xba05a0_51 .array/port v0xba05a0, 51;
E_0xb7b2f0/13 .event edge, v0xba05a0_48, v0xba05a0_49, v0xba05a0_50, v0xba05a0_51;
v0xba05a0_52 .array/port v0xba05a0, 52;
v0xba05a0_53 .array/port v0xba05a0, 53;
v0xba05a0_54 .array/port v0xba05a0, 54;
v0xba05a0_55 .array/port v0xba05a0, 55;
E_0xb7b2f0/14 .event edge, v0xba05a0_52, v0xba05a0_53, v0xba05a0_54, v0xba05a0_55;
v0xba05a0_56 .array/port v0xba05a0, 56;
v0xba05a0_57 .array/port v0xba05a0, 57;
v0xba05a0_58 .array/port v0xba05a0, 58;
v0xba05a0_59 .array/port v0xba05a0, 59;
E_0xb7b2f0/15 .event edge, v0xba05a0_56, v0xba05a0_57, v0xba05a0_58, v0xba05a0_59;
v0xba05a0_60 .array/port v0xba05a0, 60;
v0xba05a0_61 .array/port v0xba05a0, 61;
v0xba05a0_62 .array/port v0xba05a0, 62;
v0xba05a0_63 .array/port v0xba05a0, 63;
E_0xb7b2f0/16 .event edge, v0xba05a0_60, v0xba05a0_61, v0xba05a0_62, v0xba05a0_63;
v0xba05a0_64 .array/port v0xba05a0, 64;
v0xba05a0_65 .array/port v0xba05a0, 65;
v0xba05a0_66 .array/port v0xba05a0, 66;
v0xba05a0_67 .array/port v0xba05a0, 67;
E_0xb7b2f0/17 .event edge, v0xba05a0_64, v0xba05a0_65, v0xba05a0_66, v0xba05a0_67;
v0xba05a0_68 .array/port v0xba05a0, 68;
v0xba05a0_69 .array/port v0xba05a0, 69;
v0xba05a0_70 .array/port v0xba05a0, 70;
v0xba05a0_71 .array/port v0xba05a0, 71;
E_0xb7b2f0/18 .event edge, v0xba05a0_68, v0xba05a0_69, v0xba05a0_70, v0xba05a0_71;
v0xba05a0_72 .array/port v0xba05a0, 72;
v0xba05a0_73 .array/port v0xba05a0, 73;
v0xba05a0_74 .array/port v0xba05a0, 74;
v0xba05a0_75 .array/port v0xba05a0, 75;
E_0xb7b2f0/19 .event edge, v0xba05a0_72, v0xba05a0_73, v0xba05a0_74, v0xba05a0_75;
v0xba05a0_76 .array/port v0xba05a0, 76;
v0xba05a0_77 .array/port v0xba05a0, 77;
v0xba05a0_78 .array/port v0xba05a0, 78;
v0xba05a0_79 .array/port v0xba05a0, 79;
E_0xb7b2f0/20 .event edge, v0xba05a0_76, v0xba05a0_77, v0xba05a0_78, v0xba05a0_79;
v0xba05a0_80 .array/port v0xba05a0, 80;
v0xba05a0_81 .array/port v0xba05a0, 81;
v0xba05a0_82 .array/port v0xba05a0, 82;
v0xba05a0_83 .array/port v0xba05a0, 83;
E_0xb7b2f0/21 .event edge, v0xba05a0_80, v0xba05a0_81, v0xba05a0_82, v0xba05a0_83;
v0xba05a0_84 .array/port v0xba05a0, 84;
v0xba05a0_85 .array/port v0xba05a0, 85;
v0xba05a0_86 .array/port v0xba05a0, 86;
v0xba05a0_87 .array/port v0xba05a0, 87;
E_0xb7b2f0/22 .event edge, v0xba05a0_84, v0xba05a0_85, v0xba05a0_86, v0xba05a0_87;
v0xba05a0_88 .array/port v0xba05a0, 88;
v0xba05a0_89 .array/port v0xba05a0, 89;
v0xba05a0_90 .array/port v0xba05a0, 90;
v0xba05a0_91 .array/port v0xba05a0, 91;
E_0xb7b2f0/23 .event edge, v0xba05a0_88, v0xba05a0_89, v0xba05a0_90, v0xba05a0_91;
v0xba05a0_92 .array/port v0xba05a0, 92;
v0xba05a0_93 .array/port v0xba05a0, 93;
v0xba05a0_94 .array/port v0xba05a0, 94;
v0xba05a0_95 .array/port v0xba05a0, 95;
E_0xb7b2f0/24 .event edge, v0xba05a0_92, v0xba05a0_93, v0xba05a0_94, v0xba05a0_95;
v0xba05a0_96 .array/port v0xba05a0, 96;
v0xba05a0_97 .array/port v0xba05a0, 97;
v0xba05a0_98 .array/port v0xba05a0, 98;
v0xba05a0_99 .array/port v0xba05a0, 99;
E_0xb7b2f0/25 .event edge, v0xba05a0_96, v0xba05a0_97, v0xba05a0_98, v0xba05a0_99;
v0xba05a0_100 .array/port v0xba05a0, 100;
v0xba05a0_101 .array/port v0xba05a0, 101;
v0xba05a0_102 .array/port v0xba05a0, 102;
v0xba05a0_103 .array/port v0xba05a0, 103;
E_0xb7b2f0/26 .event edge, v0xba05a0_100, v0xba05a0_101, v0xba05a0_102, v0xba05a0_103;
v0xba05a0_104 .array/port v0xba05a0, 104;
v0xba05a0_105 .array/port v0xba05a0, 105;
v0xba05a0_106 .array/port v0xba05a0, 106;
v0xba05a0_107 .array/port v0xba05a0, 107;
E_0xb7b2f0/27 .event edge, v0xba05a0_104, v0xba05a0_105, v0xba05a0_106, v0xba05a0_107;
v0xba05a0_108 .array/port v0xba05a0, 108;
v0xba05a0_109 .array/port v0xba05a0, 109;
v0xba05a0_110 .array/port v0xba05a0, 110;
v0xba05a0_111 .array/port v0xba05a0, 111;
E_0xb7b2f0/28 .event edge, v0xba05a0_108, v0xba05a0_109, v0xba05a0_110, v0xba05a0_111;
v0xba05a0_112 .array/port v0xba05a0, 112;
v0xba05a0_113 .array/port v0xba05a0, 113;
v0xba05a0_114 .array/port v0xba05a0, 114;
v0xba05a0_115 .array/port v0xba05a0, 115;
E_0xb7b2f0/29 .event edge, v0xba05a0_112, v0xba05a0_113, v0xba05a0_114, v0xba05a0_115;
v0xba05a0_116 .array/port v0xba05a0, 116;
v0xba05a0_117 .array/port v0xba05a0, 117;
v0xba05a0_118 .array/port v0xba05a0, 118;
v0xba05a0_119 .array/port v0xba05a0, 119;
E_0xb7b2f0/30 .event edge, v0xba05a0_116, v0xba05a0_117, v0xba05a0_118, v0xba05a0_119;
v0xba05a0_120 .array/port v0xba05a0, 120;
v0xba05a0_121 .array/port v0xba05a0, 121;
v0xba05a0_122 .array/port v0xba05a0, 122;
v0xba05a0_123 .array/port v0xba05a0, 123;
E_0xb7b2f0/31 .event edge, v0xba05a0_120, v0xba05a0_121, v0xba05a0_122, v0xba05a0_123;
v0xba05a0_124 .array/port v0xba05a0, 124;
v0xba05a0_125 .array/port v0xba05a0, 125;
v0xba05a0_126 .array/port v0xba05a0, 126;
v0xba05a0_127 .array/port v0xba05a0, 127;
E_0xb7b2f0/32 .event edge, v0xba05a0_124, v0xba05a0_125, v0xba05a0_126, v0xba05a0_127;
v0xba05a0_128 .array/port v0xba05a0, 128;
v0xba05a0_129 .array/port v0xba05a0, 129;
v0xba05a0_130 .array/port v0xba05a0, 130;
v0xba05a0_131 .array/port v0xba05a0, 131;
E_0xb7b2f0/33 .event edge, v0xba05a0_128, v0xba05a0_129, v0xba05a0_130, v0xba05a0_131;
v0xba05a0_132 .array/port v0xba05a0, 132;
v0xba05a0_133 .array/port v0xba05a0, 133;
v0xba05a0_134 .array/port v0xba05a0, 134;
v0xba05a0_135 .array/port v0xba05a0, 135;
E_0xb7b2f0/34 .event edge, v0xba05a0_132, v0xba05a0_133, v0xba05a0_134, v0xba05a0_135;
v0xba05a0_136 .array/port v0xba05a0, 136;
v0xba05a0_137 .array/port v0xba05a0, 137;
v0xba05a0_138 .array/port v0xba05a0, 138;
v0xba05a0_139 .array/port v0xba05a0, 139;
E_0xb7b2f0/35 .event edge, v0xba05a0_136, v0xba05a0_137, v0xba05a0_138, v0xba05a0_139;
v0xba05a0_140 .array/port v0xba05a0, 140;
v0xba05a0_141 .array/port v0xba05a0, 141;
v0xba05a0_142 .array/port v0xba05a0, 142;
v0xba05a0_143 .array/port v0xba05a0, 143;
E_0xb7b2f0/36 .event edge, v0xba05a0_140, v0xba05a0_141, v0xba05a0_142, v0xba05a0_143;
v0xba05a0_144 .array/port v0xba05a0, 144;
v0xba05a0_145 .array/port v0xba05a0, 145;
v0xba05a0_146 .array/port v0xba05a0, 146;
v0xba05a0_147 .array/port v0xba05a0, 147;
E_0xb7b2f0/37 .event edge, v0xba05a0_144, v0xba05a0_145, v0xba05a0_146, v0xba05a0_147;
v0xba05a0_148 .array/port v0xba05a0, 148;
v0xba05a0_149 .array/port v0xba05a0, 149;
v0xba05a0_150 .array/port v0xba05a0, 150;
v0xba05a0_151 .array/port v0xba05a0, 151;
E_0xb7b2f0/38 .event edge, v0xba05a0_148, v0xba05a0_149, v0xba05a0_150, v0xba05a0_151;
v0xba05a0_152 .array/port v0xba05a0, 152;
v0xba05a0_153 .array/port v0xba05a0, 153;
v0xba05a0_154 .array/port v0xba05a0, 154;
v0xba05a0_155 .array/port v0xba05a0, 155;
E_0xb7b2f0/39 .event edge, v0xba05a0_152, v0xba05a0_153, v0xba05a0_154, v0xba05a0_155;
v0xba05a0_156 .array/port v0xba05a0, 156;
v0xba05a0_157 .array/port v0xba05a0, 157;
v0xba05a0_158 .array/port v0xba05a0, 158;
v0xba05a0_159 .array/port v0xba05a0, 159;
E_0xb7b2f0/40 .event edge, v0xba05a0_156, v0xba05a0_157, v0xba05a0_158, v0xba05a0_159;
v0xba05a0_160 .array/port v0xba05a0, 160;
v0xba05a0_161 .array/port v0xba05a0, 161;
v0xba05a0_162 .array/port v0xba05a0, 162;
v0xba05a0_163 .array/port v0xba05a0, 163;
E_0xb7b2f0/41 .event edge, v0xba05a0_160, v0xba05a0_161, v0xba05a0_162, v0xba05a0_163;
v0xba05a0_164 .array/port v0xba05a0, 164;
v0xba05a0_165 .array/port v0xba05a0, 165;
v0xba05a0_166 .array/port v0xba05a0, 166;
v0xba05a0_167 .array/port v0xba05a0, 167;
E_0xb7b2f0/42 .event edge, v0xba05a0_164, v0xba05a0_165, v0xba05a0_166, v0xba05a0_167;
v0xba05a0_168 .array/port v0xba05a0, 168;
v0xba05a0_169 .array/port v0xba05a0, 169;
v0xba05a0_170 .array/port v0xba05a0, 170;
v0xba05a0_171 .array/port v0xba05a0, 171;
E_0xb7b2f0/43 .event edge, v0xba05a0_168, v0xba05a0_169, v0xba05a0_170, v0xba05a0_171;
v0xba05a0_172 .array/port v0xba05a0, 172;
v0xba05a0_173 .array/port v0xba05a0, 173;
v0xba05a0_174 .array/port v0xba05a0, 174;
v0xba05a0_175 .array/port v0xba05a0, 175;
E_0xb7b2f0/44 .event edge, v0xba05a0_172, v0xba05a0_173, v0xba05a0_174, v0xba05a0_175;
v0xba05a0_176 .array/port v0xba05a0, 176;
v0xba05a0_177 .array/port v0xba05a0, 177;
v0xba05a0_178 .array/port v0xba05a0, 178;
v0xba05a0_179 .array/port v0xba05a0, 179;
E_0xb7b2f0/45 .event edge, v0xba05a0_176, v0xba05a0_177, v0xba05a0_178, v0xba05a0_179;
v0xba05a0_180 .array/port v0xba05a0, 180;
v0xba05a0_181 .array/port v0xba05a0, 181;
v0xba05a0_182 .array/port v0xba05a0, 182;
v0xba05a0_183 .array/port v0xba05a0, 183;
E_0xb7b2f0/46 .event edge, v0xba05a0_180, v0xba05a0_181, v0xba05a0_182, v0xba05a0_183;
v0xba05a0_184 .array/port v0xba05a0, 184;
v0xba05a0_185 .array/port v0xba05a0, 185;
v0xba05a0_186 .array/port v0xba05a0, 186;
v0xba05a0_187 .array/port v0xba05a0, 187;
E_0xb7b2f0/47 .event edge, v0xba05a0_184, v0xba05a0_185, v0xba05a0_186, v0xba05a0_187;
v0xba05a0_188 .array/port v0xba05a0, 188;
v0xba05a0_189 .array/port v0xba05a0, 189;
v0xba05a0_190 .array/port v0xba05a0, 190;
v0xba05a0_191 .array/port v0xba05a0, 191;
E_0xb7b2f0/48 .event edge, v0xba05a0_188, v0xba05a0_189, v0xba05a0_190, v0xba05a0_191;
v0xba05a0_192 .array/port v0xba05a0, 192;
v0xba05a0_193 .array/port v0xba05a0, 193;
v0xba05a0_194 .array/port v0xba05a0, 194;
v0xba05a0_195 .array/port v0xba05a0, 195;
E_0xb7b2f0/49 .event edge, v0xba05a0_192, v0xba05a0_193, v0xba05a0_194, v0xba05a0_195;
v0xba05a0_196 .array/port v0xba05a0, 196;
v0xba05a0_197 .array/port v0xba05a0, 197;
v0xba05a0_198 .array/port v0xba05a0, 198;
v0xba05a0_199 .array/port v0xba05a0, 199;
E_0xb7b2f0/50 .event edge, v0xba05a0_196, v0xba05a0_197, v0xba05a0_198, v0xba05a0_199;
v0xba05a0_200 .array/port v0xba05a0, 200;
v0xba05a0_201 .array/port v0xba05a0, 201;
v0xba05a0_202 .array/port v0xba05a0, 202;
v0xba05a0_203 .array/port v0xba05a0, 203;
E_0xb7b2f0/51 .event edge, v0xba05a0_200, v0xba05a0_201, v0xba05a0_202, v0xba05a0_203;
v0xba05a0_204 .array/port v0xba05a0, 204;
v0xba05a0_205 .array/port v0xba05a0, 205;
v0xba05a0_206 .array/port v0xba05a0, 206;
v0xba05a0_207 .array/port v0xba05a0, 207;
E_0xb7b2f0/52 .event edge, v0xba05a0_204, v0xba05a0_205, v0xba05a0_206, v0xba05a0_207;
v0xba05a0_208 .array/port v0xba05a0, 208;
v0xba05a0_209 .array/port v0xba05a0, 209;
v0xba05a0_210 .array/port v0xba05a0, 210;
v0xba05a0_211 .array/port v0xba05a0, 211;
E_0xb7b2f0/53 .event edge, v0xba05a0_208, v0xba05a0_209, v0xba05a0_210, v0xba05a0_211;
v0xba05a0_212 .array/port v0xba05a0, 212;
v0xba05a0_213 .array/port v0xba05a0, 213;
v0xba05a0_214 .array/port v0xba05a0, 214;
v0xba05a0_215 .array/port v0xba05a0, 215;
E_0xb7b2f0/54 .event edge, v0xba05a0_212, v0xba05a0_213, v0xba05a0_214, v0xba05a0_215;
v0xba05a0_216 .array/port v0xba05a0, 216;
v0xba05a0_217 .array/port v0xba05a0, 217;
v0xba05a0_218 .array/port v0xba05a0, 218;
v0xba05a0_219 .array/port v0xba05a0, 219;
E_0xb7b2f0/55 .event edge, v0xba05a0_216, v0xba05a0_217, v0xba05a0_218, v0xba05a0_219;
v0xba05a0_220 .array/port v0xba05a0, 220;
v0xba05a0_221 .array/port v0xba05a0, 221;
v0xba05a0_222 .array/port v0xba05a0, 222;
v0xba05a0_223 .array/port v0xba05a0, 223;
E_0xb7b2f0/56 .event edge, v0xba05a0_220, v0xba05a0_221, v0xba05a0_222, v0xba05a0_223;
v0xba05a0_224 .array/port v0xba05a0, 224;
v0xba05a0_225 .array/port v0xba05a0, 225;
v0xba05a0_226 .array/port v0xba05a0, 226;
v0xba05a0_227 .array/port v0xba05a0, 227;
E_0xb7b2f0/57 .event edge, v0xba05a0_224, v0xba05a0_225, v0xba05a0_226, v0xba05a0_227;
v0xba05a0_228 .array/port v0xba05a0, 228;
v0xba05a0_229 .array/port v0xba05a0, 229;
v0xba05a0_230 .array/port v0xba05a0, 230;
v0xba05a0_231 .array/port v0xba05a0, 231;
E_0xb7b2f0/58 .event edge, v0xba05a0_228, v0xba05a0_229, v0xba05a0_230, v0xba05a0_231;
v0xba05a0_232 .array/port v0xba05a0, 232;
v0xba05a0_233 .array/port v0xba05a0, 233;
v0xba05a0_234 .array/port v0xba05a0, 234;
v0xba05a0_235 .array/port v0xba05a0, 235;
E_0xb7b2f0/59 .event edge, v0xba05a0_232, v0xba05a0_233, v0xba05a0_234, v0xba05a0_235;
v0xba05a0_236 .array/port v0xba05a0, 236;
v0xba05a0_237 .array/port v0xba05a0, 237;
v0xba05a0_238 .array/port v0xba05a0, 238;
v0xba05a0_239 .array/port v0xba05a0, 239;
E_0xb7b2f0/60 .event edge, v0xba05a0_236, v0xba05a0_237, v0xba05a0_238, v0xba05a0_239;
v0xba05a0_240 .array/port v0xba05a0, 240;
v0xba05a0_241 .array/port v0xba05a0, 241;
v0xba05a0_242 .array/port v0xba05a0, 242;
v0xba05a0_243 .array/port v0xba05a0, 243;
E_0xb7b2f0/61 .event edge, v0xba05a0_240, v0xba05a0_241, v0xba05a0_242, v0xba05a0_243;
v0xba05a0_244 .array/port v0xba05a0, 244;
v0xba05a0_245 .array/port v0xba05a0, 245;
v0xba05a0_246 .array/port v0xba05a0, 246;
v0xba05a0_247 .array/port v0xba05a0, 247;
E_0xb7b2f0/62 .event edge, v0xba05a0_244, v0xba05a0_245, v0xba05a0_246, v0xba05a0_247;
v0xba05a0_248 .array/port v0xba05a0, 248;
v0xba05a0_249 .array/port v0xba05a0, 249;
v0xba05a0_250 .array/port v0xba05a0, 250;
v0xba05a0_251 .array/port v0xba05a0, 251;
E_0xb7b2f0/63 .event edge, v0xba05a0_248, v0xba05a0_249, v0xba05a0_250, v0xba05a0_251;
v0xba05a0_252 .array/port v0xba05a0, 252;
v0xba05a0_253 .array/port v0xba05a0, 253;
v0xba05a0_254 .array/port v0xba05a0, 254;
v0xba05a0_255 .array/port v0xba05a0, 255;
E_0xb7b2f0/64 .event edge, v0xba05a0_252, v0xba05a0_253, v0xba05a0_254, v0xba05a0_255;
v0xba05a0_256 .array/port v0xba05a0, 256;
v0xba05a0_257 .array/port v0xba05a0, 257;
v0xba05a0_258 .array/port v0xba05a0, 258;
v0xba05a0_259 .array/port v0xba05a0, 259;
E_0xb7b2f0/65 .event edge, v0xba05a0_256, v0xba05a0_257, v0xba05a0_258, v0xba05a0_259;
v0xba05a0_260 .array/port v0xba05a0, 260;
v0xba05a0_261 .array/port v0xba05a0, 261;
v0xba05a0_262 .array/port v0xba05a0, 262;
v0xba05a0_263 .array/port v0xba05a0, 263;
E_0xb7b2f0/66 .event edge, v0xba05a0_260, v0xba05a0_261, v0xba05a0_262, v0xba05a0_263;
v0xba05a0_264 .array/port v0xba05a0, 264;
v0xba05a0_265 .array/port v0xba05a0, 265;
v0xba05a0_266 .array/port v0xba05a0, 266;
v0xba05a0_267 .array/port v0xba05a0, 267;
E_0xb7b2f0/67 .event edge, v0xba05a0_264, v0xba05a0_265, v0xba05a0_266, v0xba05a0_267;
v0xba05a0_268 .array/port v0xba05a0, 268;
v0xba05a0_269 .array/port v0xba05a0, 269;
v0xba05a0_270 .array/port v0xba05a0, 270;
v0xba05a0_271 .array/port v0xba05a0, 271;
E_0xb7b2f0/68 .event edge, v0xba05a0_268, v0xba05a0_269, v0xba05a0_270, v0xba05a0_271;
v0xba05a0_272 .array/port v0xba05a0, 272;
v0xba05a0_273 .array/port v0xba05a0, 273;
v0xba05a0_274 .array/port v0xba05a0, 274;
v0xba05a0_275 .array/port v0xba05a0, 275;
E_0xb7b2f0/69 .event edge, v0xba05a0_272, v0xba05a0_273, v0xba05a0_274, v0xba05a0_275;
v0xba05a0_276 .array/port v0xba05a0, 276;
v0xba05a0_277 .array/port v0xba05a0, 277;
v0xba05a0_278 .array/port v0xba05a0, 278;
v0xba05a0_279 .array/port v0xba05a0, 279;
E_0xb7b2f0/70 .event edge, v0xba05a0_276, v0xba05a0_277, v0xba05a0_278, v0xba05a0_279;
v0xba05a0_280 .array/port v0xba05a0, 280;
v0xba05a0_281 .array/port v0xba05a0, 281;
v0xba05a0_282 .array/port v0xba05a0, 282;
v0xba05a0_283 .array/port v0xba05a0, 283;
E_0xb7b2f0/71 .event edge, v0xba05a0_280, v0xba05a0_281, v0xba05a0_282, v0xba05a0_283;
v0xba05a0_284 .array/port v0xba05a0, 284;
v0xba05a0_285 .array/port v0xba05a0, 285;
v0xba05a0_286 .array/port v0xba05a0, 286;
v0xba05a0_287 .array/port v0xba05a0, 287;
E_0xb7b2f0/72 .event edge, v0xba05a0_284, v0xba05a0_285, v0xba05a0_286, v0xba05a0_287;
v0xba05a0_288 .array/port v0xba05a0, 288;
v0xba05a0_289 .array/port v0xba05a0, 289;
v0xba05a0_290 .array/port v0xba05a0, 290;
v0xba05a0_291 .array/port v0xba05a0, 291;
E_0xb7b2f0/73 .event edge, v0xba05a0_288, v0xba05a0_289, v0xba05a0_290, v0xba05a0_291;
v0xba05a0_292 .array/port v0xba05a0, 292;
v0xba05a0_293 .array/port v0xba05a0, 293;
v0xba05a0_294 .array/port v0xba05a0, 294;
v0xba05a0_295 .array/port v0xba05a0, 295;
E_0xb7b2f0/74 .event edge, v0xba05a0_292, v0xba05a0_293, v0xba05a0_294, v0xba05a0_295;
v0xba05a0_296 .array/port v0xba05a0, 296;
v0xba05a0_297 .array/port v0xba05a0, 297;
v0xba05a0_298 .array/port v0xba05a0, 298;
v0xba05a0_299 .array/port v0xba05a0, 299;
E_0xb7b2f0/75 .event edge, v0xba05a0_296, v0xba05a0_297, v0xba05a0_298, v0xba05a0_299;
v0xba05a0_300 .array/port v0xba05a0, 300;
v0xba05a0_301 .array/port v0xba05a0, 301;
v0xba05a0_302 .array/port v0xba05a0, 302;
v0xba05a0_303 .array/port v0xba05a0, 303;
E_0xb7b2f0/76 .event edge, v0xba05a0_300, v0xba05a0_301, v0xba05a0_302, v0xba05a0_303;
v0xba05a0_304 .array/port v0xba05a0, 304;
v0xba05a0_305 .array/port v0xba05a0, 305;
v0xba05a0_306 .array/port v0xba05a0, 306;
v0xba05a0_307 .array/port v0xba05a0, 307;
E_0xb7b2f0/77 .event edge, v0xba05a0_304, v0xba05a0_305, v0xba05a0_306, v0xba05a0_307;
v0xba05a0_308 .array/port v0xba05a0, 308;
v0xba05a0_309 .array/port v0xba05a0, 309;
v0xba05a0_310 .array/port v0xba05a0, 310;
v0xba05a0_311 .array/port v0xba05a0, 311;
E_0xb7b2f0/78 .event edge, v0xba05a0_308, v0xba05a0_309, v0xba05a0_310, v0xba05a0_311;
v0xba05a0_312 .array/port v0xba05a0, 312;
v0xba05a0_313 .array/port v0xba05a0, 313;
v0xba05a0_314 .array/port v0xba05a0, 314;
v0xba05a0_315 .array/port v0xba05a0, 315;
E_0xb7b2f0/79 .event edge, v0xba05a0_312, v0xba05a0_313, v0xba05a0_314, v0xba05a0_315;
v0xba05a0_316 .array/port v0xba05a0, 316;
v0xba05a0_317 .array/port v0xba05a0, 317;
v0xba05a0_318 .array/port v0xba05a0, 318;
v0xba05a0_319 .array/port v0xba05a0, 319;
E_0xb7b2f0/80 .event edge, v0xba05a0_316, v0xba05a0_317, v0xba05a0_318, v0xba05a0_319;
v0xba05a0_320 .array/port v0xba05a0, 320;
v0xba05a0_321 .array/port v0xba05a0, 321;
v0xba05a0_322 .array/port v0xba05a0, 322;
v0xba05a0_323 .array/port v0xba05a0, 323;
E_0xb7b2f0/81 .event edge, v0xba05a0_320, v0xba05a0_321, v0xba05a0_322, v0xba05a0_323;
v0xba05a0_324 .array/port v0xba05a0, 324;
v0xba05a0_325 .array/port v0xba05a0, 325;
v0xba05a0_326 .array/port v0xba05a0, 326;
v0xba05a0_327 .array/port v0xba05a0, 327;
E_0xb7b2f0/82 .event edge, v0xba05a0_324, v0xba05a0_325, v0xba05a0_326, v0xba05a0_327;
v0xba05a0_328 .array/port v0xba05a0, 328;
v0xba05a0_329 .array/port v0xba05a0, 329;
v0xba05a0_330 .array/port v0xba05a0, 330;
v0xba05a0_331 .array/port v0xba05a0, 331;
E_0xb7b2f0/83 .event edge, v0xba05a0_328, v0xba05a0_329, v0xba05a0_330, v0xba05a0_331;
v0xba05a0_332 .array/port v0xba05a0, 332;
v0xba05a0_333 .array/port v0xba05a0, 333;
v0xba05a0_334 .array/port v0xba05a0, 334;
v0xba05a0_335 .array/port v0xba05a0, 335;
E_0xb7b2f0/84 .event edge, v0xba05a0_332, v0xba05a0_333, v0xba05a0_334, v0xba05a0_335;
v0xba05a0_336 .array/port v0xba05a0, 336;
v0xba05a0_337 .array/port v0xba05a0, 337;
v0xba05a0_338 .array/port v0xba05a0, 338;
v0xba05a0_339 .array/port v0xba05a0, 339;
E_0xb7b2f0/85 .event edge, v0xba05a0_336, v0xba05a0_337, v0xba05a0_338, v0xba05a0_339;
v0xba05a0_340 .array/port v0xba05a0, 340;
v0xba05a0_341 .array/port v0xba05a0, 341;
v0xba05a0_342 .array/port v0xba05a0, 342;
v0xba05a0_343 .array/port v0xba05a0, 343;
E_0xb7b2f0/86 .event edge, v0xba05a0_340, v0xba05a0_341, v0xba05a0_342, v0xba05a0_343;
v0xba05a0_344 .array/port v0xba05a0, 344;
v0xba05a0_345 .array/port v0xba05a0, 345;
v0xba05a0_346 .array/port v0xba05a0, 346;
v0xba05a0_347 .array/port v0xba05a0, 347;
E_0xb7b2f0/87 .event edge, v0xba05a0_344, v0xba05a0_345, v0xba05a0_346, v0xba05a0_347;
v0xba05a0_348 .array/port v0xba05a0, 348;
v0xba05a0_349 .array/port v0xba05a0, 349;
v0xba05a0_350 .array/port v0xba05a0, 350;
v0xba05a0_351 .array/port v0xba05a0, 351;
E_0xb7b2f0/88 .event edge, v0xba05a0_348, v0xba05a0_349, v0xba05a0_350, v0xba05a0_351;
v0xba05a0_352 .array/port v0xba05a0, 352;
v0xba05a0_353 .array/port v0xba05a0, 353;
v0xba05a0_354 .array/port v0xba05a0, 354;
v0xba05a0_355 .array/port v0xba05a0, 355;
E_0xb7b2f0/89 .event edge, v0xba05a0_352, v0xba05a0_353, v0xba05a0_354, v0xba05a0_355;
v0xba05a0_356 .array/port v0xba05a0, 356;
v0xba05a0_357 .array/port v0xba05a0, 357;
v0xba05a0_358 .array/port v0xba05a0, 358;
v0xba05a0_359 .array/port v0xba05a0, 359;
E_0xb7b2f0/90 .event edge, v0xba05a0_356, v0xba05a0_357, v0xba05a0_358, v0xba05a0_359;
v0xba05a0_360 .array/port v0xba05a0, 360;
v0xba05a0_361 .array/port v0xba05a0, 361;
v0xba05a0_362 .array/port v0xba05a0, 362;
v0xba05a0_363 .array/port v0xba05a0, 363;
E_0xb7b2f0/91 .event edge, v0xba05a0_360, v0xba05a0_361, v0xba05a0_362, v0xba05a0_363;
v0xba05a0_364 .array/port v0xba05a0, 364;
v0xba05a0_365 .array/port v0xba05a0, 365;
v0xba05a0_366 .array/port v0xba05a0, 366;
v0xba05a0_367 .array/port v0xba05a0, 367;
E_0xb7b2f0/92 .event edge, v0xba05a0_364, v0xba05a0_365, v0xba05a0_366, v0xba05a0_367;
v0xba05a0_368 .array/port v0xba05a0, 368;
v0xba05a0_369 .array/port v0xba05a0, 369;
v0xba05a0_370 .array/port v0xba05a0, 370;
v0xba05a0_371 .array/port v0xba05a0, 371;
E_0xb7b2f0/93 .event edge, v0xba05a0_368, v0xba05a0_369, v0xba05a0_370, v0xba05a0_371;
v0xba05a0_372 .array/port v0xba05a0, 372;
v0xba05a0_373 .array/port v0xba05a0, 373;
v0xba05a0_374 .array/port v0xba05a0, 374;
v0xba05a0_375 .array/port v0xba05a0, 375;
E_0xb7b2f0/94 .event edge, v0xba05a0_372, v0xba05a0_373, v0xba05a0_374, v0xba05a0_375;
v0xba05a0_376 .array/port v0xba05a0, 376;
v0xba05a0_377 .array/port v0xba05a0, 377;
v0xba05a0_378 .array/port v0xba05a0, 378;
v0xba05a0_379 .array/port v0xba05a0, 379;
E_0xb7b2f0/95 .event edge, v0xba05a0_376, v0xba05a0_377, v0xba05a0_378, v0xba05a0_379;
v0xba05a0_380 .array/port v0xba05a0, 380;
v0xba05a0_381 .array/port v0xba05a0, 381;
v0xba05a0_382 .array/port v0xba05a0, 382;
v0xba05a0_383 .array/port v0xba05a0, 383;
E_0xb7b2f0/96 .event edge, v0xba05a0_380, v0xba05a0_381, v0xba05a0_382, v0xba05a0_383;
v0xba05a0_384 .array/port v0xba05a0, 384;
v0xba05a0_385 .array/port v0xba05a0, 385;
v0xba05a0_386 .array/port v0xba05a0, 386;
v0xba05a0_387 .array/port v0xba05a0, 387;
E_0xb7b2f0/97 .event edge, v0xba05a0_384, v0xba05a0_385, v0xba05a0_386, v0xba05a0_387;
v0xba05a0_388 .array/port v0xba05a0, 388;
v0xba05a0_389 .array/port v0xba05a0, 389;
v0xba05a0_390 .array/port v0xba05a0, 390;
v0xba05a0_391 .array/port v0xba05a0, 391;
E_0xb7b2f0/98 .event edge, v0xba05a0_388, v0xba05a0_389, v0xba05a0_390, v0xba05a0_391;
v0xba05a0_392 .array/port v0xba05a0, 392;
v0xba05a0_393 .array/port v0xba05a0, 393;
v0xba05a0_394 .array/port v0xba05a0, 394;
v0xba05a0_395 .array/port v0xba05a0, 395;
E_0xb7b2f0/99 .event edge, v0xba05a0_392, v0xba05a0_393, v0xba05a0_394, v0xba05a0_395;
v0xba05a0_396 .array/port v0xba05a0, 396;
v0xba05a0_397 .array/port v0xba05a0, 397;
v0xba05a0_398 .array/port v0xba05a0, 398;
v0xba05a0_399 .array/port v0xba05a0, 399;
E_0xb7b2f0/100 .event edge, v0xba05a0_396, v0xba05a0_397, v0xba05a0_398, v0xba05a0_399;
v0xba05a0_400 .array/port v0xba05a0, 400;
v0xba05a0_401 .array/port v0xba05a0, 401;
v0xba05a0_402 .array/port v0xba05a0, 402;
v0xba05a0_403 .array/port v0xba05a0, 403;
E_0xb7b2f0/101 .event edge, v0xba05a0_400, v0xba05a0_401, v0xba05a0_402, v0xba05a0_403;
v0xba05a0_404 .array/port v0xba05a0, 404;
v0xba05a0_405 .array/port v0xba05a0, 405;
v0xba05a0_406 .array/port v0xba05a0, 406;
v0xba05a0_407 .array/port v0xba05a0, 407;
E_0xb7b2f0/102 .event edge, v0xba05a0_404, v0xba05a0_405, v0xba05a0_406, v0xba05a0_407;
v0xba05a0_408 .array/port v0xba05a0, 408;
v0xba05a0_409 .array/port v0xba05a0, 409;
v0xba05a0_410 .array/port v0xba05a0, 410;
v0xba05a0_411 .array/port v0xba05a0, 411;
E_0xb7b2f0/103 .event edge, v0xba05a0_408, v0xba05a0_409, v0xba05a0_410, v0xba05a0_411;
v0xba05a0_412 .array/port v0xba05a0, 412;
v0xba05a0_413 .array/port v0xba05a0, 413;
v0xba05a0_414 .array/port v0xba05a0, 414;
v0xba05a0_415 .array/port v0xba05a0, 415;
E_0xb7b2f0/104 .event edge, v0xba05a0_412, v0xba05a0_413, v0xba05a0_414, v0xba05a0_415;
v0xba05a0_416 .array/port v0xba05a0, 416;
v0xba05a0_417 .array/port v0xba05a0, 417;
v0xba05a0_418 .array/port v0xba05a0, 418;
v0xba05a0_419 .array/port v0xba05a0, 419;
E_0xb7b2f0/105 .event edge, v0xba05a0_416, v0xba05a0_417, v0xba05a0_418, v0xba05a0_419;
v0xba05a0_420 .array/port v0xba05a0, 420;
v0xba05a0_421 .array/port v0xba05a0, 421;
v0xba05a0_422 .array/port v0xba05a0, 422;
v0xba05a0_423 .array/port v0xba05a0, 423;
E_0xb7b2f0/106 .event edge, v0xba05a0_420, v0xba05a0_421, v0xba05a0_422, v0xba05a0_423;
v0xba05a0_424 .array/port v0xba05a0, 424;
v0xba05a0_425 .array/port v0xba05a0, 425;
v0xba05a0_426 .array/port v0xba05a0, 426;
v0xba05a0_427 .array/port v0xba05a0, 427;
E_0xb7b2f0/107 .event edge, v0xba05a0_424, v0xba05a0_425, v0xba05a0_426, v0xba05a0_427;
v0xba05a0_428 .array/port v0xba05a0, 428;
v0xba05a0_429 .array/port v0xba05a0, 429;
v0xba05a0_430 .array/port v0xba05a0, 430;
v0xba05a0_431 .array/port v0xba05a0, 431;
E_0xb7b2f0/108 .event edge, v0xba05a0_428, v0xba05a0_429, v0xba05a0_430, v0xba05a0_431;
v0xba05a0_432 .array/port v0xba05a0, 432;
v0xba05a0_433 .array/port v0xba05a0, 433;
v0xba05a0_434 .array/port v0xba05a0, 434;
v0xba05a0_435 .array/port v0xba05a0, 435;
E_0xb7b2f0/109 .event edge, v0xba05a0_432, v0xba05a0_433, v0xba05a0_434, v0xba05a0_435;
v0xba05a0_436 .array/port v0xba05a0, 436;
v0xba05a0_437 .array/port v0xba05a0, 437;
v0xba05a0_438 .array/port v0xba05a0, 438;
v0xba05a0_439 .array/port v0xba05a0, 439;
E_0xb7b2f0/110 .event edge, v0xba05a0_436, v0xba05a0_437, v0xba05a0_438, v0xba05a0_439;
v0xba05a0_440 .array/port v0xba05a0, 440;
v0xba05a0_441 .array/port v0xba05a0, 441;
v0xba05a0_442 .array/port v0xba05a0, 442;
v0xba05a0_443 .array/port v0xba05a0, 443;
E_0xb7b2f0/111 .event edge, v0xba05a0_440, v0xba05a0_441, v0xba05a0_442, v0xba05a0_443;
v0xba05a0_444 .array/port v0xba05a0, 444;
v0xba05a0_445 .array/port v0xba05a0, 445;
v0xba05a0_446 .array/port v0xba05a0, 446;
v0xba05a0_447 .array/port v0xba05a0, 447;
E_0xb7b2f0/112 .event edge, v0xba05a0_444, v0xba05a0_445, v0xba05a0_446, v0xba05a0_447;
v0xba05a0_448 .array/port v0xba05a0, 448;
v0xba05a0_449 .array/port v0xba05a0, 449;
v0xba05a0_450 .array/port v0xba05a0, 450;
v0xba05a0_451 .array/port v0xba05a0, 451;
E_0xb7b2f0/113 .event edge, v0xba05a0_448, v0xba05a0_449, v0xba05a0_450, v0xba05a0_451;
v0xba05a0_452 .array/port v0xba05a0, 452;
v0xba05a0_453 .array/port v0xba05a0, 453;
v0xba05a0_454 .array/port v0xba05a0, 454;
v0xba05a0_455 .array/port v0xba05a0, 455;
E_0xb7b2f0/114 .event edge, v0xba05a0_452, v0xba05a0_453, v0xba05a0_454, v0xba05a0_455;
v0xba05a0_456 .array/port v0xba05a0, 456;
v0xba05a0_457 .array/port v0xba05a0, 457;
v0xba05a0_458 .array/port v0xba05a0, 458;
v0xba05a0_459 .array/port v0xba05a0, 459;
E_0xb7b2f0/115 .event edge, v0xba05a0_456, v0xba05a0_457, v0xba05a0_458, v0xba05a0_459;
v0xba05a0_460 .array/port v0xba05a0, 460;
v0xba05a0_461 .array/port v0xba05a0, 461;
v0xba05a0_462 .array/port v0xba05a0, 462;
v0xba05a0_463 .array/port v0xba05a0, 463;
E_0xb7b2f0/116 .event edge, v0xba05a0_460, v0xba05a0_461, v0xba05a0_462, v0xba05a0_463;
v0xba05a0_464 .array/port v0xba05a0, 464;
v0xba05a0_465 .array/port v0xba05a0, 465;
v0xba05a0_466 .array/port v0xba05a0, 466;
v0xba05a0_467 .array/port v0xba05a0, 467;
E_0xb7b2f0/117 .event edge, v0xba05a0_464, v0xba05a0_465, v0xba05a0_466, v0xba05a0_467;
v0xba05a0_468 .array/port v0xba05a0, 468;
v0xba05a0_469 .array/port v0xba05a0, 469;
v0xba05a0_470 .array/port v0xba05a0, 470;
v0xba05a0_471 .array/port v0xba05a0, 471;
E_0xb7b2f0/118 .event edge, v0xba05a0_468, v0xba05a0_469, v0xba05a0_470, v0xba05a0_471;
v0xba05a0_472 .array/port v0xba05a0, 472;
v0xba05a0_473 .array/port v0xba05a0, 473;
v0xba05a0_474 .array/port v0xba05a0, 474;
v0xba05a0_475 .array/port v0xba05a0, 475;
E_0xb7b2f0/119 .event edge, v0xba05a0_472, v0xba05a0_473, v0xba05a0_474, v0xba05a0_475;
v0xba05a0_476 .array/port v0xba05a0, 476;
v0xba05a0_477 .array/port v0xba05a0, 477;
v0xba05a0_478 .array/port v0xba05a0, 478;
v0xba05a0_479 .array/port v0xba05a0, 479;
E_0xb7b2f0/120 .event edge, v0xba05a0_476, v0xba05a0_477, v0xba05a0_478, v0xba05a0_479;
v0xba05a0_480 .array/port v0xba05a0, 480;
v0xba05a0_481 .array/port v0xba05a0, 481;
v0xba05a0_482 .array/port v0xba05a0, 482;
v0xba05a0_483 .array/port v0xba05a0, 483;
E_0xb7b2f0/121 .event edge, v0xba05a0_480, v0xba05a0_481, v0xba05a0_482, v0xba05a0_483;
v0xba05a0_484 .array/port v0xba05a0, 484;
v0xba05a0_485 .array/port v0xba05a0, 485;
v0xba05a0_486 .array/port v0xba05a0, 486;
v0xba05a0_487 .array/port v0xba05a0, 487;
E_0xb7b2f0/122 .event edge, v0xba05a0_484, v0xba05a0_485, v0xba05a0_486, v0xba05a0_487;
v0xba05a0_488 .array/port v0xba05a0, 488;
v0xba05a0_489 .array/port v0xba05a0, 489;
v0xba05a0_490 .array/port v0xba05a0, 490;
v0xba05a0_491 .array/port v0xba05a0, 491;
E_0xb7b2f0/123 .event edge, v0xba05a0_488, v0xba05a0_489, v0xba05a0_490, v0xba05a0_491;
v0xba05a0_492 .array/port v0xba05a0, 492;
v0xba05a0_493 .array/port v0xba05a0, 493;
v0xba05a0_494 .array/port v0xba05a0, 494;
v0xba05a0_495 .array/port v0xba05a0, 495;
E_0xb7b2f0/124 .event edge, v0xba05a0_492, v0xba05a0_493, v0xba05a0_494, v0xba05a0_495;
v0xba05a0_496 .array/port v0xba05a0, 496;
v0xba05a0_497 .array/port v0xba05a0, 497;
v0xba05a0_498 .array/port v0xba05a0, 498;
v0xba05a0_499 .array/port v0xba05a0, 499;
E_0xb7b2f0/125 .event edge, v0xba05a0_496, v0xba05a0_497, v0xba05a0_498, v0xba05a0_499;
v0xba05a0_500 .array/port v0xba05a0, 500;
v0xba05a0_501 .array/port v0xba05a0, 501;
v0xba05a0_502 .array/port v0xba05a0, 502;
v0xba05a0_503 .array/port v0xba05a0, 503;
E_0xb7b2f0/126 .event edge, v0xba05a0_500, v0xba05a0_501, v0xba05a0_502, v0xba05a0_503;
v0xba05a0_504 .array/port v0xba05a0, 504;
v0xba05a0_505 .array/port v0xba05a0, 505;
v0xba05a0_506 .array/port v0xba05a0, 506;
v0xba05a0_507 .array/port v0xba05a0, 507;
E_0xb7b2f0/127 .event edge, v0xba05a0_504, v0xba05a0_505, v0xba05a0_506, v0xba05a0_507;
v0xba05a0_508 .array/port v0xba05a0, 508;
v0xba05a0_509 .array/port v0xba05a0, 509;
v0xba05a0_510 .array/port v0xba05a0, 510;
v0xba05a0_511 .array/port v0xba05a0, 511;
E_0xb7b2f0/128 .event edge, v0xba05a0_508, v0xba05a0_509, v0xba05a0_510, v0xba05a0_511;
v0xba05a0_512 .array/port v0xba05a0, 512;
v0xba05a0_513 .array/port v0xba05a0, 513;
v0xba05a0_514 .array/port v0xba05a0, 514;
v0xba05a0_515 .array/port v0xba05a0, 515;
E_0xb7b2f0/129 .event edge, v0xba05a0_512, v0xba05a0_513, v0xba05a0_514, v0xba05a0_515;
v0xba05a0_516 .array/port v0xba05a0, 516;
v0xba05a0_517 .array/port v0xba05a0, 517;
v0xba05a0_518 .array/port v0xba05a0, 518;
v0xba05a0_519 .array/port v0xba05a0, 519;
E_0xb7b2f0/130 .event edge, v0xba05a0_516, v0xba05a0_517, v0xba05a0_518, v0xba05a0_519;
v0xba05a0_520 .array/port v0xba05a0, 520;
v0xba05a0_521 .array/port v0xba05a0, 521;
v0xba05a0_522 .array/port v0xba05a0, 522;
v0xba05a0_523 .array/port v0xba05a0, 523;
E_0xb7b2f0/131 .event edge, v0xba05a0_520, v0xba05a0_521, v0xba05a0_522, v0xba05a0_523;
v0xba05a0_524 .array/port v0xba05a0, 524;
v0xba05a0_525 .array/port v0xba05a0, 525;
v0xba05a0_526 .array/port v0xba05a0, 526;
v0xba05a0_527 .array/port v0xba05a0, 527;
E_0xb7b2f0/132 .event edge, v0xba05a0_524, v0xba05a0_525, v0xba05a0_526, v0xba05a0_527;
v0xba05a0_528 .array/port v0xba05a0, 528;
v0xba05a0_529 .array/port v0xba05a0, 529;
v0xba05a0_530 .array/port v0xba05a0, 530;
v0xba05a0_531 .array/port v0xba05a0, 531;
E_0xb7b2f0/133 .event edge, v0xba05a0_528, v0xba05a0_529, v0xba05a0_530, v0xba05a0_531;
v0xba05a0_532 .array/port v0xba05a0, 532;
v0xba05a0_533 .array/port v0xba05a0, 533;
v0xba05a0_534 .array/port v0xba05a0, 534;
v0xba05a0_535 .array/port v0xba05a0, 535;
E_0xb7b2f0/134 .event edge, v0xba05a0_532, v0xba05a0_533, v0xba05a0_534, v0xba05a0_535;
v0xba05a0_536 .array/port v0xba05a0, 536;
v0xba05a0_537 .array/port v0xba05a0, 537;
v0xba05a0_538 .array/port v0xba05a0, 538;
v0xba05a0_539 .array/port v0xba05a0, 539;
E_0xb7b2f0/135 .event edge, v0xba05a0_536, v0xba05a0_537, v0xba05a0_538, v0xba05a0_539;
v0xba05a0_540 .array/port v0xba05a0, 540;
v0xba05a0_541 .array/port v0xba05a0, 541;
v0xba05a0_542 .array/port v0xba05a0, 542;
v0xba05a0_543 .array/port v0xba05a0, 543;
E_0xb7b2f0/136 .event edge, v0xba05a0_540, v0xba05a0_541, v0xba05a0_542, v0xba05a0_543;
v0xba05a0_544 .array/port v0xba05a0, 544;
v0xba05a0_545 .array/port v0xba05a0, 545;
v0xba05a0_546 .array/port v0xba05a0, 546;
v0xba05a0_547 .array/port v0xba05a0, 547;
E_0xb7b2f0/137 .event edge, v0xba05a0_544, v0xba05a0_545, v0xba05a0_546, v0xba05a0_547;
v0xba05a0_548 .array/port v0xba05a0, 548;
v0xba05a0_549 .array/port v0xba05a0, 549;
v0xba05a0_550 .array/port v0xba05a0, 550;
v0xba05a0_551 .array/port v0xba05a0, 551;
E_0xb7b2f0/138 .event edge, v0xba05a0_548, v0xba05a0_549, v0xba05a0_550, v0xba05a0_551;
v0xba05a0_552 .array/port v0xba05a0, 552;
v0xba05a0_553 .array/port v0xba05a0, 553;
v0xba05a0_554 .array/port v0xba05a0, 554;
v0xba05a0_555 .array/port v0xba05a0, 555;
E_0xb7b2f0/139 .event edge, v0xba05a0_552, v0xba05a0_553, v0xba05a0_554, v0xba05a0_555;
v0xba05a0_556 .array/port v0xba05a0, 556;
v0xba05a0_557 .array/port v0xba05a0, 557;
v0xba05a0_558 .array/port v0xba05a0, 558;
v0xba05a0_559 .array/port v0xba05a0, 559;
E_0xb7b2f0/140 .event edge, v0xba05a0_556, v0xba05a0_557, v0xba05a0_558, v0xba05a0_559;
v0xba05a0_560 .array/port v0xba05a0, 560;
v0xba05a0_561 .array/port v0xba05a0, 561;
v0xba05a0_562 .array/port v0xba05a0, 562;
v0xba05a0_563 .array/port v0xba05a0, 563;
E_0xb7b2f0/141 .event edge, v0xba05a0_560, v0xba05a0_561, v0xba05a0_562, v0xba05a0_563;
v0xba05a0_564 .array/port v0xba05a0, 564;
v0xba05a0_565 .array/port v0xba05a0, 565;
v0xba05a0_566 .array/port v0xba05a0, 566;
v0xba05a0_567 .array/port v0xba05a0, 567;
E_0xb7b2f0/142 .event edge, v0xba05a0_564, v0xba05a0_565, v0xba05a0_566, v0xba05a0_567;
v0xba05a0_568 .array/port v0xba05a0, 568;
v0xba05a0_569 .array/port v0xba05a0, 569;
v0xba05a0_570 .array/port v0xba05a0, 570;
v0xba05a0_571 .array/port v0xba05a0, 571;
E_0xb7b2f0/143 .event edge, v0xba05a0_568, v0xba05a0_569, v0xba05a0_570, v0xba05a0_571;
v0xba05a0_572 .array/port v0xba05a0, 572;
v0xba05a0_573 .array/port v0xba05a0, 573;
v0xba05a0_574 .array/port v0xba05a0, 574;
v0xba05a0_575 .array/port v0xba05a0, 575;
E_0xb7b2f0/144 .event edge, v0xba05a0_572, v0xba05a0_573, v0xba05a0_574, v0xba05a0_575;
v0xba05a0_576 .array/port v0xba05a0, 576;
v0xba05a0_577 .array/port v0xba05a0, 577;
v0xba05a0_578 .array/port v0xba05a0, 578;
v0xba05a0_579 .array/port v0xba05a0, 579;
E_0xb7b2f0/145 .event edge, v0xba05a0_576, v0xba05a0_577, v0xba05a0_578, v0xba05a0_579;
v0xba05a0_580 .array/port v0xba05a0, 580;
v0xba05a0_581 .array/port v0xba05a0, 581;
v0xba05a0_582 .array/port v0xba05a0, 582;
v0xba05a0_583 .array/port v0xba05a0, 583;
E_0xb7b2f0/146 .event edge, v0xba05a0_580, v0xba05a0_581, v0xba05a0_582, v0xba05a0_583;
v0xba05a0_584 .array/port v0xba05a0, 584;
v0xba05a0_585 .array/port v0xba05a0, 585;
v0xba05a0_586 .array/port v0xba05a0, 586;
v0xba05a0_587 .array/port v0xba05a0, 587;
E_0xb7b2f0/147 .event edge, v0xba05a0_584, v0xba05a0_585, v0xba05a0_586, v0xba05a0_587;
v0xba05a0_588 .array/port v0xba05a0, 588;
v0xba05a0_589 .array/port v0xba05a0, 589;
v0xba05a0_590 .array/port v0xba05a0, 590;
v0xba05a0_591 .array/port v0xba05a0, 591;
E_0xb7b2f0/148 .event edge, v0xba05a0_588, v0xba05a0_589, v0xba05a0_590, v0xba05a0_591;
v0xba05a0_592 .array/port v0xba05a0, 592;
v0xba05a0_593 .array/port v0xba05a0, 593;
v0xba05a0_594 .array/port v0xba05a0, 594;
v0xba05a0_595 .array/port v0xba05a0, 595;
E_0xb7b2f0/149 .event edge, v0xba05a0_592, v0xba05a0_593, v0xba05a0_594, v0xba05a0_595;
v0xba05a0_596 .array/port v0xba05a0, 596;
v0xba05a0_597 .array/port v0xba05a0, 597;
v0xba05a0_598 .array/port v0xba05a0, 598;
v0xba05a0_599 .array/port v0xba05a0, 599;
E_0xb7b2f0/150 .event edge, v0xba05a0_596, v0xba05a0_597, v0xba05a0_598, v0xba05a0_599;
v0xba05a0_600 .array/port v0xba05a0, 600;
v0xba05a0_601 .array/port v0xba05a0, 601;
v0xba05a0_602 .array/port v0xba05a0, 602;
v0xba05a0_603 .array/port v0xba05a0, 603;
E_0xb7b2f0/151 .event edge, v0xba05a0_600, v0xba05a0_601, v0xba05a0_602, v0xba05a0_603;
v0xba05a0_604 .array/port v0xba05a0, 604;
v0xba05a0_605 .array/port v0xba05a0, 605;
v0xba05a0_606 .array/port v0xba05a0, 606;
v0xba05a0_607 .array/port v0xba05a0, 607;
E_0xb7b2f0/152 .event edge, v0xba05a0_604, v0xba05a0_605, v0xba05a0_606, v0xba05a0_607;
v0xba05a0_608 .array/port v0xba05a0, 608;
v0xba05a0_609 .array/port v0xba05a0, 609;
v0xba05a0_610 .array/port v0xba05a0, 610;
v0xba05a0_611 .array/port v0xba05a0, 611;
E_0xb7b2f0/153 .event edge, v0xba05a0_608, v0xba05a0_609, v0xba05a0_610, v0xba05a0_611;
v0xba05a0_612 .array/port v0xba05a0, 612;
v0xba05a0_613 .array/port v0xba05a0, 613;
v0xba05a0_614 .array/port v0xba05a0, 614;
v0xba05a0_615 .array/port v0xba05a0, 615;
E_0xb7b2f0/154 .event edge, v0xba05a0_612, v0xba05a0_613, v0xba05a0_614, v0xba05a0_615;
v0xba05a0_616 .array/port v0xba05a0, 616;
v0xba05a0_617 .array/port v0xba05a0, 617;
v0xba05a0_618 .array/port v0xba05a0, 618;
v0xba05a0_619 .array/port v0xba05a0, 619;
E_0xb7b2f0/155 .event edge, v0xba05a0_616, v0xba05a0_617, v0xba05a0_618, v0xba05a0_619;
v0xba05a0_620 .array/port v0xba05a0, 620;
v0xba05a0_621 .array/port v0xba05a0, 621;
v0xba05a0_622 .array/port v0xba05a0, 622;
v0xba05a0_623 .array/port v0xba05a0, 623;
E_0xb7b2f0/156 .event edge, v0xba05a0_620, v0xba05a0_621, v0xba05a0_622, v0xba05a0_623;
v0xba05a0_624 .array/port v0xba05a0, 624;
v0xba05a0_625 .array/port v0xba05a0, 625;
v0xba05a0_626 .array/port v0xba05a0, 626;
v0xba05a0_627 .array/port v0xba05a0, 627;
E_0xb7b2f0/157 .event edge, v0xba05a0_624, v0xba05a0_625, v0xba05a0_626, v0xba05a0_627;
v0xba05a0_628 .array/port v0xba05a0, 628;
v0xba05a0_629 .array/port v0xba05a0, 629;
v0xba05a0_630 .array/port v0xba05a0, 630;
v0xba05a0_631 .array/port v0xba05a0, 631;
E_0xb7b2f0/158 .event edge, v0xba05a0_628, v0xba05a0_629, v0xba05a0_630, v0xba05a0_631;
v0xba05a0_632 .array/port v0xba05a0, 632;
v0xba05a0_633 .array/port v0xba05a0, 633;
v0xba05a0_634 .array/port v0xba05a0, 634;
v0xba05a0_635 .array/port v0xba05a0, 635;
E_0xb7b2f0/159 .event edge, v0xba05a0_632, v0xba05a0_633, v0xba05a0_634, v0xba05a0_635;
v0xba05a0_636 .array/port v0xba05a0, 636;
v0xba05a0_637 .array/port v0xba05a0, 637;
v0xba05a0_638 .array/port v0xba05a0, 638;
v0xba05a0_639 .array/port v0xba05a0, 639;
E_0xb7b2f0/160 .event edge, v0xba05a0_636, v0xba05a0_637, v0xba05a0_638, v0xba05a0_639;
v0xba05a0_640 .array/port v0xba05a0, 640;
v0xba05a0_641 .array/port v0xba05a0, 641;
v0xba05a0_642 .array/port v0xba05a0, 642;
v0xba05a0_643 .array/port v0xba05a0, 643;
E_0xb7b2f0/161 .event edge, v0xba05a0_640, v0xba05a0_641, v0xba05a0_642, v0xba05a0_643;
v0xba05a0_644 .array/port v0xba05a0, 644;
v0xba05a0_645 .array/port v0xba05a0, 645;
v0xba05a0_646 .array/port v0xba05a0, 646;
v0xba05a0_647 .array/port v0xba05a0, 647;
E_0xb7b2f0/162 .event edge, v0xba05a0_644, v0xba05a0_645, v0xba05a0_646, v0xba05a0_647;
v0xba05a0_648 .array/port v0xba05a0, 648;
v0xba05a0_649 .array/port v0xba05a0, 649;
v0xba05a0_650 .array/port v0xba05a0, 650;
v0xba05a0_651 .array/port v0xba05a0, 651;
E_0xb7b2f0/163 .event edge, v0xba05a0_648, v0xba05a0_649, v0xba05a0_650, v0xba05a0_651;
v0xba05a0_652 .array/port v0xba05a0, 652;
v0xba05a0_653 .array/port v0xba05a0, 653;
v0xba05a0_654 .array/port v0xba05a0, 654;
v0xba05a0_655 .array/port v0xba05a0, 655;
E_0xb7b2f0/164 .event edge, v0xba05a0_652, v0xba05a0_653, v0xba05a0_654, v0xba05a0_655;
v0xba05a0_656 .array/port v0xba05a0, 656;
v0xba05a0_657 .array/port v0xba05a0, 657;
v0xba05a0_658 .array/port v0xba05a0, 658;
v0xba05a0_659 .array/port v0xba05a0, 659;
E_0xb7b2f0/165 .event edge, v0xba05a0_656, v0xba05a0_657, v0xba05a0_658, v0xba05a0_659;
v0xba05a0_660 .array/port v0xba05a0, 660;
v0xba05a0_661 .array/port v0xba05a0, 661;
v0xba05a0_662 .array/port v0xba05a0, 662;
v0xba05a0_663 .array/port v0xba05a0, 663;
E_0xb7b2f0/166 .event edge, v0xba05a0_660, v0xba05a0_661, v0xba05a0_662, v0xba05a0_663;
v0xba05a0_664 .array/port v0xba05a0, 664;
v0xba05a0_665 .array/port v0xba05a0, 665;
v0xba05a0_666 .array/port v0xba05a0, 666;
v0xba05a0_667 .array/port v0xba05a0, 667;
E_0xb7b2f0/167 .event edge, v0xba05a0_664, v0xba05a0_665, v0xba05a0_666, v0xba05a0_667;
v0xba05a0_668 .array/port v0xba05a0, 668;
v0xba05a0_669 .array/port v0xba05a0, 669;
v0xba05a0_670 .array/port v0xba05a0, 670;
v0xba05a0_671 .array/port v0xba05a0, 671;
E_0xb7b2f0/168 .event edge, v0xba05a0_668, v0xba05a0_669, v0xba05a0_670, v0xba05a0_671;
v0xba05a0_672 .array/port v0xba05a0, 672;
v0xba05a0_673 .array/port v0xba05a0, 673;
v0xba05a0_674 .array/port v0xba05a0, 674;
v0xba05a0_675 .array/port v0xba05a0, 675;
E_0xb7b2f0/169 .event edge, v0xba05a0_672, v0xba05a0_673, v0xba05a0_674, v0xba05a0_675;
v0xba05a0_676 .array/port v0xba05a0, 676;
v0xba05a0_677 .array/port v0xba05a0, 677;
v0xba05a0_678 .array/port v0xba05a0, 678;
v0xba05a0_679 .array/port v0xba05a0, 679;
E_0xb7b2f0/170 .event edge, v0xba05a0_676, v0xba05a0_677, v0xba05a0_678, v0xba05a0_679;
v0xba05a0_680 .array/port v0xba05a0, 680;
v0xba05a0_681 .array/port v0xba05a0, 681;
v0xba05a0_682 .array/port v0xba05a0, 682;
v0xba05a0_683 .array/port v0xba05a0, 683;
E_0xb7b2f0/171 .event edge, v0xba05a0_680, v0xba05a0_681, v0xba05a0_682, v0xba05a0_683;
v0xba05a0_684 .array/port v0xba05a0, 684;
v0xba05a0_685 .array/port v0xba05a0, 685;
v0xba05a0_686 .array/port v0xba05a0, 686;
v0xba05a0_687 .array/port v0xba05a0, 687;
E_0xb7b2f0/172 .event edge, v0xba05a0_684, v0xba05a0_685, v0xba05a0_686, v0xba05a0_687;
v0xba05a0_688 .array/port v0xba05a0, 688;
v0xba05a0_689 .array/port v0xba05a0, 689;
v0xba05a0_690 .array/port v0xba05a0, 690;
v0xba05a0_691 .array/port v0xba05a0, 691;
E_0xb7b2f0/173 .event edge, v0xba05a0_688, v0xba05a0_689, v0xba05a0_690, v0xba05a0_691;
v0xba05a0_692 .array/port v0xba05a0, 692;
v0xba05a0_693 .array/port v0xba05a0, 693;
v0xba05a0_694 .array/port v0xba05a0, 694;
v0xba05a0_695 .array/port v0xba05a0, 695;
E_0xb7b2f0/174 .event edge, v0xba05a0_692, v0xba05a0_693, v0xba05a0_694, v0xba05a0_695;
v0xba05a0_696 .array/port v0xba05a0, 696;
v0xba05a0_697 .array/port v0xba05a0, 697;
v0xba05a0_698 .array/port v0xba05a0, 698;
v0xba05a0_699 .array/port v0xba05a0, 699;
E_0xb7b2f0/175 .event edge, v0xba05a0_696, v0xba05a0_697, v0xba05a0_698, v0xba05a0_699;
v0xba05a0_700 .array/port v0xba05a0, 700;
v0xba05a0_701 .array/port v0xba05a0, 701;
v0xba05a0_702 .array/port v0xba05a0, 702;
v0xba05a0_703 .array/port v0xba05a0, 703;
E_0xb7b2f0/176 .event edge, v0xba05a0_700, v0xba05a0_701, v0xba05a0_702, v0xba05a0_703;
v0xba05a0_704 .array/port v0xba05a0, 704;
v0xba05a0_705 .array/port v0xba05a0, 705;
v0xba05a0_706 .array/port v0xba05a0, 706;
v0xba05a0_707 .array/port v0xba05a0, 707;
E_0xb7b2f0/177 .event edge, v0xba05a0_704, v0xba05a0_705, v0xba05a0_706, v0xba05a0_707;
v0xba05a0_708 .array/port v0xba05a0, 708;
v0xba05a0_709 .array/port v0xba05a0, 709;
v0xba05a0_710 .array/port v0xba05a0, 710;
v0xba05a0_711 .array/port v0xba05a0, 711;
E_0xb7b2f0/178 .event edge, v0xba05a0_708, v0xba05a0_709, v0xba05a0_710, v0xba05a0_711;
v0xba05a0_712 .array/port v0xba05a0, 712;
v0xba05a0_713 .array/port v0xba05a0, 713;
v0xba05a0_714 .array/port v0xba05a0, 714;
v0xba05a0_715 .array/port v0xba05a0, 715;
E_0xb7b2f0/179 .event edge, v0xba05a0_712, v0xba05a0_713, v0xba05a0_714, v0xba05a0_715;
v0xba05a0_716 .array/port v0xba05a0, 716;
v0xba05a0_717 .array/port v0xba05a0, 717;
v0xba05a0_718 .array/port v0xba05a0, 718;
v0xba05a0_719 .array/port v0xba05a0, 719;
E_0xb7b2f0/180 .event edge, v0xba05a0_716, v0xba05a0_717, v0xba05a0_718, v0xba05a0_719;
v0xba05a0_720 .array/port v0xba05a0, 720;
v0xba05a0_721 .array/port v0xba05a0, 721;
v0xba05a0_722 .array/port v0xba05a0, 722;
v0xba05a0_723 .array/port v0xba05a0, 723;
E_0xb7b2f0/181 .event edge, v0xba05a0_720, v0xba05a0_721, v0xba05a0_722, v0xba05a0_723;
v0xba05a0_724 .array/port v0xba05a0, 724;
v0xba05a0_725 .array/port v0xba05a0, 725;
v0xba05a0_726 .array/port v0xba05a0, 726;
v0xba05a0_727 .array/port v0xba05a0, 727;
E_0xb7b2f0/182 .event edge, v0xba05a0_724, v0xba05a0_725, v0xba05a0_726, v0xba05a0_727;
v0xba05a0_728 .array/port v0xba05a0, 728;
v0xba05a0_729 .array/port v0xba05a0, 729;
v0xba05a0_730 .array/port v0xba05a0, 730;
v0xba05a0_731 .array/port v0xba05a0, 731;
E_0xb7b2f0/183 .event edge, v0xba05a0_728, v0xba05a0_729, v0xba05a0_730, v0xba05a0_731;
v0xba05a0_732 .array/port v0xba05a0, 732;
v0xba05a0_733 .array/port v0xba05a0, 733;
v0xba05a0_734 .array/port v0xba05a0, 734;
v0xba05a0_735 .array/port v0xba05a0, 735;
E_0xb7b2f0/184 .event edge, v0xba05a0_732, v0xba05a0_733, v0xba05a0_734, v0xba05a0_735;
v0xba05a0_736 .array/port v0xba05a0, 736;
v0xba05a0_737 .array/port v0xba05a0, 737;
v0xba05a0_738 .array/port v0xba05a0, 738;
v0xba05a0_739 .array/port v0xba05a0, 739;
E_0xb7b2f0/185 .event edge, v0xba05a0_736, v0xba05a0_737, v0xba05a0_738, v0xba05a0_739;
v0xba05a0_740 .array/port v0xba05a0, 740;
v0xba05a0_741 .array/port v0xba05a0, 741;
v0xba05a0_742 .array/port v0xba05a0, 742;
v0xba05a0_743 .array/port v0xba05a0, 743;
E_0xb7b2f0/186 .event edge, v0xba05a0_740, v0xba05a0_741, v0xba05a0_742, v0xba05a0_743;
v0xba05a0_744 .array/port v0xba05a0, 744;
v0xba05a0_745 .array/port v0xba05a0, 745;
v0xba05a0_746 .array/port v0xba05a0, 746;
v0xba05a0_747 .array/port v0xba05a0, 747;
E_0xb7b2f0/187 .event edge, v0xba05a0_744, v0xba05a0_745, v0xba05a0_746, v0xba05a0_747;
v0xba05a0_748 .array/port v0xba05a0, 748;
v0xba05a0_749 .array/port v0xba05a0, 749;
v0xba05a0_750 .array/port v0xba05a0, 750;
v0xba05a0_751 .array/port v0xba05a0, 751;
E_0xb7b2f0/188 .event edge, v0xba05a0_748, v0xba05a0_749, v0xba05a0_750, v0xba05a0_751;
v0xba05a0_752 .array/port v0xba05a0, 752;
v0xba05a0_753 .array/port v0xba05a0, 753;
v0xba05a0_754 .array/port v0xba05a0, 754;
v0xba05a0_755 .array/port v0xba05a0, 755;
E_0xb7b2f0/189 .event edge, v0xba05a0_752, v0xba05a0_753, v0xba05a0_754, v0xba05a0_755;
v0xba05a0_756 .array/port v0xba05a0, 756;
v0xba05a0_757 .array/port v0xba05a0, 757;
v0xba05a0_758 .array/port v0xba05a0, 758;
v0xba05a0_759 .array/port v0xba05a0, 759;
E_0xb7b2f0/190 .event edge, v0xba05a0_756, v0xba05a0_757, v0xba05a0_758, v0xba05a0_759;
v0xba05a0_760 .array/port v0xba05a0, 760;
v0xba05a0_761 .array/port v0xba05a0, 761;
v0xba05a0_762 .array/port v0xba05a0, 762;
v0xba05a0_763 .array/port v0xba05a0, 763;
E_0xb7b2f0/191 .event edge, v0xba05a0_760, v0xba05a0_761, v0xba05a0_762, v0xba05a0_763;
v0xba05a0_764 .array/port v0xba05a0, 764;
v0xba05a0_765 .array/port v0xba05a0, 765;
v0xba05a0_766 .array/port v0xba05a0, 766;
v0xba05a0_767 .array/port v0xba05a0, 767;
E_0xb7b2f0/192 .event edge, v0xba05a0_764, v0xba05a0_765, v0xba05a0_766, v0xba05a0_767;
v0xba05a0_768 .array/port v0xba05a0, 768;
v0xba05a0_769 .array/port v0xba05a0, 769;
v0xba05a0_770 .array/port v0xba05a0, 770;
v0xba05a0_771 .array/port v0xba05a0, 771;
E_0xb7b2f0/193 .event edge, v0xba05a0_768, v0xba05a0_769, v0xba05a0_770, v0xba05a0_771;
v0xba05a0_772 .array/port v0xba05a0, 772;
v0xba05a0_773 .array/port v0xba05a0, 773;
v0xba05a0_774 .array/port v0xba05a0, 774;
v0xba05a0_775 .array/port v0xba05a0, 775;
E_0xb7b2f0/194 .event edge, v0xba05a0_772, v0xba05a0_773, v0xba05a0_774, v0xba05a0_775;
v0xba05a0_776 .array/port v0xba05a0, 776;
v0xba05a0_777 .array/port v0xba05a0, 777;
v0xba05a0_778 .array/port v0xba05a0, 778;
v0xba05a0_779 .array/port v0xba05a0, 779;
E_0xb7b2f0/195 .event edge, v0xba05a0_776, v0xba05a0_777, v0xba05a0_778, v0xba05a0_779;
v0xba05a0_780 .array/port v0xba05a0, 780;
v0xba05a0_781 .array/port v0xba05a0, 781;
v0xba05a0_782 .array/port v0xba05a0, 782;
v0xba05a0_783 .array/port v0xba05a0, 783;
E_0xb7b2f0/196 .event edge, v0xba05a0_780, v0xba05a0_781, v0xba05a0_782, v0xba05a0_783;
v0xba05a0_784 .array/port v0xba05a0, 784;
v0xba05a0_785 .array/port v0xba05a0, 785;
v0xba05a0_786 .array/port v0xba05a0, 786;
v0xba05a0_787 .array/port v0xba05a0, 787;
E_0xb7b2f0/197 .event edge, v0xba05a0_784, v0xba05a0_785, v0xba05a0_786, v0xba05a0_787;
v0xba05a0_788 .array/port v0xba05a0, 788;
v0xba05a0_789 .array/port v0xba05a0, 789;
v0xba05a0_790 .array/port v0xba05a0, 790;
v0xba05a0_791 .array/port v0xba05a0, 791;
E_0xb7b2f0/198 .event edge, v0xba05a0_788, v0xba05a0_789, v0xba05a0_790, v0xba05a0_791;
v0xba05a0_792 .array/port v0xba05a0, 792;
v0xba05a0_793 .array/port v0xba05a0, 793;
v0xba05a0_794 .array/port v0xba05a0, 794;
v0xba05a0_795 .array/port v0xba05a0, 795;
E_0xb7b2f0/199 .event edge, v0xba05a0_792, v0xba05a0_793, v0xba05a0_794, v0xba05a0_795;
v0xba05a0_796 .array/port v0xba05a0, 796;
v0xba05a0_797 .array/port v0xba05a0, 797;
v0xba05a0_798 .array/port v0xba05a0, 798;
v0xba05a0_799 .array/port v0xba05a0, 799;
E_0xb7b2f0/200 .event edge, v0xba05a0_796, v0xba05a0_797, v0xba05a0_798, v0xba05a0_799;
v0xba05a0_800 .array/port v0xba05a0, 800;
v0xba05a0_801 .array/port v0xba05a0, 801;
v0xba05a0_802 .array/port v0xba05a0, 802;
v0xba05a0_803 .array/port v0xba05a0, 803;
E_0xb7b2f0/201 .event edge, v0xba05a0_800, v0xba05a0_801, v0xba05a0_802, v0xba05a0_803;
v0xba05a0_804 .array/port v0xba05a0, 804;
v0xba05a0_805 .array/port v0xba05a0, 805;
v0xba05a0_806 .array/port v0xba05a0, 806;
v0xba05a0_807 .array/port v0xba05a0, 807;
E_0xb7b2f0/202 .event edge, v0xba05a0_804, v0xba05a0_805, v0xba05a0_806, v0xba05a0_807;
v0xba05a0_808 .array/port v0xba05a0, 808;
v0xba05a0_809 .array/port v0xba05a0, 809;
v0xba05a0_810 .array/port v0xba05a0, 810;
v0xba05a0_811 .array/port v0xba05a0, 811;
E_0xb7b2f0/203 .event edge, v0xba05a0_808, v0xba05a0_809, v0xba05a0_810, v0xba05a0_811;
v0xba05a0_812 .array/port v0xba05a0, 812;
v0xba05a0_813 .array/port v0xba05a0, 813;
v0xba05a0_814 .array/port v0xba05a0, 814;
v0xba05a0_815 .array/port v0xba05a0, 815;
E_0xb7b2f0/204 .event edge, v0xba05a0_812, v0xba05a0_813, v0xba05a0_814, v0xba05a0_815;
v0xba05a0_816 .array/port v0xba05a0, 816;
v0xba05a0_817 .array/port v0xba05a0, 817;
v0xba05a0_818 .array/port v0xba05a0, 818;
v0xba05a0_819 .array/port v0xba05a0, 819;
E_0xb7b2f0/205 .event edge, v0xba05a0_816, v0xba05a0_817, v0xba05a0_818, v0xba05a0_819;
v0xba05a0_820 .array/port v0xba05a0, 820;
v0xba05a0_821 .array/port v0xba05a0, 821;
v0xba05a0_822 .array/port v0xba05a0, 822;
v0xba05a0_823 .array/port v0xba05a0, 823;
E_0xb7b2f0/206 .event edge, v0xba05a0_820, v0xba05a0_821, v0xba05a0_822, v0xba05a0_823;
v0xba05a0_824 .array/port v0xba05a0, 824;
v0xba05a0_825 .array/port v0xba05a0, 825;
v0xba05a0_826 .array/port v0xba05a0, 826;
v0xba05a0_827 .array/port v0xba05a0, 827;
E_0xb7b2f0/207 .event edge, v0xba05a0_824, v0xba05a0_825, v0xba05a0_826, v0xba05a0_827;
v0xba05a0_828 .array/port v0xba05a0, 828;
v0xba05a0_829 .array/port v0xba05a0, 829;
v0xba05a0_830 .array/port v0xba05a0, 830;
v0xba05a0_831 .array/port v0xba05a0, 831;
E_0xb7b2f0/208 .event edge, v0xba05a0_828, v0xba05a0_829, v0xba05a0_830, v0xba05a0_831;
v0xba05a0_832 .array/port v0xba05a0, 832;
v0xba05a0_833 .array/port v0xba05a0, 833;
v0xba05a0_834 .array/port v0xba05a0, 834;
v0xba05a0_835 .array/port v0xba05a0, 835;
E_0xb7b2f0/209 .event edge, v0xba05a0_832, v0xba05a0_833, v0xba05a0_834, v0xba05a0_835;
v0xba05a0_836 .array/port v0xba05a0, 836;
v0xba05a0_837 .array/port v0xba05a0, 837;
v0xba05a0_838 .array/port v0xba05a0, 838;
v0xba05a0_839 .array/port v0xba05a0, 839;
E_0xb7b2f0/210 .event edge, v0xba05a0_836, v0xba05a0_837, v0xba05a0_838, v0xba05a0_839;
v0xba05a0_840 .array/port v0xba05a0, 840;
v0xba05a0_841 .array/port v0xba05a0, 841;
v0xba05a0_842 .array/port v0xba05a0, 842;
v0xba05a0_843 .array/port v0xba05a0, 843;
E_0xb7b2f0/211 .event edge, v0xba05a0_840, v0xba05a0_841, v0xba05a0_842, v0xba05a0_843;
v0xba05a0_844 .array/port v0xba05a0, 844;
v0xba05a0_845 .array/port v0xba05a0, 845;
v0xba05a0_846 .array/port v0xba05a0, 846;
v0xba05a0_847 .array/port v0xba05a0, 847;
E_0xb7b2f0/212 .event edge, v0xba05a0_844, v0xba05a0_845, v0xba05a0_846, v0xba05a0_847;
v0xba05a0_848 .array/port v0xba05a0, 848;
v0xba05a0_849 .array/port v0xba05a0, 849;
v0xba05a0_850 .array/port v0xba05a0, 850;
v0xba05a0_851 .array/port v0xba05a0, 851;
E_0xb7b2f0/213 .event edge, v0xba05a0_848, v0xba05a0_849, v0xba05a0_850, v0xba05a0_851;
v0xba05a0_852 .array/port v0xba05a0, 852;
v0xba05a0_853 .array/port v0xba05a0, 853;
v0xba05a0_854 .array/port v0xba05a0, 854;
v0xba05a0_855 .array/port v0xba05a0, 855;
E_0xb7b2f0/214 .event edge, v0xba05a0_852, v0xba05a0_853, v0xba05a0_854, v0xba05a0_855;
v0xba05a0_856 .array/port v0xba05a0, 856;
v0xba05a0_857 .array/port v0xba05a0, 857;
v0xba05a0_858 .array/port v0xba05a0, 858;
v0xba05a0_859 .array/port v0xba05a0, 859;
E_0xb7b2f0/215 .event edge, v0xba05a0_856, v0xba05a0_857, v0xba05a0_858, v0xba05a0_859;
v0xba05a0_860 .array/port v0xba05a0, 860;
v0xba05a0_861 .array/port v0xba05a0, 861;
v0xba05a0_862 .array/port v0xba05a0, 862;
v0xba05a0_863 .array/port v0xba05a0, 863;
E_0xb7b2f0/216 .event edge, v0xba05a0_860, v0xba05a0_861, v0xba05a0_862, v0xba05a0_863;
v0xba05a0_864 .array/port v0xba05a0, 864;
v0xba05a0_865 .array/port v0xba05a0, 865;
v0xba05a0_866 .array/port v0xba05a0, 866;
v0xba05a0_867 .array/port v0xba05a0, 867;
E_0xb7b2f0/217 .event edge, v0xba05a0_864, v0xba05a0_865, v0xba05a0_866, v0xba05a0_867;
v0xba05a0_868 .array/port v0xba05a0, 868;
v0xba05a0_869 .array/port v0xba05a0, 869;
v0xba05a0_870 .array/port v0xba05a0, 870;
v0xba05a0_871 .array/port v0xba05a0, 871;
E_0xb7b2f0/218 .event edge, v0xba05a0_868, v0xba05a0_869, v0xba05a0_870, v0xba05a0_871;
v0xba05a0_872 .array/port v0xba05a0, 872;
v0xba05a0_873 .array/port v0xba05a0, 873;
v0xba05a0_874 .array/port v0xba05a0, 874;
v0xba05a0_875 .array/port v0xba05a0, 875;
E_0xb7b2f0/219 .event edge, v0xba05a0_872, v0xba05a0_873, v0xba05a0_874, v0xba05a0_875;
v0xba05a0_876 .array/port v0xba05a0, 876;
v0xba05a0_877 .array/port v0xba05a0, 877;
v0xba05a0_878 .array/port v0xba05a0, 878;
v0xba05a0_879 .array/port v0xba05a0, 879;
E_0xb7b2f0/220 .event edge, v0xba05a0_876, v0xba05a0_877, v0xba05a0_878, v0xba05a0_879;
v0xba05a0_880 .array/port v0xba05a0, 880;
v0xba05a0_881 .array/port v0xba05a0, 881;
v0xba05a0_882 .array/port v0xba05a0, 882;
v0xba05a0_883 .array/port v0xba05a0, 883;
E_0xb7b2f0/221 .event edge, v0xba05a0_880, v0xba05a0_881, v0xba05a0_882, v0xba05a0_883;
v0xba05a0_884 .array/port v0xba05a0, 884;
v0xba05a0_885 .array/port v0xba05a0, 885;
v0xba05a0_886 .array/port v0xba05a0, 886;
v0xba05a0_887 .array/port v0xba05a0, 887;
E_0xb7b2f0/222 .event edge, v0xba05a0_884, v0xba05a0_885, v0xba05a0_886, v0xba05a0_887;
v0xba05a0_888 .array/port v0xba05a0, 888;
v0xba05a0_889 .array/port v0xba05a0, 889;
v0xba05a0_890 .array/port v0xba05a0, 890;
v0xba05a0_891 .array/port v0xba05a0, 891;
E_0xb7b2f0/223 .event edge, v0xba05a0_888, v0xba05a0_889, v0xba05a0_890, v0xba05a0_891;
v0xba05a0_892 .array/port v0xba05a0, 892;
v0xba05a0_893 .array/port v0xba05a0, 893;
v0xba05a0_894 .array/port v0xba05a0, 894;
v0xba05a0_895 .array/port v0xba05a0, 895;
E_0xb7b2f0/224 .event edge, v0xba05a0_892, v0xba05a0_893, v0xba05a0_894, v0xba05a0_895;
v0xba05a0_896 .array/port v0xba05a0, 896;
v0xba05a0_897 .array/port v0xba05a0, 897;
v0xba05a0_898 .array/port v0xba05a0, 898;
v0xba05a0_899 .array/port v0xba05a0, 899;
E_0xb7b2f0/225 .event edge, v0xba05a0_896, v0xba05a0_897, v0xba05a0_898, v0xba05a0_899;
v0xba05a0_900 .array/port v0xba05a0, 900;
v0xba05a0_901 .array/port v0xba05a0, 901;
v0xba05a0_902 .array/port v0xba05a0, 902;
v0xba05a0_903 .array/port v0xba05a0, 903;
E_0xb7b2f0/226 .event edge, v0xba05a0_900, v0xba05a0_901, v0xba05a0_902, v0xba05a0_903;
v0xba05a0_904 .array/port v0xba05a0, 904;
v0xba05a0_905 .array/port v0xba05a0, 905;
v0xba05a0_906 .array/port v0xba05a0, 906;
v0xba05a0_907 .array/port v0xba05a0, 907;
E_0xb7b2f0/227 .event edge, v0xba05a0_904, v0xba05a0_905, v0xba05a0_906, v0xba05a0_907;
v0xba05a0_908 .array/port v0xba05a0, 908;
v0xba05a0_909 .array/port v0xba05a0, 909;
v0xba05a0_910 .array/port v0xba05a0, 910;
v0xba05a0_911 .array/port v0xba05a0, 911;
E_0xb7b2f0/228 .event edge, v0xba05a0_908, v0xba05a0_909, v0xba05a0_910, v0xba05a0_911;
v0xba05a0_912 .array/port v0xba05a0, 912;
v0xba05a0_913 .array/port v0xba05a0, 913;
v0xba05a0_914 .array/port v0xba05a0, 914;
v0xba05a0_915 .array/port v0xba05a0, 915;
E_0xb7b2f0/229 .event edge, v0xba05a0_912, v0xba05a0_913, v0xba05a0_914, v0xba05a0_915;
v0xba05a0_916 .array/port v0xba05a0, 916;
v0xba05a0_917 .array/port v0xba05a0, 917;
v0xba05a0_918 .array/port v0xba05a0, 918;
v0xba05a0_919 .array/port v0xba05a0, 919;
E_0xb7b2f0/230 .event edge, v0xba05a0_916, v0xba05a0_917, v0xba05a0_918, v0xba05a0_919;
v0xba05a0_920 .array/port v0xba05a0, 920;
v0xba05a0_921 .array/port v0xba05a0, 921;
v0xba05a0_922 .array/port v0xba05a0, 922;
v0xba05a0_923 .array/port v0xba05a0, 923;
E_0xb7b2f0/231 .event edge, v0xba05a0_920, v0xba05a0_921, v0xba05a0_922, v0xba05a0_923;
v0xba05a0_924 .array/port v0xba05a0, 924;
v0xba05a0_925 .array/port v0xba05a0, 925;
v0xba05a0_926 .array/port v0xba05a0, 926;
v0xba05a0_927 .array/port v0xba05a0, 927;
E_0xb7b2f0/232 .event edge, v0xba05a0_924, v0xba05a0_925, v0xba05a0_926, v0xba05a0_927;
v0xba05a0_928 .array/port v0xba05a0, 928;
v0xba05a0_929 .array/port v0xba05a0, 929;
v0xba05a0_930 .array/port v0xba05a0, 930;
v0xba05a0_931 .array/port v0xba05a0, 931;
E_0xb7b2f0/233 .event edge, v0xba05a0_928, v0xba05a0_929, v0xba05a0_930, v0xba05a0_931;
v0xba05a0_932 .array/port v0xba05a0, 932;
v0xba05a0_933 .array/port v0xba05a0, 933;
v0xba05a0_934 .array/port v0xba05a0, 934;
v0xba05a0_935 .array/port v0xba05a0, 935;
E_0xb7b2f0/234 .event edge, v0xba05a0_932, v0xba05a0_933, v0xba05a0_934, v0xba05a0_935;
v0xba05a0_936 .array/port v0xba05a0, 936;
v0xba05a0_937 .array/port v0xba05a0, 937;
v0xba05a0_938 .array/port v0xba05a0, 938;
v0xba05a0_939 .array/port v0xba05a0, 939;
E_0xb7b2f0/235 .event edge, v0xba05a0_936, v0xba05a0_937, v0xba05a0_938, v0xba05a0_939;
v0xba05a0_940 .array/port v0xba05a0, 940;
v0xba05a0_941 .array/port v0xba05a0, 941;
v0xba05a0_942 .array/port v0xba05a0, 942;
v0xba05a0_943 .array/port v0xba05a0, 943;
E_0xb7b2f0/236 .event edge, v0xba05a0_940, v0xba05a0_941, v0xba05a0_942, v0xba05a0_943;
v0xba05a0_944 .array/port v0xba05a0, 944;
v0xba05a0_945 .array/port v0xba05a0, 945;
v0xba05a0_946 .array/port v0xba05a0, 946;
v0xba05a0_947 .array/port v0xba05a0, 947;
E_0xb7b2f0/237 .event edge, v0xba05a0_944, v0xba05a0_945, v0xba05a0_946, v0xba05a0_947;
v0xba05a0_948 .array/port v0xba05a0, 948;
v0xba05a0_949 .array/port v0xba05a0, 949;
v0xba05a0_950 .array/port v0xba05a0, 950;
v0xba05a0_951 .array/port v0xba05a0, 951;
E_0xb7b2f0/238 .event edge, v0xba05a0_948, v0xba05a0_949, v0xba05a0_950, v0xba05a0_951;
v0xba05a0_952 .array/port v0xba05a0, 952;
v0xba05a0_953 .array/port v0xba05a0, 953;
v0xba05a0_954 .array/port v0xba05a0, 954;
v0xba05a0_955 .array/port v0xba05a0, 955;
E_0xb7b2f0/239 .event edge, v0xba05a0_952, v0xba05a0_953, v0xba05a0_954, v0xba05a0_955;
v0xba05a0_956 .array/port v0xba05a0, 956;
v0xba05a0_957 .array/port v0xba05a0, 957;
v0xba05a0_958 .array/port v0xba05a0, 958;
v0xba05a0_959 .array/port v0xba05a0, 959;
E_0xb7b2f0/240 .event edge, v0xba05a0_956, v0xba05a0_957, v0xba05a0_958, v0xba05a0_959;
v0xba05a0_960 .array/port v0xba05a0, 960;
v0xba05a0_961 .array/port v0xba05a0, 961;
v0xba05a0_962 .array/port v0xba05a0, 962;
v0xba05a0_963 .array/port v0xba05a0, 963;
E_0xb7b2f0/241 .event edge, v0xba05a0_960, v0xba05a0_961, v0xba05a0_962, v0xba05a0_963;
v0xba05a0_964 .array/port v0xba05a0, 964;
v0xba05a0_965 .array/port v0xba05a0, 965;
v0xba05a0_966 .array/port v0xba05a0, 966;
v0xba05a0_967 .array/port v0xba05a0, 967;
E_0xb7b2f0/242 .event edge, v0xba05a0_964, v0xba05a0_965, v0xba05a0_966, v0xba05a0_967;
v0xba05a0_968 .array/port v0xba05a0, 968;
v0xba05a0_969 .array/port v0xba05a0, 969;
v0xba05a0_970 .array/port v0xba05a0, 970;
v0xba05a0_971 .array/port v0xba05a0, 971;
E_0xb7b2f0/243 .event edge, v0xba05a0_968, v0xba05a0_969, v0xba05a0_970, v0xba05a0_971;
v0xba05a0_972 .array/port v0xba05a0, 972;
v0xba05a0_973 .array/port v0xba05a0, 973;
v0xba05a0_974 .array/port v0xba05a0, 974;
v0xba05a0_975 .array/port v0xba05a0, 975;
E_0xb7b2f0/244 .event edge, v0xba05a0_972, v0xba05a0_973, v0xba05a0_974, v0xba05a0_975;
v0xba05a0_976 .array/port v0xba05a0, 976;
v0xba05a0_977 .array/port v0xba05a0, 977;
v0xba05a0_978 .array/port v0xba05a0, 978;
v0xba05a0_979 .array/port v0xba05a0, 979;
E_0xb7b2f0/245 .event edge, v0xba05a0_976, v0xba05a0_977, v0xba05a0_978, v0xba05a0_979;
v0xba05a0_980 .array/port v0xba05a0, 980;
v0xba05a0_981 .array/port v0xba05a0, 981;
v0xba05a0_982 .array/port v0xba05a0, 982;
v0xba05a0_983 .array/port v0xba05a0, 983;
E_0xb7b2f0/246 .event edge, v0xba05a0_980, v0xba05a0_981, v0xba05a0_982, v0xba05a0_983;
v0xba05a0_984 .array/port v0xba05a0, 984;
v0xba05a0_985 .array/port v0xba05a0, 985;
v0xba05a0_986 .array/port v0xba05a0, 986;
v0xba05a0_987 .array/port v0xba05a0, 987;
E_0xb7b2f0/247 .event edge, v0xba05a0_984, v0xba05a0_985, v0xba05a0_986, v0xba05a0_987;
v0xba05a0_988 .array/port v0xba05a0, 988;
v0xba05a0_989 .array/port v0xba05a0, 989;
v0xba05a0_990 .array/port v0xba05a0, 990;
v0xba05a0_991 .array/port v0xba05a0, 991;
E_0xb7b2f0/248 .event edge, v0xba05a0_988, v0xba05a0_989, v0xba05a0_990, v0xba05a0_991;
v0xba05a0_992 .array/port v0xba05a0, 992;
v0xba05a0_993 .array/port v0xba05a0, 993;
v0xba05a0_994 .array/port v0xba05a0, 994;
v0xba05a0_995 .array/port v0xba05a0, 995;
E_0xb7b2f0/249 .event edge, v0xba05a0_992, v0xba05a0_993, v0xba05a0_994, v0xba05a0_995;
v0xba05a0_996 .array/port v0xba05a0, 996;
v0xba05a0_997 .array/port v0xba05a0, 997;
v0xba05a0_998 .array/port v0xba05a0, 998;
v0xba05a0_999 .array/port v0xba05a0, 999;
E_0xb7b2f0/250 .event edge, v0xba05a0_996, v0xba05a0_997, v0xba05a0_998, v0xba05a0_999;
v0xba05a0_1000 .array/port v0xba05a0, 1000;
v0xba05a0_1001 .array/port v0xba05a0, 1001;
v0xba05a0_1002 .array/port v0xba05a0, 1002;
v0xba05a0_1003 .array/port v0xba05a0, 1003;
E_0xb7b2f0/251 .event edge, v0xba05a0_1000, v0xba05a0_1001, v0xba05a0_1002, v0xba05a0_1003;
v0xba05a0_1004 .array/port v0xba05a0, 1004;
v0xba05a0_1005 .array/port v0xba05a0, 1005;
v0xba05a0_1006 .array/port v0xba05a0, 1006;
v0xba05a0_1007 .array/port v0xba05a0, 1007;
E_0xb7b2f0/252 .event edge, v0xba05a0_1004, v0xba05a0_1005, v0xba05a0_1006, v0xba05a0_1007;
v0xba05a0_1008 .array/port v0xba05a0, 1008;
v0xba05a0_1009 .array/port v0xba05a0, 1009;
v0xba05a0_1010 .array/port v0xba05a0, 1010;
v0xba05a0_1011 .array/port v0xba05a0, 1011;
E_0xb7b2f0/253 .event edge, v0xba05a0_1008, v0xba05a0_1009, v0xba05a0_1010, v0xba05a0_1011;
v0xba05a0_1012 .array/port v0xba05a0, 1012;
v0xba05a0_1013 .array/port v0xba05a0, 1013;
v0xba05a0_1014 .array/port v0xba05a0, 1014;
v0xba05a0_1015 .array/port v0xba05a0, 1015;
E_0xb7b2f0/254 .event edge, v0xba05a0_1012, v0xba05a0_1013, v0xba05a0_1014, v0xba05a0_1015;
v0xba05a0_1016 .array/port v0xba05a0, 1016;
v0xba05a0_1017 .array/port v0xba05a0, 1017;
v0xba05a0_1018 .array/port v0xba05a0, 1018;
v0xba05a0_1019 .array/port v0xba05a0, 1019;
E_0xb7b2f0/255 .event edge, v0xba05a0_1016, v0xba05a0_1017, v0xba05a0_1018, v0xba05a0_1019;
v0xba05a0_1020 .array/port v0xba05a0, 1020;
v0xba05a0_1021 .array/port v0xba05a0, 1021;
v0xba05a0_1022 .array/port v0xba05a0, 1022;
v0xba05a0_1023 .array/port v0xba05a0, 1023;
E_0xb7b2f0/256 .event edge, v0xba05a0_1020, v0xba05a0_1021, v0xba05a0_1022, v0xba05a0_1023;
E_0xb7b2f0 .event/or E_0xb7b2f0/0, E_0xb7b2f0/1, E_0xb7b2f0/2, E_0xb7b2f0/3, E_0xb7b2f0/4, E_0xb7b2f0/5, E_0xb7b2f0/6, E_0xb7b2f0/7, E_0xb7b2f0/8, E_0xb7b2f0/9, E_0xb7b2f0/10, E_0xb7b2f0/11, E_0xb7b2f0/12, E_0xb7b2f0/13, E_0xb7b2f0/14, E_0xb7b2f0/15, E_0xb7b2f0/16, E_0xb7b2f0/17, E_0xb7b2f0/18, E_0xb7b2f0/19, E_0xb7b2f0/20, E_0xb7b2f0/21, E_0xb7b2f0/22, E_0xb7b2f0/23, E_0xb7b2f0/24, E_0xb7b2f0/25, E_0xb7b2f0/26, E_0xb7b2f0/27, E_0xb7b2f0/28, E_0xb7b2f0/29, E_0xb7b2f0/30, E_0xb7b2f0/31, E_0xb7b2f0/32, E_0xb7b2f0/33, E_0xb7b2f0/34, E_0xb7b2f0/35, E_0xb7b2f0/36, E_0xb7b2f0/37, E_0xb7b2f0/38, E_0xb7b2f0/39, E_0xb7b2f0/40, E_0xb7b2f0/41, E_0xb7b2f0/42, E_0xb7b2f0/43, E_0xb7b2f0/44, E_0xb7b2f0/45, E_0xb7b2f0/46, E_0xb7b2f0/47, E_0xb7b2f0/48, E_0xb7b2f0/49, E_0xb7b2f0/50, E_0xb7b2f0/51, E_0xb7b2f0/52, E_0xb7b2f0/53, E_0xb7b2f0/54, E_0xb7b2f0/55, E_0xb7b2f0/56, E_0xb7b2f0/57, E_0xb7b2f0/58, E_0xb7b2f0/59, E_0xb7b2f0/60, E_0xb7b2f0/61, E_0xb7b2f0/62, E_0xb7b2f0/63, E_0xb7b2f0/64, E_0xb7b2f0/65, E_0xb7b2f0/66, E_0xb7b2f0/67, E_0xb7b2f0/68, E_0xb7b2f0/69, E_0xb7b2f0/70, E_0xb7b2f0/71, E_0xb7b2f0/72, E_0xb7b2f0/73, E_0xb7b2f0/74, E_0xb7b2f0/75, E_0xb7b2f0/76, E_0xb7b2f0/77, E_0xb7b2f0/78, E_0xb7b2f0/79, E_0xb7b2f0/80, E_0xb7b2f0/81, E_0xb7b2f0/82, E_0xb7b2f0/83, E_0xb7b2f0/84, E_0xb7b2f0/85, E_0xb7b2f0/86, E_0xb7b2f0/87, E_0xb7b2f0/88, E_0xb7b2f0/89, E_0xb7b2f0/90, E_0xb7b2f0/91, E_0xb7b2f0/92, E_0xb7b2f0/93, E_0xb7b2f0/94, E_0xb7b2f0/95, E_0xb7b2f0/96, E_0xb7b2f0/97, E_0xb7b2f0/98, E_0xb7b2f0/99, E_0xb7b2f0/100, E_0xb7b2f0/101, E_0xb7b2f0/102, E_0xb7b2f0/103, E_0xb7b2f0/104, E_0xb7b2f0/105, E_0xb7b2f0/106, E_0xb7b2f0/107, E_0xb7b2f0/108, E_0xb7b2f0/109, E_0xb7b2f0/110, E_0xb7b2f0/111, E_0xb7b2f0/112, E_0xb7b2f0/113, E_0xb7b2f0/114, E_0xb7b2f0/115, E_0xb7b2f0/116, E_0xb7b2f0/117, E_0xb7b2f0/118, E_0xb7b2f0/119, E_0xb7b2f0/120, E_0xb7b2f0/121, E_0xb7b2f0/122, E_0xb7b2f0/123, E_0xb7b2f0/124, E_0xb7b2f0/125, E_0xb7b2f0/126, E_0xb7b2f0/127, E_0xb7b2f0/128, E_0xb7b2f0/129, E_0xb7b2f0/130, E_0xb7b2f0/131, E_0xb7b2f0/132, E_0xb7b2f0/133, E_0xb7b2f0/134, E_0xb7b2f0/135, E_0xb7b2f0/136, E_0xb7b2f0/137, E_0xb7b2f0/138, E_0xb7b2f0/139, E_0xb7b2f0/140, E_0xb7b2f0/141, E_0xb7b2f0/142, E_0xb7b2f0/143, E_0xb7b2f0/144, E_0xb7b2f0/145, E_0xb7b2f0/146, E_0xb7b2f0/147, E_0xb7b2f0/148, E_0xb7b2f0/149, E_0xb7b2f0/150, E_0xb7b2f0/151, E_0xb7b2f0/152, E_0xb7b2f0/153, E_0xb7b2f0/154, E_0xb7b2f0/155, E_0xb7b2f0/156, E_0xb7b2f0/157, E_0xb7b2f0/158, E_0xb7b2f0/159, E_0xb7b2f0/160, E_0xb7b2f0/161, E_0xb7b2f0/162, E_0xb7b2f0/163, E_0xb7b2f0/164, E_0xb7b2f0/165, E_0xb7b2f0/166, E_0xb7b2f0/167, E_0xb7b2f0/168, E_0xb7b2f0/169, E_0xb7b2f0/170, E_0xb7b2f0/171, E_0xb7b2f0/172, E_0xb7b2f0/173, E_0xb7b2f0/174, E_0xb7b2f0/175, E_0xb7b2f0/176, E_0xb7b2f0/177, E_0xb7b2f0/178, E_0xb7b2f0/179, E_0xb7b2f0/180, E_0xb7b2f0/181, E_0xb7b2f0/182, E_0xb7b2f0/183, E_0xb7b2f0/184, E_0xb7b2f0/185, E_0xb7b2f0/186, E_0xb7b2f0/187, E_0xb7b2f0/188, E_0xb7b2f0/189, E_0xb7b2f0/190, E_0xb7b2f0/191, E_0xb7b2f0/192, E_0xb7b2f0/193, E_0xb7b2f0/194, E_0xb7b2f0/195, E_0xb7b2f0/196, E_0xb7b2f0/197, E_0xb7b2f0/198, E_0xb7b2f0/199, E_0xb7b2f0/200, E_0xb7b2f0/201, E_0xb7b2f0/202, E_0xb7b2f0/203, E_0xb7b2f0/204, E_0xb7b2f0/205, E_0xb7b2f0/206, E_0xb7b2f0/207, E_0xb7b2f0/208, E_0xb7b2f0/209, E_0xb7b2f0/210, E_0xb7b2f0/211, E_0xb7b2f0/212, E_0xb7b2f0/213, E_0xb7b2f0/214, E_0xb7b2f0/215, E_0xb7b2f0/216, E_0xb7b2f0/217, E_0xb7b2f0/218, E_0xb7b2f0/219, E_0xb7b2f0/220, E_0xb7b2f0/221, E_0xb7b2f0/222, E_0xb7b2f0/223, E_0xb7b2f0/224, E_0xb7b2f0/225, E_0xb7b2f0/226, E_0xb7b2f0/227, E_0xb7b2f0/228, E_0xb7b2f0/229, E_0xb7b2f0/230, E_0xb7b2f0/231, E_0xb7b2f0/232, E_0xb7b2f0/233, E_0xb7b2f0/234, E_0xb7b2f0/235, E_0xb7b2f0/236, E_0xb7b2f0/237, E_0xb7b2f0/238, E_0xb7b2f0/239, E_0xb7b2f0/240, E_0xb7b2f0/241, E_0xb7b2f0/242, E_0xb7b2f0/243, E_0xb7b2f0/244, E_0xb7b2f0/245, E_0xb7b2f0/246, E_0xb7b2f0/247, E_0xb7b2f0/248, E_0xb7b2f0/249, E_0xb7b2f0/250, E_0xb7b2f0/251, E_0xb7b2f0/252, E_0xb7b2f0/253, E_0xb7b2f0/254, E_0xb7b2f0/255, E_0xb7b2f0/256;
    .scope S_0xb9e0b0;
T_0 ;
    %wait E_0xb7b2f0;
    %load/v 8, v0xbdbdd0_0, 1;
    %jmp/0xz  T_0.0, 8;
    %load/v 8, v0xbdbd30_0, 10;
    %mov 18, 0, 23;
   %cmpi/u 8, 1023, 33;
    %or 5, 4, 1;
    %mov 8, 5, 1;
    %load/v 9, v0xbdbd30_0, 10;
    %mov 19, 0, 1;
    %cmp/u 0, 9, 11;
    %or 5, 4, 1;
    %mov 9, 5, 1;
    %and 8, 9, 1;
    %jmp/0xz  T_0.2, 8;
    %load/v 8, v0xbdbc80_0, 32;
    %ix/getv 3, v0xbdbd30_0;
   %jmp/1 t_0, 4;
   %ix/load 1, 0, 0;
   %set/av v0xba05a0, 8, 32;
t_0 ;
    %jmp T_0.3;
T_0.2 ;
    %vpi_call 3 27 "$display", "Error in imWrDat_addr...";
T_0.3 ;
T_0.0 ;
    %load/v 8, v0xbdbbe0_0, 10;
    %mov 18, 0, 23;
   %cmpi/u 8, 1023, 33;
    %or 5, 4, 1;
    %mov 8, 5, 1;
    %load/v 9, v0xbdbbe0_0, 10;
    %mov 19, 0, 1;
    %cmp/u 0, 9, 11;
    %or 5, 4, 1;
    %mov 9, 5, 1;
    %and 8, 9, 1;
    %jmp/0xz  T_0.4, 8;
    %ix/getv 3, v0xbdbbe0_0;
    %load/av 8, v0xba05a0, 32;
    %set/v v0xbdbb40_0, 8, 32;
    %jmp T_0.5;
T_0.4 ;
    %vpi_call 3 33 "$display", "Error in imReDat_addr...";
T_0.5 ;
    %jmp T_0;
    .thread T_0, $push;
    .scope S_0xb9dfc0;
T_1 ;
    %set/v v0xbdc190_0, 0, 1;
    %end;
    .thread T_1;
    .scope S_0xb9dfc0;
T_2 ;
    %set/v v0xbdc0b0_0, 0, 10;
    %end;
    .thread T_2;
    .scope S_0xb9dfc0;
T_3 ;
    %set/v v0xbdbf50_0, 0, 10;
    %end;
    .thread T_3;
    .scope S_0xb9dfc0;
T_4 ;
    %delay 2, 0;
    %movi 8, 47, 32;
    %set/v v0xbdc000_0, 8, 32;
    %delay 2, 0;
    %set/v v0xbdc190_0, 1, 1;
    %delay 2, 0;
    %movi 8, 1, 10;
    %set/v v0xbdc0b0_0, 8, 10;
    %delay 2, 0;
    %movi 8, 2, 10;
    %set/v v0xbdc0b0_0, 8, 10;
    %delay 2, 0;
    %movi 8, 74, 32;
    %set/v v0xbdc000_0, 8, 32;
    %delay 8, 0;
    %set/v v0xbdc190_0, 0, 1;
    %delay 2, 0;
    %set/v v0xbdbf50_0, 0, 10;
    %delay 2, 0;
    %movi 8, 1, 10;
    %set/v v0xbdbf50_0, 8, 10;
    %delay 2, 0;
    %movi 8, 2, 10;
    %set/v v0xbdbf50_0, 8, 10;
    %delay 10, 0;
    %vpi_call 2 29 "$finish";
    %end;
    .thread T_4;
    .scope S_0xb9dfc0;
T_5 ;
    %vpi_call 2 34 "$monitor", $time, ") IM[%2d] = %d", v0xbdbf50_0, v0xbdbeb0_0;
    %end;
    .thread T_5;
# The file index is used to find the file name in the following table.
:file_names 4;
    "N/A";
    "<interactive>";
    "InstMem_tb.v";
    "./InstMem.v";
