#! /usr/bin/vvp
:ivl_version "0.9.7 " "(v0_9_7)";
:vpi_time_precision + 0;
:vpi_module "system";
:vpi_module "v2005_math";
:vpi_module "va_math";
S_0x2099fc0 .scope module, "Memory_data_tb" "Memory_data_tb" 2 3;
 .timescale 0 0;
v0x20aff80_0 .var "Mdst", 15 0;
v0x20b0020_0 .var "Mdst_addr", 20 0;
v0x20b00d0_0 .net "Msrc1", 15 0, v0x20afbc0_0; 1 drivers
v0x20b0180_0 .var "Msrc1_addr", 20 0;
v0x20b0260_0 .var "Mwrite", 0 0;
v0x20b0310_0 .var "clk", 0 0;
S_0x209a0b0 .scope module, "MD" "Memory_Data" 2 13, 3 2, S_0x2099fc0;
 .timescale 0 0;
v0x209c890 .array "M", 1048575 0, 15 0;
v0x209c910_0 .net "Mdst", 15 0, v0x20aff80_0; 1 drivers
v0x20afb20_0 .net "Mdst_addr", 20 0, v0x20b0020_0; 1 drivers
v0x20afbc0_0 .var "Msrc1", 15 0;
v0x20afc70_0 .net "Msrc1_addr", 20 0, v0x20b0180_0; 1 drivers
v0x20afd10_0 .net "Mwrite", 0 0, v0x20b0260_0; 1 drivers
v0x20afdf0_0 .net "clk", 0 0, v0x20b0310_0; 1 drivers
v0x20afe90_0 .var/i "i", 31 0;
E_0x2078c70 .event posedge, v0x20afdf0_0;
    .scope S_0x209a0b0;
T_0 ;
    %set/v v0x20afe90_0, 0, 32;
T_0.0 ;
    %load/v 8, v0x20afe90_0, 32;
    %movi 40, 1048576, 32;
    %cmp/s 8, 40, 32;
    %jmp/0xz T_0.1, 5;
    %ix/getv/s 3, v0x20afe90_0;
   %jmp/1 t_0, 4;
   %ix/load 1, 0, 0;
   %set/av v0x209c890, 0, 16;
t_0 ;
    %ix/load 0, 1, 0;
    %load/vp0/s 8, v0x20afe90_0, 32;
    %set/v v0x20afe90_0, 8, 32;
    %jmp T_0.0;
T_0.1 ;
    %end;
    .thread T_0;
    .scope S_0x209a0b0;
T_1 ;
    %wait E_0x2078c70;
    %load/v 8, v0x20afd10_0, 1;
    %jmp/0xz  T_1.0, 8;
    %load/v 8, v0x209c910_0, 16;
    %ix/getv 3, v0x20afb20_0;
    %jmp/1 t_1, 4;
    %ix/load 0, 16, 0; word width
    %ix/load 1, 0, 0; part off
    %assign/av v0x209c890, 0, 8;
t_1 ;
T_1.0 ;
    %ix/getv 3, v0x20afc70_0;
    %load/av 8, v0x209c890, 16;
    %ix/load 0, 16, 0;
    %assign/v0 v0x20afbc0_0, 0, 8;
    %jmp T_1;
    .thread T_1;
    .scope S_0x2099fc0;
T_2 ;
    %set/v v0x20b0310_0, 0, 1;
    %end;
    .thread T_2;
    .scope S_0x2099fc0;
T_3 ;
    %set/v v0x20b0260_0, 0, 1;
    %end;
    .thread T_3;
    .scope S_0x2099fc0;
T_4 ;
    %set/v v0x20b0020_0, 0, 21;
    %end;
    .thread T_4;
    .scope S_0x2099fc0;
T_5 ;
    %set/v v0x20b0180_0, 0, 21;
    %end;
    .thread T_5;
    .scope S_0x2099fc0;
T_6 ;
    %delay 5, 0;
    %load/v 8, v0x20b0310_0, 1;
    %inv 8, 1;
    %ix/load 0, 1, 0;
    %assign/v0 v0x20b0310_0, 0, 8;
    %jmp T_6;
    .thread T_6;
    .scope S_0x2099fc0;
T_7 ;
    %delay 0, 0;
    %set/v v0x20b0260_0, 1, 1;
    %delay 2, 0;
    %movi 8, 1, 21;
    %set/v v0x20b0020_0, 8, 21;
    %delay 2, 0;
    %movi 8, 47, 16;
    %set/v v0x20aff80_0, 8, 16;
    %delay 2, 0;
    %movi 8, 2, 21;
    %set/v v0x20b0020_0, 8, 21;
    %delay 2, 0;
    %movi 8, 74, 16;
    %set/v v0x20aff80_0, 8, 16;
    %delay 8, 0;
    %set/v v0x20b0260_0, 0, 1;
    %delay 2, 0;
    %movi 8, 1, 21;
    %set/v v0x20b0180_0, 8, 21;
    %delay 10, 0;
    %vpi_call 2 26 "$finish";
    %end;
    .thread T_7;
    .scope S_0x2099fc0;
T_8 ;
    %vpi_call 2 31 "$monitor", $time, ") [R%d] = %d", v0x20b0180_0, v0x20b00d0_0, " ";
    %end;
    .thread T_8;
# The file index is used to find the file name in the following table.
:file_names 4;
    "N/A";
    "<interactive>";
    "Memory_data_tb.v";
    "./Memory_data.v";
