#! /usr/bin/vvp
:ivl_version "0.9.7 " "(v0_9_7)";
:vpi_time_precision + 0;
:vpi_module "system";
:vpi_module "v2005_math";
:vpi_module "va_math";
S_0xbdffc0 .scope module, "ALU_tb" "ALU_tb" 2 3;
 .timescale 0 0;
v0xc140d0_0 .var "A", 15 0;
v0xc14170_0 .var "B", 15 0;
v0xc14220_0 .var "B2comp", 15 0;
v0xc142a0_0 .net "Out_0", 15 0, v0xc13b80_0; 1 drivers
v0xc14380_0 .net "Out_1", 15 0, v0xc13c20_0; 1 drivers
v0xc14430_0 .var "Sel", 3 0;
v0xc144b0_0 .net "cFlag", 0 0, v0xc13da0_0; 1 drivers
v0xc14560_0 .net "vFlag", 0 0, v0xc13f30_0; 1 drivers
v0xc14610_0 .net "zFlag", 0 0, v0xc14030_0; 1 drivers
S_0xbe00b0 .scope module, "U1" "ALU" 2 14, 3 1, S_0xbdffc0;
 .timescale 0 0;
v0xbe85c0_0 .net "A", 15 0, v0xc140d0_0; 1 drivers
v0xc13990_0 .var "A2comp", 15 0;
v0xc13a30_0 .net "B", 15 0, v0xc14170_0; 1 drivers
v0xc13ad0_0 .var "B2comp", 15 0;
v0xc13b80_0 .var "Out_0", 15 0;
v0xc13c20_0 .var "Out_1", 15 0;
v0xc13d00_0 .net "Sel", 3 0, v0xc14430_0; 1 drivers
v0xc13da0_0 .var "cFlag", 0 0;
v0xc13e90_0 .var "cFlag_N", 0 0;
v0xc13f30_0 .var "vFlag", 0 0;
v0xc14030_0 .var "zFlag", 0 0;
E_0xbd3020/0 .event edge, v0xc13a30_0, v0xbe85c0_0, v0xc13d00_0, v0xc13ad0_0;
E_0xbd3020/1 .event edge, v0xc13e90_0, v0xc13990_0, v0xc13da0_0, v0xc13b80_0;
E_0xbd3020 .event/or E_0xbd3020/0, E_0xbd3020/1;
    .scope S_0xbe00b0;
T_0 ;
    %wait E_0xbd3020;
    %set/v v0xc13f30_0, 0, 1;
    %set/v v0xc13da0_0, 0, 1;
    %set/v v0xc14030_0, 0, 1;
    %set/v v0xc13c20_0, 0, 16;
    %load/v 8, v0xc13a30_0, 16;
    %inv 8, 16;
    %addi 8, 1, 16;
    %set/v v0xc13ad0_0, 8, 16;
    %load/v 8, v0xbe85c0_0, 16;
    %inv 8, 16;
    %addi 8, 1, 16;
    %set/v v0xc13990_0, 8, 16;
    %load/v 8, v0xc13d00_0, 4;
    %cmpi/u 8, 0, 4;
    %jmp/1 T_0.0, 6;
    %cmpi/u 8, 1, 4;
    %jmp/1 T_0.1, 6;
    %cmpi/u 8, 2, 4;
    %jmp/1 T_0.2, 6;
    %cmpi/u 8, 3, 4;
    %jmp/1 T_0.3, 6;
    %cmpi/u 8, 4, 4;
    %jmp/1 T_0.4, 6;
    %cmpi/u 8, 5, 4;
    %jmp/1 T_0.5, 6;
    %cmpi/u 8, 6, 4;
    %jmp/1 T_0.6, 6;
    %cmpi/u 8, 7, 4;
    %jmp/1 T_0.7, 6;
    %cmpi/u 8, 8, 4;
    %jmp/1 T_0.8, 6;
    %cmpi/u 8, 9, 4;
    %jmp/1 T_0.9, 6;
    %cmpi/u 8, 10, 4;
    %jmp/1 T_0.10, 6;
    %cmpi/u 8, 11, 4;
    %jmp/1 T_0.11, 6;
    %cmpi/u 8, 12, 4;
    %jmp/1 T_0.12, 6;
    %cmpi/u 8, 13, 4;
    %jmp/1 T_0.13, 6;
    %cmpi/u 8, 14, 4;
    %jmp/1 T_0.14, 6;
    %cmpi/u 8, 15, 4;
    %jmp/1 T_0.15, 6;
    %vpi_call 3 109 "$display", "Error in ALU-Sel...";
    %jmp T_0.17;
T_0.0 ;
    %load/v 8, v0xbe85c0_0, 16;
    %mov 24, 0, 1;
    %load/v 25, v0xc13a30_0, 16;
    %mov 41, 0, 1;
    %add 8, 25, 17;
    %set/v v0xc13b80_0, 8, 16;
    %set/v v0xc13da0_0, 24, 1;
    %jmp T_0.17;
T_0.1 ;
    %load/v 8, v0xbe85c0_0, 16;
    %mov 24, 0, 1;
    %load/v 25, v0xc13ad0_0, 16;
    %mov 41, 0, 1;
    %add 8, 25, 17;
    %set/v v0xc13b80_0, 8, 16;
    %set/v v0xc13e90_0, 24, 1;
    %load/v 8, v0xc13e90_0, 1;
    %inv 8, 1;
    %set/v v0xc13da0_0, 8, 1;
    %jmp T_0.17;
T_0.2 ;
    %load/v 8, v0xbe85c0_0, 16;
    %movi 24, 0, 16;
    %load/v 40, v0xc13a30_0, 16;
    %movi 56, 0, 16;
    %mul 8, 40, 32;
    %set/v v0xc13b80_0, 8, 16;
    %set/v v0xc13c20_0, 24, 16;
    %jmp T_0.17;
T_0.3 ;
    %load/v 8, v0xbe85c0_0, 16;
    %ix/load 0, 1, 0;
    %mov 4, 0, 1;
    %shiftl/i0  8, 16;
    %set/v v0xc13b80_0, 8, 16;
    %ix/load 1, 15, 0;
    %mov 4, 0, 1;
    %jmp/1 T_0.18, 4;
    %load/x1p 8, v0xbe85c0_0, 1;
    %jmp T_0.19;
T_0.18 ;
    %mov 8, 2, 1;
T_0.19 ;
; Save base=8 wid=1 in lookaside.
    %set/v v0xc13da0_0, 8, 1;
    %jmp T_0.17;
T_0.4 ;
    %load/v 8, v0xbe85c0_0, 16;
    %ix/load 0, 1, 0;
    %mov 4, 0, 1;
    %shiftr/i0  8, 16;
    %set/v v0xc13b80_0, 8, 16;
    %jmp T_0.17;
T_0.5 ;
    %load/v 8, v0xbe85c0_0, 16;
    %ix/load 0, 1, 0;
    %mov 4, 0, 1;
    %shiftl/i0  8, 16;
    %set/v v0xc13b80_0, 8, 16;
    %ix/load 1, 15, 0;
    %mov 4, 0, 1;
    %jmp/1 T_0.20, 4;
    %load/x1p 8, v0xbe85c0_0, 1;
    %jmp T_0.21;
T_0.20 ;
    %mov 8, 2, 1;
T_0.21 ;
; Save base=8 wid=1 in lookaside.
    %ix/load 0, 0, 0;
    %set/x0 v0xc13b80_0, 8, 1;
    %jmp T_0.17;
T_0.6 ;
    %load/v 8, v0xbe85c0_0, 16;
    %ix/load 0, 1, 0;
    %mov 4, 0, 1;
    %shiftr/i0  8, 16;
    %set/v v0xc13b80_0, 8, 16;
    %load/v 8, v0xbe85c0_0, 1; Only need 1 of 16 bits
; Save base=8 wid=1 in lookaside.
    %ix/load 0, 15, 0;
    %set/x0 v0xc13b80_0, 8, 1;
    %jmp T_0.17;
T_0.7 ;
    %load/v 8, v0xbe85c0_0, 16;
    %load/v 24, v0xc13a30_0, 16;
    %and 8, 24, 16;
    %set/v v0xc13b80_0, 8, 16;
    %jmp T_0.17;
T_0.8 ;
    %load/v 8, v0xbe85c0_0, 16;
    %load/v 24, v0xc13a30_0, 16;
    %or 8, 24, 16;
    %set/v v0xc13b80_0, 8, 16;
    %jmp T_0.17;
T_0.9 ;
    %load/v 8, v0xbe85c0_0, 16;
    %load/v 24, v0xc13a30_0, 16;
    %nor 8, 24, 16;
    %set/v v0xc13b80_0, 8, 16;
    %jmp T_0.17;
T_0.10 ;
    %load/v 8, v0xbe85c0_0, 16;
    %load/v 24, v0xc13a30_0, 16;
    %nand 8, 24, 16;
    %set/v v0xc13b80_0, 8, 16;
    %jmp T_0.17;
T_0.11 ;
    %load/v 8, v0xbe85c0_0, 16;
    %load/v 24, v0xc13a30_0, 16;
    %xor 8, 24, 16;
    %set/v v0xc13b80_0, 8, 16;
    %jmp T_0.17;
T_0.12 ;
    %load/v 8, v0xbe85c0_0, 16;
    %load/v 24, v0xc13a30_0, 16;
    %xnor 8, 24, 16;
    %set/v v0xc13b80_0, 8, 16;
    %jmp T_0.17;
T_0.13 ;
    %load/v 8, v0xbe85c0_0, 16;
    %inv 8, 16;
    %set/v v0xc13b80_0, 8, 16;
    %jmp T_0.17;
T_0.14 ;
    %load/v 8, v0xbe85c0_0, 16;
    %load/v 24, v0xc13a30_0, 16;
    %cmp/u 8, 24, 16;
    %jmp/0xz  T_0.22, 4;
    %set/v v0xc13b80_0, 0, 16;
T_0.22 ;
    %load/v 8, v0xbe85c0_0, 16;
    %load/v 24, v0xc13a30_0, 16;
    %cmp/u 8, 24, 16;
    %jmp/0xz  T_0.24, 5;
    %movi 8, 1, 16;
    %set/v v0xc13b80_0, 8, 16;
T_0.24 ;
    %load/v 8, v0xc13a30_0, 16;
    %load/v 24, v0xbe85c0_0, 16;
    %cmp/u 8, 24, 16;
    %jmp/0xz  T_0.26, 5;
    %movi 8, 2, 16;
    %set/v v0xc13b80_0, 8, 16;
T_0.26 ;
    %jmp T_0.17;
T_0.15 ;
    %load/v 8, v0xc13990_0, 16;
    %set/v v0xc13b80_0, 8, 16;
    %jmp T_0.17;
T_0.17 ;
    %load/v 8, v0xc13da0_0, 1;
    %inv 8, 1;
    %set/v v0xc13f30_0, 8, 1;
    %load/v 8, v0xc13b80_0, 16;
    %nor/r 8, 8, 16;
    %set/v v0xc14030_0, 8, 1;
    %jmp T_0;
    .thread T_0, $push;
    .scope S_0xbdffc0;
T_1 ;
    %movi 8, 1, 16;
    %set/v v0xc140d0_0, 8, 16;
    %movi 8, 2, 16;
    %set/v v0xc14170_0, 8, 16;
    %set/v v0xc14430_0, 0, 4;
    %delay 2, 0;
    %vpi_call 2 21 "$display", "\012\012A = %d, B = %d:\012\011A + B = %d\012\011Carry? : %b\011Zero? : %b \012\011Valid? : %b\011", v0xc140d0_0, v0xc14170_0, v0xc142a0_0, v0xc144b0_0, v0xc14610_0, v0xc14560_0;
    %movi 8, 3, 16;
    %set/v v0xc140d0_0, 8, 16;
    %movi 8, 2, 16;
    %set/v v0xc14170_0, 8, 16;
    %movi 8, 1, 4;
    %set/v v0xc14430_0, 8, 4;
    %load/v 8, v0xc14170_0, 16;
    %mov 24, 0, 16;
    %inv 8, 32;
    %addi 8, 1, 32;
    %set/v v0xc14220_0, 8, 16;
    %delay 2, 0;
    %vpi_call 2 28 "$display", "\012\012A = %d, B = %d, B2comp = %d:\012\011A - B = %d\012\011Carry? : %b\011Zero? : %b \012\011Valid? : %b\011", v0xc140d0_0, v0xc14170_0, v0xc14220_0, v0xc142a0_0, v0xc144b0_0, v0xc14610_0, v0xc14560_0;
    %movi 8, 1, 16;
    %set/v v0xc140d0_0, 8, 16;
    %movi 8, 2, 16;
    %set/v v0xc14170_0, 8, 16;
    %movi 8, 2, 4;
    %set/v v0xc14430_0, 8, 4;
    %delay 2, 0;
    %vpi_call 2 34 "$display", "\012\012A = %d, B = %d:\012\011A * B = %d\012\011Carry? : %b\011Zero? : %b \012\011Valid? : %b\011", v0xc140d0_0, v0xc14170_0, v0xc142a0_0, v0xc144b0_0, v0xc14610_0, v0xc14560_0;
    %movi 8, 1, 16;
    %set/v v0xc140d0_0, 8, 16;
    %movi 8, 3, 4;
    %set/v v0xc14430_0, 8, 4;
    %delay 2, 0;
    %vpi_call 2 41 "$display", "\012\012A = %b:\012\011A << 1 = %b\012\011Carry? : %b\011Zero? : %b \012\011Valid? : %b\011", v0xc140d0_0, v0xc142a0_0, v0xc144b0_0, v0xc14610_0, v0xc14560_0;
    %movi 8, 1, 16;
    %set/v v0xc140d0_0, 8, 16;
    %movi 8, 4, 4;
    %set/v v0xc14430_0, 8, 4;
    %delay 2, 0;
    %vpi_call 2 48 "$display", "\012\012A = %b\012\011A >> 1 = %b\012\011Carry? : %b\011Zero? : %b \012\011Valid? : %b\011", v0xc140d0_0, v0xc142a0_0, v0xc144b0_0, v0xc14610_0, v0xc14560_0;
    %movi 8, 1, 16;
    %set/v v0xc140d0_0, 8, 16;
    %movi 8, 5, 4;
    %set/v v0xc14430_0, 8, 4;
    %delay 2, 0;
    %vpi_call 2 55 "$display", "\012\012A = %b\012\011A << RoL = %b\012\011Carry? : %b\011Zero? : %b \012\011Valid? : %b\011", v0xc140d0_0, v0xc142a0_0, v0xc144b0_0, v0xc14610_0, v0xc14560_0;
    %movi 8, 1, 16;
    %set/v v0xc140d0_0, 8, 16;
    %movi 8, 6, 4;
    %set/v v0xc14430_0, 8, 4;
    %delay 2, 0;
    %vpi_call 2 62 "$display", "\012\012A = %b\012\011A >> RoR = %b\012\011Carry? : %b\011Zero? : %b \012\011Valid? : %b\011", v0xc140d0_0, v0xc142a0_0, v0xc144b0_0, v0xc14610_0, v0xc14560_0;
    %movi 8, 1, 16;
    %set/v v0xc140d0_0, 8, 16;
    %movi 8, 2, 16;
    %set/v v0xc14170_0, 8, 16;
    %movi 8, 7, 4;
    %set/v v0xc14430_0, 8, 4;
    %delay 2, 0;
    %vpi_call 2 69 "$display", "\012\012A = %b, B = %b:\012\011A & B = %b\012\011Carry? : %b\011Zero? : %b \012\011Valid? : %b\011", v0xc140d0_0, v0xc14170_0, v0xc142a0_0, v0xc144b0_0, v0xc14610_0, v0xc14560_0;
    %movi 8, 1, 16;
    %set/v v0xc140d0_0, 8, 16;
    %movi 8, 2, 16;
    %set/v v0xc14170_0, 8, 16;
    %movi 8, 8, 4;
    %set/v v0xc14430_0, 8, 4;
    %delay 2, 0;
    %vpi_call 2 76 "$display", "\012\012A = %b, B = %b:\012\011A | B = %b\012\011Carry? : %b\011Zero? : %b \012\011Valid? : %b\011", v0xc140d0_0, v0xc14170_0, v0xc142a0_0, v0xc144b0_0, v0xc14610_0, v0xc14560_0;
    %movi 8, 1, 16;
    %set/v v0xc140d0_0, 8, 16;
    %movi 8, 2, 16;
    %set/v v0xc14170_0, 8, 16;
    %movi 8, 9, 4;
    %set/v v0xc14430_0, 8, 4;
    %delay 2, 0;
    %vpi_call 2 83 "$display", "\012\012A = %b, B = %b:\012\011A ~| B = %b\012\011Carry? : %b\011Zero? : %b \012\011Valid? : %b\011", v0xc140d0_0, v0xc14170_0, v0xc142a0_0, v0xc144b0_0, v0xc14610_0, v0xc14560_0;
    %movi 8, 1, 16;
    %set/v v0xc140d0_0, 8, 16;
    %movi 8, 2, 16;
    %set/v v0xc14170_0, 8, 16;
    %movi 8, 10, 4;
    %set/v v0xc14430_0, 8, 4;
    %delay 2, 0;
    %vpi_call 2 90 "$display", "\012\012A = %b, B = %b:\012\011A ~& B = %b\012\011Carry? : %b\011Zero? : %b \012\011Valid? : %b\011", v0xc140d0_0, v0xc14170_0, v0xc142a0_0, v0xc144b0_0, v0xc14610_0, v0xc14560_0;
    %movi 8, 1, 16;
    %set/v v0xc140d0_0, 8, 16;
    %movi 8, 2, 16;
    %set/v v0xc14170_0, 8, 16;
    %movi 8, 11, 4;
    %set/v v0xc14430_0, 8, 4;
    %delay 2, 0;
    %vpi_call 2 97 "$display", "\012\012A = %b, B = %b:\012\011A ^ B = %b\012\011Carry? : %b\011Zero? : %b \012\011Valid? : %b\011", v0xc140d0_0, v0xc14170_0, v0xc142a0_0, v0xc144b0_0, v0xc14610_0, v0xc14560_0;
    %movi 8, 1, 16;
    %set/v v0xc140d0_0, 8, 16;
    %movi 8, 2, 16;
    %set/v v0xc14170_0, 8, 16;
    %movi 8, 12, 4;
    %set/v v0xc14430_0, 8, 4;
    %delay 2, 0;
    %vpi_call 2 104 "$display", "\012\012A = %b, B = %b:\012\011A ~^ B = %b\012\011Carry? : %b\011Zero? : %b \012\011Valid? : %b\011", v0xc140d0_0, v0xc14170_0, v0xc142a0_0, v0xc144b0_0, v0xc14610_0, v0xc14560_0;
    %movi 8, 1, 16;
    %set/v v0xc140d0_0, 8, 16;
    %movi 8, 13, 4;
    %set/v v0xc14430_0, 8, 4;
    %delay 2, 0;
    %vpi_call 2 111 "$display", "\012\012A = %b:\012\011~A = %b\012\011Carry? : %b\011Zero? : %b \012\011Valid? : %b\011", v0xc140d0_0, v0xc142a0_0, v0xc144b0_0, v0xc14610_0, v0xc14560_0;
    %movi 8, 1, 16;
    %set/v v0xc140d0_0, 8, 16;
    %movi 8, 2, 16;
    %set/v v0xc14170_0, 8, 16;
    %movi 8, 14, 4;
    %set/v v0xc14430_0, 8, 4;
    %delay 2, 0;
    %vpi_call 2 118 "$display", "\012\012A = %b, B = %b:\012\011A == B = %b\012\011Carry? : %b\011Zero? : %b \012\011Valid? : %b\011", v0xc140d0_0, v0xc14170_0, v0xc142a0_0, v0xc144b0_0, v0xc14610_0, v0xc14560_0;
    %movi 8, 1, 16;
    %set/v v0xc140d0_0, 8, 16;
    %movi 8, 2, 16;
    %set/v v0xc14170_0, 8, 16;
    %set/v v0xc14430_0, 1, 4;
    %delay 2, 0;
    %vpi_call 2 125 "$display", "\012\012A = %b:\012\011 -A = %b\012\011Carry? : %b\011Zero? : %b \012\011Valid? : %b\011", v0xc140d0_0, v0xc142a0_0, v0xc144b0_0, v0xc14610_0, v0xc14560_0;
    %vpi_call 2 129 "$finish";
    %end;
    .thread T_1;
# The file index is used to find the file name in the following table.
:file_names 4;
    "N/A";
    "<interactive>";
    "ALU_tb.v";
    "./ALU.v";
