#! /usr/bin/vvp
:ivl_version "0.9.7 " "(v0_9_7)";
:vpi_time_precision + 0;
:vpi_module "system";
:vpi_module "v2005_math";
:vpi_module "va_math";
S_0x22a4f60 .scope module, "ALU_tb" "ALU_tb" 2 3;
 .timescale 0 0;
v0x22d07b0_0 .var "A", 15 0;
v0x22d0850_0 .var "B", 15 0;
v0x22d0900_0 .var "B2comp", 15 0;
v0x22d0980_0 .net "Out", 15 0, v0x22d03f0_0; 1 drivers
v0x22d0a60_0 .var "Sel", 3 0;
v0x22d0b10_0 .net "cFlag", 0 0, v0x22d0540_0; 1 drivers
v0x22d0b90_0 .net "zFlag", 0 0, v0x22d06c0_0; 1 drivers
S_0x22adf20 .scope module, "U1" "ALU" 2 14, 3 1, S_0x22a4f60;
 .timescale 0 0;
v0x22ae010_0 .net "A", 15 0, v0x22d07b0_0; 1 drivers
v0x22d02b0_0 .net "B", 15 0, v0x22d0850_0; 1 drivers
v0x22d0350_0 .var "B2comp", 15 0;
v0x22d03f0_0 .var "Out", 15 0;
v0x22d04a0_0 .net "Sel", 3 0, v0x22d0a60_0; 1 drivers
v0x22d0540_0 .var "cFlag", 0 0;
v0x22d0620_0 .var "cFlag_N", 0 0;
v0x22d06c0_0 .var "zFlag", 0 0;
E_0x229f7a0/0 .event edge, v0x22d04a0_0, v0x22ae010_0, v0x22d02b0_0, v0x22d0350_0;
E_0x229f7a0/1 .event edge, v0x22d0620_0, v0x22d03f0_0;
E_0x229f7a0 .event/or E_0x229f7a0/0, E_0x229f7a0/1;
    .scope S_0x22adf20;
T_0 ;
    %wait E_0x229f7a0;
    %set/v v0x22d0540_0, 0, 1;
    %load/v 8, v0x22d04a0_0, 4;
    %cmpi/u 8, 0, 4;
    %jmp/1 T_0.0, 6;
    %cmpi/u 8, 1, 4;
    %jmp/1 T_0.1, 6;
    %cmpi/u 8, 2, 4;
    %jmp/1 T_0.2, 6;
    %cmpi/u 8, 3, 4;
    %jmp/1 T_0.3, 6;
    %cmpi/u 8, 4, 4;
    %jmp/1 T_0.4, 6;
    %cmpi/u 8, 5, 4;
    %jmp/1 T_0.5, 6;
    %cmpi/u 8, 6, 4;
    %jmp/1 T_0.6, 6;
    %cmpi/u 8, 7, 4;
    %jmp/1 T_0.7, 6;
    %cmpi/u 8, 8, 4;
    %jmp/1 T_0.8, 6;
    %jmp T_0.9;
T_0.0 ;
    %load/v 8, v0x22ae010_0, 16;
    %mov 24, 0, 1;
    %load/v 25, v0x22d02b0_0, 16;
    %mov 41, 0, 1;
    %add 8, 25, 17;
    %set/v v0x22d03f0_0, 8, 16;
    %set/v v0x22d0540_0, 24, 1;
    %jmp T_0.9;
T_0.1 ;
    %load/v 8, v0x22d02b0_0, 16;
    %mov 24, 0, 16;
    %inv 8, 32;
    %addi 8, 1, 32;
    %set/v v0x22d0350_0, 8, 16;
    %load/v 8, v0x22ae010_0, 16;
    %mov 24, 0, 1;
    %load/v 25, v0x22d0350_0, 16;
    %mov 41, 0, 1;
    %add 8, 25, 17;
    %set/v v0x22d03f0_0, 8, 16;
    %set/v v0x22d0620_0, 24, 1;
    %load/v 8, v0x22d0620_0, 1;
    %inv 8, 1;
    %set/v v0x22d0540_0, 8, 1;
    %jmp T_0.9;
T_0.2 ;
    %load/v 8, v0x22ae010_0, 16;
    %mov 24, 0, 16;
    %addi 8, 1, 32;
    %set/v v0x22d03f0_0, 8, 16;
    %set/v v0x22d0540_0, 24, 1;
    %jmp T_0.9;
T_0.3 ;
    %load/v 8, v0x22ae010_0, 16;
    %mov 24, 0, 16;
    %subi 8, 1, 32;
    %set/v v0x22d03f0_0, 8, 16;
    %load/v 8, v0x22ae010_0, 16;
    %nor/r 8, 8, 16;
    %set/v v0x22d0540_0, 8, 1;
    %jmp T_0.9;
T_0.4 ;
    %load/v 8, v0x22ae010_0, 16;
    %load/v 24, v0x22d02b0_0, 16;
    %and 8, 24, 16;
    %set/v v0x22d03f0_0, 8, 16;
    %jmp T_0.9;
T_0.5 ;
    %load/v 8, v0x22ae010_0, 16;
    %load/v 24, v0x22d02b0_0, 16;
    %or 8, 24, 16;
    %set/v v0x22d03f0_0, 8, 16;
    %jmp T_0.9;
T_0.6 ;
    %load/v 8, v0x22ae010_0, 16;
    %load/v 24, v0x22d02b0_0, 16;
    %xor 8, 24, 16;
    %set/v v0x22d03f0_0, 8, 16;
    %jmp T_0.9;
T_0.7 ;
    %load/v 8, v0x22ae010_0, 16;
    %inv 8, 16;
    %set/v v0x22d03f0_0, 8, 16;
    %jmp T_0.9;
T_0.8 ;
    %load/v 8, v0x22ae010_0, 16;
    %ix/load 0, 1, 0;
    %mov 4, 0, 1;
    %shiftl/i0  8, 16;
    %set/v v0x22d03f0_0, 8, 16;
    %ix/load 1, 15, 0;
    %mov 4, 0, 1;
    %jmp/1 T_0.10, 4;
    %load/x1p 8, v0x22ae010_0, 1;
    %jmp T_0.11;
T_0.10 ;
    %mov 8, 2, 1;
T_0.11 ;
; Save base=8 wid=1 in lookaside.
    %set/v v0x22d0540_0, 8, 1;
    %jmp T_0.9;
T_0.9 ;
    %load/v 8, v0x22d03f0_0, 16;
    %nor/r 8, 8, 16;
    %set/v v0x22d06c0_0, 8, 1;
    %jmp T_0;
    .thread T_0, $push;
    .scope S_0x22a4f60;
T_1 ;
    %movi 8, 1, 16;
    %set/v v0x22d07b0_0, 8, 16;
    %movi 8, 2, 16;
    %set/v v0x22d0850_0, 8, 16;
    %set/v v0x22d0a60_0, 0, 4;
    %delay 2, 0;
    %vpi_call 2 21 "$display", "\012\012A = %d, B = %d:\012\011A + B = %d\012\011Carry? : %b\011Zero? : %b", v0x22d07b0_0, v0x22d0850_0, v0x22d0980_0, v0x22d0b10_0, v0x22d0b90_0;
    %movi 8, 1, 16;
    %set/v v0x22d07b0_0, 8, 16;
    %movi 8, 2, 16;
    %set/v v0x22d0850_0, 8, 16;
    %movi 8, 1, 4;
    %set/v v0x22d0a60_0, 8, 4;
    %load/v 8, v0x22d0850_0, 16;
    %mov 24, 0, 16;
    %inv 8, 32;
    %addi 8, 1, 32;
    %set/v v0x22d0900_0, 8, 16;
    %delay 2, 0;
    %vpi_call 2 28 "$display", "\012\012A = %d, B = %d, B2comp = %d:\012\011A - B = %d\012\011Carry? : %b\011Zero? : %b", v0x22d07b0_0, v0x22d0850_0, v0x22d0900_0, v0x22d0980_0, v0x22d0b10_0, v0x22d0b90_0;
    %set/v v0x22d07b0_0, 1, 16;
    %movi 8, 2, 4;
    %set/v v0x22d0a60_0, 8, 4;
    %delay 2, 0;
    %vpi_call 2 34 "$display", "\012\012A = %d, B = %d:\012\011A + 1 = %d\012\011Carry? : %b\011Zero? : %b", v0x22d07b0_0, v0x22d0850_0, v0x22d0980_0, v0x22d0b10_0, v0x22d0b90_0;
    %set/v v0x22d07b0_0, 0, 16;
    %movi 8, 3, 4;
    %set/v v0x22d0a60_0, 8, 4;
    %delay 2, 0;
    %vpi_call 2 41 "$display", "\012\012A = %d, B = %d:\012\011A - 1 = %d\012\011Carry? : %b\011Zero? : %b", v0x22d07b0_0, v0x22d0850_0, v0x22d0980_0, v0x22d0b10_0, v0x22d0b90_0;
    %movi 8, 1, 16;
    %set/v v0x22d07b0_0, 8, 16;
    %movi 8, 2, 16;
    %set/v v0x22d0850_0, 8, 16;
    %movi 8, 4, 4;
    %set/v v0x22d0a60_0, 8, 4;
    %delay 2, 0;
    %vpi_call 2 48 "$display", "\012\012A = %b, B = %b:\012\011A & B = %b\012\011Carry? : %b\011Zero? : %b", v0x22d07b0_0, v0x22d0850_0, v0x22d0980_0, v0x22d0b10_0, v0x22d0b90_0;
    %movi 8, 1, 16;
    %set/v v0x22d07b0_0, 8, 16;
    %movi 8, 2, 16;
    %set/v v0x22d0850_0, 8, 16;
    %movi 8, 5, 4;
    %set/v v0x22d0a60_0, 8, 4;
    %delay 2, 0;
    %vpi_call 2 55 "$display", "\012\012A = %b, B = %b:\012\011A | B = %b\012\011Carry? : %b\011Zero? : %b", v0x22d07b0_0, v0x22d0850_0, v0x22d0980_0, v0x22d0b10_0, v0x22d0b90_0;
    %movi 8, 1, 16;
    %set/v v0x22d07b0_0, 8, 16;
    %movi 8, 2, 16;
    %set/v v0x22d0850_0, 8, 16;
    %movi 8, 6, 4;
    %set/v v0x22d0a60_0, 8, 4;
    %delay 2, 0;
    %vpi_call 2 62 "$display", "\012\012A = %b, B = %b:\012\011A ^ B = %b\012\011Carry? : %b\011Zero? : %b", v0x22d07b0_0, v0x22d0850_0, v0x22d0980_0, v0x22d0b10_0, v0x22d0b90_0;
    %movi 8, 1, 16;
    %set/v v0x22d07b0_0, 8, 16;
    %movi 8, 2, 16;
    %set/v v0x22d0850_0, 8, 16;
    %movi 8, 7, 4;
    %set/v v0x22d0a60_0, 8, 4;
    %delay 2, 0;
    %vpi_call 2 69 "$display", "\012\012A = %b, B = %b:\012\011~A = %b\012\011Carry? : %b\011Zero? : %b", v0x22d07b0_0, v0x22d0850_0, v0x22d0980_0, v0x22d0b10_0, v0x22d0b90_0;
    %movi 8, 1, 16;
    %set/v v0x22d07b0_0, 8, 16;
    %movi 8, 2, 16;
    %set/v v0x22d0850_0, 8, 16;
    %movi 8, 8, 4;
    %set/v v0x22d0a60_0, 8, 4;
    %delay 2, 0;
    %vpi_call 2 76 "$display", "\012\012A = %b:\012\011A << 1 = %b\012\011Carry? : %b\011Zero? : %b", v0x22d07b0_0, v0x22d0980_0, v0x22d0b10_0, v0x22d0b90_0;
    %vpi_call 2 80 "$finish";
    %end;
    .thread T_1;
# The file index is used to find the file name in the following table.
:file_names 4;
    "N/A";
    "<interactive>";
    "ALU_tb.v";
    "./ALU.v";
