#! /usr/bin/vvp
:ivl_version "0.9.7 " "(v0_9_7)";
:vpi_time_precision + 0;
:vpi_module "system";
:vpi_module "v2005_math";
:vpi_module "va_math";
S_0x13faf70 .scope module, "Test_Rrotate16_gen" "Test_Rrotate16_gen" 2 3;
 .timescale 0 0;
v0x1421ea0_0 .var "A", 15 0;
RS_0x7fea7db901c8/0/0 .resolv tri, L_0x1432560, L_0x1422ec0, L_0x1442180, L_0x14427c0;
RS_0x7fea7db901c8/0/4 .resolv tri, L_0x1442680, L_0x1443710, L_0x14435b0, L_0x1442510;
RS_0x7fea7db901c8/0/8 .resolv tri, L_0x1443d70, L_0x1443be0, L_0x1444060, L_0x1443eb0;
RS_0x7fea7db901c8/0/12 .resolv tri, L_0x1444370, L_0x14441a0, L_0x1443850, L_0x1444500;
RS_0x7fea7db901c8 .resolv tri, RS_0x7fea7db901c8/0/0, RS_0x7fea7db901c8/0/4, RS_0x7fea7db901c8/0/8, RS_0x7fea7db901c8/0/12;
v0x14220f0_0 .net8 "OUT", 15 0, RS_0x7fea7db901c8; 16 drivers
v0x1422170_0 .var "shr", 3 0;
S_0x13f95d0 .scope module, "s1" "Rrotate16_gen" 2 10, 3 3, S_0x13faf70;
 .timescale 0 0;
v0x1420480_0 .net "A", 15 0, v0x1421ea0_0; 1 drivers
RS_0x7fea7db8f418/0/0 .resolv tri, L_0x14221f0, L_0x1422420, L_0x14225b0, L_0x1422810;
RS_0x7fea7db8f418/0/4 .resolv tri, L_0x14229a0, L_0x1422b30, L_0x1422c70, L_0x1422fd0;
RS_0x7fea7db8f418/0/8 .resolv tri, L_0x1423160, L_0x1423390, L_0x14232f0, L_0x14234d0;
RS_0x7fea7db8f418/0/12 .resolv tri, L_0x1423670, L_0x1423820, L_0x14239e0, L_0x1423bb0;
RS_0x7fea7db8f418 .resolv tri, RS_0x7fea7db8f418/0/0, RS_0x7fea7db8f418/0/4, RS_0x7fea7db8f418/0/8, RS_0x7fea7db8f418/0/12;
v0x1420540_0 .net8 "Arev", 15 0, RS_0x7fea7db8f418; 16 drivers
v0x14205c0_0 .alias "OUT", 15 0, v0x14220f0_0;
v0x1420640_0 .net "OUTrev", 15 0, L_0x143d2f0; 1 drivers
v0x14209f0_0 .net *"_s103", 0 0, L_0x1443c80; 1 drivers
v0x1420a70_0 .net *"_s107", 0 0, L_0x1444100; 1 drivers
v0x1420af0_0 .net *"_s11", 0 0, L_0x14226e0; 1 drivers
v0x1420b90_0 .net *"_s111", 0 0, L_0x1443f50; 1 drivers
v0x1420c30_0 .net *"_s115", 0 0, L_0x1444410; 1 drivers
v0x1420cd0_0 .net *"_s119", 0 0, L_0x1444240; 1 drivers
v0x1420d70_0 .net *"_s123", 0 0, L_0x1443aa0; 1 drivers
v0x1420e10_0 .net *"_s127", 0 0, L_0x14445a0; 1 drivers
v0x1420eb0_0 .net *"_s15", 0 0, L_0x14228b0; 1 drivers
v0x1420f50_0 .net *"_s19", 0 0, L_0x1422a40; 1 drivers
v0x1421070_0 .net *"_s23", 0 0, L_0x1422bd0; 1 drivers
v0x1421110_0 .net *"_s27", 0 0, L_0x1422e20; 1 drivers
v0x1420fd0_0 .net *"_s3", 0 0, L_0x14222e0; 1 drivers
v0x1421260_0 .net *"_s31", 0 0, L_0x1423070; 1 drivers
v0x1421380_0 .net *"_s35", 0 0, L_0x1423200; 1 drivers
v0x1421400_0 .net *"_s39", 0 0, L_0x1423430; 1 drivers
v0x14212e0_0 .net *"_s43", 0 0, L_0x1423580; 1 drivers
v0x1421530_0 .net *"_s47", 0 0, L_0x1423730; 1 drivers
v0x1421480_0 .net *"_s51", 0 0, L_0x14238f0; 1 drivers
v0x1421670_0 .net *"_s55", 0 0, L_0x1423ac0; 1 drivers
v0x14215d0_0 .net *"_s59", 0 0, L_0x1422d10; 1 drivers
v0x14217c0_0 .net *"_s63", 0 0, L_0x14240c0; 1 drivers
v0x1421710_0 .net *"_s67", 0 0, L_0x1442090; 1 drivers
v0x1421920_0 .net *"_s7", 0 0, L_0x14224c0; 1 drivers
v0x1421860_0 .net *"_s71", 0 0, L_0x14422a0; 1 drivers
v0x1421a90_0 .net *"_s75", 0 0, L_0x14425e0; 1 drivers
v0x14219a0_0 .net *"_s79", 0 0, L_0x1442420; 1 drivers
v0x1421c10_0 .net *"_s83", 0 0, L_0x1442720; 1 drivers
v0x1421b10_0 .net *"_s87", 0 0, L_0x14437b0; 1 drivers
v0x1421da0_0 .net *"_s91", 0 0, L_0x1443650; 1 drivers
v0x1421c90_0 .net *"_s95", 0 0, L_0x1443960; 1 drivers
v0x1421f40_0 .net *"_s99", 0 0, L_0x1443e10; 1 drivers
v0x1421e20_0 .net "shr", 3 0, v0x1422170_0; 1 drivers
L_0x14221f0 .part/pv L_0x14222e0, 15, 1, 16;
L_0x14222e0 .part v0x1421ea0_0, 0, 1;
L_0x1422420 .part/pv L_0x14224c0, 14, 1, 16;
L_0x14224c0 .part v0x1421ea0_0, 1, 1;
L_0x14225b0 .part/pv L_0x14226e0, 13, 1, 16;
L_0x14226e0 .part v0x1421ea0_0, 2, 1;
L_0x1422810 .part/pv L_0x14228b0, 12, 1, 16;
L_0x14228b0 .part v0x1421ea0_0, 3, 1;
L_0x14229a0 .part/pv L_0x1422a40, 11, 1, 16;
L_0x1422a40 .part v0x1421ea0_0, 4, 1;
L_0x1422b30 .part/pv L_0x1422bd0, 10, 1, 16;
L_0x1422bd0 .part v0x1421ea0_0, 5, 1;
L_0x1422c70 .part/pv L_0x1422e20, 9, 1, 16;
L_0x1422e20 .part v0x1421ea0_0, 6, 1;
L_0x1422fd0 .part/pv L_0x1423070, 8, 1, 16;
L_0x1423070 .part v0x1421ea0_0, 7, 1;
L_0x1423160 .part/pv L_0x1423200, 7, 1, 16;
L_0x1423200 .part v0x1421ea0_0, 8, 1;
L_0x1423390 .part/pv L_0x1423430, 6, 1, 16;
L_0x1423430 .part v0x1421ea0_0, 9, 1;
L_0x14232f0 .part/pv L_0x1423580, 5, 1, 16;
L_0x1423580 .part v0x1421ea0_0, 10, 1;
L_0x14234d0 .part/pv L_0x1423730, 4, 1, 16;
L_0x1423730 .part v0x1421ea0_0, 11, 1;
L_0x1423670 .part/pv L_0x14238f0, 3, 1, 16;
L_0x14238f0 .part v0x1421ea0_0, 12, 1;
L_0x1423820 .part/pv L_0x1423ac0, 2, 1, 16;
L_0x1423ac0 .part v0x1421ea0_0, 13, 1;
L_0x14239e0 .part/pv L_0x1422d10, 1, 1, 16;
L_0x1422d10 .part v0x1421ea0_0, 14, 1;
L_0x1423bb0 .part/pv L_0x14240c0, 0, 1, 16;
L_0x14240c0 .part v0x1421ea0_0, 15, 1;
L_0x1432560 .part/pv L_0x1442090, 15, 1, 16;
L_0x1442090 .part L_0x143d2f0, 0, 1;
L_0x1422ec0 .part/pv L_0x14422a0, 14, 1, 16;
L_0x14422a0 .part L_0x143d2f0, 1, 1;
L_0x1442180 .part/pv L_0x14425e0, 13, 1, 16;
L_0x14425e0 .part L_0x143d2f0, 2, 1;
L_0x14427c0 .part/pv L_0x1442420, 12, 1, 16;
L_0x1442420 .part L_0x143d2f0, 3, 1;
L_0x1442680 .part/pv L_0x1442720, 11, 1, 16;
L_0x1442720 .part L_0x143d2f0, 4, 1;
L_0x1443710 .part/pv L_0x14437b0, 10, 1, 16;
L_0x14437b0 .part L_0x143d2f0, 5, 1;
L_0x14435b0 .part/pv L_0x1443650, 9, 1, 16;
L_0x1443650 .part L_0x143d2f0, 6, 1;
L_0x1442510 .part/pv L_0x1443960, 8, 1, 16;
L_0x1443960 .part L_0x143d2f0, 7, 1;
L_0x1443d70 .part/pv L_0x1443e10, 7, 1, 16;
L_0x1443e10 .part L_0x143d2f0, 8, 1;
L_0x1443be0 .part/pv L_0x1443c80, 6, 1, 16;
L_0x1443c80 .part L_0x143d2f0, 9, 1;
L_0x1444060 .part/pv L_0x1444100, 5, 1, 16;
L_0x1444100 .part L_0x143d2f0, 10, 1;
L_0x1443eb0 .part/pv L_0x1443f50, 4, 1, 16;
L_0x1443f50 .part L_0x143d2f0, 11, 1;
L_0x1444370 .part/pv L_0x1444410, 3, 1, 16;
L_0x1444410 .part L_0x143d2f0, 12, 1;
L_0x14441a0 .part/pv L_0x1444240, 2, 1, 16;
L_0x1444240 .part L_0x143d2f0, 13, 1;
L_0x1443850 .part/pv L_0x1443aa0, 1, 1, 16;
L_0x1443aa0 .part L_0x143d2f0, 14, 1;
L_0x1444500 .part/pv L_0x14445a0, 0, 1, 16;
L_0x14445a0 .part L_0x143d2f0, 15, 1;
S_0x13f7c30 .scope module, "L" "Lrotate16" 3 29, 4 3, S_0x13f95d0;
 .timescale 0 0;
L_0x1424640 .functor NOT 1, L_0x14245a0, C4<0>, C4<0>, C4<0>;
L_0x1424db0 .functor NOT 1, L_0x1424c80, C4<0>, C4<0>, C4<0>;
L_0x1425570 .functor NOT 1, L_0x14254d0, C4<0>, C4<0>, C4<0>;
L_0x1425c50 .functor NOT 1, L_0x1425bb0, C4<0>, C4<0>, C4<0>;
L_0x1425e30 .functor NOT 1, L_0x1426460, C4<0>, C4<0>, C4<0>;
L_0x1424d20 .functor NOT 1, L_0x1426640, C4<0>, C4<0>, C4<0>;
L_0x14273d0 .functor NOT 1, L_0x1426e40, C4<0>, C4<0>, C4<0>;
L_0x1421190 .functor NOT 1, L_0x1427570, C4<0>, C4<0>, C4<0>;
L_0x14283f0 .functor NOT 1, L_0x1428350, C4<0>, C4<0>, C4<0>;
L_0x1428630 .functor NOT 1, L_0x1428590, C4<0>, C4<0>, C4<0>;
L_0x1428d70 .functor NOT 1, L_0x1428cd0, C4<0>, C4<0>, C4<0>;
L_0x14294a0 .functor NOT 1, L_0x1429400, C4<0>, C4<0>, C4<0>;
L_0x1429bc0 .functor NOT 1, L_0x1429b20, C4<0>, C4<0>, C4<0>;
L_0x142a310 .functor NOT 1, L_0x142a270, C4<0>, C4<0>, C4<0>;
L_0x142ac60 .functor NOT 1, L_0x142abc0, C4<0>, C4<0>, C4<0>;
L_0x142b330 .functor NOT 1, L_0x142b290, C4<0>, C4<0>, C4<0>;
L_0x142bcb0 .functor NOT 1, L_0x142bc10, C4<0>, C4<0>, C4<0>;
L_0x142c360 .functor NOT 1, L_0x142c2c0, C4<0>, C4<0>, C4<0>;
L_0x142cb50 .functor NOT 1, L_0x142cab0, C4<0>, C4<0>, C4<0>;
L_0x142d020 .functor NOT 1, L_0x142cf80, C4<0>, C4<0>, C4<0>;
L_0x142da40 .functor NOT 1, L_0x142d9a0, C4<0>, C4<0>, C4<0>;
L_0x142df00 .functor NOT 1, L_0x142de60, C4<0>, C4<0>, C4<0>;
L_0x142e600 .functor NOT 1, L_0x142e560, C4<0>, C4<0>, C4<0>;
L_0x142baa0 .functor NOT 1, L_0x142ba00, C4<0>, C4<0>, C4<0>;
L_0x142f850 .functor NOT 1, L_0x142f7b0, C4<0>, C4<0>, C4<0>;
L_0x142fde0 .functor NOT 1, L_0x142fd40, C4<0>, C4<0>, C4<0>;
L_0x14304f0 .functor NOT 1, L_0x1430450, C4<0>, C4<0>, C4<0>;
L_0x1430c30 .functor NOT 1, L_0x1430b90, C4<0>, C4<0>, C4<0>;
L_0x1431330 .functor NOT 1, L_0x1431290, C4<0>, C4<0>, C4<0>;
L_0x142a910 .functor NOT 1, L_0x1431a00, C4<0>, C4<0>, C4<0>;
L_0x14323c0 .functor NOT 1, L_0x1432320, C4<0>, C4<0>, C4<0>;
L_0x1432e30 .functor NOT 1, L_0x1432d90, C4<0>, C4<0>, C4<0>;
L_0x1433540 .functor NOT 1, L_0x14334a0, C4<0>, C4<0>, C4<0>;
L_0x1433de0 .functor NOT 1, L_0x1433d40, C4<0>, C4<0>, C4<0>;
L_0x14342b0 .functor NOT 1, L_0x1434210, C4<0>, C4<0>, C4<0>;
L_0x1434a30 .functor NOT 1, L_0x1434990, C4<0>, C4<0>, C4<0>;
L_0x1435130 .functor NOT 1, L_0x1435090, C4<0>, C4<0>, C4<0>;
L_0x14358a0 .functor NOT 1, L_0x1435800, C4<0>, C4<0>, C4<0>;
L_0x1436030 .functor NOT 1, L_0x1435f90, C4<0>, C4<0>, C4<0>;
L_0x1433710 .functor NOT 1, L_0x1433670, C4<0>, C4<0>, C4<0>;
L_0x1437300 .functor NOT 1, L_0x1437260, C4<0>, C4<0>, C4<0>;
L_0x14378b0 .functor NOT 1, L_0x1437810, C4<0>, C4<0>, C4<0>;
L_0x1437fc0 .functor NOT 1, L_0x1437f20, C4<0>, C4<0>, C4<0>;
L_0x1438740 .functor NOT 1, L_0x14386a0, C4<0>, C4<0>, C4<0>;
L_0x1438e90 .functor NOT 1, L_0x1438df0, C4<0>, C4<0>, C4<0>;
L_0x1439600 .functor NOT 1, L_0x1439560, C4<0>, C4<0>, C4<0>;
L_0x1439d40 .functor NOT 1, L_0x1439ca0, C4<0>, C4<0>, C4<0>;
L_0x143a4a0 .functor NOT 1, L_0x143a400, C4<0>, C4<0>, C4<0>;
L_0x143abd0 .functor NOT 1, L_0x143ab30, C4<0>, C4<0>, C4<0>;
L_0x143b410 .functor NOT 1, L_0x143b370, C4<0>, C4<0>, C4<0>;
L_0x143bb80 .functor NOT 1, L_0x143bae0, C4<0>, C4<0>, C4<0>;
L_0x143c310 .functor NOT 1, L_0x143c270, C4<0>, C4<0>, C4<0>;
L_0x143ca20 .functor NOT 1, L_0x143c980, C4<0>, C4<0>, C4<0>;
L_0x143d1f0 .functor NOT 1, L_0x143d150, C4<0>, C4<0>, C4<0>;
L_0x143d940 .functor NOT 1, L_0x143d8a0, C4<0>, C4<0>, C4<0>;
L_0x143a780 .functor NOT 1, L_0x143a6e0, C4<0>, C4<0>, C4<0>;
L_0x143e6a0 .functor NOT 1, L_0x143e600, C4<0>, C4<0>, C4<0>;
L_0x143f0d0 .functor NOT 1, L_0x143f030, C4<0>, C4<0>, C4<0>;
L_0x143f770 .functor NOT 1, L_0x143f6d0, C4<0>, C4<0>, C4<0>;
L_0x143fd80 .functor NOT 1, L_0x143fce0, C4<0>, C4<0>, C4<0>;
L_0x1440f70 .functor NOT 1, L_0x1440ed0, C4<0>, C4<0>, C4<0>;
L_0x1440ca0 .functor NOT 1, L_0x1440c00, C4<0>, C4<0>, C4<0>;
L_0x14411b0 .functor NOT 1, L_0x1441110, C4<0>, C4<0>, C4<0>;
L_0x14417f0 .functor NOT 1, L_0x1442890, C4<0>, C4<0>, C4<0>;
RS_0x7fea7db90108/0/0 .resolv tri, L_0x143ac80, L_0x143a550, L_0x143bc30, L_0x143b4c0;
RS_0x7fea7db90108/0/4 .resolv tri, L_0x143cad0, L_0x143c3c0, L_0x143d9f0, L_0x143a830;
RS_0x7fea7db90108/0/8 .resolv tri, L_0x143f2d0, L_0x143f180, L_0x143f820, L_0x143fb00;
RS_0x7fea7db90108/0/12 .resolv tri, L_0x1440fd0, L_0x1440d50, L_0x1441260, L_0x14324c0;
RS_0x7fea7db90108 .resolv tri, RS_0x7fea7db90108/0/0, RS_0x7fea7db90108/0/4, RS_0x7fea7db90108/0/8, RS_0x7fea7db90108/0/12;
L_0x143d2f0 .functor BUFZ 16, RS_0x7fea7db90108, C4<0000000000000000>, C4<0000000000000000>, C4<0000000000000000>;
v0x141d650_0 .alias "A", 15 0, v0x1420540_0;
v0x141d710_0 .alias "OUT", 15 0, v0x1420640_0;
v0x141d7b0_0 .net *"_s105", 0 0, L_0x1428cd0; 1 drivers
v0x141d850_0 .net *"_s115", 0 0, L_0x1429400; 1 drivers
v0x141d8d0_0 .net *"_s125", 0 0, L_0x1429b20; 1 drivers
v0x141d970_0 .net *"_s135", 0 0, L_0x142a270; 1 drivers
v0x141da50_0 .net *"_s145", 0 0, L_0x142abc0; 1 drivers
v0x141daf0_0 .net *"_s15", 0 0, L_0x1424c80; 1 drivers
v0x141dbe0_0 .net *"_s155", 0 0, L_0x142b290; 1 drivers
v0x141dc80_0 .net *"_s165", 0 0, L_0x142bc10; 1 drivers
v0x141dd80_0 .net *"_s175", 0 0, L_0x142c2c0; 1 drivers
v0x141de20_0 .net *"_s185", 0 0, L_0x142cab0; 1 drivers
v0x141df30_0 .net *"_s195", 0 0, L_0x142cf80; 1 drivers
v0x141dfd0_0 .net *"_s205", 0 0, L_0x142d9a0; 1 drivers
v0x141e0f0_0 .net *"_s215", 0 0, L_0x142de60; 1 drivers
v0x141e190_0 .net *"_s225", 0 0, L_0x142e560; 1 drivers
v0x141e050_0 .net *"_s235", 0 0, L_0x142ba00; 1 drivers
v0x141e2e0_0 .net *"_s245", 0 0, L_0x142f7b0; 1 drivers
v0x141e400_0 .net *"_s25", 0 0, L_0x14254d0; 1 drivers
v0x141e480_0 .net *"_s255", 0 0, L_0x142fd40; 1 drivers
v0x141e360_0 .net *"_s265", 0 0, L_0x1430450; 1 drivers
v0x141e5b0_0 .net *"_s275", 0 0, L_0x1430b90; 1 drivers
v0x141e500_0 .net *"_s285", 0 0, L_0x1431290; 1 drivers
v0x141e6f0_0 .net *"_s295", 0 0, L_0x1431a00; 1 drivers
v0x141e650_0 .net *"_s305", 0 0, L_0x1432320; 1 drivers
v0x141e840_0 .net *"_s315", 0 0, L_0x1432d90; 1 drivers
v0x141e790_0 .net *"_s325", 0 0, L_0x14334a0; 1 drivers
v0x141e9a0_0 .net *"_s335", 0 0, L_0x1433d40; 1 drivers
v0x141e8e0_0 .net *"_s345", 0 0, L_0x1434210; 1 drivers
v0x141eb10_0 .net *"_s35", 0 0, L_0x1425bb0; 1 drivers
v0x141ea20_0 .net *"_s355", 0 0, L_0x1434990; 1 drivers
v0x141ec90_0 .net *"_s365", 0 0, L_0x1435090; 1 drivers
v0x141eb90_0 .net *"_s375", 0 0, L_0x1435800; 1 drivers
v0x141ee20_0 .net *"_s385", 0 0, L_0x1435f90; 1 drivers
v0x141ed10_0 .net *"_s395", 0 0, L_0x1433670; 1 drivers
v0x141efc0_0 .net *"_s405", 0 0, L_0x1437260; 1 drivers
v0x141eea0_0 .net *"_s415", 0 0, L_0x1437810; 1 drivers
v0x141ef40_0 .net *"_s425", 0 0, L_0x1437f20; 1 drivers
v0x141f180_0 .net *"_s435", 0 0, L_0x14386a0; 1 drivers
v0x141f200_0 .net *"_s445", 0 0, L_0x1438df0; 1 drivers
v0x141f040_0 .net *"_s45", 0 0, L_0x1426460; 1 drivers
v0x141f0e0_0 .net *"_s455", 0 0, L_0x1439560; 1 drivers
v0x141f3e0_0 .net *"_s465", 0 0, L_0x1439ca0; 1 drivers
v0x141f460_0 .net *"_s475", 0 0, L_0x143a400; 1 drivers
v0x141f280_0 .net *"_s485", 0 0, L_0x143ab30; 1 drivers
v0x141f320_0 .net *"_s495", 0 0, L_0x143b370; 1 drivers
v0x141f660_0 .net *"_s5", 0 0, L_0x14245a0; 1 drivers
v0x141f6e0_0 .net *"_s505", 0 0, L_0x143bae0; 1 drivers
v0x141f500_0 .net *"_s515", 0 0, L_0x143c270; 1 drivers
v0x141f5a0_0 .net *"_s525", 0 0, L_0x143c980; 1 drivers
v0x141f900_0 .net *"_s535", 0 0, L_0x143d150; 1 drivers
v0x141f980_0 .net *"_s545", 0 0, L_0x143d8a0; 1 drivers
v0x141f780_0 .net *"_s55", 0 0, L_0x1426640; 1 drivers
v0x141f820_0 .net *"_s555", 0 0, L_0x143a6e0; 1 drivers
v0x141fbc0_0 .net *"_s565", 0 0, L_0x143e600; 1 drivers
v0x141fc40_0 .net *"_s575", 0 0, L_0x143f030; 1 drivers
v0x141fa00_0 .net *"_s585", 0 0, L_0x143f6d0; 1 drivers
v0x141faa0_0 .net *"_s595", 0 0, L_0x143fce0; 1 drivers
v0x141fb40_0 .net *"_s605", 0 0, L_0x1440ed0; 1 drivers
v0x141fec0_0 .net *"_s615", 0 0, L_0x1440c00; 1 drivers
v0x141fce0_0 .net *"_s625", 0 0, L_0x1441110; 1 drivers
v0x141fd80_0 .net *"_s635", 0 0, L_0x1442890; 1 drivers
v0x141fe20_0 .net *"_s65", 0 0, L_0x1426e40; 1 drivers
v0x1420160_0 .net *"_s75", 0 0, L_0x1427570; 1 drivers
v0x141ff60_0 .net *"_s85", 0 0, L_0x1428350; 1 drivers
v0x1420000_0 .net *"_s95", 0 0, L_0x1428590; 1 drivers
RS_0x7fea7db90078/0/0 .resolv tri, L_0x14246f0, L_0x1424e10, L_0x14255d0, L_0x1425d00;
RS_0x7fea7db90078/0/4 .resolv tri, L_0x1426550, L_0x1426d50, L_0x1427480, L_0x1427d60;
RS_0x7fea7db90078/0/8 .resolv tri, L_0x14284a0, L_0x1428be0, L_0x1429310, L_0x1429a30;
RS_0x7fea7db90078/0/12 .resolv tri, L_0x142a180, L_0x142ab20, L_0x142b1f0, L_0x142b960;
RS_0x7fea7db90078 .resolv tri, RS_0x7fea7db90078/0/0, RS_0x7fea7db90078/0/4, RS_0x7fea7db90078/0/8, RS_0x7fea7db90078/0/12;
v0x14200a0_0 .net8 "m0", 15 0, RS_0x7fea7db90078; 16 drivers
RS_0x7fea7db900a8/0/0 .resolv tri, L_0x142bd60, L_0x142c410, L_0x142cc00, L_0x142b3e0;
RS_0x7fea7db900a8/0/4 .resolv tri, L_0x142daf0, L_0x142e070, L_0x142e6b0, L_0x142bb50;
RS_0x7fea7db900a8/0/8 .resolv tri, L_0x142f900, L_0x142ec70, L_0x14305a0, L_0x142fe90;
RS_0x7fea7db900a8/0/12 .resolv tri, L_0x14313e0, L_0x1430ce0, L_0x1432cf0, L_0x142a9c0;
RS_0x7fea7db900a8 .resolv tri, RS_0x7fea7db900a8/0/0, RS_0x7fea7db900a8/0/4, RS_0x7fea7db900a8/0/8, RS_0x7fea7db900a8/0/12;
v0x1420400_0 .net8 "m1", 15 0, RS_0x7fea7db900a8; 16 drivers
RS_0x7fea7db900d8/0/0 .resolv tri, L_0x1433ca0, L_0x1432ee0, L_0x1434360, L_0x1433e90;
RS_0x7fea7db900d8/0/4 .resolv tri, L_0x14351e0, L_0x1434ae0, L_0x14360e0, L_0x14337c0;
RS_0x7fea7db900d8/0/8 .resolv tri, L_0x14373b0, L_0x14366e0, L_0x1438070, L_0x1437960;
RS_0x7fea7db900d8/0/12 .resolv tri, L_0x1438f40, L_0x14387f0, L_0x1439df0, L_0x14396b0;
RS_0x7fea7db900d8 .resolv tri, RS_0x7fea7db900d8/0/0, RS_0x7fea7db900d8/0/4, RS_0x7fea7db900d8/0/8, RS_0x7fea7db900d8/0/12;
v0x1420200_0 .net8 "m2", 15 0, RS_0x7fea7db900d8; 16 drivers
v0x14202a0_0 .net8 "m3", 15 0, RS_0x7fea7db90108; 16 drivers
v0x1420340_0 .alias "shl", 3 0, v0x1421e20_0;
v0x14206c0_0 .var "z", 0 0;
L_0x14243c0 .part RS_0x7fea7db8f418, 15, 1;
L_0x14244b0 .part RS_0x7fea7db8f418, 0, 1;
L_0x14245a0 .part v0x1422170_0, 0, 1;
L_0x14246f0 .part/pv L_0x14242c0, 0, 1, 16;
L_0x1424aa0 .part RS_0x7fea7db8f418, 0, 1;
L_0x1424b90 .part RS_0x7fea7db8f418, 1, 1;
L_0x1424c80 .part v0x1422170_0, 0, 1;
L_0x1424e10 .part/pv L_0x14249a0, 1, 1, 16;
L_0x1425290 .part RS_0x7fea7db8f418, 1, 1;
L_0x1425380 .part RS_0x7fea7db8f418, 2, 1;
L_0x14254d0 .part v0x1422170_0, 0, 1;
L_0x14255d0 .part/pv L_0x1425160, 2, 1, 16;
L_0x1425950 .part RS_0x7fea7db8f418, 2, 1;
L_0x1425a40 .part RS_0x7fea7db8f418, 3, 1;
L_0x1425bb0 .part v0x1422170_0, 0, 1;
L_0x1425d00 .part/pv L_0x1425820, 3, 1, 16;
L_0x14261e0 .part RS_0x7fea7db8f418, 3, 1;
L_0x14262d0 .part RS_0x7fea7db8f418, 4, 1;
L_0x1426460 .part v0x1422170_0, 0, 1;
L_0x1426550 .part/pv L_0x14260b0, 4, 1, 16;
L_0x1426950 .part RS_0x7fea7db8f418, 4, 1;
L_0x1426a40 .part RS_0x7fea7db8f418, 5, 1;
L_0x1426640 .part v0x1422170_0, 0, 1;
L_0x1426d50 .part/pv L_0x1426850, 5, 1, 16;
L_0x1427110 .part RS_0x7fea7db8f418, 5, 1;
L_0x1427200 .part RS_0x7fea7db8f418, 6, 1;
L_0x1426e40 .part v0x1422170_0, 0, 1;
L_0x1427480 .part/pv L_0x1427010, 6, 1, 16;
L_0x1427860 .part RS_0x7fea7db8f418, 6, 1;
L_0x1423ca0 .part RS_0x7fea7db8f418, 7, 1;
L_0x1427570 .part v0x1422170_0, 0, 1;
L_0x1427d60 .part/pv L_0x1427760, 7, 1, 16;
L_0x1428170 .part RS_0x7fea7db8f418, 7, 1;
L_0x1428260 .part RS_0x7fea7db8f418, 8, 1;
L_0x1428350 .part v0x1422170_0, 0, 1;
L_0x14284a0 .part/pv L_0x1428070, 8, 1, 16;
L_0x1428870 .part RS_0x7fea7db8f418, 8, 1;
L_0x1428960 .part RS_0x7fea7db8f418, 9, 1;
L_0x1428590 .part v0x1422170_0, 0, 1;
L_0x1428be0 .part/pv L_0x1428770, 9, 1, 16;
L_0x1428fd0 .part RS_0x7fea7db8f418, 9, 1;
L_0x14290c0 .part RS_0x7fea7db8f418, 10, 1;
L_0x1428cd0 .part v0x1422170_0, 0, 1;
L_0x1429310 .part/pv L_0x1428ed0, 10, 1, 16;
L_0x14296d0 .part RS_0x7fea7db8f418, 10, 1;
L_0x14297c0 .part RS_0x7fea7db8f418, 11, 1;
L_0x1429400 .part v0x1422170_0, 0, 1;
L_0x1429a30 .part/pv L_0x14295d0, 11, 1, 16;
L_0x1429e00 .part RS_0x7fea7db8f418, 11, 1;
L_0x1429ef0 .part RS_0x7fea7db8f418, 12, 1;
L_0x1429b20 .part v0x1422170_0, 0, 1;
L_0x142a180 .part/pv L_0x1429d00, 12, 1, 16;
L_0x142a570 .part RS_0x7fea7db8f418, 12, 1;
L_0x142a660 .part RS_0x7fea7db8f418, 13, 1;
L_0x142a270 .part v0x1422170_0, 0, 1;
L_0x142ab20 .part/pv L_0x142a470, 13, 1, 16;
L_0x142ae30 .part RS_0x7fea7db8f418, 13, 1;
L_0x142af20 .part RS_0x7fea7db8f418, 14, 1;
L_0x142abc0 .part v0x1422170_0, 0, 1;
L_0x142b1f0 .part/pv L_0x142a8b0, 14, 1, 16;
L_0x142b580 .part RS_0x7fea7db8f418, 14, 1;
L_0x142b670 .part RS_0x7fea7db8f418, 15, 1;
L_0x142b290 .part v0x1422170_0, 0, 1;
L_0x142b960 .part/pv L_0x142b480, 15, 1, 16;
L_0x142be70 .part RS_0x7fea7db90078, 14, 1;
L_0x142bf60 .part RS_0x7fea7db90078, 0, 1;
L_0x142bc10 .part v0x1422170_0, 1, 1;
L_0x142bd60 .part/pv L_0x142b860, 0, 1, 16;
L_0x142c5f0 .part RS_0x7fea7db90078, 15, 1;
L_0x142c6e0 .part RS_0x7fea7db90078, 1, 1;
L_0x142c2c0 .part v0x1422170_0, 1, 1;
L_0x142c410 .part/pv L_0x142c4f0, 1, 1, 16;
L_0x142cda0 .part RS_0x7fea7db90078, 0, 1;
L_0x142ce90 .part RS_0x7fea7db90078, 2, 1;
L_0x142cab0 .part v0x1422170_0, 1, 1;
L_0x142cc00 .part/pv L_0x142c990, 2, 1, 16;
L_0x142d4b0 .part RS_0x7fea7db90078, 1, 1;
L_0x142d5a0 .part RS_0x7fea7db90078, 3, 1;
L_0x142cf80 .part v0x1422170_0, 1, 1;
L_0x142b3e0 .part/pv L_0x142d3b0, 3, 1, 16;
L_0x142dc80 .part RS_0x7fea7db90078, 2, 1;
L_0x142dd70 .part RS_0x7fea7db90078, 4, 1;
L_0x142d9a0 .part v0x1422170_0, 1, 1;
L_0x142daf0 .part/pv L_0x142d820, 4, 1, 16;
L_0x142e380 .part RS_0x7fea7db90078, 3, 1;
L_0x142e470 .part RS_0x7fea7db90078, 5, 1;
L_0x142de60 .part v0x1422170_0, 1, 1;
L_0x142e070 .part/pv L_0x142e280, 5, 1, 16;
L_0x142ea90 .part RS_0x7fea7db90078, 4, 1;
L_0x142eb80 .part RS_0x7fea7db90078, 6, 1;
L_0x142e560 .part v0x1422170_0, 1, 1;
L_0x142e6b0 .part/pv L_0x142e990, 6, 1, 16;
L_0x142f1c0 .part RS_0x7fea7db90078, 5, 1;
L_0x142f2b0 .part RS_0x7fea7db90078, 7, 1;
L_0x142ba00 .part v0x1422170_0, 1, 1;
L_0x142bb50 .part/pv L_0x142f0c0, 7, 1, 16;
L_0x142fb60 .part RS_0x7fea7db90078, 6, 1;
L_0x142fc50 .part RS_0x7fea7db90078, 8, 1;
L_0x142f7b0 .part v0x1422170_0, 1, 1;
L_0x142f900 .part/pv L_0x142eea0, 8, 1, 16;
L_0x1430270 .part RS_0x7fea7db90078, 7, 1;
L_0x1430360 .part RS_0x7fea7db90078, 9, 1;
L_0x142fd40 .part v0x1422170_0, 1, 1;
L_0x142ec70 .part/pv L_0x1430170, 9, 1, 16;
L_0x14309b0 .part RS_0x7fea7db90078, 8, 1;
L_0x1430aa0 .part RS_0x7fea7db90078, 10, 1;
L_0x1430450 .part v0x1422170_0, 1, 1;
L_0x14305a0 .part/pv L_0x14308b0, 10, 1, 16;
L_0x14310b0 .part RS_0x7fea7db90078, 9, 1;
L_0x14311a0 .part RS_0x7fea7db90078, 11, 1;
L_0x1430b90 .part v0x1422170_0, 1, 1;
L_0x142fe90 .part/pv L_0x1430fb0, 11, 1, 16;
L_0x1431820 .part RS_0x7fea7db90078, 10, 1;
L_0x1431910 .part RS_0x7fea7db90078, 12, 1;
L_0x1431290 .part v0x1422170_0, 1, 1;
L_0x14313e0 .part/pv L_0x1431720, 12, 1, 16;
L_0x1431f60 .part RS_0x7fea7db90078, 11, 1;
L_0x1432050 .part RS_0x7fea7db90078, 13, 1;
L_0x1431a00 .part v0x1422170_0, 1, 1;
L_0x1430ce0 .part/pv L_0x1431e60, 13, 1, 16;
L_0x1432140 .part RS_0x7fea7db90078, 12, 1;
L_0x1432230 .part RS_0x7fea7db90078, 14, 1;
L_0x1432320 .part v0x1422170_0, 1, 1;
L_0x1432cf0 .part/pv L_0x1431c60, 14, 1, 16;
L_0x1432c00 .part RS_0x7fea7db90078, 13, 1;
L_0x1433180 .part RS_0x7fea7db90078, 15, 1;
L_0x1432d90 .part v0x1422170_0, 1, 1;
L_0x142a9c0 .part/pv L_0x1432ad0, 15, 1, 16;
L_0x14332c0 .part RS_0x7fea7db900a8, 12, 1;
L_0x14333b0 .part RS_0x7fea7db900a8, 0, 1;
L_0x14334a0 .part v0x1422170_0, 2, 1;
L_0x1433ca0 .part/pv L_0x14330a0, 0, 1, 16;
L_0x1433b40 .part RS_0x7fea7db900a8, 13, 1;
L_0x1434170 .part RS_0x7fea7db900a8, 1, 1;
L_0x1433d40 .part v0x1422170_0, 2, 1;
L_0x1432ee0 .part/pv L_0x1433a40, 1, 1, 16;
L_0x14347b0 .part RS_0x7fea7db900a8, 14, 1;
L_0x14348a0 .part RS_0x7fea7db900a8, 2, 1;
L_0x1434210 .part v0x1422170_0, 2, 1;
L_0x1434360 .part/pv L_0x14346b0, 2, 1, 16;
L_0x1434eb0 .part RS_0x7fea7db900a8, 15, 1;
L_0x1434fa0 .part RS_0x7fea7db900a8, 3, 1;
L_0x1434990 .part v0x1422170_0, 2, 1;
L_0x1433e90 .part/pv L_0x1434e00, 3, 1, 16;
L_0x1435620 .part RS_0x7fea7db900a8, 0, 1;
L_0x1435710 .part RS_0x7fea7db900a8, 4, 1;
L_0x1435090 .part v0x1422170_0, 2, 1;
L_0x14351e0 .part/pv L_0x1435520, 4, 1, 16;
L_0x1435db0 .part RS_0x7fea7db900a8, 1, 1;
L_0x1435ea0 .part RS_0x7fea7db900a8, 5, 1;
L_0x1435800 .part v0x1422170_0, 2, 1;
L_0x1434ae0 .part/pv L_0x1435cb0, 5, 1, 16;
L_0x1436500 .part RS_0x7fea7db900a8, 2, 1;
L_0x14365f0 .part RS_0x7fea7db900a8, 6, 1;
L_0x1435f90 .part v0x1422170_0, 2, 1;
L_0x14360e0 .part/pv L_0x1435c50, 6, 1, 16;
L_0x1436c70 .part RS_0x7fea7db900a8, 3, 1;
L_0x1436d60 .part RS_0x7fea7db900a8, 7, 1;
L_0x1433670 .part v0x1422170_0, 2, 1;
L_0x14337c0 .part/pv L_0x1436390, 7, 1, 16;
L_0x1436a90 .part RS_0x7fea7db900a8, 4, 1;
L_0x1437770 .part RS_0x7fea7db900a8, 8, 1;
L_0x1437260 .part v0x1422170_0, 2, 1;
L_0x14373b0 .part/pv L_0x1436990, 8, 1, 16;
L_0x1437d40 .part RS_0x7fea7db900a8, 5, 1;
L_0x1437e30 .part RS_0x7fea7db900a8, 9, 1;
L_0x1437810 .part v0x1422170_0, 2, 1;
L_0x14366e0 .part/pv L_0x1437690, 9, 1, 16;
L_0x14384c0 .part RS_0x7fea7db900a8, 6, 1;
L_0x14385b0 .part RS_0x7fea7db900a8, 10, 1;
L_0x1437f20 .part v0x1422170_0, 2, 1;
L_0x1438070 .part/pv L_0x1437c20, 10, 1, 16;
L_0x1438c10 .part RS_0x7fea7db900a8, 7, 1;
L_0x1438d00 .part RS_0x7fea7db900a8, 11, 1;
L_0x14386a0 .part v0x1422170_0, 2, 1;
L_0x1437960 .part/pv L_0x1438320, 11, 1, 16;
L_0x1439380 .part RS_0x7fea7db900a8, 8, 1;
L_0x1439470 .part RS_0x7fea7db900a8, 12, 1;
L_0x1438df0 .part v0x1422170_0, 2, 1;
L_0x1438f40 .part/pv L_0x1438ac0, 12, 1, 16;
L_0x1439b10 .part RS_0x7fea7db900a8, 9, 1;
L_0x1439bb0 .part RS_0x7fea7db900a8, 13, 1;
L_0x1439560 .part v0x1422170_0, 2, 1;
L_0x14387f0 .part/pv L_0x14391f0, 13, 1, 16;
L_0x143a270 .part RS_0x7fea7db900a8, 10, 1;
L_0x143a310 .part RS_0x7fea7db900a8, 14, 1;
L_0x1439ca0 .part v0x1422170_0, 2, 1;
L_0x1439df0 .part/pv L_0x1439990, 14, 1, 16;
L_0x143a1d0 .part RS_0x7fea7db900a8, 11, 1;
L_0x143aa40 .part RS_0x7fea7db900a8, 15, 1;
L_0x143a400 .part v0x1422170_0, 2, 1;
L_0x14396b0 .part/pv L_0x143a0a0, 15, 1, 16;
L_0x143b190 .part RS_0x7fea7db900d8, 8, 1;
L_0x143b280 .part RS_0x7fea7db900d8, 0, 1;
L_0x143ab30 .part v0x1422170_0, 3, 1;
L_0x143ac80 .part/pv L_0x14359b0, 0, 1, 16;
L_0x143b060 .part RS_0x7fea7db900d8, 9, 1;
L_0x143b9f0 .part RS_0x7fea7db900d8, 1, 1;
L_0x143b370 .part v0x1422170_0, 3, 1;
L_0x143a550 .part/pv L_0x143af30, 1, 1, 16;
L_0x143b8d0 .part RS_0x7fea7db900d8, 10, 1;
L_0x143c180 .part RS_0x7fea7db900d8, 2, 1;
L_0x143bae0 .part v0x1422170_0, 3, 1;
L_0x143bc30 .part/pv L_0x143b7d0, 2, 1, 16;
L_0x143bfe0 .part RS_0x7fea7db900d8, 11, 1;
L_0x143c8e0 .part RS_0x7fea7db900d8, 3, 1;
L_0x143c270 .part v0x1422170_0, 3, 1;
L_0x143b4c0 .part/pv L_0x143bee0, 3, 1, 16;
L_0x143c800 .part RS_0x7fea7db900d8, 12, 1;
L_0x143d060 .part RS_0x7fea7db900d8, 4, 1;
L_0x143c980 .part v0x1422170_0, 3, 1;
L_0x143cad0 .part/pv L_0x143c6d0, 4, 1, 16;
L_0x143ceb0 .part RS_0x7fea7db900d8, 13, 1;
L_0x143d800 .part RS_0x7fea7db900d8, 5, 1;
L_0x143d150 .part v0x1422170_0, 3, 1;
L_0x143c3c0 .part/pv L_0x143cd80, 5, 1, 16;
L_0x143d690 .part RS_0x7fea7db900d8, 14, 1;
L_0x143df70 .part RS_0x7fea7db900d8, 6, 1;
L_0x143d8a0 .part v0x1422170_0, 3, 1;
L_0x143d9f0 .part/pv L_0x143d560, 6, 1, 16;
L_0x143dda0 .part RS_0x7fea7db900d8, 15, 1;
L_0x143de90 .part RS_0x7fea7db900d8, 7, 1;
L_0x143a6e0 .part v0x1422170_0, 3, 1;
L_0x143a830 .part/pv L_0x143dca0, 7, 1, 16;
L_0x143e420 .part RS_0x7fea7db900d8, 0, 1;
L_0x143e510 .part RS_0x7fea7db900d8, 8, 1;
L_0x143e600 .part v0x1422170_0, 3, 1;
L_0x143f2d0 .part/pv L_0x143e2f0, 8, 1, 16;
L_0x143ee50 .part RS_0x7fea7db900d8, 1, 1;
L_0x143ef40 .part RS_0x7fea7db900d8, 9, 1;
L_0x143f030 .part v0x1422170_0, 3, 1;
L_0x143f180 .part/pv L_0x143ed20, 9, 1, 16;
L_0x143f4f0 .part RS_0x7fea7db900d8, 2, 1;
L_0x143f5e0 .part RS_0x7fea7db900d8, 10, 1;
L_0x143f6d0 .part v0x1422170_0, 3, 1;
L_0x143f820 .part/pv L_0x143f3c0, 10, 1, 16;
L_0x1440550 .part RS_0x7fea7db900d8, 3, 1;
L_0x1440640 .part RS_0x7fea7db900d8, 11, 1;
L_0x143fce0 .part v0x1422170_0, 3, 1;
L_0x143fb00 .part/pv L_0x1440450, 11, 1, 16;
L_0x1440220 .part RS_0x7fea7db900d8, 4, 1;
L_0x1440310 .part RS_0x7fea7db900d8, 12, 1;
L_0x1440ed0 .part v0x1422170_0, 3, 1;
L_0x1440fd0 .part/pv L_0x1440120, 12, 1, 16;
L_0x1440a20 .part RS_0x7fea7db900d8, 5, 1;
L_0x1440b10 .part RS_0x7fea7db900d8, 13, 1;
L_0x1440c00 .part v0x1422170_0, 3, 1;
L_0x1440d50 .part/pv L_0x14408f0, 13, 1, 16;
L_0x1432760 .part RS_0x7fea7db900d8, 6, 1;
L_0x1432850 .part RS_0x7fea7db900d8, 14, 1;
L_0x1441110 .part v0x1422170_0, 3, 1;
L_0x1441260 .part/pv L_0x143ff90, 14, 1, 16;
L_0x1441610 .part RS_0x7fea7db900d8, 7, 1;
L_0x1441700 .part RS_0x7fea7db900d8, 15, 1;
L_0x1442890 .part v0x1422170_0, 3, 1;
L_0x14324c0 .part/pv L_0x1441510, 15, 1, 16;
S_0x141d0c0 .scope module, "M00" "mux2to1" 4 14, 5 1, S_0x13f7c30;
 .timescale 0 0;
L_0x141dd00 .functor NOT 1, L_0x1424640, C4<0>, C4<0>, C4<0>;
L_0x1424160 .functor AND 1, L_0x141dd00, L_0x14243c0, C4<1>, C4<1>;
L_0x1424210 .functor AND 1, L_0x1424640, L_0x14244b0, C4<1>, C4<1>;
L_0x14242c0 .functor OR 1, L_0x1424160, L_0x1424210, C4<0>, C4<0>;
v0x141d1b0_0 .net *"_s0", 0 0, L_0x141dd00; 1 drivers
v0x141d270_0 .net *"_s2", 0 0, L_0x1424160; 1 drivers
v0x141d310_0 .net *"_s4", 0 0, L_0x1424210; 1 drivers
v0x141d3b0_0 .net "in0", 0 0, L_0x14243c0; 1 drivers
v0x141d430_0 .net "in1", 0 0, L_0x14244b0; 1 drivers
v0x141d4d0_0 .net "out", 0 0, L_0x14242c0; 1 drivers
v0x141d5b0_0 .net "sel", 0 0, L_0x1424640; 1 drivers
S_0x141cb30 .scope module, "M01" "mux2to1" 4 14, 5 1, S_0x13f7c30;
 .timescale 0 0;
L_0x14247e0 .functor NOT 1, L_0x1424db0, C4<0>, C4<0>, C4<0>;
L_0x1424840 .functor AND 1, L_0x14247e0, L_0x1424aa0, C4<1>, C4<1>;
L_0x14248f0 .functor AND 1, L_0x1424db0, L_0x1424b90, C4<1>, C4<1>;
L_0x14249a0 .functor OR 1, L_0x1424840, L_0x14248f0, C4<0>, C4<0>;
v0x141cc20_0 .net *"_s0", 0 0, L_0x14247e0; 1 drivers
v0x141cce0_0 .net *"_s2", 0 0, L_0x1424840; 1 drivers
v0x141cd80_0 .net *"_s4", 0 0, L_0x14248f0; 1 drivers
v0x141ce20_0 .net "in0", 0 0, L_0x1424aa0; 1 drivers
v0x141cea0_0 .net "in1", 0 0, L_0x1424b90; 1 drivers
v0x141cf40_0 .net "out", 0 0, L_0x14249a0; 1 drivers
v0x141d020_0 .net "sel", 0 0, L_0x1424db0; 1 drivers
S_0x141c5a0 .scope module, "M02" "mux2to1" 4 14, 5 1, S_0x13f7c30;
 .timescale 0 0;
L_0x1424fa0 .functor NOT 1, L_0x1425570, C4<0>, C4<0>, C4<0>;
L_0x1425000 .functor AND 1, L_0x1424fa0, L_0x1425290, C4<1>, C4<1>;
L_0x14250b0 .functor AND 1, L_0x1425570, L_0x1425380, C4<1>, C4<1>;
L_0x1425160 .functor OR 1, L_0x1425000, L_0x14250b0, C4<0>, C4<0>;
v0x141c690_0 .net *"_s0", 0 0, L_0x1424fa0; 1 drivers
v0x141c750_0 .net *"_s2", 0 0, L_0x1425000; 1 drivers
v0x141c7f0_0 .net *"_s4", 0 0, L_0x14250b0; 1 drivers
v0x141c890_0 .net "in0", 0 0, L_0x1425290; 1 drivers
v0x141c910_0 .net "in1", 0 0, L_0x1425380; 1 drivers
v0x141c9b0_0 .net "out", 0 0, L_0x1425160; 1 drivers
v0x141ca90_0 .net "sel", 0 0, L_0x1425570; 1 drivers
S_0x141c010 .scope module, "M03" "mux2to1" 4 14, 5 1, S_0x13f7c30;
 .timescale 0 0;
L_0x1425470 .functor NOT 1, L_0x1425c50, C4<0>, C4<0>, C4<0>;
L_0x14256c0 .functor AND 1, L_0x1425470, L_0x1425950, C4<1>, C4<1>;
L_0x1425770 .functor AND 1, L_0x1425c50, L_0x1425a40, C4<1>, C4<1>;
L_0x1425820 .functor OR 1, L_0x14256c0, L_0x1425770, C4<0>, C4<0>;
v0x141c100_0 .net *"_s0", 0 0, L_0x1425470; 1 drivers
v0x141c1c0_0 .net *"_s2", 0 0, L_0x14256c0; 1 drivers
v0x141c260_0 .net *"_s4", 0 0, L_0x1425770; 1 drivers
v0x141c300_0 .net "in0", 0 0, L_0x1425950; 1 drivers
v0x141c380_0 .net "in1", 0 0, L_0x1425a40; 1 drivers
v0x141c420_0 .net "out", 0 0, L_0x1425820; 1 drivers
v0x141c500_0 .net "sel", 0 0, L_0x1425c50; 1 drivers
S_0x141ba80 .scope module, "M04" "mux2to1" 4 14, 5 1, S_0x13f7c30;
 .timescale 0 0;
L_0x1425ec0 .functor NOT 1, L_0x1425e30, C4<0>, C4<0>, C4<0>;
L_0x1425f20 .functor AND 1, L_0x1425ec0, L_0x14261e0, C4<1>, C4<1>;
L_0x1425fd0 .functor AND 1, L_0x1425e30, L_0x14262d0, C4<1>, C4<1>;
L_0x14260b0 .functor OR 1, L_0x1425f20, L_0x1425fd0, C4<0>, C4<0>;
v0x141bb70_0 .net *"_s0", 0 0, L_0x1425ec0; 1 drivers
v0x141bc30_0 .net *"_s2", 0 0, L_0x1425f20; 1 drivers
v0x141bcd0_0 .net *"_s4", 0 0, L_0x1425fd0; 1 drivers
v0x141bd70_0 .net "in0", 0 0, L_0x14261e0; 1 drivers
v0x141bdf0_0 .net "in1", 0 0, L_0x14262d0; 1 drivers
v0x141be90_0 .net "out", 0 0, L_0x14260b0; 1 drivers
v0x141bf70_0 .net "sel", 0 0, L_0x1425e30; 1 drivers
S_0x141b4f0 .scope module, "M05" "mux2to1" 4 14, 5 1, S_0x13f7c30;
 .timescale 0 0;
L_0x14263c0 .functor NOT 1, L_0x1424d20, C4<0>, C4<0>, C4<0>;
L_0x14266f0 .functor AND 1, L_0x14263c0, L_0x1426950, C4<1>, C4<1>;
L_0x14267a0 .functor AND 1, L_0x1424d20, L_0x1426a40, C4<1>, C4<1>;
L_0x1426850 .functor OR 1, L_0x14266f0, L_0x14267a0, C4<0>, C4<0>;
v0x141b5e0_0 .net *"_s0", 0 0, L_0x14263c0; 1 drivers
v0x141b6a0_0 .net *"_s2", 0 0, L_0x14266f0; 1 drivers
v0x141b740_0 .net *"_s4", 0 0, L_0x14267a0; 1 drivers
v0x141b7e0_0 .net "in0", 0 0, L_0x1426950; 1 drivers
v0x141b860_0 .net "in1", 0 0, L_0x1426a40; 1 drivers
v0x141b900_0 .net "out", 0 0, L_0x1426850; 1 drivers
v0x141b9e0_0 .net "sel", 0 0, L_0x1424d20; 1 drivers
S_0x141af60 .scope module, "M06" "mux2to1" 4 14, 5 1, S_0x13f7c30;
 .timescale 0 0;
L_0x1426b30 .functor NOT 1, L_0x14273d0, C4<0>, C4<0>, C4<0>;
L_0x1426b90 .functor AND 1, L_0x1426b30, L_0x1427110, C4<1>, C4<1>;
L_0x1426f60 .functor AND 1, L_0x14273d0, L_0x1427200, C4<1>, C4<1>;
L_0x1427010 .functor OR 1, L_0x1426b90, L_0x1426f60, C4<0>, C4<0>;
v0x141b050_0 .net *"_s0", 0 0, L_0x1426b30; 1 drivers
v0x141b110_0 .net *"_s2", 0 0, L_0x1426b90; 1 drivers
v0x141b1b0_0 .net *"_s4", 0 0, L_0x1426f60; 1 drivers
v0x141b250_0 .net "in0", 0 0, L_0x1427110; 1 drivers
v0x141b2d0_0 .net "in1", 0 0, L_0x1427200; 1 drivers
v0x141b370_0 .net "out", 0 0, L_0x1427010; 1 drivers
v0x141b450_0 .net "sel", 0 0, L_0x14273d0; 1 drivers
S_0x141a9d0 .scope module, "M07" "mux2to1" 4 14, 5 1, S_0x13f7c30;
 .timescale 0 0;
L_0x14272f0 .functor NOT 1, L_0x1421190, C4<0>, C4<0>, C4<0>;
L_0x1427350 .functor AND 1, L_0x14272f0, L_0x1427860, C4<1>, C4<1>;
L_0x14276b0 .functor AND 1, L_0x1421190, L_0x1423ca0, C4<1>, C4<1>;
L_0x1427760 .functor OR 1, L_0x1427350, L_0x14276b0, C4<0>, C4<0>;
v0x141aac0_0 .net *"_s0", 0 0, L_0x14272f0; 1 drivers
v0x141ab80_0 .net *"_s2", 0 0, L_0x1427350; 1 drivers
v0x141ac20_0 .net *"_s4", 0 0, L_0x14276b0; 1 drivers
v0x141acc0_0 .net "in0", 0 0, L_0x1427860; 1 drivers
v0x141ad40_0 .net "in1", 0 0, L_0x1423ca0; 1 drivers
v0x141ade0_0 .net "out", 0 0, L_0x1427760; 1 drivers
v0x141aec0_0 .net "sel", 0 0, L_0x1421190; 1 drivers
S_0x141a440 .scope module, "M08" "mux2to1" 4 14, 5 1, S_0x13f7c30;
 .timescale 0 0;
L_0x1425da0 .functor NOT 1, L_0x14283f0, C4<0>, C4<0>, C4<0>;
L_0x1427f10 .functor AND 1, L_0x1425da0, L_0x1428170, C4<1>, C4<1>;
L_0x1427fc0 .functor AND 1, L_0x14283f0, L_0x1428260, C4<1>, C4<1>;
L_0x1428070 .functor OR 1, L_0x1427f10, L_0x1427fc0, C4<0>, C4<0>;
v0x141a530_0 .net *"_s0", 0 0, L_0x1425da0; 1 drivers
v0x141a5f0_0 .net *"_s2", 0 0, L_0x1427f10; 1 drivers
v0x141a690_0 .net *"_s4", 0 0, L_0x1427fc0; 1 drivers
v0x141a730_0 .net "in0", 0 0, L_0x1428170; 1 drivers
v0x141a7b0_0 .net "in1", 0 0, L_0x1428260; 1 drivers
v0x141a850_0 .net "out", 0 0, L_0x1428070; 1 drivers
v0x141a930_0 .net "sel", 0 0, L_0x14283f0; 1 drivers
S_0x1419eb0 .scope module, "M09" "mux2to1" 4 14, 5 1, S_0x13f7c30;
 .timescale 0 0;
L_0x1423d90 .functor NOT 1, L_0x1428630, C4<0>, C4<0>, C4<0>;
L_0x1423df0 .functor AND 1, L_0x1423d90, L_0x1428870, C4<1>, C4<1>;
L_0x14286c0 .functor AND 1, L_0x1428630, L_0x1428960, C4<1>, C4<1>;
L_0x1428770 .functor OR 1, L_0x1423df0, L_0x14286c0, C4<0>, C4<0>;
v0x1419fa0_0 .net *"_s0", 0 0, L_0x1423d90; 1 drivers
v0x141a060_0 .net *"_s2", 0 0, L_0x1423df0; 1 drivers
v0x141a100_0 .net *"_s4", 0 0, L_0x14286c0; 1 drivers
v0x141a1a0_0 .net "in0", 0 0, L_0x1428870; 1 drivers
v0x141a220_0 .net "in1", 0 0, L_0x1428960; 1 drivers
v0x141a2c0_0 .net "out", 0 0, L_0x1428770; 1 drivers
v0x141a3a0_0 .net "sel", 0 0, L_0x1428630; 1 drivers
S_0x1419920 .scope module, "M010" "mux2to1" 4 14, 5 1, S_0x13f7c30;
 .timescale 0 0;
L_0x1428a50 .functor NOT 1, L_0x1428d70, C4<0>, C4<0>, C4<0>;
L_0x1428ab0 .functor AND 1, L_0x1428a50, L_0x1428fd0, C4<1>, C4<1>;
L_0x1428e20 .functor AND 1, L_0x1428d70, L_0x14290c0, C4<1>, C4<1>;
L_0x1428ed0 .functor OR 1, L_0x1428ab0, L_0x1428e20, C4<0>, C4<0>;
v0x1419a10_0 .net *"_s0", 0 0, L_0x1428a50; 1 drivers
v0x1419ad0_0 .net *"_s2", 0 0, L_0x1428ab0; 1 drivers
v0x1419b70_0 .net *"_s4", 0 0, L_0x1428e20; 1 drivers
v0x1419c10_0 .net "in0", 0 0, L_0x1428fd0; 1 drivers
v0x1419c90_0 .net "in1", 0 0, L_0x14290c0; 1 drivers
v0x1419d30_0 .net "out", 0 0, L_0x1428ed0; 1 drivers
v0x1419e10_0 .net "sel", 0 0, L_0x1428d70; 1 drivers
S_0x1419390 .scope module, "M011" "mux2to1" 4 14, 5 1, S_0x13f7c30;
 .timescale 0 0;
L_0x14291b0 .functor NOT 1, L_0x14294a0, C4<0>, C4<0>, C4<0>;
L_0x1429210 .functor AND 1, L_0x14291b0, L_0x14296d0, C4<1>, C4<1>;
L_0x1429570 .functor AND 1, L_0x14294a0, L_0x14297c0, C4<1>, C4<1>;
L_0x14295d0 .functor OR 1, L_0x1429210, L_0x1429570, C4<0>, C4<0>;
v0x1419480_0 .net *"_s0", 0 0, L_0x14291b0; 1 drivers
v0x1419540_0 .net *"_s2", 0 0, L_0x1429210; 1 drivers
v0x14195e0_0 .net *"_s4", 0 0, L_0x1429570; 1 drivers
v0x1419680_0 .net "in0", 0 0, L_0x14296d0; 1 drivers
v0x1419700_0 .net "in1", 0 0, L_0x14297c0; 1 drivers
v0x14197a0_0 .net "out", 0 0, L_0x14295d0; 1 drivers
v0x1419880_0 .net "sel", 0 0, L_0x14294a0; 1 drivers
S_0x1418e00 .scope module, "M012" "mux2to1" 4 14, 5 1, S_0x13f7c30;
 .timescale 0 0;
L_0x14298b0 .functor NOT 1, L_0x1429bc0, C4<0>, C4<0>, C4<0>;
L_0x1429910 .functor AND 1, L_0x14298b0, L_0x1429e00, C4<1>, C4<1>;
L_0x14299c0 .functor AND 1, L_0x1429bc0, L_0x1429ef0, C4<1>, C4<1>;
L_0x1429d00 .functor OR 1, L_0x1429910, L_0x14299c0, C4<0>, C4<0>;
v0x1418ef0_0 .net *"_s0", 0 0, L_0x14298b0; 1 drivers
v0x1418fb0_0 .net *"_s2", 0 0, L_0x1429910; 1 drivers
v0x1419050_0 .net *"_s4", 0 0, L_0x14299c0; 1 drivers
v0x14190f0_0 .net "in0", 0 0, L_0x1429e00; 1 drivers
v0x1419170_0 .net "in1", 0 0, L_0x1429ef0; 1 drivers
v0x1419210_0 .net "out", 0 0, L_0x1429d00; 1 drivers
v0x14192f0_0 .net "sel", 0 0, L_0x1429bc0; 1 drivers
S_0x1418870 .scope module, "M013" "mux2to1" 4 14, 5 1, S_0x13f7c30;
 .timescale 0 0;
L_0x1429fe0 .functor NOT 1, L_0x142a310, C4<0>, C4<0>, C4<0>;
L_0x142a040 .functor AND 1, L_0x1429fe0, L_0x142a570, C4<1>, C4<1>;
L_0x142a0f0 .functor AND 1, L_0x142a310, L_0x142a660, C4<1>, C4<1>;
L_0x142a470 .functor OR 1, L_0x142a040, L_0x142a0f0, C4<0>, C4<0>;
v0x1418960_0 .net *"_s0", 0 0, L_0x1429fe0; 1 drivers
v0x1418a20_0 .net *"_s2", 0 0, L_0x142a040; 1 drivers
v0x1418ac0_0 .net *"_s4", 0 0, L_0x142a0f0; 1 drivers
v0x1418b60_0 .net "in0", 0 0, L_0x142a570; 1 drivers
v0x1418be0_0 .net "in1", 0 0, L_0x142a660; 1 drivers
v0x1418c80_0 .net "out", 0 0, L_0x142a470; 1 drivers
v0x1418d60_0 .net "sel", 0 0, L_0x142a310; 1 drivers
S_0x14182e0 .scope module, "M014" "mux2to1" 4 14, 5 1, S_0x13f7c30;
 .timescale 0 0;
L_0x1426c70 .functor NOT 1, L_0x142ac60, C4<0>, C4<0>, C4<0>;
L_0x142a750 .functor AND 1, L_0x1426c70, L_0x142ae30, C4<1>, C4<1>;
L_0x142a800 .functor AND 1, L_0x142ac60, L_0x142af20, C4<1>, C4<1>;
L_0x142a8b0 .functor OR 1, L_0x142a750, L_0x142a800, C4<0>, C4<0>;
v0x14183d0_0 .net *"_s0", 0 0, L_0x1426c70; 1 drivers
v0x1418490_0 .net *"_s2", 0 0, L_0x142a750; 1 drivers
v0x1418530_0 .net *"_s4", 0 0, L_0x142a800; 1 drivers
v0x14185d0_0 .net "in0", 0 0, L_0x142ae30; 1 drivers
v0x1418650_0 .net "in1", 0 0, L_0x142af20; 1 drivers
v0x14186f0_0 .net "out", 0 0, L_0x142a8b0; 1 drivers
v0x14187d0_0 .net "sel", 0 0, L_0x142ac60; 1 drivers
S_0x1417d50 .scope module, "M015" "mux2to1" 4 14, 5 1, S_0x13f7c30;
 .timescale 0 0;
L_0x142b010 .functor NOT 1, L_0x142b330, C4<0>, C4<0>, C4<0>;
L_0x142b070 .functor AND 1, L_0x142b010, L_0x142b580, C4<1>, C4<1>;
L_0x142b120 .functor AND 1, L_0x142b330, L_0x142b670, C4<1>, C4<1>;
L_0x142b480 .functor OR 1, L_0x142b070, L_0x142b120, C4<0>, C4<0>;
v0x1417e40_0 .net *"_s0", 0 0, L_0x142b010; 1 drivers
v0x1417f00_0 .net *"_s2", 0 0, L_0x142b070; 1 drivers
v0x1417fa0_0 .net *"_s4", 0 0, L_0x142b120; 1 drivers
v0x1418040_0 .net "in0", 0 0, L_0x142b580; 1 drivers
v0x14180c0_0 .net "in1", 0 0, L_0x142b670; 1 drivers
v0x1418160_0 .net "out", 0 0, L_0x142b480; 1 drivers
v0x1418240_0 .net "sel", 0 0, L_0x142b330; 1 drivers
S_0x14177c0 .scope module, "M10" "mux2to1" 4 16, 5 1, S_0x13f7c30;
 .timescale 0 0;
L_0x1427e50 .functor NOT 1, L_0x142bcb0, C4<0>, C4<0>, C4<0>;
L_0x1427eb0 .functor AND 1, L_0x1427e50, L_0x142be70, C4<1>, C4<1>;
L_0x142b7b0 .functor AND 1, L_0x142bcb0, L_0x142bf60, C4<1>, C4<1>;
L_0x142b860 .functor OR 1, L_0x1427eb0, L_0x142b7b0, C4<0>, C4<0>;
v0x14178b0_0 .net *"_s0", 0 0, L_0x1427e50; 1 drivers
v0x1417970_0 .net *"_s2", 0 0, L_0x1427eb0; 1 drivers
v0x1417a10_0 .net *"_s4", 0 0, L_0x142b7b0; 1 drivers
v0x1417ab0_0 .net "in0", 0 0, L_0x142be70; 1 drivers
v0x1417b30_0 .net "in1", 0 0, L_0x142bf60; 1 drivers
v0x1417bd0_0 .net "out", 0 0, L_0x142b860; 1 drivers
v0x1417cb0_0 .net "sel", 0 0, L_0x142bcb0; 1 drivers
S_0x1417230 .scope module, "M11" "mux2to1" 4 16, 5 1, S_0x13f7c30;
 .timescale 0 0;
L_0x142c050 .functor NOT 1, L_0x142c360, C4<0>, C4<0>, C4<0>;
L_0x142c0b0 .functor AND 1, L_0x142c050, L_0x142c5f0, C4<1>, C4<1>;
L_0x142c160 .functor AND 1, L_0x142c360, L_0x142c6e0, C4<1>, C4<1>;
L_0x142c4f0 .functor OR 1, L_0x142c0b0, L_0x142c160, C4<0>, C4<0>;
v0x1417320_0 .net *"_s0", 0 0, L_0x142c050; 1 drivers
v0x14173e0_0 .net *"_s2", 0 0, L_0x142c0b0; 1 drivers
v0x1417480_0 .net *"_s4", 0 0, L_0x142c160; 1 drivers
v0x1417520_0 .net "in0", 0 0, L_0x142c5f0; 1 drivers
v0x14175a0_0 .net "in1", 0 0, L_0x142c6e0; 1 drivers
v0x1417640_0 .net "out", 0 0, L_0x142c4f0; 1 drivers
v0x1417720_0 .net "sel", 0 0, L_0x142c360; 1 drivers
S_0x1416ca0 .scope module, "M12" "mux2to1" 4 16, 5 1, S_0x13f7c30;
 .timescale 0 0;
L_0x142c7d0 .functor NOT 1, L_0x142cb50, C4<0>, C4<0>, C4<0>;
L_0x142c830 .functor AND 1, L_0x142c7d0, L_0x142cda0, C4<1>, C4<1>;
L_0x142c8e0 .functor AND 1, L_0x142cb50, L_0x142ce90, C4<1>, C4<1>;
L_0x142c990 .functor OR 1, L_0x142c830, L_0x142c8e0, C4<0>, C4<0>;
v0x1416d90_0 .net *"_s0", 0 0, L_0x142c7d0; 1 drivers
v0x1416e50_0 .net *"_s2", 0 0, L_0x142c830; 1 drivers
v0x1416ef0_0 .net *"_s4", 0 0, L_0x142c8e0; 1 drivers
v0x1416f90_0 .net "in0", 0 0, L_0x142cda0; 1 drivers
v0x1417010_0 .net "in1", 0 0, L_0x142ce90; 1 drivers
v0x14170b0_0 .net "out", 0 0, L_0x142c990; 1 drivers
v0x1417190_0 .net "sel", 0 0, L_0x142cb50; 1 drivers
S_0x1416710 .scope module, "M13" "mux2to1" 4 16, 5 1, S_0x13f7c30;
 .timescale 0 0;
L_0x142d1f0 .functor NOT 1, L_0x142d020, C4<0>, C4<0>, C4<0>;
L_0x142d250 .functor AND 1, L_0x142d1f0, L_0x142d4b0, C4<1>, C4<1>;
L_0x142d300 .functor AND 1, L_0x142d020, L_0x142d5a0, C4<1>, C4<1>;
L_0x142d3b0 .functor OR 1, L_0x142d250, L_0x142d300, C4<0>, C4<0>;
v0x1416800_0 .net *"_s0", 0 0, L_0x142d1f0; 1 drivers
v0x14168c0_0 .net *"_s2", 0 0, L_0x142d250; 1 drivers
v0x1416960_0 .net *"_s4", 0 0, L_0x142d300; 1 drivers
v0x1416a00_0 .net "in0", 0 0, L_0x142d4b0; 1 drivers
v0x1416a80_0 .net "in1", 0 0, L_0x142d5a0; 1 drivers
v0x1416b20_0 .net "out", 0 0, L_0x142d3b0; 1 drivers
v0x1416c00_0 .net "sel", 0 0, L_0x142d020; 1 drivers
S_0x1416180 .scope module, "M14" "mux2to1" 4 16, 5 1, S_0x13f7c30;
 .timescale 0 0;
L_0x142d180 .functor NOT 1, L_0x142da40, C4<0>, C4<0>, C4<0>;
L_0x142d690 .functor AND 1, L_0x142d180, L_0x142dc80, C4<1>, C4<1>;
L_0x142d740 .functor AND 1, L_0x142da40, L_0x142dd70, C4<1>, C4<1>;
L_0x142d820 .functor OR 1, L_0x142d690, L_0x142d740, C4<0>, C4<0>;
v0x1416270_0 .net *"_s0", 0 0, L_0x142d180; 1 drivers
v0x1416330_0 .net *"_s2", 0 0, L_0x142d690; 1 drivers
v0x14163d0_0 .net *"_s4", 0 0, L_0x142d740; 1 drivers
v0x1416470_0 .net "in0", 0 0, L_0x142dc80; 1 drivers
v0x14164f0_0 .net "in1", 0 0, L_0x142dd70; 1 drivers
v0x1416590_0 .net "out", 0 0, L_0x142d820; 1 drivers
v0x1416670_0 .net "sel", 0 0, L_0x142da40; 1 drivers
S_0x1415bf0 .scope module, "M15" "mux2to1" 4 16, 5 1, S_0x13f7c30;
 .timescale 0 0;
L_0x142e110 .functor NOT 1, L_0x142df00, C4<0>, C4<0>, C4<0>;
L_0x142e170 .functor AND 1, L_0x142e110, L_0x142e380, C4<1>, C4<1>;
L_0x142e1d0 .functor AND 1, L_0x142df00, L_0x142e470, C4<1>, C4<1>;
L_0x142e280 .functor OR 1, L_0x142e170, L_0x142e1d0, C4<0>, C4<0>;
v0x1415ce0_0 .net *"_s0", 0 0, L_0x142e110; 1 drivers
v0x1415da0_0 .net *"_s2", 0 0, L_0x142e170; 1 drivers
v0x1415e40_0 .net *"_s4", 0 0, L_0x142e1d0; 1 drivers
v0x1415ee0_0 .net "in0", 0 0, L_0x142e380; 1 drivers
v0x1415f60_0 .net "in1", 0 0, L_0x142e470; 1 drivers
v0x1416000_0 .net "out", 0 0, L_0x142e280; 1 drivers
v0x14160e0_0 .net "sel", 0 0, L_0x142df00; 1 drivers
S_0x1415660 .scope module, "M16" "mux2to1" 4 16, 5 1, S_0x13f7c30;
 .timescale 0 0;
L_0x142d120 .functor NOT 1, L_0x142e600, C4<0>, C4<0>, C4<0>;
L_0x142e830 .functor AND 1, L_0x142d120, L_0x142ea90, C4<1>, C4<1>;
L_0x142e8e0 .functor AND 1, L_0x142e600, L_0x142eb80, C4<1>, C4<1>;
L_0x142e990 .functor OR 1, L_0x142e830, L_0x142e8e0, C4<0>, C4<0>;
v0x1415750_0 .net *"_s0", 0 0, L_0x142d120; 1 drivers
v0x1415810_0 .net *"_s2", 0 0, L_0x142e830; 1 drivers
v0x14158b0_0 .net *"_s4", 0 0, L_0x142e8e0; 1 drivers
v0x1415950_0 .net "in0", 0 0, L_0x142ea90; 1 drivers
v0x14159d0_0 .net "in1", 0 0, L_0x142eb80; 1 drivers
v0x1415a70_0 .net "out", 0 0, L_0x142e990; 1 drivers
v0x1415b50_0 .net "sel", 0 0, L_0x142e600; 1 drivers
S_0x14150d0 .scope module, "M17" "mux2to1" 4 16, 5 1, S_0x13f7c30;
 .timescale 0 0;
L_0x142e7a0 .functor NOT 1, L_0x142baa0, C4<0>, C4<0>, C4<0>;
L_0x142ef60 .functor AND 1, L_0x142e7a0, L_0x142f1c0, C4<1>, C4<1>;
L_0x142f010 .functor AND 1, L_0x142baa0, L_0x142f2b0, C4<1>, C4<1>;
L_0x142f0c0 .functor OR 1, L_0x142ef60, L_0x142f010, C4<0>, C4<0>;
v0x14151c0_0 .net *"_s0", 0 0, L_0x142e7a0; 1 drivers
v0x1415280_0 .net *"_s2", 0 0, L_0x142ef60; 1 drivers
v0x1415320_0 .net *"_s4", 0 0, L_0x142f010; 1 drivers
v0x14153c0_0 .net "in0", 0 0, L_0x142f1c0; 1 drivers
v0x1415440_0 .net "in1", 0 0, L_0x142f2b0; 1 drivers
v0x14154e0_0 .net "out", 0 0, L_0x142f0c0; 1 drivers
v0x14155c0_0 .net "sel", 0 0, L_0x142baa0; 1 drivers
S_0x1414b40 .scope module, "M18" "mux2to1" 4 16, 5 1, S_0x13f7c30;
 .timescale 0 0;
L_0x1426bf0 .functor NOT 1, L_0x142f850, C4<0>, C4<0>, C4<0>;
L_0x142d910 .functor AND 1, L_0x1426bf0, L_0x142fb60, C4<1>, C4<1>;
L_0x142e000 .functor AND 1, L_0x142f850, L_0x142fc50, C4<1>, C4<1>;
L_0x142eea0 .functor OR 1, L_0x142d910, L_0x142e000, C4<0>, C4<0>;
v0x1414c30_0 .net *"_s0", 0 0, L_0x1426bf0; 1 drivers
v0x1414cf0_0 .net *"_s2", 0 0, L_0x142d910; 1 drivers
v0x1414d90_0 .net *"_s4", 0 0, L_0x142e000; 1 drivers
v0x1414e30_0 .net "in0", 0 0, L_0x142fb60; 1 drivers
v0x1414eb0_0 .net "in1", 0 0, L_0x142fc50; 1 drivers
v0x1414f50_0 .net "out", 0 0, L_0x142eea0; 1 drivers
v0x1415030_0 .net "sel", 0 0, L_0x142f850; 1 drivers
S_0x14145b0 .scope module, "M19" "mux2to1" 4 16, 5 1, S_0x13f7c30;
 .timescale 0 0;
L_0x142f9f0 .functor NOT 1, L_0x142fde0, C4<0>, C4<0>, C4<0>;
L_0x142fa50 .functor AND 1, L_0x142f9f0, L_0x1430270, C4<1>, C4<1>;
L_0x14300c0 .functor AND 1, L_0x142fde0, L_0x1430360, C4<1>, C4<1>;
L_0x1430170 .functor OR 1, L_0x142fa50, L_0x14300c0, C4<0>, C4<0>;
v0x14146a0_0 .net *"_s0", 0 0, L_0x142f9f0; 1 drivers
v0x1414760_0 .net *"_s2", 0 0, L_0x142fa50; 1 drivers
v0x1414800_0 .net *"_s4", 0 0, L_0x14300c0; 1 drivers
v0x14148a0_0 .net "in0", 0 0, L_0x1430270; 1 drivers
v0x1414920_0 .net "in1", 0 0, L_0x1430360; 1 drivers
v0x14149c0_0 .net "out", 0 0, L_0x1430170; 1 drivers
v0x1414aa0_0 .net "sel", 0 0, L_0x142fde0; 1 drivers
S_0x1414020 .scope module, "M110" "mux2to1" 4 16, 5 1, S_0x13f7c30;
 .timescale 0 0;
L_0x142ffc0 .functor NOT 1, L_0x14304f0, C4<0>, C4<0>, C4<0>;
L_0x14307a0 .functor AND 1, L_0x142ffc0, L_0x14309b0, C4<1>, C4<1>;
L_0x1430800 .functor AND 1, L_0x14304f0, L_0x1430aa0, C4<1>, C4<1>;
L_0x14308b0 .functor OR 1, L_0x14307a0, L_0x1430800, C4<0>, C4<0>;
v0x1414110_0 .net *"_s0", 0 0, L_0x142ffc0; 1 drivers
v0x14141d0_0 .net *"_s2", 0 0, L_0x14307a0; 1 drivers
v0x1414270_0 .net *"_s4", 0 0, L_0x1430800; 1 drivers
v0x1414310_0 .net "in0", 0 0, L_0x14309b0; 1 drivers
v0x1414390_0 .net "in1", 0 0, L_0x1430aa0; 1 drivers
v0x1414430_0 .net "out", 0 0, L_0x14308b0; 1 drivers
v0x1414510_0 .net "sel", 0 0, L_0x14304f0; 1 drivers
S_0x1413a90 .scope module, "M111" "mux2to1" 4 16, 5 1, S_0x13f7c30;
 .timescale 0 0;
L_0x1430690 .functor NOT 1, L_0x1430c30, C4<0>, C4<0>, C4<0>;
L_0x14306f0 .functor AND 1, L_0x1430690, L_0x14310b0, C4<1>, C4<1>;
L_0x1430f00 .functor AND 1, L_0x1430c30, L_0x14311a0, C4<1>, C4<1>;
L_0x1430fb0 .functor OR 1, L_0x14306f0, L_0x1430f00, C4<0>, C4<0>;
v0x1413b80_0 .net *"_s0", 0 0, L_0x1430690; 1 drivers
v0x1413c40_0 .net *"_s2", 0 0, L_0x14306f0; 1 drivers
v0x1413ce0_0 .net *"_s4", 0 0, L_0x1430f00; 1 drivers
v0x1413d80_0 .net "in0", 0 0, L_0x14310b0; 1 drivers
v0x1413e00_0 .net "in1", 0 0, L_0x14311a0; 1 drivers
v0x1413ea0_0 .net "out", 0 0, L_0x1430fb0; 1 drivers
v0x1413f80_0 .net "sel", 0 0, L_0x1430c30; 1 drivers
S_0x1413500 .scope module, "M112" "mux2to1" 4 16, 5 1, S_0x13f7c30;
 .timescale 0 0;
L_0x1430e20 .functor NOT 1, L_0x1431330, C4<0>, C4<0>, C4<0>;
L_0x1430e80 .functor AND 1, L_0x1430e20, L_0x1431820, C4<1>, C4<1>;
L_0x1431670 .functor AND 1, L_0x1431330, L_0x1431910, C4<1>, C4<1>;
L_0x1431720 .functor OR 1, L_0x1430e80, L_0x1431670, C4<0>, C4<0>;
v0x14135f0_0 .net *"_s0", 0 0, L_0x1430e20; 1 drivers
v0x14136b0_0 .net *"_s2", 0 0, L_0x1430e80; 1 drivers
v0x1413750_0 .net *"_s4", 0 0, L_0x1431670; 1 drivers
v0x14137f0_0 .net "in0", 0 0, L_0x1431820; 1 drivers
v0x1413870_0 .net "in1", 0 0, L_0x1431910; 1 drivers
v0x1413910_0 .net "out", 0 0, L_0x1431720; 1 drivers
v0x14139f0_0 .net "sel", 0 0, L_0x1431330; 1 drivers
S_0x1412f70 .scope module, "M113" "mux2to1" 4 16, 5 1, S_0x13f7c30;
 .timescale 0 0;
L_0x14314d0 .functor NOT 1, L_0x142a910, C4<0>, C4<0>, C4<0>;
L_0x1431530 .functor AND 1, L_0x14314d0, L_0x1431f60, C4<1>, C4<1>;
L_0x1431db0 .functor AND 1, L_0x142a910, L_0x1432050, C4<1>, C4<1>;
L_0x1431e60 .functor OR 1, L_0x1431530, L_0x1431db0, C4<0>, C4<0>;
v0x1413060_0 .net *"_s0", 0 0, L_0x14314d0; 1 drivers
v0x1413120_0 .net *"_s2", 0 0, L_0x1431530; 1 drivers
v0x14131c0_0 .net *"_s4", 0 0, L_0x1431db0; 1 drivers
v0x1413260_0 .net "in0", 0 0, L_0x1431f60; 1 drivers
v0x14132e0_0 .net "in1", 0 0, L_0x1432050; 1 drivers
v0x1413380_0 .net "out", 0 0, L_0x1431e60; 1 drivers
v0x1413460_0 .net "sel", 0 0, L_0x142a910; 1 drivers
S_0x14129e0 .scope module, "M114" "mux2to1" 4 16, 5 1, S_0x13f7c30;
 .timescale 0 0;
L_0x142aac0 .functor NOT 1, L_0x14323c0, C4<0>, C4<0>, C4<0>;
L_0x1431aa0 .functor AND 1, L_0x142aac0, L_0x1432140, C4<1>, C4<1>;
L_0x1431b80 .functor AND 1, L_0x14323c0, L_0x1432230, C4<1>, C4<1>;
L_0x1431c60 .functor OR 1, L_0x1431aa0, L_0x1431b80, C4<0>, C4<0>;
v0x1412ad0_0 .net *"_s0", 0 0, L_0x142aac0; 1 drivers
v0x1412b90_0 .net *"_s2", 0 0, L_0x1431aa0; 1 drivers
v0x1412c30_0 .net *"_s4", 0 0, L_0x1431b80; 1 drivers
v0x1412cd0_0 .net "in0", 0 0, L_0x1432140; 1 drivers
v0x1412d50_0 .net "in1", 0 0, L_0x1432230; 1 drivers
v0x1412df0_0 .net "out", 0 0, L_0x1431c60; 1 drivers
v0x1412ed0_0 .net "sel", 0 0, L_0x14323c0; 1 drivers
S_0x1412450 .scope module, "M115" "mux2to1" 4 16, 5 1, S_0x13f7c30;
 .timescale 0 0;
L_0x1432910 .functor NOT 1, L_0x1432e30, C4<0>, C4<0>, C4<0>;
L_0x1432970 .functor AND 1, L_0x1432910, L_0x1432c00, C4<1>, C4<1>;
L_0x1432a20 .functor AND 1, L_0x1432e30, L_0x1433180, C4<1>, C4<1>;
L_0x1432ad0 .functor OR 1, L_0x1432970, L_0x1432a20, C4<0>, C4<0>;
v0x1412540_0 .net *"_s0", 0 0, L_0x1432910; 1 drivers
v0x1412600_0 .net *"_s2", 0 0, L_0x1432970; 1 drivers
v0x14126a0_0 .net *"_s4", 0 0, L_0x1432a20; 1 drivers
v0x1412740_0 .net "in0", 0 0, L_0x1432c00; 1 drivers
v0x14127c0_0 .net "in1", 0 0, L_0x1433180; 1 drivers
v0x1412860_0 .net "out", 0 0, L_0x1432ad0; 1 drivers
v0x1412940_0 .net "sel", 0 0, L_0x1432e30; 1 drivers
S_0x1411ec0 .scope module, "M20" "mux2to1" 4 18, 5 1, S_0x13f7c30;
 .timescale 0 0;
L_0x142ed40 .functor NOT 1, L_0x1433540, C4<0>, C4<0>, C4<0>;
L_0x142eda0 .functor AND 1, L_0x142ed40, L_0x14332c0, C4<1>, C4<1>;
L_0x1432ff0 .functor AND 1, L_0x1433540, L_0x14333b0, C4<1>, C4<1>;
L_0x14330a0 .functor OR 1, L_0x142eda0, L_0x1432ff0, C4<0>, C4<0>;
v0x1411fb0_0 .net *"_s0", 0 0, L_0x142ed40; 1 drivers
v0x1412070_0 .net *"_s2", 0 0, L_0x142eda0; 1 drivers
v0x1412110_0 .net *"_s4", 0 0, L_0x1432ff0; 1 drivers
v0x14121b0_0 .net "in0", 0 0, L_0x14332c0; 1 drivers
v0x1412230_0 .net "in1", 0 0, L_0x14333b0; 1 drivers
v0x14122d0_0 .net "out", 0 0, L_0x14330a0; 1 drivers
v0x14123b0_0 .net "sel", 0 0, L_0x1433540; 1 drivers
S_0x1411930 .scope module, "M21" "mux2to1" 4 18, 5 1, S_0x13f7c30;
 .timescale 0 0;
L_0x1433880 .functor NOT 1, L_0x1433de0, C4<0>, C4<0>, C4<0>;
L_0x14338e0 .functor AND 1, L_0x1433880, L_0x1433b40, C4<1>, C4<1>;
L_0x1433990 .functor AND 1, L_0x1433de0, L_0x1434170, C4<1>, C4<1>;
L_0x1433a40 .functor OR 1, L_0x14338e0, L_0x1433990, C4<0>, C4<0>;
v0x1411a20_0 .net *"_s0", 0 0, L_0x1433880; 1 drivers
v0x1411ae0_0 .net *"_s2", 0 0, L_0x14338e0; 1 drivers
v0x1411b80_0 .net *"_s4", 0 0, L_0x1433990; 1 drivers
v0x1411c20_0 .net "in0", 0 0, L_0x1433b40; 1 drivers
v0x1411ca0_0 .net "in1", 0 0, L_0x1434170; 1 drivers
v0x1411d40_0 .net "out", 0 0, L_0x1433a40; 1 drivers
v0x1411e20_0 .net "sel", 0 0, L_0x1433de0; 1 drivers
S_0x14113a0 .scope module, "M22" "mux2to1" 4 18, 5 1, S_0x13f7c30;
 .timescale 0 0;
L_0x1434000 .functor NOT 1, L_0x14342b0, C4<0>, C4<0>, C4<0>;
L_0x1434060 .functor AND 1, L_0x1434000, L_0x14347b0, C4<1>, C4<1>;
L_0x1434110 .functor AND 1, L_0x14342b0, L_0x14348a0, C4<1>, C4<1>;
L_0x14346b0 .functor OR 1, L_0x1434060, L_0x1434110, C4<0>, C4<0>;
v0x1411490_0 .net *"_s0", 0 0, L_0x1434000; 1 drivers
v0x1411550_0 .net *"_s2", 0 0, L_0x1434060; 1 drivers
v0x14115f0_0 .net *"_s4", 0 0, L_0x1434110; 1 drivers
v0x1411690_0 .net "in0", 0 0, L_0x14347b0; 1 drivers
v0x1411710_0 .net "in1", 0 0, L_0x14348a0; 1 drivers
v0x14117b0_0 .net "out", 0 0, L_0x14346b0; 1 drivers
v0x1411890_0 .net "sel", 0 0, L_0x14342b0; 1 drivers
S_0x1410e10 .scope module, "M23" "mux2to1" 4 18, 5 1, S_0x13f7c30;
 .timescale 0 0;
L_0x1434450 .functor NOT 1, L_0x1434a30, C4<0>, C4<0>, C4<0>;
L_0x14344b0 .functor AND 1, L_0x1434450, L_0x1434eb0, C4<1>, C4<1>;
L_0x1434560 .functor AND 1, L_0x1434a30, L_0x1434fa0, C4<1>, C4<1>;
L_0x1434e00 .functor OR 1, L_0x14344b0, L_0x1434560, C4<0>, C4<0>;
v0x1410f00_0 .net *"_s0", 0 0, L_0x1434450; 1 drivers
v0x1410fc0_0 .net *"_s2", 0 0, L_0x14344b0; 1 drivers
v0x1411060_0 .net *"_s4", 0 0, L_0x1434560; 1 drivers
v0x1411100_0 .net "in0", 0 0, L_0x1434eb0; 1 drivers
v0x1411180_0 .net "in1", 0 0, L_0x1434fa0; 1 drivers
v0x1411220_0 .net "out", 0 0, L_0x1434e00; 1 drivers
v0x1411300_0 .net "sel", 0 0, L_0x1434a30; 1 drivers
S_0x1410880 .scope module, "M24" "mux2to1" 4 18, 5 1, S_0x13f7c30;
 .timescale 0 0;
L_0x1434ca0 .functor NOT 1, L_0x1435130, C4<0>, C4<0>, C4<0>;
L_0x1434d00 .functor AND 1, L_0x1434ca0, L_0x1435620, C4<1>, C4<1>;
L_0x1433f30 .functor AND 1, L_0x1435130, L_0x1435710, C4<1>, C4<1>;
L_0x1435520 .functor OR 1, L_0x1434d00, L_0x1433f30, C4<0>, C4<0>;
v0x1410970_0 .net *"_s0", 0 0, L_0x1434ca0; 1 drivers
v0x1410a30_0 .net *"_s2", 0 0, L_0x1434d00; 1 drivers
v0x1410ad0_0 .net *"_s4", 0 0, L_0x1433f30; 1 drivers
v0x1410b70_0 .net "in0", 0 0, L_0x1435620; 1 drivers
v0x1410bf0_0 .net "in1", 0 0, L_0x1435710; 1 drivers
v0x1410c90_0 .net "out", 0 0, L_0x1435520; 1 drivers
v0x1410d70_0 .net "sel", 0 0, L_0x1435130; 1 drivers
S_0x14102f0 .scope module, "M25" "mux2to1" 4 18, 5 1, S_0x13f7c30;
 .timescale 0 0;
L_0x14352d0 .functor NOT 1, L_0x14358a0, C4<0>, C4<0>, C4<0>;
L_0x1435330 .functor AND 1, L_0x14352d0, L_0x1435db0, C4<1>, C4<1>;
L_0x1435410 .functor AND 1, L_0x14358a0, L_0x1435ea0, C4<1>, C4<1>;
L_0x1435cb0 .functor OR 1, L_0x1435330, L_0x1435410, C4<0>, C4<0>;
v0x14103e0_0 .net *"_s0", 0 0, L_0x14352d0; 1 drivers
v0x14104a0_0 .net *"_s2", 0 0, L_0x1435330; 1 drivers
v0x1410540_0 .net *"_s4", 0 0, L_0x1435410; 1 drivers
v0x14105e0_0 .net "in0", 0 0, L_0x1435db0; 1 drivers
v0x1410660_0 .net "in1", 0 0, L_0x1435ea0; 1 drivers
v0x1410700_0 .net "out", 0 0, L_0x1435cb0; 1 drivers
v0x14107e0_0 .net "sel", 0 0, L_0x14358a0; 1 drivers
S_0x140fd60 .scope module, "M26" "mux2to1" 4 18, 5 1, S_0x13f7c30;
 .timescale 0 0;
L_0x1435a90 .functor NOT 1, L_0x1436030, C4<0>, C4<0>, C4<0>;
L_0x1435af0 .functor AND 1, L_0x1435a90, L_0x1436500, C4<1>, C4<1>;
L_0x1435ba0 .functor AND 1, L_0x1436030, L_0x14365f0, C4<1>, C4<1>;
L_0x1435c50 .functor OR 1, L_0x1435af0, L_0x1435ba0, C4<0>, C4<0>;
v0x140fe50_0 .net *"_s0", 0 0, L_0x1435a90; 1 drivers
v0x140ff10_0 .net *"_s2", 0 0, L_0x1435af0; 1 drivers
v0x140ffb0_0 .net *"_s4", 0 0, L_0x1435ba0; 1 drivers
v0x1410050_0 .net "in0", 0 0, L_0x1436500; 1 drivers
v0x14100d0_0 .net "in1", 0 0, L_0x14365f0; 1 drivers
v0x1410170_0 .net "out", 0 0, L_0x1435c50; 1 drivers
v0x1410250_0 .net "sel", 0 0, L_0x1436030; 1 drivers
S_0x140f7d0 .scope module, "M27" "mux2to1" 4 18, 5 1, S_0x13f7c30;
 .timescale 0 0;
L_0x14361d0 .functor NOT 1, L_0x1433710, C4<0>, C4<0>, C4<0>;
L_0x1436230 .functor AND 1, L_0x14361d0, L_0x1436c70, C4<1>, C4<1>;
L_0x14362e0 .functor AND 1, L_0x1433710, L_0x1436d60, C4<1>, C4<1>;
L_0x1436390 .functor OR 1, L_0x1436230, L_0x14362e0, C4<0>, C4<0>;
v0x140f8c0_0 .net *"_s0", 0 0, L_0x14361d0; 1 drivers
v0x140f980_0 .net *"_s2", 0 0, L_0x1436230; 1 drivers
v0x140fa20_0 .net *"_s4", 0 0, L_0x14362e0; 1 drivers
v0x140fac0_0 .net "in0", 0 0, L_0x1436c70; 1 drivers
v0x140fb40_0 .net "in1", 0 0, L_0x1436d60; 1 drivers
v0x140fbe0_0 .net "out", 0 0, L_0x1436390; 1 drivers
v0x140fcc0_0 .net "sel", 0 0, L_0x1433710; 1 drivers
S_0x140f240 .scope module, "M28" "mux2to1" 4 18, 5 1, S_0x13f7c30;
 .timescale 0 0;
L_0x1434c20 .functor NOT 1, L_0x1437300, C4<0>, C4<0>, C4<0>;
L_0x1436830 .functor AND 1, L_0x1434c20, L_0x1436a90, C4<1>, C4<1>;
L_0x14368e0 .functor AND 1, L_0x1437300, L_0x1437770, C4<1>, C4<1>;
L_0x1436990 .functor OR 1, L_0x1436830, L_0x14368e0, C4<0>, C4<0>;
v0x140f330_0 .net *"_s0", 0 0, L_0x1434c20; 1 drivers
v0x140f3f0_0 .net *"_s2", 0 0, L_0x1436830; 1 drivers
v0x140f490_0 .net *"_s4", 0 0, L_0x14368e0; 1 drivers
v0x140f530_0 .net "in0", 0 0, L_0x1436a90; 1 drivers
v0x140f5b0_0 .net "in1", 0 0, L_0x1437770; 1 drivers
v0x140f650_0 .net "out", 0 0, L_0x1436990; 1 drivers
v0x140f730_0 .net "sel", 0 0, L_0x1437300; 1 drivers
S_0x140ecb0 .scope module, "M29" "mux2to1" 4 18, 5 1, S_0x13f7c30;
 .timescale 0 0;
L_0x14374a0 .functor NOT 1, L_0x14378b0, C4<0>, C4<0>, C4<0>;
L_0x1437500 .functor AND 1, L_0x14374a0, L_0x1437d40, C4<1>, C4<1>;
L_0x14375b0 .functor AND 1, L_0x14378b0, L_0x1437e30, C4<1>, C4<1>;
L_0x1437690 .functor OR 1, L_0x1437500, L_0x14375b0, C4<0>, C4<0>;
v0x140eda0_0 .net *"_s0", 0 0, L_0x14374a0; 1 drivers
v0x140ee60_0 .net *"_s2", 0 0, L_0x1437500; 1 drivers
v0x140ef00_0 .net *"_s4", 0 0, L_0x14375b0; 1 drivers
v0x140efa0_0 .net "in0", 0 0, L_0x1437d40; 1 drivers
v0x140f020_0 .net "in1", 0 0, L_0x1437e30; 1 drivers
v0x140f0c0_0 .net "out", 0 0, L_0x1437690; 1 drivers
v0x140f1a0_0 .net "sel", 0 0, L_0x14378b0; 1 drivers
S_0x140e720 .scope module, "M210" "mux2to1" 4 18, 5 1, S_0x13f7c30;
 .timescale 0 0;
L_0x14367d0 .functor NOT 1, L_0x1437fc0, C4<0>, C4<0>, C4<0>;
L_0x1437ac0 .functor AND 1, L_0x14367d0, L_0x14384c0, C4<1>, C4<1>;
L_0x1437b70 .functor AND 1, L_0x1437fc0, L_0x14385b0, C4<1>, C4<1>;
L_0x1437c20 .functor OR 1, L_0x1437ac0, L_0x1437b70, C4<0>, C4<0>;
v0x140e810_0 .net *"_s0", 0 0, L_0x14367d0; 1 drivers
v0x140e8d0_0 .net *"_s2", 0 0, L_0x1437ac0; 1 drivers
v0x140e970_0 .net *"_s4", 0 0, L_0x1437b70; 1 drivers
v0x140ea10_0 .net "in0", 0 0, L_0x14384c0; 1 drivers
v0x140ea90_0 .net "in1", 0 0, L_0x14385b0; 1 drivers
v0x140eb30_0 .net "out", 0 0, L_0x1437c20; 1 drivers
v0x140ec10_0 .net "sel", 0 0, L_0x1437fc0; 1 drivers
S_0x140e190 .scope module, "M211" "mux2to1" 4 18, 5 1, S_0x13f7c30;
 .timescale 0 0;
L_0x1438160 .functor NOT 1, L_0x1438740, C4<0>, C4<0>, C4<0>;
L_0x14381c0 .functor AND 1, L_0x1438160, L_0x1438c10, C4<1>, C4<1>;
L_0x1438270 .functor AND 1, L_0x1438740, L_0x1438d00, C4<1>, C4<1>;
L_0x1438320 .functor OR 1, L_0x14381c0, L_0x1438270, C4<0>, C4<0>;
v0x140e280_0 .net *"_s0", 0 0, L_0x1438160; 1 drivers
v0x140e340_0 .net *"_s2", 0 0, L_0x14381c0; 1 drivers
v0x140e3e0_0 .net *"_s4", 0 0, L_0x1438270; 1 drivers
v0x140e480_0 .net "in0", 0 0, L_0x1438c10; 1 drivers
v0x140e500_0 .net "in1", 0 0, L_0x1438d00; 1 drivers
v0x140e5a0_0 .net "out", 0 0, L_0x1438320; 1 drivers
v0x140e680_0 .net "sel", 0 0, L_0x1438740; 1 drivers
S_0x140dc00 .scope module, "M212" "mux2to1" 4 18, 5 1, S_0x13f7c30;
 .timescale 0 0;
L_0x1437a50 .functor NOT 1, L_0x1438e90, C4<0>, C4<0>, C4<0>;
L_0x1438960 .functor AND 1, L_0x1437a50, L_0x1439380, C4<1>, C4<1>;
L_0x1438a10 .functor AND 1, L_0x1438e90, L_0x1439470, C4<1>, C4<1>;
L_0x1438ac0 .functor OR 1, L_0x1438960, L_0x1438a10, C4<0>, C4<0>;
v0x140dcf0_0 .net *"_s0", 0 0, L_0x1437a50; 1 drivers
v0x140ddb0_0 .net *"_s2", 0 0, L_0x1438960; 1 drivers
v0x140de50_0 .net *"_s4", 0 0, L_0x1438a10; 1 drivers
v0x140def0_0 .net "in0", 0 0, L_0x1439380; 1 drivers
v0x140df70_0 .net "in1", 0 0, L_0x1439470; 1 drivers
v0x140e010_0 .net "out", 0 0, L_0x1438ac0; 1 drivers
v0x140e0f0_0 .net "sel", 0 0, L_0x1438e90; 1 drivers
S_0x140d670 .scope module, "M213" "mux2to1" 4 18, 5 1, S_0x13f7c30;
 .timescale 0 0;
L_0x1439030 .functor NOT 1, L_0x1439600, C4<0>, C4<0>, C4<0>;
L_0x1439090 .functor AND 1, L_0x1439030, L_0x1439b10, C4<1>, C4<1>;
L_0x1439140 .functor AND 1, L_0x1439600, L_0x1439bb0, C4<1>, C4<1>;
L_0x14391f0 .functor OR 1, L_0x1439090, L_0x1439140, C4<0>, C4<0>;
v0x140d760_0 .net *"_s0", 0 0, L_0x1439030; 1 drivers
v0x140d820_0 .net *"_s2", 0 0, L_0x1439090; 1 drivers
v0x140d8c0_0 .net *"_s4", 0 0, L_0x1439140; 1 drivers
v0x140d960_0 .net "in0", 0 0, L_0x1439b10; 1 drivers
v0x140d9e0_0 .net "in1", 0 0, L_0x1439bb0; 1 drivers
v0x140da80_0 .net "out", 0 0, L_0x14391f0; 1 drivers
v0x140db60_0 .net "sel", 0 0, L_0x1439600; 1 drivers
S_0x140d0e0 .scope module, "M214" "mux2to1" 4 18, 5 1, S_0x13f7c30;
 .timescale 0 0;
L_0x14388e0 .functor NOT 1, L_0x1439d40, C4<0>, C4<0>, C4<0>;
L_0x1439830 .functor AND 1, L_0x14388e0, L_0x143a270, C4<1>, C4<1>;
L_0x14398e0 .functor AND 1, L_0x1439d40, L_0x143a310, C4<1>, C4<1>;
L_0x1439990 .functor OR 1, L_0x1439830, L_0x14398e0, C4<0>, C4<0>;
v0x140d1d0_0 .net *"_s0", 0 0, L_0x14388e0; 1 drivers
v0x140d290_0 .net *"_s2", 0 0, L_0x1439830; 1 drivers
v0x140d330_0 .net *"_s4", 0 0, L_0x14398e0; 1 drivers
v0x140d3d0_0 .net "in0", 0 0, L_0x143a270; 1 drivers
v0x140d450_0 .net "in1", 0 0, L_0x143a310; 1 drivers
v0x140d4f0_0 .net "out", 0 0, L_0x1439990; 1 drivers
v0x140d5d0_0 .net "sel", 0 0, L_0x1439d40; 1 drivers
S_0x140cb50 .scope module, "M215" "mux2to1" 4 18, 5 1, S_0x13f7c30;
 .timescale 0 0;
L_0x1439ee0 .functor NOT 1, L_0x143a4a0, C4<0>, C4<0>, C4<0>;
L_0x1439f40 .functor AND 1, L_0x1439ee0, L_0x143a1d0, C4<1>, C4<1>;
L_0x1439ff0 .functor AND 1, L_0x143a4a0, L_0x143aa40, C4<1>, C4<1>;
L_0x143a0a0 .functor OR 1, L_0x1439f40, L_0x1439ff0, C4<0>, C4<0>;
v0x140cc40_0 .net *"_s0", 0 0, L_0x1439ee0; 1 drivers
v0x140cd00_0 .net *"_s2", 0 0, L_0x1439f40; 1 drivers
v0x140cda0_0 .net *"_s4", 0 0, L_0x1439ff0; 1 drivers
v0x140ce40_0 .net "in0", 0 0, L_0x143a1d0; 1 drivers
v0x140cec0_0 .net "in1", 0 0, L_0x143aa40; 1 drivers
v0x140cf60_0 .net "out", 0 0, L_0x143a0a0; 1 drivers
v0x140d040_0 .net "sel", 0 0, L_0x143a4a0; 1 drivers
S_0x140c5c0 .scope module, "M30" "mux2to1" 4 20, 5 1, S_0x13f7c30;
 .timescale 0 0;
L_0x14397a0 .functor NOT 1, L_0x143abd0, C4<0>, C4<0>, C4<0>;
L_0x143a8f0 .functor AND 1, L_0x14397a0, L_0x143b190, C4<1>, C4<1>;
L_0x1435950 .functor AND 1, L_0x143abd0, L_0x143b280, C4<1>, C4<1>;
L_0x14359b0 .functor OR 1, L_0x143a8f0, L_0x1435950, C4<0>, C4<0>;
v0x140c6b0_0 .net *"_s0", 0 0, L_0x14397a0; 1 drivers
v0x140c770_0 .net *"_s2", 0 0, L_0x143a8f0; 1 drivers
v0x140c810_0 .net *"_s4", 0 0, L_0x1435950; 1 drivers
v0x140c8b0_0 .net "in0", 0 0, L_0x143b190; 1 drivers
v0x140c930_0 .net "in1", 0 0, L_0x143b280; 1 drivers
v0x140c9d0_0 .net "out", 0 0, L_0x14359b0; 1 drivers
v0x140cab0_0 .net "sel", 0 0, L_0x143abd0; 1 drivers
S_0x140c030 .scope module, "M31" "mux2to1" 4 20, 5 1, S_0x13f7c30;
 .timescale 0 0;
L_0x143ad70 .functor NOT 1, L_0x143b410, C4<0>, C4<0>, C4<0>;
L_0x143add0 .functor AND 1, L_0x143ad70, L_0x143b060, C4<1>, C4<1>;
L_0x143ae80 .functor AND 1, L_0x143b410, L_0x143b9f0, C4<1>, C4<1>;
L_0x143af30 .functor OR 1, L_0x143add0, L_0x143ae80, C4<0>, C4<0>;
v0x140c120_0 .net *"_s0", 0 0, L_0x143ad70; 1 drivers
v0x140c1e0_0 .net *"_s2", 0 0, L_0x143add0; 1 drivers
v0x140c280_0 .net *"_s4", 0 0, L_0x143ae80; 1 drivers
v0x140c320_0 .net "in0", 0 0, L_0x143b060; 1 drivers
v0x140c3a0_0 .net "in1", 0 0, L_0x143b9f0; 1 drivers
v0x140c440_0 .net "out", 0 0, L_0x143af30; 1 drivers
v0x140c520_0 .net "sel", 0 0, L_0x143b410; 1 drivers
S_0x140baa0 .scope module, "M32" "mux2to1" 4 20, 5 1, S_0x13f7c30;
 .timescale 0 0;
L_0x143b660 .functor NOT 1, L_0x143bb80, C4<0>, C4<0>, C4<0>;
L_0x143b6c0 .functor AND 1, L_0x143b660, L_0x143b8d0, C4<1>, C4<1>;
L_0x143b720 .functor AND 1, L_0x143bb80, L_0x143c180, C4<1>, C4<1>;
L_0x143b7d0 .functor OR 1, L_0x143b6c0, L_0x143b720, C4<0>, C4<0>;
v0x140bb90_0 .net *"_s0", 0 0, L_0x143b660; 1 drivers
v0x140bc50_0 .net *"_s2", 0 0, L_0x143b6c0; 1 drivers
v0x140bcf0_0 .net *"_s4", 0 0, L_0x143b720; 1 drivers
v0x140bd90_0 .net "in0", 0 0, L_0x143b8d0; 1 drivers
v0x140be10_0 .net "in1", 0 0, L_0x143c180; 1 drivers
v0x140beb0_0 .net "out", 0 0, L_0x143b7d0; 1 drivers
v0x140bf90_0 .net "sel", 0 0, L_0x143bb80; 1 drivers
S_0x140b510 .scope module, "M33" "mux2to1" 4 20, 5 1, S_0x13f7c30;
 .timescale 0 0;
L_0x143bd20 .functor NOT 1, L_0x143c310, C4<0>, C4<0>, C4<0>;
L_0x143bd80 .functor AND 1, L_0x143bd20, L_0x143bfe0, C4<1>, C4<1>;
L_0x143be30 .functor AND 1, L_0x143c310, L_0x143c8e0, C4<1>, C4<1>;
L_0x143bee0 .functor OR 1, L_0x143bd80, L_0x143be30, C4<0>, C4<0>;
v0x140b600_0 .net *"_s0", 0 0, L_0x143bd20; 1 drivers
v0x140b6c0_0 .net *"_s2", 0 0, L_0x143bd80; 1 drivers
v0x140b760_0 .net *"_s4", 0 0, L_0x143be30; 1 drivers
v0x140b800_0 .net "in0", 0 0, L_0x143bfe0; 1 drivers
v0x140b880_0 .net "in1", 0 0, L_0x143c8e0; 1 drivers
v0x140b920_0 .net "out", 0 0, L_0x143bee0; 1 drivers
v0x140ba00_0 .net "sel", 0 0, L_0x143c310; 1 drivers
S_0x140af80 .scope module, "M34" "mux2to1" 4 20, 5 1, S_0x13f7c30;
 .timescale 0 0;
L_0x143b5f0 .functor NOT 1, L_0x143ca20, C4<0>, C4<0>, C4<0>;
L_0x143c570 .functor AND 1, L_0x143b5f0, L_0x143c800, C4<1>, C4<1>;
L_0x143c620 .functor AND 1, L_0x143ca20, L_0x143d060, C4<1>, C4<1>;
L_0x143c6d0 .functor OR 1, L_0x143c570, L_0x143c620, C4<0>, C4<0>;
v0x140b070_0 .net *"_s0", 0 0, L_0x143b5f0; 1 drivers
v0x140b130_0 .net *"_s2", 0 0, L_0x143c570; 1 drivers
v0x140b1d0_0 .net *"_s4", 0 0, L_0x143c620; 1 drivers
v0x140b270_0 .net "in0", 0 0, L_0x143c800; 1 drivers
v0x140b2f0_0 .net "in1", 0 0, L_0x143d060; 1 drivers
v0x140b390_0 .net "out", 0 0, L_0x143c6d0; 1 drivers
v0x140b470_0 .net "sel", 0 0, L_0x143ca20; 1 drivers
S_0x140a9f0 .scope module, "M35" "mux2to1" 4 20, 5 1, S_0x13f7c30;
 .timescale 0 0;
L_0x143cbc0 .functor NOT 1, L_0x143d1f0, C4<0>, C4<0>, C4<0>;
L_0x143cc20 .functor AND 1, L_0x143cbc0, L_0x143ceb0, C4<1>, C4<1>;
L_0x143ccd0 .functor AND 1, L_0x143d1f0, L_0x143d800, C4<1>, C4<1>;
L_0x143cd80 .functor OR 1, L_0x143cc20, L_0x143ccd0, C4<0>, C4<0>;
v0x140aae0_0 .net *"_s0", 0 0, L_0x143cbc0; 1 drivers
v0x140aba0_0 .net *"_s2", 0 0, L_0x143cc20; 1 drivers
v0x140ac40_0 .net *"_s4", 0 0, L_0x143ccd0; 1 drivers
v0x140ace0_0 .net "in0", 0 0, L_0x143ceb0; 1 drivers
v0x140ad60_0 .net "in1", 0 0, L_0x143d800; 1 drivers
v0x140ae00_0 .net "out", 0 0, L_0x143cd80; 1 drivers
v0x140aee0_0 .net "sel", 0 0, L_0x143d1f0; 1 drivers
S_0x140a460 .scope module, "M36" "mux2to1" 4 20, 5 1, S_0x13f7c30;
 .timescale 0 0;
L_0x143c4b0 .functor NOT 1, L_0x143d940, C4<0>, C4<0>, C4<0>;
L_0x143c510 .functor AND 1, L_0x143c4b0, L_0x143d690, C4<1>, C4<1>;
L_0x143d4b0 .functor AND 1, L_0x143d940, L_0x143df70, C4<1>, C4<1>;
L_0x143d560 .functor OR 1, L_0x143c510, L_0x143d4b0, C4<0>, C4<0>;
v0x140a550_0 .net *"_s0", 0 0, L_0x143c4b0; 1 drivers
v0x140a610_0 .net *"_s2", 0 0, L_0x143c510; 1 drivers
v0x140a6b0_0 .net *"_s4", 0 0, L_0x143d4b0; 1 drivers
v0x140a750_0 .net "in0", 0 0, L_0x143d690; 1 drivers
v0x140a7d0_0 .net "in1", 0 0, L_0x143df70; 1 drivers
v0x140a870_0 .net "out", 0 0, L_0x143d560; 1 drivers
v0x140a950_0 .net "sel", 0 0, L_0x143d940; 1 drivers
S_0x1409ed0 .scope module, "M37" "mux2to1" 4 20, 5 1, S_0x13f7c30;
 .timescale 0 0;
L_0x143dae0 .functor NOT 1, L_0x143a780, C4<0>, C4<0>, C4<0>;
L_0x143db40 .functor AND 1, L_0x143dae0, L_0x143dda0, C4<1>, C4<1>;
L_0x143dbf0 .functor AND 1, L_0x143a780, L_0x143de90, C4<1>, C4<1>;
L_0x143dca0 .functor OR 1, L_0x143db40, L_0x143dbf0, C4<0>, C4<0>;
v0x1409fc0_0 .net *"_s0", 0 0, L_0x143dae0; 1 drivers
v0x140a080_0 .net *"_s2", 0 0, L_0x143db40; 1 drivers
v0x140a120_0 .net *"_s4", 0 0, L_0x143dbf0; 1 drivers
v0x140a1c0_0 .net "in0", 0 0, L_0x143dda0; 1 drivers
v0x140a240_0 .net "in1", 0 0, L_0x143de90; 1 drivers
v0x140a2e0_0 .net "out", 0 0, L_0x143dca0; 1 drivers
v0x140a3c0_0 .net "sel", 0 0, L_0x143a780; 1 drivers
S_0x1409940 .scope module, "M38" "mux2to1" 4 20, 5 1, S_0x13f7c30;
 .timescale 0 0;
L_0x143d3b0 .functor NOT 1, L_0x143e6a0, C4<0>, C4<0>, C4<0>;
L_0x143e1e0 .functor AND 1, L_0x143d3b0, L_0x143e420, C4<1>, C4<1>;
L_0x143e240 .functor AND 1, L_0x143e6a0, L_0x143e510, C4<1>, C4<1>;
L_0x143e2f0 .functor OR 1, L_0x143e1e0, L_0x143e240, C4<0>, C4<0>;
v0x1409a30_0 .net *"_s0", 0 0, L_0x143d3b0; 1 drivers
v0x1409af0_0 .net *"_s2", 0 0, L_0x143e1e0; 1 drivers
v0x1409b90_0 .net *"_s4", 0 0, L_0x143e240; 1 drivers
v0x1409c30_0 .net "in0", 0 0, L_0x143e420; 1 drivers
v0x1409cb0_0 .net "in1", 0 0, L_0x143e510; 1 drivers
v0x1409d50_0 .net "out", 0 0, L_0x143e2f0; 1 drivers
v0x1409e30_0 .net "sel", 0 0, L_0x143e6a0; 1 drivers
S_0x14093b0 .scope module, "M39" "mux2to1" 4 20, 5 1, S_0x13f7c30;
 .timescale 0 0;
L_0x143eb60 .functor NOT 1, L_0x143f0d0, C4<0>, C4<0>, C4<0>;
L_0x143ebc0 .functor AND 1, L_0x143eb60, L_0x143ee50, C4<1>, C4<1>;
L_0x143ec70 .functor AND 1, L_0x143f0d0, L_0x143ef40, C4<1>, C4<1>;
L_0x143ed20 .functor OR 1, L_0x143ebc0, L_0x143ec70, C4<0>, C4<0>;
v0x14094a0_0 .net *"_s0", 0 0, L_0x143eb60; 1 drivers
v0x1409560_0 .net *"_s2", 0 0, L_0x143ebc0; 1 drivers
v0x1409600_0 .net *"_s4", 0 0, L_0x143ec70; 1 drivers
v0x14096a0_0 .net "in0", 0 0, L_0x143ee50; 1 drivers
v0x1409720_0 .net "in1", 0 0, L_0x143ef40; 1 drivers
v0x14097c0_0 .net "out", 0 0, L_0x143ed20; 1 drivers
v0x14098a0_0 .net "sel", 0 0, L_0x143f0d0; 1 drivers
S_0x1408e20 .scope module, "M310" "mux2to1" 4 20, 5 1, S_0x13f7c30;
 .timescale 0 0;
L_0x143e010 .functor NOT 1, L_0x143f770, C4<0>, C4<0>, C4<0>;
L_0x143e070 .functor AND 1, L_0x143e010, L_0x143f4f0, C4<1>, C4<1>;
L_0x143e120 .functor AND 1, L_0x143f770, L_0x143f5e0, C4<1>, C4<1>;
L_0x143f3c0 .functor OR 1, L_0x143e070, L_0x143e120, C4<0>, C4<0>;
v0x1408f10_0 .net *"_s0", 0 0, L_0x143e010; 1 drivers
v0x1408fd0_0 .net *"_s2", 0 0, L_0x143e070; 1 drivers
v0x1409070_0 .net *"_s4", 0 0, L_0x143e120; 1 drivers
v0x1409110_0 .net "in0", 0 0, L_0x143f4f0; 1 drivers
v0x1409190_0 .net "in1", 0 0, L_0x143f5e0; 1 drivers
v0x1409230_0 .net "out", 0 0, L_0x143f3c0; 1 drivers
v0x1409310_0 .net "sel", 0 0, L_0x143f770; 1 drivers
S_0x1408890 .scope module, "M311" "mux2to1" 4 20, 5 1, S_0x13f7c30;
 .timescale 0 0;
L_0x143f910 .functor NOT 1, L_0x143fd80, C4<0>, C4<0>, C4<0>;
L_0x143f970 .functor AND 1, L_0x143f910, L_0x1440550, C4<1>, C4<1>;
L_0x143fa20 .functor AND 1, L_0x143fd80, L_0x1440640, C4<1>, C4<1>;
L_0x1440450 .functor OR 1, L_0x143f970, L_0x143fa20, C4<0>, C4<0>;
v0x1408980_0 .net *"_s0", 0 0, L_0x143f910; 1 drivers
v0x1408a40_0 .net *"_s2", 0 0, L_0x143f970; 1 drivers
v0x1408ae0_0 .net *"_s4", 0 0, L_0x143fa20; 1 drivers
v0x1408b80_0 .net "in0", 0 0, L_0x1440550; 1 drivers
v0x1408c00_0 .net "in1", 0 0, L_0x1440640; 1 drivers
v0x1408ca0_0 .net "out", 0 0, L_0x1440450; 1 drivers
v0x1408d80_0 .net "sel", 0 0, L_0x143fd80; 1 drivers
S_0x1408300 .scope module, "M312" "mux2to1" 4 20, 5 1, S_0x13f7c30;
 .timescale 0 0;
L_0x143fbf0 .functor NOT 1, L_0x1440f70, C4<0>, C4<0>, C4<0>;
L_0x143fc50 .functor AND 1, L_0x143fbf0, L_0x1440220, C4<1>, C4<1>;
L_0x1440070 .functor AND 1, L_0x1440f70, L_0x1440310, C4<1>, C4<1>;
L_0x1440120 .functor OR 1, L_0x143fc50, L_0x1440070, C4<0>, C4<0>;
v0x14083f0_0 .net *"_s0", 0 0, L_0x143fbf0; 1 drivers
v0x14084b0_0 .net *"_s2", 0 0, L_0x143fc50; 1 drivers
v0x1408550_0 .net *"_s4", 0 0, L_0x1440070; 1 drivers
v0x14085f0_0 .net "in0", 0 0, L_0x1440220; 1 drivers
v0x1408670_0 .net "in1", 0 0, L_0x1440310; 1 drivers
v0x1408710_0 .net "out", 0 0, L_0x1440120; 1 drivers
v0x14087f0_0 .net "sel", 0 0, L_0x1440f70; 1 drivers
S_0x1407d70 .scope module, "M313" "mux2to1" 4 20, 5 1, S_0x13f7c30;
 .timescale 0 0;
L_0x1440730 .functor NOT 1, L_0x1440ca0, C4<0>, C4<0>, C4<0>;
L_0x1440790 .functor AND 1, L_0x1440730, L_0x1440a20, C4<1>, C4<1>;
L_0x1440840 .functor AND 1, L_0x1440ca0, L_0x1440b10, C4<1>, C4<1>;
L_0x14408f0 .functor OR 1, L_0x1440790, L_0x1440840, C4<0>, C4<0>;
v0x1407e60_0 .net *"_s0", 0 0, L_0x1440730; 1 drivers
v0x1407f20_0 .net *"_s2", 0 0, L_0x1440790; 1 drivers
v0x1407fc0_0 .net *"_s4", 0 0, L_0x1440840; 1 drivers
v0x1408060_0 .net "in0", 0 0, L_0x1440a20; 1 drivers
v0x14080e0_0 .net "in1", 0 0, L_0x1440b10; 1 drivers
v0x1408180_0 .net "out", 0 0, L_0x14408f0; 1 drivers
v0x1408260_0 .net "sel", 0 0, L_0x1440ca0; 1 drivers
S_0x14077e0 .scope module, "M314" "mux2to1" 4 20, 5 1, S_0x13f7c30;
 .timescale 0 0;
L_0x1440e40 .functor NOT 1, L_0x14411b0, C4<0>, C4<0>, C4<0>;
L_0x143fe30 .functor AND 1, L_0x1440e40, L_0x1432760, C4<1>, C4<1>;
L_0x143fee0 .functor AND 1, L_0x14411b0, L_0x1432850, C4<1>, C4<1>;
L_0x143ff90 .functor OR 1, L_0x143fe30, L_0x143fee0, C4<0>, C4<0>;
v0x14078d0_0 .net *"_s0", 0 0, L_0x1440e40; 1 drivers
v0x1407990_0 .net *"_s2", 0 0, L_0x143fe30; 1 drivers
v0x1407a30_0 .net *"_s4", 0 0, L_0x143fee0; 1 drivers
v0x1407ad0_0 .net "in0", 0 0, L_0x1432760; 1 drivers
v0x1407b50_0 .net "in1", 0 0, L_0x1432850; 1 drivers
v0x1407bf0_0 .net "out", 0 0, L_0x143ff90; 1 drivers
v0x1407cd0_0 .net "sel", 0 0, L_0x14411b0; 1 drivers
S_0x13f6290 .scope module, "M315" "mux2to1" 4 20, 5 1, S_0x13f7c30;
 .timescale 0 0;
L_0x1441350 .functor NOT 1, L_0x14417f0, C4<0>, C4<0>, C4<0>;
L_0x14413b0 .functor AND 1, L_0x1441350, L_0x1441610, C4<1>, C4<1>;
L_0x1441460 .functor AND 1, L_0x14417f0, L_0x1441700, C4<1>, C4<1>;
L_0x1441510 .functor OR 1, L_0x14413b0, L_0x1441460, C4<0>, C4<0>;
v0x13a7490_0 .net *"_s0", 0 0, L_0x1441350; 1 drivers
v0x14073d0_0 .net *"_s2", 0 0, L_0x14413b0; 1 drivers
v0x1407470_0 .net *"_s4", 0 0, L_0x1441460; 1 drivers
v0x1407510_0 .net "in0", 0 0, L_0x1441610; 1 drivers
v0x14075c0_0 .net "in1", 0 0, L_0x1441700; 1 drivers
v0x1407660_0 .net "out", 0 0, L_0x1441510; 1 drivers
v0x1407740_0 .net "sel", 0 0, L_0x14417f0; 1 drivers
    .scope S_0x13f7c30;
T_0 ;
    %set/v v0x14206c0_0, 0, 1;
    %end;
    .thread T_0;
    .scope S_0x13faf70;
T_1 ;
    %movi 8, 48, 16;
    %set/v v0x1421ea0_0, 8, 16;
    %movi 8, 8, 4;
    %set/v v0x1422170_0, 8, 4;
    %delay 4, 0;
    %vpi_call 2 30 "$monitor", "\012\012Input:\012\012  A = %H\012  shr = %H\012\012Output:\012\012  OUT = %H\012\012", v0x1421ea0_0, v0x1422170_0, v0x14220f0_0;
    %end;
    .thread T_1;
# The file index is used to find the file name in the following table.
:file_names 6;
    "N/A";
    "<interactive>";
    "Test_Rrotate16_gen.v";
    "./Rrotate16_gen.v";
    "./Lrotate16.v";
    "./mux2to1.v";
