#! /usr/bin/vvp
:ivl_version "0.9.7 " "(v0_9_7)";
:vpi_time_precision + 0;
:vpi_module "system";
:vpi_module "v2005_math";
:vpi_module "va_math";
S_0x2333fc0 .scope module, "Registers_tb" "Registers_tb" 2 3;
 .timescale 0 0;
v0x234da70_0 .var "Rdst", 15 0;
v0x234db10_0 .var "Rdst_addr", 4 0;
v0x234dbc0_0 .net "Rsrc1", 15 0, v0x234d610_0; 1 drivers
v0x234dc70_0 .var "Rsrc1_addr", 4 0;
v0x234dd50_0 .net "Rsrc2", 15 0, v0x234d760_0; 1 drivers
v0x234de00_0 .var "Rsrc2_addr", 4 0;
v0x234de80_0 .var "Rwrite", 0 0;
S_0x23340b0 .scope module, "R" "Registers" 2 12, 3 1, S_0x2333fc0;
 .timescale 0 0;
v0x2337700 .array "R", 31 0, 15 0;
v0x234d4d0_0 .net "Rdst", 15 0, v0x234da70_0; 1 drivers
v0x234d570_0 .net "Rdst_addr", 4 0, v0x234db10_0; 1 drivers
v0x234d610_0 .var "Rsrc1", 15 0;
v0x234d6c0_0 .net "Rsrc1_addr", 4 0, v0x234dc70_0; 1 drivers
v0x234d760_0 .var "Rsrc2", 15 0;
v0x234d840_0 .net "Rsrc2_addr", 4 0, v0x234de00_0; 1 drivers
v0x234d8e0_0 .net "Rwrite", 0 0, v0x234de80_0; 1 drivers
v0x234d9d0_0 .var/i "i", 31 0;
E_0x2324470/0 .event edge, v0x234d8e0_0, v0x234d570_0, v0x234d4d0_0, v0x234d6c0_0;
v0x2337700_0 .array/port v0x2337700, 0;
v0x2337700_1 .array/port v0x2337700, 1;
v0x2337700_2 .array/port v0x2337700, 2;
v0x2337700_3 .array/port v0x2337700, 3;
E_0x2324470/1 .event edge, v0x2337700_0, v0x2337700_1, v0x2337700_2, v0x2337700_3;
v0x2337700_4 .array/port v0x2337700, 4;
v0x2337700_5 .array/port v0x2337700, 5;
v0x2337700_6 .array/port v0x2337700, 6;
v0x2337700_7 .array/port v0x2337700, 7;
E_0x2324470/2 .event edge, v0x2337700_4, v0x2337700_5, v0x2337700_6, v0x2337700_7;
v0x2337700_8 .array/port v0x2337700, 8;
v0x2337700_9 .array/port v0x2337700, 9;
v0x2337700_10 .array/port v0x2337700, 10;
v0x2337700_11 .array/port v0x2337700, 11;
E_0x2324470/3 .event edge, v0x2337700_8, v0x2337700_9, v0x2337700_10, v0x2337700_11;
v0x2337700_12 .array/port v0x2337700, 12;
v0x2337700_13 .array/port v0x2337700, 13;
v0x2337700_14 .array/port v0x2337700, 14;
v0x2337700_15 .array/port v0x2337700, 15;
E_0x2324470/4 .event edge, v0x2337700_12, v0x2337700_13, v0x2337700_14, v0x2337700_15;
v0x2337700_16 .array/port v0x2337700, 16;
v0x2337700_17 .array/port v0x2337700, 17;
v0x2337700_18 .array/port v0x2337700, 18;
v0x2337700_19 .array/port v0x2337700, 19;
E_0x2324470/5 .event edge, v0x2337700_16, v0x2337700_17, v0x2337700_18, v0x2337700_19;
v0x2337700_20 .array/port v0x2337700, 20;
v0x2337700_21 .array/port v0x2337700, 21;
v0x2337700_22 .array/port v0x2337700, 22;
v0x2337700_23 .array/port v0x2337700, 23;
E_0x2324470/6 .event edge, v0x2337700_20, v0x2337700_21, v0x2337700_22, v0x2337700_23;
v0x2337700_24 .array/port v0x2337700, 24;
v0x2337700_25 .array/port v0x2337700, 25;
v0x2337700_26 .array/port v0x2337700, 26;
v0x2337700_27 .array/port v0x2337700, 27;
E_0x2324470/7 .event edge, v0x2337700_24, v0x2337700_25, v0x2337700_26, v0x2337700_27;
v0x2337700_28 .array/port v0x2337700, 28;
v0x2337700_29 .array/port v0x2337700, 29;
v0x2337700_30 .array/port v0x2337700, 30;
v0x2337700_31 .array/port v0x2337700, 31;
E_0x2324470/8 .event edge, v0x2337700_28, v0x2337700_29, v0x2337700_30, v0x2337700_31;
E_0x2324470/9 .event edge, v0x234d840_0;
E_0x2324470 .event/or E_0x2324470/0, E_0x2324470/1, E_0x2324470/2, E_0x2324470/3, E_0x2324470/4, E_0x2324470/5, E_0x2324470/6, E_0x2324470/7, E_0x2324470/8, E_0x2324470/9;
    .scope S_0x23340b0;
T_0 ;
    %set/v v0x234d9d0_0, 0, 32;
T_0.0 ;
    %load/v 8, v0x234d9d0_0, 32;
   %cmpi/s 8, 32, 32;
    %jmp/0xz T_0.1, 5;
    %ix/getv/s 3, v0x234d9d0_0;
   %jmp/1 t_0, 4;
   %ix/load 1, 0, 0;
   %set/av v0x2337700, 0, 16;
t_0 ;
    %ix/load 0, 1, 0;
    %load/vp0/s 8, v0x234d9d0_0, 32;
    %set/v v0x234d9d0_0, 8, 32;
    %jmp T_0.0;
T_0.1 ;
    %end;
    .thread T_0;
    .scope S_0x23340b0;
T_1 ;
    %wait E_0x2324470;
    %load/v 8, v0x234d8e0_0, 1;
    %jmp/0xz  T_1.0, 8;
    %load/v 8, v0x234d570_0, 5;
    %mov 13, 0, 2;
   %cmpi/u 8, 31, 7;
    %or 5, 4, 1;
    %mov 8, 5, 1;
    %load/v 9, v0x234d570_0, 5;
    %mov 14, 0, 1;
    %cmp/u 0, 9, 6;
    %or 5, 4, 1;
    %mov 9, 5, 1;
    %and 8, 9, 1;
    %jmp/0xz  T_1.2, 8;
    %load/v 8, v0x234d4d0_0, 16;
    %ix/getv 3, v0x234d570_0;
   %jmp/1 t_1, 4;
   %ix/load 1, 0, 0;
   %set/av v0x2337700, 8, 16;
t_1 ;
    %jmp T_1.3;
T_1.2 ;
    %vpi_call 3 26 "$display", "Error in Rdst_addr...";
T_1.3 ;
T_1.0 ;
    %load/v 8, v0x234d6c0_0, 5;
    %mov 13, 0, 2;
   %cmpi/u 8, 31, 7;
    %or 5, 4, 1;
    %mov 8, 5, 1;
    %load/v 9, v0x234d6c0_0, 5;
    %mov 14, 0, 1;
    %cmp/u 0, 9, 6;
    %or 5, 4, 1;
    %mov 9, 5, 1;
    %and 8, 9, 1;
    %jmp/0xz  T_1.4, 8;
    %ix/getv 3, v0x234d6c0_0;
    %load/av 8, v0x2337700, 16;
    %set/v v0x234d610_0, 8, 16;
    %jmp T_1.5;
T_1.4 ;
    %vpi_call 3 33 "$display", "Error in Rscr1_addr...";
T_1.5 ;
    %load/v 8, v0x234d840_0, 5;
    %mov 13, 0, 2;
   %cmpi/u 8, 31, 7;
    %or 5, 4, 1;
    %mov 8, 5, 1;
    %load/v 9, v0x234d840_0, 5;
    %mov 14, 0, 1;
    %cmp/u 0, 9, 6;
    %or 5, 4, 1;
    %mov 9, 5, 1;
    %and 8, 9, 1;
    %jmp/0xz  T_1.6, 8;
    %ix/getv 3, v0x234d840_0;
    %load/av 8, v0x2337700, 16;
    %set/v v0x234d760_0, 8, 16;
    %jmp T_1.7;
T_1.6 ;
    %vpi_call 3 39 "$display", "Error in Rscr2_addr...";
T_1.7 ;
    %jmp T_1;
    .thread T_1, $push;
    .scope S_0x2333fc0;
T_2 ;
    %set/v v0x234de80_0, 0, 1;
    %end;
    .thread T_2;
    .scope S_0x2333fc0;
T_3 ;
    %set/v v0x234db10_0, 0, 5;
    %end;
    .thread T_3;
    .scope S_0x2333fc0;
T_4 ;
    %set/v v0x234dc70_0, 0, 5;
    %end;
    .thread T_4;
    .scope S_0x2333fc0;
T_5 ;
    %set/v v0x234de00_0, 0, 5;
    %end;
    .thread T_5;
    .scope S_0x2333fc0;
T_6 ;
    %delay 2, 0;
    %movi 8, 47, 16;
    %set/v v0x234da70_0, 8, 16;
    %delay 0, 0;
    %set/v v0x234de80_0, 1, 1;
    %delay 2, 0;
    %movi 8, 1, 5;
    %set/v v0x234db10_0, 8, 5;
    %delay 2, 0;
    %movi 8, 2, 5;
    %set/v v0x234db10_0, 8, 5;
    %delay 2, 0;
    %movi 8, 74, 16;
    %set/v v0x234da70_0, 8, 16;
    %delay 8, 0;
    %set/v v0x234de80_0, 0, 1;
    %delay 2, 0;
    %movi 8, 1, 5;
    %set/v v0x234dc70_0, 8, 5;
    %delay 2, 0;
    %movi 8, 2, 5;
    %set/v v0x234de00_0, 8, 5;
    %delay 10, 0;
    %vpi_call 2 27 "$finish";
    %end;
    .thread T_6;
    .scope S_0x2333fc0;
T_7 ;
    %vpi_call 2 32 "$monitor", $time, ") [R%d] = %d, [R%d] = %d", v0x234dc70_0, v0x234dbc0_0, v0x234de00_0, v0x234dd50_0;
    %end;
    .thread T_7;
# The file index is used to find the file name in the following table.
:file_names 4;
    "N/A";
    "<interactive>";
    "Registers-asynch_tb.v";
    "./Registers-asynch.v";
