#! /usr/bin/vvp
:ivl_version "0.9.7 " "(v0_9_7)";
:vpi_time_precision + 0;
:vpi_module "system";
:vpi_module "v2005_math";
:vpi_module "va_math";
S_0x17dffc0 .scope module, "Registers_tb" "Registers_tb" 2 3;
 .timescale 0 0;
v0x18127b0_0 .var "Rdst", 15 0;
v0x1812850_0 .var "Rdst_addr", 4 0;
v0x1812900_0 .net "Rsrc1", 15 0, v0x1812250_0; 1 drivers
v0x18129b0_0 .var "Rsrc1_addr", 4 0;
v0x1812a90_0 .net "Rsrc2", 15 0, v0x18123a0_0; 1 drivers
v0x1812b40_0 .var "Rsrc2_addr", 4 0;
v0x1812bc0_0 .var "Rwrite", 0 0;
v0x1812c70_0 .var "clk", 0 0;
S_0x17e00b0 .scope module, "R" "Registers" 2 14, 3 1, S_0x17dffc0;
 .timescale 0 0;
v0x17f3410 .array "R", 31 0, 15 0;
v0x17f3490_0 .net "Rdst", 15 0, v0x18127b0_0; 1 drivers
v0x18121b0_0 .net "Rdst_addr", 4 0, v0x1812850_0; 1 drivers
v0x1812250_0 .var "Rsrc1", 15 0;
v0x1812300_0 .net "Rsrc1_addr", 4 0, v0x18129b0_0; 1 drivers
v0x18123a0_0 .var "Rsrc2", 15 0;
v0x1812480_0 .net "Rsrc2_addr", 4 0, v0x1812b40_0; 1 drivers
v0x1812520_0 .net "Rwrite", 0 0, v0x1812bc0_0; 1 drivers
v0x1812610_0 .net "clk", 0 0, v0x1812c70_0; 1 drivers
v0x18126b0_0 .var/i "i", 31 0;
E_0x17d9e90 .event posedge, v0x1812610_0;
    .scope S_0x17e00b0;
T_0 ;
    %set/v v0x18126b0_0, 0, 32;
T_0.0 ;
    %load/v 8, v0x18126b0_0, 32;
   %cmpi/s 8, 32, 32;
    %jmp/0xz T_0.1, 5;
    %ix/getv/s 3, v0x18126b0_0;
   %jmp/1 t_0, 4;
   %ix/load 1, 0, 0;
   %set/av v0x17f3410, 0, 16;
t_0 ;
    %ix/load 0, 1, 0;
    %load/vp0/s 8, v0x18126b0_0, 32;
    %set/v v0x18126b0_0, 8, 32;
    %jmp T_0.0;
T_0.1 ;
    %end;
    .thread T_0;
    .scope S_0x17e00b0;
T_1 ;
    %wait E_0x17d9e90;
    %load/v 8, v0x1812520_0, 1;
    %jmp/0xz  T_1.0, 8;
    %load/v 8, v0x18121b0_0, 5;
    %cmpi/u 8, 0, 5;
    %jmp/1 T_1.2, 6;
    %cmpi/u 8, 1, 5;
    %jmp/1 T_1.3, 6;
    %cmpi/u 8, 2, 5;
    %jmp/1 T_1.4, 6;
    %cmpi/u 8, 3, 5;
    %jmp/1 T_1.5, 6;
    %cmpi/u 8, 4, 5;
    %jmp/1 T_1.6, 6;
    %cmpi/u 8, 5, 5;
    %jmp/1 T_1.7, 6;
    %cmpi/u 8, 6, 5;
    %jmp/1 T_1.8, 6;
    %cmpi/u 8, 7, 5;
    %jmp/1 T_1.9, 6;
    %cmpi/u 8, 8, 5;
    %jmp/1 T_1.10, 6;
    %cmpi/u 8, 9, 5;
    %jmp/1 T_1.11, 6;
    %cmpi/u 8, 10, 5;
    %jmp/1 T_1.12, 6;
    %cmpi/u 8, 11, 5;
    %jmp/1 T_1.13, 6;
    %cmpi/u 8, 12, 5;
    %jmp/1 T_1.14, 6;
    %cmpi/u 8, 13, 5;
    %jmp/1 T_1.15, 6;
    %cmpi/u 8, 14, 5;
    %jmp/1 T_1.16, 6;
    %cmpi/u 8, 15, 5;
    %jmp/1 T_1.17, 6;
    %cmpi/u 8, 16, 5;
    %jmp/1 T_1.18, 6;
    %cmpi/u 8, 17, 5;
    %jmp/1 T_1.19, 6;
    %cmpi/u 8, 18, 5;
    %jmp/1 T_1.20, 6;
    %cmpi/u 8, 19, 5;
    %jmp/1 T_1.21, 6;
    %cmpi/u 8, 20, 5;
    %jmp/1 T_1.22, 6;
    %cmpi/u 8, 21, 5;
    %jmp/1 T_1.23, 6;
    %cmpi/u 8, 22, 5;
    %jmp/1 T_1.24, 6;
    %cmpi/u 8, 23, 5;
    %jmp/1 T_1.25, 6;
    %cmpi/u 8, 24, 5;
    %jmp/1 T_1.26, 6;
    %cmpi/u 8, 25, 5;
    %jmp/1 T_1.27, 6;
    %cmpi/u 8, 26, 5;
    %jmp/1 T_1.28, 6;
    %cmpi/u 8, 27, 5;
    %jmp/1 T_1.29, 6;
    %cmpi/u 8, 28, 5;
    %jmp/1 T_1.30, 6;
    %cmpi/u 8, 29, 5;
    %jmp/1 T_1.31, 6;
    %cmpi/u 8, 30, 5;
    %jmp/1 T_1.32, 6;
    %cmpi/u 8, 31, 5;
    %jmp/1 T_1.33, 6;
    %vpi_call 3 56 "$display", "Error in Rdst...";
    %jmp T_1.35;
T_1.2 ;
    %load/v 8, v0x17f3490_0, 16;
    %ix/load 3, 0, 0; address
    %ix/load 0, 16, 0; word width
    %ix/load 1, 0, 0; part off
    %assign/av v0x17f3410, 0, 8;
t_1 ;
    %jmp T_1.35;
T_1.3 ;
    %load/v 8, v0x17f3490_0, 16;
    %ix/load 3, 1, 0; address
    %ix/load 0, 16, 0; word width
    %ix/load 1, 0, 0; part off
    %assign/av v0x17f3410, 0, 8;
t_2 ;
    %jmp T_1.35;
T_1.4 ;
    %load/v 8, v0x17f3490_0, 16;
    %ix/load 3, 2, 0; address
    %ix/load 0, 16, 0; word width
    %ix/load 1, 0, 0; part off
    %assign/av v0x17f3410, 0, 8;
t_3 ;
    %jmp T_1.35;
T_1.5 ;
    %load/v 8, v0x17f3490_0, 16;
    %ix/load 3, 3, 0; address
    %ix/load 0, 16, 0; word width
    %ix/load 1, 0, 0; part off
    %assign/av v0x17f3410, 0, 8;
t_4 ;
    %jmp T_1.35;
T_1.6 ;
    %load/v 8, v0x17f3490_0, 16;
    %ix/load 3, 4, 0; address
    %ix/load 0, 16, 0; word width
    %ix/load 1, 0, 0; part off
    %assign/av v0x17f3410, 0, 8;
t_5 ;
    %jmp T_1.35;
T_1.7 ;
    %load/v 8, v0x17f3490_0, 16;
    %ix/load 3, 5, 0; address
    %ix/load 0, 16, 0; word width
    %ix/load 1, 0, 0; part off
    %assign/av v0x17f3410, 0, 8;
t_6 ;
    %jmp T_1.35;
T_1.8 ;
    %load/v 8, v0x17f3490_0, 16;
    %ix/load 3, 6, 0; address
    %ix/load 0, 16, 0; word width
    %ix/load 1, 0, 0; part off
    %assign/av v0x17f3410, 0, 8;
t_7 ;
    %jmp T_1.35;
T_1.9 ;
    %load/v 8, v0x17f3490_0, 16;
    %ix/load 3, 7, 0; address
    %ix/load 0, 16, 0; word width
    %ix/load 1, 0, 0; part off
    %assign/av v0x17f3410, 0, 8;
t_8 ;
    %jmp T_1.35;
T_1.10 ;
    %load/v 8, v0x17f3490_0, 16;
    %ix/load 3, 8, 0; address
    %ix/load 0, 16, 0; word width
    %ix/load 1, 0, 0; part off
    %assign/av v0x17f3410, 0, 8;
t_9 ;
    %jmp T_1.35;
T_1.11 ;
    %load/v 8, v0x17f3490_0, 16;
    %ix/load 3, 9, 0; address
    %ix/load 0, 16, 0; word width
    %ix/load 1, 0, 0; part off
    %assign/av v0x17f3410, 0, 8;
t_10 ;
    %jmp T_1.35;
T_1.12 ;
    %load/v 8, v0x17f3490_0, 16;
    %ix/load 3, 10, 0; address
    %ix/load 0, 16, 0; word width
    %ix/load 1, 0, 0; part off
    %assign/av v0x17f3410, 0, 8;
t_11 ;
    %jmp T_1.35;
T_1.13 ;
    %load/v 8, v0x17f3490_0, 16;
    %ix/load 3, 11, 0; address
    %ix/load 0, 16, 0; word width
    %ix/load 1, 0, 0; part off
    %assign/av v0x17f3410, 0, 8;
t_12 ;
    %jmp T_1.35;
T_1.14 ;
    %load/v 8, v0x17f3490_0, 16;
    %ix/load 3, 12, 0; address
    %ix/load 0, 16, 0; word width
    %ix/load 1, 0, 0; part off
    %assign/av v0x17f3410, 0, 8;
t_13 ;
    %jmp T_1.35;
T_1.15 ;
    %load/v 8, v0x17f3490_0, 16;
    %ix/load 3, 13, 0; address
    %ix/load 0, 16, 0; word width
    %ix/load 1, 0, 0; part off
    %assign/av v0x17f3410, 0, 8;
t_14 ;
    %jmp T_1.35;
T_1.16 ;
    %load/v 8, v0x17f3490_0, 16;
    %ix/load 3, 14, 0; address
    %ix/load 0, 16, 0; word width
    %ix/load 1, 0, 0; part off
    %assign/av v0x17f3410, 0, 8;
t_15 ;
    %jmp T_1.35;
T_1.17 ;
    %load/v 8, v0x17f3490_0, 16;
    %ix/load 3, 15, 0; address
    %ix/load 0, 16, 0; word width
    %ix/load 1, 0, 0; part off
    %assign/av v0x17f3410, 0, 8;
t_16 ;
    %jmp T_1.35;
T_1.18 ;
    %load/v 8, v0x17f3490_0, 16;
    %ix/load 3, 16, 0; address
    %ix/load 0, 16, 0; word width
    %ix/load 1, 0, 0; part off
    %assign/av v0x17f3410, 0, 8;
t_17 ;
    %jmp T_1.35;
T_1.19 ;
    %load/v 8, v0x17f3490_0, 16;
    %ix/load 3, 17, 0; address
    %ix/load 0, 16, 0; word width
    %ix/load 1, 0, 0; part off
    %assign/av v0x17f3410, 0, 8;
t_18 ;
    %jmp T_1.35;
T_1.20 ;
    %load/v 8, v0x17f3490_0, 16;
    %ix/load 3, 18, 0; address
    %ix/load 0, 16, 0; word width
    %ix/load 1, 0, 0; part off
    %assign/av v0x17f3410, 0, 8;
t_19 ;
    %jmp T_1.35;
T_1.21 ;
    %load/v 8, v0x17f3490_0, 16;
    %ix/load 3, 19, 0; address
    %ix/load 0, 16, 0; word width
    %ix/load 1, 0, 0; part off
    %assign/av v0x17f3410, 0, 8;
t_20 ;
    %jmp T_1.35;
T_1.22 ;
    %load/v 8, v0x17f3490_0, 16;
    %ix/load 3, 20, 0; address
    %ix/load 0, 16, 0; word width
    %ix/load 1, 0, 0; part off
    %assign/av v0x17f3410, 0, 8;
t_21 ;
    %jmp T_1.35;
T_1.23 ;
    %load/v 8, v0x17f3490_0, 16;
    %ix/load 3, 21, 0; address
    %ix/load 0, 16, 0; word width
    %ix/load 1, 0, 0; part off
    %assign/av v0x17f3410, 0, 8;
t_22 ;
    %jmp T_1.35;
T_1.24 ;
    %load/v 8, v0x17f3490_0, 16;
    %ix/load 3, 22, 0; address
    %ix/load 0, 16, 0; word width
    %ix/load 1, 0, 0; part off
    %assign/av v0x17f3410, 0, 8;
t_23 ;
    %jmp T_1.35;
T_1.25 ;
    %load/v 8, v0x17f3490_0, 16;
    %ix/load 3, 23, 0; address
    %ix/load 0, 16, 0; word width
    %ix/load 1, 0, 0; part off
    %assign/av v0x17f3410, 0, 8;
t_24 ;
    %jmp T_1.35;
T_1.26 ;
    %load/v 8, v0x17f3490_0, 16;
    %ix/load 3, 24, 0; address
    %ix/load 0, 16, 0; word width
    %ix/load 1, 0, 0; part off
    %assign/av v0x17f3410, 0, 8;
t_25 ;
    %jmp T_1.35;
T_1.27 ;
    %load/v 8, v0x17f3490_0, 16;
    %ix/load 3, 25, 0; address
    %ix/load 0, 16, 0; word width
    %ix/load 1, 0, 0; part off
    %assign/av v0x17f3410, 0, 8;
t_26 ;
    %jmp T_1.35;
T_1.28 ;
    %load/v 8, v0x17f3490_0, 16;
    %ix/load 3, 26, 0; address
    %ix/load 0, 16, 0; word width
    %ix/load 1, 0, 0; part off
    %assign/av v0x17f3410, 0, 8;
t_27 ;
    %jmp T_1.35;
T_1.29 ;
    %load/v 8, v0x17f3490_0, 16;
    %ix/load 3, 27, 0; address
    %ix/load 0, 16, 0; word width
    %ix/load 1, 0, 0; part off
    %assign/av v0x17f3410, 0, 8;
t_28 ;
    %jmp T_1.35;
T_1.30 ;
    %load/v 8, v0x17f3490_0, 16;
    %ix/load 3, 28, 0; address
    %ix/load 0, 16, 0; word width
    %ix/load 1, 0, 0; part off
    %assign/av v0x17f3410, 0, 8;
t_29 ;
    %jmp T_1.35;
T_1.31 ;
    %load/v 8, v0x17f3490_0, 16;
    %ix/load 3, 29, 0; address
    %ix/load 0, 16, 0; word width
    %ix/load 1, 0, 0; part off
    %assign/av v0x17f3410, 0, 8;
t_30 ;
    %jmp T_1.35;
T_1.32 ;
    %load/v 8, v0x17f3490_0, 16;
    %ix/load 3, 30, 0; address
    %ix/load 0, 16, 0; word width
    %ix/load 1, 0, 0; part off
    %assign/av v0x17f3410, 0, 8;
t_31 ;
    %jmp T_1.35;
T_1.33 ;
    %load/v 8, v0x17f3490_0, 16;
    %ix/load 3, 31, 0; address
    %ix/load 0, 16, 0; word width
    %ix/load 1, 0, 0; part off
    %assign/av v0x17f3410, 0, 8;
t_32 ;
    %jmp T_1.35;
T_1.35 ;
T_1.0 ;
    %load/v 8, v0x1812300_0, 5;
    %cmpi/u 8, 0, 5;
    %jmp/1 T_1.36, 6;
    %cmpi/u 8, 1, 5;
    %jmp/1 T_1.37, 6;
    %cmpi/u 8, 2, 5;
    %jmp/1 T_1.38, 6;
    %cmpi/u 8, 3, 5;
    %jmp/1 T_1.39, 6;
    %cmpi/u 8, 4, 5;
    %jmp/1 T_1.40, 6;
    %cmpi/u 8, 5, 5;
    %jmp/1 T_1.41, 6;
    %cmpi/u 8, 6, 5;
    %jmp/1 T_1.42, 6;
    %cmpi/u 8, 7, 5;
    %jmp/1 T_1.43, 6;
    %cmpi/u 8, 8, 5;
    %jmp/1 T_1.44, 6;
    %cmpi/u 8, 9, 5;
    %jmp/1 T_1.45, 6;
    %cmpi/u 8, 10, 5;
    %jmp/1 T_1.46, 6;
    %cmpi/u 8, 11, 5;
    %jmp/1 T_1.47, 6;
    %cmpi/u 8, 12, 5;
    %jmp/1 T_1.48, 6;
    %cmpi/u 8, 13, 5;
    %jmp/1 T_1.49, 6;
    %cmpi/u 8, 14, 5;
    %jmp/1 T_1.50, 6;
    %cmpi/u 8, 15, 5;
    %jmp/1 T_1.51, 6;
    %cmpi/u 8, 16, 5;
    %jmp/1 T_1.52, 6;
    %cmpi/u 8, 17, 5;
    %jmp/1 T_1.53, 6;
    %cmpi/u 8, 18, 5;
    %jmp/1 T_1.54, 6;
    %cmpi/u 8, 19, 5;
    %jmp/1 T_1.55, 6;
    %cmpi/u 8, 20, 5;
    %jmp/1 T_1.56, 6;
    %cmpi/u 8, 21, 5;
    %jmp/1 T_1.57, 6;
    %cmpi/u 8, 22, 5;
    %jmp/1 T_1.58, 6;
    %cmpi/u 8, 23, 5;
    %jmp/1 T_1.59, 6;
    %cmpi/u 8, 24, 5;
    %jmp/1 T_1.60, 6;
    %cmpi/u 8, 25, 5;
    %jmp/1 T_1.61, 6;
    %cmpi/u 8, 26, 5;
    %jmp/1 T_1.62, 6;
    %cmpi/u 8, 27, 5;
    %jmp/1 T_1.63, 6;
    %cmpi/u 8, 28, 5;
    %jmp/1 T_1.64, 6;
    %cmpi/u 8, 29, 5;
    %jmp/1 T_1.65, 6;
    %cmpi/u 8, 30, 5;
    %jmp/1 T_1.66, 6;
    %cmpi/u 8, 31, 5;
    %jmp/1 T_1.67, 6;
    %vpi_call 3 93 "$display", "Error in Rscr1_addr...";
    %jmp T_1.69;
T_1.36 ;
    %ix/load 3, 0, 0;
    %mov 4, 0, 1;
    %load/av 8, v0x17f3410, 16;
    %ix/load 0, 16, 0;
    %assign/v0 v0x1812250_0, 0, 8;
    %jmp T_1.69;
T_1.37 ;
    %ix/load 3, 1, 0;
    %mov 4, 0, 1;
    %load/av 8, v0x17f3410, 16;
    %ix/load 0, 16, 0;
    %assign/v0 v0x1812250_0, 0, 8;
    %jmp T_1.69;
T_1.38 ;
    %ix/load 3, 2, 0;
    %mov 4, 0, 1;
    %load/av 8, v0x17f3410, 16;
    %ix/load 0, 16, 0;
    %assign/v0 v0x1812250_0, 0, 8;
    %jmp T_1.69;
T_1.39 ;
    %ix/load 3, 3, 0;
    %mov 4, 0, 1;
    %load/av 8, v0x17f3410, 16;
    %ix/load 0, 16, 0;
    %assign/v0 v0x1812250_0, 0, 8;
    %jmp T_1.69;
T_1.40 ;
    %ix/load 3, 4, 0;
    %mov 4, 0, 1;
    %load/av 8, v0x17f3410, 16;
    %ix/load 0, 16, 0;
    %assign/v0 v0x1812250_0, 0, 8;
    %jmp T_1.69;
T_1.41 ;
    %ix/load 3, 5, 0;
    %mov 4, 0, 1;
    %load/av 8, v0x17f3410, 16;
    %ix/load 0, 16, 0;
    %assign/v0 v0x1812250_0, 0, 8;
    %jmp T_1.69;
T_1.42 ;
    %ix/load 3, 6, 0;
    %mov 4, 0, 1;
    %load/av 8, v0x17f3410, 16;
    %ix/load 0, 16, 0;
    %assign/v0 v0x1812250_0, 0, 8;
    %jmp T_1.69;
T_1.43 ;
    %ix/load 3, 7, 0;
    %mov 4, 0, 1;
    %load/av 8, v0x17f3410, 16;
    %ix/load 0, 16, 0;
    %assign/v0 v0x1812250_0, 0, 8;
    %jmp T_1.69;
T_1.44 ;
    %ix/load 3, 8, 0;
    %mov 4, 0, 1;
    %load/av 8, v0x17f3410, 16;
    %ix/load 0, 16, 0;
    %assign/v0 v0x1812250_0, 0, 8;
    %jmp T_1.69;
T_1.45 ;
    %ix/load 3, 9, 0;
    %mov 4, 0, 1;
    %load/av 8, v0x17f3410, 16;
    %ix/load 0, 16, 0;
    %assign/v0 v0x1812250_0, 0, 8;
    %jmp T_1.69;
T_1.46 ;
    %ix/load 3, 10, 0;
    %mov 4, 0, 1;
    %load/av 8, v0x17f3410, 16;
    %ix/load 0, 16, 0;
    %assign/v0 v0x1812250_0, 0, 8;
    %jmp T_1.69;
T_1.47 ;
    %ix/load 3, 11, 0;
    %mov 4, 0, 1;
    %load/av 8, v0x17f3410, 16;
    %ix/load 0, 16, 0;
    %assign/v0 v0x1812250_0, 0, 8;
    %jmp T_1.69;
T_1.48 ;
    %ix/load 3, 12, 0;
    %mov 4, 0, 1;
    %load/av 8, v0x17f3410, 16;
    %ix/load 0, 16, 0;
    %assign/v0 v0x1812250_0, 0, 8;
    %jmp T_1.69;
T_1.49 ;
    %ix/load 3, 13, 0;
    %mov 4, 0, 1;
    %load/av 8, v0x17f3410, 16;
    %ix/load 0, 16, 0;
    %assign/v0 v0x1812250_0, 0, 8;
    %jmp T_1.69;
T_1.50 ;
    %ix/load 3, 14, 0;
    %mov 4, 0, 1;
    %load/av 8, v0x17f3410, 16;
    %ix/load 0, 16, 0;
    %assign/v0 v0x1812250_0, 0, 8;
    %jmp T_1.69;
T_1.51 ;
    %ix/load 3, 15, 0;
    %mov 4, 0, 1;
    %load/av 8, v0x17f3410, 16;
    %ix/load 0, 16, 0;
    %assign/v0 v0x1812250_0, 0, 8;
    %jmp T_1.69;
T_1.52 ;
    %ix/load 3, 16, 0;
    %mov 4, 0, 1;
    %load/av 8, v0x17f3410, 16;
    %ix/load 0, 16, 0;
    %assign/v0 v0x1812250_0, 0, 8;
    %jmp T_1.69;
T_1.53 ;
    %ix/load 3, 17, 0;
    %mov 4, 0, 1;
    %load/av 8, v0x17f3410, 16;
    %ix/load 0, 16, 0;
    %assign/v0 v0x1812250_0, 0, 8;
    %jmp T_1.69;
T_1.54 ;
    %ix/load 3, 18, 0;
    %mov 4, 0, 1;
    %load/av 8, v0x17f3410, 16;
    %ix/load 0, 16, 0;
    %assign/v0 v0x1812250_0, 0, 8;
    %jmp T_1.69;
T_1.55 ;
    %ix/load 3, 19, 0;
    %mov 4, 0, 1;
    %load/av 8, v0x17f3410, 16;
    %ix/load 0, 16, 0;
    %assign/v0 v0x1812250_0, 0, 8;
    %jmp T_1.69;
T_1.56 ;
    %ix/load 3, 20, 0;
    %mov 4, 0, 1;
    %load/av 8, v0x17f3410, 16;
    %ix/load 0, 16, 0;
    %assign/v0 v0x1812250_0, 0, 8;
    %jmp T_1.69;
T_1.57 ;
    %ix/load 3, 21, 0;
    %mov 4, 0, 1;
    %load/av 8, v0x17f3410, 16;
    %ix/load 0, 16, 0;
    %assign/v0 v0x1812250_0, 0, 8;
    %jmp T_1.69;
T_1.58 ;
    %ix/load 3, 22, 0;
    %mov 4, 0, 1;
    %load/av 8, v0x17f3410, 16;
    %ix/load 0, 16, 0;
    %assign/v0 v0x1812250_0, 0, 8;
    %jmp T_1.69;
T_1.59 ;
    %ix/load 3, 23, 0;
    %mov 4, 0, 1;
    %load/av 8, v0x17f3410, 16;
    %ix/load 0, 16, 0;
    %assign/v0 v0x1812250_0, 0, 8;
    %jmp T_1.69;
T_1.60 ;
    %ix/load 3, 24, 0;
    %mov 4, 0, 1;
    %load/av 8, v0x17f3410, 16;
    %ix/load 0, 16, 0;
    %assign/v0 v0x1812250_0, 0, 8;
    %jmp T_1.69;
T_1.61 ;
    %ix/load 3, 25, 0;
    %mov 4, 0, 1;
    %load/av 8, v0x17f3410, 16;
    %ix/load 0, 16, 0;
    %assign/v0 v0x1812250_0, 0, 8;
    %jmp T_1.69;
T_1.62 ;
    %ix/load 3, 26, 0;
    %mov 4, 0, 1;
    %load/av 8, v0x17f3410, 16;
    %ix/load 0, 16, 0;
    %assign/v0 v0x1812250_0, 0, 8;
    %jmp T_1.69;
T_1.63 ;
    %ix/load 3, 27, 0;
    %mov 4, 0, 1;
    %load/av 8, v0x17f3410, 16;
    %ix/load 0, 16, 0;
    %assign/v0 v0x1812250_0, 0, 8;
    %jmp T_1.69;
T_1.64 ;
    %ix/load 3, 28, 0;
    %mov 4, 0, 1;
    %load/av 8, v0x17f3410, 16;
    %ix/load 0, 16, 0;
    %assign/v0 v0x1812250_0, 0, 8;
    %jmp T_1.69;
T_1.65 ;
    %ix/load 3, 29, 0;
    %mov 4, 0, 1;
    %load/av 8, v0x17f3410, 16;
    %ix/load 0, 16, 0;
    %assign/v0 v0x1812250_0, 0, 8;
    %jmp T_1.69;
T_1.66 ;
    %ix/load 3, 30, 0;
    %mov 4, 0, 1;
    %load/av 8, v0x17f3410, 16;
    %ix/load 0, 16, 0;
    %assign/v0 v0x1812250_0, 0, 8;
    %jmp T_1.69;
T_1.67 ;
    %ix/load 3, 31, 0;
    %mov 4, 0, 1;
    %load/av 8, v0x17f3410, 16;
    %ix/load 0, 16, 0;
    %assign/v0 v0x1812250_0, 0, 8;
    %jmp T_1.69;
T_1.69 ;
    %load/v 8, v0x1812480_0, 5;
    %cmpi/u 8, 0, 5;
    %jmp/1 T_1.70, 6;
    %cmpi/u 8, 1, 5;
    %jmp/1 T_1.71, 6;
    %cmpi/u 8, 2, 5;
    %jmp/1 T_1.72, 6;
    %cmpi/u 8, 3, 5;
    %jmp/1 T_1.73, 6;
    %cmpi/u 8, 4, 5;
    %jmp/1 T_1.74, 6;
    %cmpi/u 8, 5, 5;
    %jmp/1 T_1.75, 6;
    %cmpi/u 8, 6, 5;
    %jmp/1 T_1.76, 6;
    %cmpi/u 8, 7, 5;
    %jmp/1 T_1.77, 6;
    %cmpi/u 8, 8, 5;
    %jmp/1 T_1.78, 6;
    %cmpi/u 8, 9, 5;
    %jmp/1 T_1.79, 6;
    %cmpi/u 8, 10, 5;
    %jmp/1 T_1.80, 6;
    %cmpi/u 8, 11, 5;
    %jmp/1 T_1.81, 6;
    %cmpi/u 8, 12, 5;
    %jmp/1 T_1.82, 6;
    %cmpi/u 8, 13, 5;
    %jmp/1 T_1.83, 6;
    %cmpi/u 8, 14, 5;
    %jmp/1 T_1.84, 6;
    %cmpi/u 8, 15, 5;
    %jmp/1 T_1.85, 6;
    %cmpi/u 8, 16, 5;
    %jmp/1 T_1.86, 6;
    %cmpi/u 8, 17, 5;
    %jmp/1 T_1.87, 6;
    %cmpi/u 8, 18, 5;
    %jmp/1 T_1.88, 6;
    %cmpi/u 8, 19, 5;
    %jmp/1 T_1.89, 6;
    %cmpi/u 8, 20, 5;
    %jmp/1 T_1.90, 6;
    %cmpi/u 8, 21, 5;
    %jmp/1 T_1.91, 6;
    %cmpi/u 8, 22, 5;
    %jmp/1 T_1.92, 6;
    %cmpi/u 8, 23, 5;
    %jmp/1 T_1.93, 6;
    %cmpi/u 8, 24, 5;
    %jmp/1 T_1.94, 6;
    %cmpi/u 8, 25, 5;
    %jmp/1 T_1.95, 6;
    %cmpi/u 8, 26, 5;
    %jmp/1 T_1.96, 6;
    %cmpi/u 8, 27, 5;
    %jmp/1 T_1.97, 6;
    %cmpi/u 8, 28, 5;
    %jmp/1 T_1.98, 6;
    %cmpi/u 8, 29, 5;
    %jmp/1 T_1.99, 6;
    %cmpi/u 8, 30, 5;
    %jmp/1 T_1.100, 6;
    %cmpi/u 8, 31, 5;
    %jmp/1 T_1.101, 6;
    %vpi_call 3 129 "$display", "Error in Rscr1_addr...";
    %jmp T_1.103;
T_1.70 ;
    %ix/load 3, 0, 0;
    %mov 4, 0, 1;
    %load/av 8, v0x17f3410, 16;
    %ix/load 0, 16, 0;
    %assign/v0 v0x18123a0_0, 0, 8;
    %jmp T_1.103;
T_1.71 ;
    %ix/load 3, 1, 0;
    %mov 4, 0, 1;
    %load/av 8, v0x17f3410, 16;
    %ix/load 0, 16, 0;
    %assign/v0 v0x18123a0_0, 0, 8;
    %jmp T_1.103;
T_1.72 ;
    %ix/load 3, 2, 0;
    %mov 4, 0, 1;
    %load/av 8, v0x17f3410, 16;
    %ix/load 0, 16, 0;
    %assign/v0 v0x18123a0_0, 0, 8;
    %jmp T_1.103;
T_1.73 ;
    %ix/load 3, 3, 0;
    %mov 4, 0, 1;
    %load/av 8, v0x17f3410, 16;
    %ix/load 0, 16, 0;
    %assign/v0 v0x18123a0_0, 0, 8;
    %jmp T_1.103;
T_1.74 ;
    %ix/load 3, 4, 0;
    %mov 4, 0, 1;
    %load/av 8, v0x17f3410, 16;
    %ix/load 0, 16, 0;
    %assign/v0 v0x18123a0_0, 0, 8;
    %jmp T_1.103;
T_1.75 ;
    %ix/load 3, 5, 0;
    %mov 4, 0, 1;
    %load/av 8, v0x17f3410, 16;
    %ix/load 0, 16, 0;
    %assign/v0 v0x18123a0_0, 0, 8;
    %jmp T_1.103;
T_1.76 ;
    %ix/load 3, 6, 0;
    %mov 4, 0, 1;
    %load/av 8, v0x17f3410, 16;
    %ix/load 0, 16, 0;
    %assign/v0 v0x18123a0_0, 0, 8;
    %jmp T_1.103;
T_1.77 ;
    %ix/load 3, 7, 0;
    %mov 4, 0, 1;
    %load/av 8, v0x17f3410, 16;
    %ix/load 0, 16, 0;
    %assign/v0 v0x18123a0_0, 0, 8;
    %jmp T_1.103;
T_1.78 ;
    %ix/load 3, 8, 0;
    %mov 4, 0, 1;
    %load/av 8, v0x17f3410, 16;
    %ix/load 0, 16, 0;
    %assign/v0 v0x18123a0_0, 0, 8;
    %jmp T_1.103;
T_1.79 ;
    %ix/load 3, 9, 0;
    %mov 4, 0, 1;
    %load/av 8, v0x17f3410, 16;
    %ix/load 0, 16, 0;
    %assign/v0 v0x18123a0_0, 0, 8;
    %jmp T_1.103;
T_1.80 ;
    %ix/load 3, 10, 0;
    %mov 4, 0, 1;
    %load/av 8, v0x17f3410, 16;
    %ix/load 0, 16, 0;
    %assign/v0 v0x18123a0_0, 0, 8;
    %jmp T_1.103;
T_1.81 ;
    %ix/load 3, 11, 0;
    %mov 4, 0, 1;
    %load/av 8, v0x17f3410, 16;
    %ix/load 0, 16, 0;
    %assign/v0 v0x18123a0_0, 0, 8;
    %jmp T_1.103;
T_1.82 ;
    %ix/load 3, 12, 0;
    %mov 4, 0, 1;
    %load/av 8, v0x17f3410, 16;
    %ix/load 0, 16, 0;
    %assign/v0 v0x18123a0_0, 0, 8;
    %jmp T_1.103;
T_1.83 ;
    %ix/load 3, 13, 0;
    %mov 4, 0, 1;
    %load/av 8, v0x17f3410, 16;
    %ix/load 0, 16, 0;
    %assign/v0 v0x18123a0_0, 0, 8;
    %jmp T_1.103;
T_1.84 ;
    %ix/load 3, 14, 0;
    %mov 4, 0, 1;
    %load/av 8, v0x17f3410, 16;
    %ix/load 0, 16, 0;
    %assign/v0 v0x18123a0_0, 0, 8;
    %jmp T_1.103;
T_1.85 ;
    %ix/load 3, 15, 0;
    %mov 4, 0, 1;
    %load/av 8, v0x17f3410, 16;
    %ix/load 0, 16, 0;
    %assign/v0 v0x18123a0_0, 0, 8;
    %jmp T_1.103;
T_1.86 ;
    %ix/load 3, 16, 0;
    %mov 4, 0, 1;
    %load/av 8, v0x17f3410, 16;
    %ix/load 0, 16, 0;
    %assign/v0 v0x18123a0_0, 0, 8;
    %jmp T_1.103;
T_1.87 ;
    %ix/load 3, 17, 0;
    %mov 4, 0, 1;
    %load/av 8, v0x17f3410, 16;
    %ix/load 0, 16, 0;
    %assign/v0 v0x18123a0_0, 0, 8;
    %jmp T_1.103;
T_1.88 ;
    %ix/load 3, 18, 0;
    %mov 4, 0, 1;
    %load/av 8, v0x17f3410, 16;
    %ix/load 0, 16, 0;
    %assign/v0 v0x18123a0_0, 0, 8;
    %jmp T_1.103;
T_1.89 ;
    %ix/load 3, 19, 0;
    %mov 4, 0, 1;
    %load/av 8, v0x17f3410, 16;
    %ix/load 0, 16, 0;
    %assign/v0 v0x18123a0_0, 0, 8;
    %jmp T_1.103;
T_1.90 ;
    %ix/load 3, 20, 0;
    %mov 4, 0, 1;
    %load/av 8, v0x17f3410, 16;
    %ix/load 0, 16, 0;
    %assign/v0 v0x18123a0_0, 0, 8;
    %jmp T_1.103;
T_1.91 ;
    %ix/load 3, 21, 0;
    %mov 4, 0, 1;
    %load/av 8, v0x17f3410, 16;
    %ix/load 0, 16, 0;
    %assign/v0 v0x18123a0_0, 0, 8;
    %jmp T_1.103;
T_1.92 ;
    %ix/load 3, 22, 0;
    %mov 4, 0, 1;
    %load/av 8, v0x17f3410, 16;
    %ix/load 0, 16, 0;
    %assign/v0 v0x18123a0_0, 0, 8;
    %jmp T_1.103;
T_1.93 ;
    %ix/load 3, 23, 0;
    %mov 4, 0, 1;
    %load/av 8, v0x17f3410, 16;
    %ix/load 0, 16, 0;
    %assign/v0 v0x18123a0_0, 0, 8;
    %jmp T_1.103;
T_1.94 ;
    %ix/load 3, 24, 0;
    %mov 4, 0, 1;
    %load/av 8, v0x17f3410, 16;
    %ix/load 0, 16, 0;
    %assign/v0 v0x18123a0_0, 0, 8;
    %jmp T_1.103;
T_1.95 ;
    %ix/load 3, 25, 0;
    %mov 4, 0, 1;
    %load/av 8, v0x17f3410, 16;
    %ix/load 0, 16, 0;
    %assign/v0 v0x18123a0_0, 0, 8;
    %jmp T_1.103;
T_1.96 ;
    %ix/load 3, 26, 0;
    %mov 4, 0, 1;
    %load/av 8, v0x17f3410, 16;
    %ix/load 0, 16, 0;
    %assign/v0 v0x18123a0_0, 0, 8;
    %jmp T_1.103;
T_1.97 ;
    %ix/load 3, 27, 0;
    %mov 4, 0, 1;
    %load/av 8, v0x17f3410, 16;
    %ix/load 0, 16, 0;
    %assign/v0 v0x18123a0_0, 0, 8;
    %jmp T_1.103;
T_1.98 ;
    %ix/load 3, 28, 0;
    %mov 4, 0, 1;
    %load/av 8, v0x17f3410, 16;
    %ix/load 0, 16, 0;
    %assign/v0 v0x18123a0_0, 0, 8;
    %jmp T_1.103;
T_1.99 ;
    %ix/load 3, 29, 0;
    %mov 4, 0, 1;
    %load/av 8, v0x17f3410, 16;
    %ix/load 0, 16, 0;
    %assign/v0 v0x18123a0_0, 0, 8;
    %jmp T_1.103;
T_1.100 ;
    %ix/load 3, 30, 0;
    %mov 4, 0, 1;
    %load/av 8, v0x17f3410, 16;
    %ix/load 0, 16, 0;
    %assign/v0 v0x18123a0_0, 0, 8;
    %jmp T_1.103;
T_1.101 ;
    %ix/load 3, 31, 0;
    %mov 4, 0, 1;
    %load/av 8, v0x17f3410, 16;
    %ix/load 0, 16, 0;
    %assign/v0 v0x18123a0_0, 0, 8;
    %jmp T_1.103;
T_1.103 ;
    %jmp T_1;
    .thread T_1;
    .scope S_0x17dffc0;
T_2 ;
    %set/v v0x1812c70_0, 0, 1;
    %end;
    .thread T_2;
    .scope S_0x17dffc0;
T_3 ;
    %set/v v0x1812bc0_0, 0, 1;
    %end;
    .thread T_3;
    .scope S_0x17dffc0;
T_4 ;
    %set/v v0x1812850_0, 0, 5;
    %end;
    .thread T_4;
    .scope S_0x17dffc0;
T_5 ;
    %set/v v0x18129b0_0, 0, 5;
    %end;
    .thread T_5;
    .scope S_0x17dffc0;
T_6 ;
    %set/v v0x1812b40_0, 0, 5;
    %end;
    .thread T_6;
    .scope S_0x17dffc0;
T_7 ;
    %delay 5, 0;
    %load/v 8, v0x1812c70_0, 1;
    %inv 8, 1;
    %ix/load 0, 1, 0;
    %assign/v0 v0x1812c70_0, 0, 8;
    %jmp T_7;
    .thread T_7;
    .scope S_0x17dffc0;
T_8 ;
    %delay 0, 0;
    %set/v v0x1812bc0_0, 1, 1;
    %delay 2, 0;
    %movi 8, 1, 5;
    %set/v v0x1812850_0, 8, 5;
    %delay 2, 0;
    %movi 8, 47, 16;
    %set/v v0x18127b0_0, 8, 16;
    %delay 2, 0;
    %movi 8, 2, 5;
    %set/v v0x1812850_0, 8, 5;
    %delay 2, 0;
    %movi 8, 74, 16;
    %set/v v0x18127b0_0, 8, 16;
    %delay 8, 0;
    %set/v v0x1812bc0_0, 0, 1;
    %delay 2, 0;
    %movi 8, 1, 5;
    %set/v v0x18129b0_0, 8, 5;
    %delay 2, 0;
    %movi 8, 2, 5;
    %set/v v0x1812b40_0, 8, 5;
    %delay 10, 0;
    %vpi_call 2 28 "$finish";
    %end;
    .thread T_8;
    .scope S_0x17dffc0;
T_9 ;
    %vpi_call 2 33 "$monitor", $time, ") [R%d] = %d, [R%d] = %d", v0x18129b0_0, v0x1812900_0, v0x1812b40_0, v0x1812a90_0;
    %end;
    .thread T_9;
# The file index is used to find the file name in the following table.
:file_names 4;
    "N/A";
    "<interactive>";
    "Registers_tb.v";
    "./Registers.v";
